[ 2016-07-08T09:28:46+08:00 ] 127.0.0.1 /index.php?m=Api&c=User&a=login
INFO: [ app_init ] --START--
INFO: Run Behavior\BuildLiteBehavior [ RunTime:0.000000s ]
INFO: [ app_init ] --END-- [ RunTime:0.001000s ]
INFO: [ app_begin ] --START--
INFO: Run Behavior\ReadHtmlCacheBehavior [ RunTime:0.001000s ]
INFO: [ app_begin ] --END-- [ RunTime:0.001000s ]
NOTIC: [8] Undefined index: time E:\www\heiid.com\Application\Api\Controller\BaseController.class.php 第 121 行.

[ 2016-07-08T09:30:55+08:00 ] 127.0.0.1 /index.php?m=Api&c=User&a=login
INFO: [ app_init ] --START--
INFO: Run Behavior\BuildLiteBehavior [ RunTime:0.000000s ]
INFO: [ app_init ] --END-- [ RunTime:0.001000s ]
INFO: [ app_begin ] --START--
INFO: Run Behavior\ReadHtmlCacheBehavior [ RunTime:0.001000s ]
INFO: [ app_begin ] --END-- [ RunTime:0.001000s ]
NOTIC: [8] Undefined index: time E:\www\heiid.com\Application\Api\Controller\BaseController.class.php 第 121 行.

[ 2016-07-08T09:30:59+08:00 ] 127.0.0.1 /index.php?m=Api&c=User&a=login
INFO: [ app_init ] --START--
INFO: Run Behavior\BuildLiteBehavior [ RunTime:0.000000s ]
INFO: [ app_init ] --END-- [ RunTime:0.000000s ]
INFO: [ app_begin ] --START--
INFO: Run Behavior\ReadHtmlCacheBehavior [ RunTime:0.001000s ]
INFO: [ app_begin ] --END-- [ RunTime:0.001000s ]
NOTIC: [8] Undefined index: time E:\www\heiid.com\Application\Api\Controller\BaseController.class.php 第 121 行.

[ 2016-07-08T09:31:18+08:00 ] 127.0.0.1 /index.php?m=Api&c=User&a=login
INFO: [ app_init ] --START--
INFO: Run Behavior\BuildLiteBehavior [ RunTime:0.000000s ]
INFO: [ app_init ] --END-- [ RunTime:0.001000s ]
INFO: [ app_begin ] --START--
INFO: Run Behavior\ReadHtmlCacheBehavior [ RunTime:0.001000s ]
INFO: [ app_begin ] --END-- [ RunTime:0.001000s ]
NOTIC: [8] Undefined index: time E:\www\heiid.com\Application\Api\Controller\BaseController.class.php 第 121 行.

[ 2016-07-08T09:31:19+08:00 ] 127.0.0.1 /index.php?m=Api&c=User&a=login
INFO: [ app_init ] --START--
INFO: Run Behavior\BuildLiteBehavior [ RunTime:0.000000s ]
INFO: [ app_init ] --END-- [ RunTime:0.001000s ]
INFO: [ app_begin ] --START--
INFO: Run Behavior\ReadHtmlCacheBehavior [ RunTime:0.001000s ]
INFO: [ app_begin ] --END-- [ RunTime:0.001000s ]
NOTIC: [8] Undefined index: time E:\www\heiid.com\Application\Api\Controller\BaseController.class.php 第 121 行.

[ 2016-07-08T09:31:21+08:00 ] 127.0.0.1 /index.php?m=Api&c=User&a=login
INFO: [ app_init ] --START--
INFO: Run Behavior\BuildLiteBehavior [ RunTime:0.000000s ]
INFO: [ app_init ] --END-- [ RunTime:0.000000s ]
INFO: [ app_begin ] --START--
INFO: Run Behavior\ReadHtmlCacheBehavior [ RunTime:0.000000s ]
INFO: [ app_begin ] --END-- [ RunTime:0.000000s ]
NOTIC: [8] Undefined index: time E:\www\heiid.com\Application\Api\Controller\BaseController.class.php 第 121 行.

[ 2016-07-08T09:33:02+08:00 ] 127.0.0.1 /index.php?m=Api&c=User&a=login
INFO: [ app_init ] --START--
INFO: Run Behavior\BuildLiteBehavior [ RunTime:0.000000s ]
INFO: [ app_init ] --END-- [ RunTime:0.000000s ]
INFO: [ app_begin ] --START--
INFO: Run Behavior\ReadHtmlCacheBehavior [ RunTime:0.000000s ]
INFO: [ app_begin ] --END-- [ RunTime:0.000000s ]
NOTIC: [8] Undefined index: time E:\www\heiid.com\Application\Api\Controller\BaseController.class.php 第 121 行.

[ 2016-07-08T09:33:34+08:00 ] 127.0.0.1 /index.php?m=Api&c=User&a=login
INFO: [ app_init ] --START--
INFO: Run Behavior\BuildLiteBehavior [ RunTime:0.000000s ]
INFO: [ app_init ] --END-- [ RunTime:0.000000s ]
INFO: [ app_begin ] --START--
INFO: Run Behavior\ReadHtmlCacheBehavior [ RunTime:0.001000s ]
INFO: [ app_begin ] --END-- [ RunTime:0.001000s ]
NOTIC: [8] Undefined index: time E:\www\heiid.com\Application\Api\Controller\BaseController.class.php 第 121 行.

[ 2016-07-08T09:35:10+08:00 ] 127.0.0.1 /index.php?m=Api&c=User&a=login
INFO: [ app_init ] --START--
INFO: Run Behavior\BuildLiteBehavior [ RunTime:0.000000s ]
INFO: [ app_init ] --END-- [ RunTime:0.000000s ]
INFO: [ app_begin ] --START--
INFO: Run Behavior\ReadHtmlCacheBehavior [ RunTime:0.000000s ]
INFO: [ app_begin ] --END-- [ RunTime:0.000000s ]
NOTIC: [8] Undefined index: time E:\www\heiid.com\Application\Api\Controller\BaseController.class.php 第 121 行.

[ 2016-07-08T09:35:12+08:00 ] 127.0.0.1 /index.php?m=Api&c=User&a=login
INFO: [ app_init ] --START--
INFO: Run Behavior\BuildLiteBehavior [ RunTime:0.000000s ]
INFO: [ app_init ] --END-- [ RunTime:0.000000s ]
INFO: [ app_begin ] --START--
INFO: Run Behavior\ReadHtmlCacheBehavior [ RunTime:0.000000s ]
INFO: [ app_begin ] --END-- [ RunTime:0.000000s ]
NOTIC: [8] Undefined index: time E:\www\heiid.com\Application\Api\Controller\BaseController.class.php 第 121 行.

[ 2016-07-08T09:50:01+08:00 ] 127.0.0.1 /index.php?m=Api&c=User&a=login
INFO: [ app_init ] --START--
INFO: Run Behavior\BuildLiteBehavior [ RunTime:0.000000s ]
INFO: [ app_init ] --END-- [ RunTime:0.001000s ]
INFO: [ app_begin ] --START--
INFO: Run Behavior\ReadHtmlCacheBehavior [ RunTime:0.000000s ]
INFO: [ app_begin ] --END-- [ RunTime:0.000000s ]
NOTIC: [8] Undefined index: time E:\www\heiid.com\Application\Api\Controller\BaseController.class.php 第 121 行.
NOTIC: [8] Undefined index: sign E:\www\heiid.com\Application\Api\Controller\BaseController.class.php 第 53 行.

[ 2016-07-08T09:50:40+08:00 ] 127.0.0.1 /index.php?m=Api&c=Base&a=getServerTime
INFO: [ app_init ] --START--
INFO: Run Behavior\BuildLiteBehavior [ RunTime:0.000000s ]
INFO: [ app_init ] --END-- [ RunTime:0.000000s ]
INFO: [ app_begin ] --START--
INFO: Run Behavior\ReadHtmlCacheBehavior [ RunTime:0.000000s ]
INFO: [ app_begin ] --END-- [ RunTime:0.000000s ]
NOTIC: [8] Undefined index: time E:\www\heiid.com\Application\Api\Controller\BaseController.class.php 第 121 行.
NOTIC: [8] Undefined index: test E:\www\heiid.com\Application\Api\Controller\BaseController.class.php 第 24 行.

[ 2016-07-08T10:01:13+08:00 ] 127.0.0.1 /index.php?m=Api&c=Base&a=getServerTime
INFO: [ app_init ] --START--
INFO: Run Behavior\BuildLiteBehavior [ RunTime:0.000000s ]
INFO: [ app_init ] --END-- [ RunTime:0.000000s ]
INFO: [ app_begin ] --START--
INFO: Run Behavior\ReadHtmlCacheBehavior [ RunTime:0.015600s ]
INFO: [ app_begin ] --END-- [ RunTime:0.015600s ]
NOTIC: [8] Undefined index: time E:\www\heiid.com\Application\Api\Controller\BaseController.class.php 第 121 行.
NOTIC: [8] Undefined index: test E:\www\heiid.com\Application\Api\Controller\BaseController.class.php 第 24 行.

[ 2016-07-08T10:01:16+08:00 ] 127.0.0.1 /index.php?m=Api&c=Base&a=getServerTime
INFO: [ app_init ] --START--
INFO: Run Behavior\BuildLiteBehavior [ RunTime:0.000000s ]
INFO: [ app_init ] --END-- [ RunTime:0.000000s ]
INFO: [ app_begin ] --START--
INFO: Run Behavior\ReadHtmlCacheBehavior [ RunTime:0.000000s ]
INFO: [ app_begin ] --END-- [ RunTime:0.000000s ]
NOTIC: [8] Undefined index: time E:\www\heiid.com\Application\Api\Controller\BaseController.class.php 第 121 行.
NOTIC: [8] Undefined index: test E:\www\heiid.com\Application\Api\Controller\BaseController.class.php 第 24 行.

[ 2016-07-08T10:01:48+08:00 ] 127.0.0.1 /index.php?m=Api&c=Base&a=getServerTime
INFO: [ app_init ] --START--
INFO: Run Behavior\BuildLiteBehavior [ RunTime:0.000000s ]
INFO: [ app_init ] --END-- [ RunTime:0.000000s ]
INFO: [ app_begin ] --START--
INFO: Run Behavior\ReadHtmlCacheBehavior [ RunTime:0.000000s ]
INFO: [ app_begin ] --END-- [ RunTime:0.000000s ]
NOTIC: [8] Undefined index: time E:\www\heiid.com\Application\Api\Controller\BaseController.class.php 第 121 行.
NOTIC: [8] Undefined index: test E:\www\heiid.com\Application\Api\Controller\BaseController.class.php 第 24 行.

[ 2016-07-08T10:07:22+08:00 ] 127.0.0.1 /index.php?m=Api&c=Base&a=getServerTime
INFO: [ app_init ] --START--
INFO: Run Behavior\BuildLiteBehavior [ RunTime:0.000000s ]
INFO: [ app_init ] --END-- [ RunTime:0.001000s ]
INFO: [ app_begin ] --START--
INFO: Run Behavior\ReadHtmlCacheBehavior [ RunTime:0.001000s ]
INFO: [ app_begin ] --END-- [ RunTime:0.001000s ]
NOTIC: [8] Undefined index: time E:\www\heiid.com\Application\Api\Controller\BaseController.class.php 第 121 行.
NOTIC: [8] Undefined index: test E:\www\heiid.com\Application\Api\Controller\BaseController.class.php 第 24 行.

[ 2016-07-08T10:11:39+08:00 ] 127.0.0.1 /index.php?m=Api&c=Base&a=getServerTime
INFO: [ app_init ] --START--
INFO: Run Behavior\BuildLiteBehavior [ RunTime:0.000000s ]
INFO: [ app_init ] --END-- [ RunTime:0.000000s ]
INFO: [ app_begin ] --START--
INFO: Run Behavior\ReadHtmlCacheBehavior [ RunTime:0.001000s ]
INFO: [ app_begin ] --END-- [ RunTime:0.001000s ]
NOTIC: [8] Undefined index: time E:\www\heiid.com\Application\Api\Controller\BaseController.class.php 第 121 行.
NOTIC: [8] Undefined index: test E:\www\heiid.com\Application\Api\Controller\BaseController.class.php 第 24 行.

[ 2016-07-08T10:11:54+08:00 ] 127.0.0.1 /index.php?m=Api&c=Base&a=getServerTime
INFO: [ app_init ] --START--
INFO: Run Behavior\BuildLiteBehavior [ RunTime:0.000000s ]
INFO: [ app_init ] --END-- [ RunTime:0.001000s ]
INFO: [ app_begin ] --START--
INFO: Run Behavior\ReadHtmlCacheBehavior [ RunTime:0.001000s ]
INFO: [ app_begin ] --END-- [ RunTime:0.001000s ]
NOTIC: [8] Undefined index: time E:\www\heiid.com\Application\Api\Controller\BaseController.class.php 第 121 行.
NOTIC: [8] Undefined index: test E:\www\heiid.com\Application\Api\Controller\BaseController.class.php 第 24 行.

[ 2016-07-08T10:12:38+08:00 ] 127.0.0.1 /index.php?m=Api&c=Base&a=getServerTime
INFO: [ app_init ] --START--
INFO: Run Behavior\BuildLiteBehavior [ RunTime:0.000000s ]
INFO: [ app_init ] --END-- [ RunTime:0.001000s ]
INFO: [ app_begin ] --START--
INFO: Run Behavior\ReadHtmlCacheBehavior [ RunTime:0.001000s ]
INFO: [ app_begin ] --END-- [ RunTime:0.001000s ]
NOTIC: [8] Undefined index: time E:\www\heiid.com\Application\Api\Controller\BaseController.class.php 第 121 行.
NOTIC: [8] Undefined index: test E:\www\heiid.com\Application\Api\Controller\BaseController.class.php 第 24 行.

[ 2016-07-08T10:13:59+08:00 ] 127.0.0.1 /index.php?m=Api&c=Base&a=getServerTime
INFO: [ app_init ] --START--
INFO: Run Behavior\BuildLiteBehavior [ RunTime:0.000000s ]
INFO: [ app_init ] --END-- [ RunTime:0.000000s ]
INFO: [ app_begin ] --START--
INFO: Run Behavior\ReadHtmlCacheBehavior [ RunTime:0.000000s ]
INFO: [ app_begin ] --END-- [ RunTime:0.000000s ]
NOTIC: [8] Undefined index: time E:\www\heiid.com\Application\Api\Controller\BaseController.class.php 第 121 行.
NOTIC: [8] Undefined index: test E:\www\heiid.com\Application\Api\Controller\BaseController.class.php 第 24 行.

[ 2016-07-08T10:14:35+08:00 ] 127.0.0.1 /index.php?m=Api&c=Base&a=getServerTime
INFO: [ app_init ] --START--
INFO: Run Behavior\BuildLiteBehavior [ RunTime:0.000000s ]
INFO: [ app_init ] --END-- [ RunTime:0.000000s ]
INFO: [ app_begin ] --START--
INFO: Run Behavior\ReadHtmlCacheBehavior [ RunTime:0.000000s ]
INFO: [ app_begin ] --END-- [ RunTime:0.000000s ]
NOTIC: [8] Undefined index: time E:\www\heiid.com\Application\Api\Controller\BaseController.class.php 第 121 行.
NOTIC: [8] Undefined index: test E:\www\heiid.com\Application\Api\Controller\BaseController.class.php 第 24 行.

[ 2016-07-08T10:15:06+08:00 ] 127.0.0.1 /index.php?m=Api&c=Base&a=getServerTime
INFO: [ app_init ] --START--
INFO: Run Behavior\BuildLiteBehavior [ RunTime:0.000000s ]
INFO: [ app_init ] --END-- [ RunTime:0.000000s ]
INFO: [ app_begin ] --START--
INFO: Run Behavior\ReadHtmlCacheBehavior [ RunTime:0.000000s ]
INFO: [ app_begin ] --END-- [ RunTime:0.000000s ]
NOTIC: [8] Undefined index: time E:\www\heiid.com\Application\Api\Controller\BaseController.class.php 第 121 行.
NOTIC: [8] Undefined index: test E:\www\heiid.com\Application\Api\Controller\BaseController.class.php 第 24 行.

[ 2016-07-08T10:15:19+08:00 ] 127.0.0.1 /index.php?m=Api&c=Base&a=getServerTime
INFO: [ app_init ] --START--
INFO: Run Behavior\BuildLiteBehavior [ RunTime:0.000000s ]
INFO: [ app_init ] --END-- [ RunTime:0.000000s ]
INFO: [ app_begin ] --START--
INFO: Run Behavior\ReadHtmlCacheBehavior [ RunTime:0.000000s ]
INFO: [ app_begin ] --END-- [ RunTime:0.000000s ]
NOTIC: [8] Undefined index: time E:\www\heiid.com\Application\Api\Controller\BaseController.class.php 第 121 行.
NOTIC: [8] Undefined index: test E:\www\heiid.com\Application\Api\Controller\BaseController.class.php 第 24 行.

[ 2016-07-08T10:16:37+08:00 ] 127.0.0.1 /index.php?m=Api&c=Base&a=getServerTime
INFO: [ app_init ] --START--
INFO: Run Behavior\BuildLiteBehavior [ RunTime:0.000000s ]
INFO: [ app_init ] --END-- [ RunTime:0.000000s ]
INFO: [ app_begin ] --START--
INFO: Run Behavior\ReadHtmlCacheBehavior [ RunTime:0.000000s ]
INFO: [ app_begin ] --END-- [ RunTime:0.000000s ]
NOTIC: [8] Undefined index: time E:\www\heiid.com\Application\Api\Controller\BaseController.class.php 第 121 行.
NOTIC: [8] Undefined index: test E:\www\heiid.com\Application\Api\Controller\BaseController.class.php 第 24 行.

[ 2016-07-08T10:16:42+08:00 ] 127.0.0.1 /index.php?m=Api&c=Base&a=getServerTime
INFO: [ app_init ] --START--
INFO: Run Behavior\BuildLiteBehavior [ RunTime:0.000000s ]
INFO: [ app_init ] --END-- [ RunTime:0.000000s ]
INFO: [ app_begin ] --START--
INFO: Run Behavior\ReadHtmlCacheBehavior [ RunTime:0.000000s ]
INFO: [ app_begin ] --END-- [ RunTime:0.000000s ]
NOTIC: [8] Undefined index: time E:\www\heiid.com\Application\Api\Controller\BaseController.class.php 第 121 行.
NOTIC: [8] Undefined index: test E:\www\heiid.com\Application\Api\Controller\BaseController.class.php 第 24 行.

[ 2016-07-08T10:16:57+08:00 ] 127.0.0.1 /index.php?m=Api&c=Base&a=getServerTime
INFO: [ app_init ] --START--
INFO: Run Behavior\BuildLiteBehavior [ RunTime:0.000000s ]
INFO: [ app_init ] --END-- [ RunTime:0.000000s ]
INFO: [ app_begin ] --START--
INFO: Run Behavior\ReadHtmlCacheBehavior [ RunTime:0.000000s ]
INFO: [ app_begin ] --END-- [ RunTime:0.000000s ]
NOTIC: [8] Undefined index: time E:\www\heiid.com\Application\Api\Controller\BaseController.class.php 第 121 行.
NOTIC: [8] Undefined index: test E:\www\heiid.com\Application\Api\Controller\BaseController.class.php 第 24 行.

[ 2016-07-08T10:18:46+08:00 ] 127.0.0.1 /index.php?m=Api&c=Base&a=getServerTime
INFO: [ app_init ] --START--
INFO: Run Behavior\BuildLiteBehavior [ RunTime:0.000000s ]
INFO: [ app_init ] --END-- [ RunTime:0.000000s ]
INFO: [ app_begin ] --START--
INFO: Run Behavior\ReadHtmlCacheBehavior [ RunTime:0.000000s ]
INFO: [ app_begin ] --END-- [ RunTime:0.000000s ]
NOTIC: [8] Undefined index: time E:\www\heiid.com\Application\Api\Controller\BaseController.class.php 第 121 行.
NOTIC: [8] Undefined index: test E:\www\heiid.com\Application\Api\Controller\BaseController.class.php 第 24 行.

[ 2016-07-08T10:20:29+08:00 ] 127.0.0.1 /index.php?m=Api&c=Base&a=getServerTime
INFO: [ app_init ] --START--
INFO: Run Behavior\BuildLiteBehavior [ RunTime:0.000000s ]
INFO: [ app_init ] --END-- [ RunTime:0.000000s ]
INFO: [ app_begin ] --START--
INFO: Run Behavior\ReadHtmlCacheBehavior [ RunTime:0.000000s ]
INFO: [ app_begin ] --END-- [ RunTime:0.000000s ]
NOTIC: [8] Undefined index: time E:\www\heiid.com\Application\Api\Controller\BaseController.class.php 第 121 行.
NOTIC: [8] Undefined index: test E:\www\heiid.com\Application\Api\Controller\BaseController.class.php 第 24 行.

[ 2016-07-08T10:24:36+08:00 ] 127.0.0.1 /index.php?m=Api&c=Base&a=getServerTime
INFO: [ app_init ] --START--
INFO: Run Behavior\BuildLiteBehavior [ RunTime:0.000000s ]
INFO: [ app_init ] --END-- [ RunTime:0.015600s ]
INFO: [ app_begin ] --START--
INFO: Run Behavior\ReadHtmlCacheBehavior [ RunTime:0.000000s ]
INFO: [ app_begin ] --END-- [ RunTime:0.000000s ]
NOTIC: [8] Undefined index: time E:\www\heiid.com\Application\Api\Controller\BaseController.class.php 第 121 行.
NOTIC: [8] Undefined index: test E:\www\heiid.com\Application\Api\Controller\BaseController.class.php 第 24 行.

[ 2016-07-08T10:24:59+08:00 ] 127.0.0.1 /index.php?m=Api&c=Base&a=getServerTime
INFO: [ app_init ] --START--
INFO: Run Behavior\BuildLiteBehavior [ RunTime:0.000000s ]
INFO: [ app_init ] --END-- [ RunTime:0.000000s ]
INFO: [ app_begin ] --START--
INFO: Run Behavior\ReadHtmlCacheBehavior [ RunTime:0.000000s ]
INFO: [ app_begin ] --END-- [ RunTime:0.000000s ]
NOTIC: [8] Undefined index: time E:\www\heiid.com\Application\Api\Controller\BaseController.class.php 第 121 行.
NOTIC: [8] Undefined index: test E:\www\heiid.com\Application\Api\Controller\BaseController.class.php 第 24 行.

[ 2016-07-08T10:33:33+08:00 ] 127.0.0.1 /index.php?m=Api&c=Base&a=getServerTime
INFO: [ app_init ] --START--
INFO: Run Behavior\BuildLiteBehavior [ RunTime:0.000000s ]
INFO: [ app_init ] --END-- [ RunTime:0.000000s ]
INFO: [ app_begin ] --START--
INFO: Run Behavior\ReadHtmlCacheBehavior [ RunTime:0.000000s ]
INFO: [ app_begin ] --END-- [ RunTime:0.000000s ]
NOTIC: [8] Undefined index: time E:\www\heiid.com\Application\Api\Controller\BaseController.class.php 第 121 行.
NOTIC: [8] Undefined index: test E:\www\heiid.com\Application\Api\Controller\BaseController.class.php 第 24 行.

[ 2016-07-08T10:34:35+08:00 ] 127.0.0.1 /index.php?m=Api&c=Base&a=getServerTime
INFO: [ app_init ] --START--
INFO: Run Behavior\BuildLiteBehavior [ RunTime:0.000000s ]
INFO: [ app_init ] --END-- [ RunTime:0.000000s ]
INFO: [ app_begin ] --START--
INFO: Run Behavior\ReadHtmlCacheBehavior [ RunTime:0.000000s ]
INFO: [ app_begin ] --END-- [ RunTime:0.000000s ]
NOTIC: [8] Undefined index: time E:\www\heiid.com\Application\Api\Controller\BaseController.class.php 第 121 行.
NOTIC: [8] Undefined index: test E:\www\heiid.com\Application\Api\Controller\BaseController.class.php 第 24 行.

[ 2016-07-08T10:35:32+08:00 ] 127.0.0.1 /index.php?m=Api&c=Base&a=getServerTime
INFO: [ app_init ] --START--
INFO: Run Behavior\BuildLiteBehavior [ RunTime:0.000000s ]
INFO: [ app_init ] --END-- [ RunTime:0.000000s ]
INFO: [ app_begin ] --START--
INFO: Run Behavior\ReadHtmlCacheBehavior [ RunTime:0.000000s ]
INFO: [ app_begin ] --END-- [ RunTime:0.000000s ]
NOTIC: [8] Undefined index: time E:\www\heiid.com\Application\Api\Controller\BaseController.class.php 第 121 行.
NOTIC: [8] Undefined index: test E:\www\heiid.com\Application\Api\Controller\BaseController.class.php 第 24 行.

[ 2016-07-08T10:37:32+08:00 ] 127.0.0.1 /index.php?m=Api&c=Base&a=getServerTime
INFO: [ app_init ] --START--
INFO: Run Behavior\BuildLiteBehavior [ RunTime:0.000000s ]
INFO: [ app_init ] --END-- [ RunTime:0.001000s ]
INFO: [ app_begin ] --START--
INFO: Run Behavior\ReadHtmlCacheBehavior [ RunTime:0.001000s ]
INFO: [ app_begin ] --END-- [ RunTime:0.002000s ]
NOTIC: [8] Undefined index: time E:\www\heiid.com\Application\Api\Controller\BaseController.class.php 第 121 行.
NOTIC: [8] Undefined index: test E:\www\heiid.com\Application\Api\Controller\BaseController.class.php 第 24 行.

[ 2016-07-08T10:55:24+08:00 ] 127.0.0.1 /index.php?m=Api&c=Base&a=getServerTime
INFO: [ app_init ] --START--
INFO: Run Behavior\BuildLiteBehavior [ RunTime:0.000000s ]
INFO: [ app_init ] --END-- [ RunTime:0.000000s ]
INFO: [ app_begin ] --START--
INFO: Run Behavior\ReadHtmlCacheBehavior [ RunTime:0.000000s ]
INFO: [ app_begin ] --END-- [ RunTime:0.000000s ]
NOTIC: [8] Undefined index: time E:\www\heiid.com\Application\Api\Controller\BaseController.class.php 第 121 行.
NOTIC: [8] Undefined index: test E:\www\heiid.com\Application\Api\Controller\BaseController.class.php 第 24 行.

[ 2016-07-08T10:57:19+08:00 ] 127.0.0.1 /index.php?m=Api&c=Base&a=getServerTime
INFO: [ app_init ] --START--
INFO: Run Behavior\BuildLiteBehavior [ RunTime:0.000000s ]
INFO: [ app_init ] --END-- [ RunTime:0.000000s ]
INFO: [ app_begin ] --START--
INFO: Run Behavior\ReadHtmlCacheBehavior [ RunTime:0.000000s ]
INFO: [ app_begin ] --END-- [ RunTime:0.000000s ]
NOTIC: [8] Undefined index: time E:\www\heiid.com\Application\Api\Controller\BaseController.class.php 第 121 行.
NOTIC: [8] Undefined index: test E:\www\heiid.com\Application\Api\Controller\BaseController.class.php 第 24 行.

[ 2016-07-08T10:58:46+08:00 ] 127.0.0.1 /index.php?m=Api&c=Base&a=getServerTime
INFO: [ app_init ] --START--
INFO: Run Behavior\BuildLiteBehavior [ RunTime:0.000000s ]
INFO: [ app_init ] --END-- [ RunTime:0.000000s ]
INFO: [ app_begin ] --START--
INFO: Run Behavior\ReadHtmlCacheBehavior [ RunTime:0.000000s ]
INFO: [ app_begin ] --END-- [ RunTime:0.000000s ]
NOTIC: [8] Undefined index: time E:\www\heiid.com\Application\Api\Controller\BaseController.class.php 第 121 行.
NOTIC: [8] Undefined index: test E:\www\heiid.com\Application\Api\Controller\BaseController.class.php 第 24 行.

[ 2016-07-08T11:00:18+08:00 ] 127.0.0.1 /index.php?m=Api&c=Base&a=getServerTime
INFO: [ app_init ] --START--
INFO: Run Behavior\BuildLiteBehavior [ RunTime:0.000000s ]
INFO: [ app_init ] --END-- [ RunTime:0.000000s ]
INFO: [ app_begin ] --START--
INFO: Run Behavior\ReadHtmlCacheBehavior [ RunTime:0.000000s ]
INFO: [ app_begin ] --END-- [ RunTime:0.000000s ]
NOTIC: [8] Undefined index: time E:\www\heiid.com\Application\Api\Controller\BaseController.class.php 第 121 行.
NOTIC: [8] Undefined index: test E:\www\heiid.com\Application\Api\Controller\BaseController.class.php 第 24 行.

[ 2016-07-08T11:09:46+08:00 ] 127.0.0.1 /index.php?m=Api&c=Base&a=getServerTime
INFO: [ app_init ] --START--
INFO: Run Behavior\BuildLiteBehavior [ RunTime:0.000000s ]
INFO: [ app_init ] --END-- [ RunTime:0.015601s ]
INFO: [ app_begin ] --START--
INFO: Run Behavior\ReadHtmlCacheBehavior [ RunTime:0.000000s ]
INFO: [ app_begin ] --END-- [ RunTime:0.000000s ]
NOTIC: [8] Undefined index: time E:\www\heiid.com\Application\Api\Controller\BaseController.class.php 第 121 行.
NOTIC: [8] Undefined index: test E:\www\heiid.com\Application\Api\Controller\BaseController.class.php 第 24 行.

[ 2016-07-08T11:12:11+08:00 ] 127.0.0.1 /index.php?m=Api&c=Base&a=getServerTime
INFO: [ app_init ] --START--
INFO: Run Behavior\BuildLiteBehavior [ RunTime:0.000000s ]
INFO: [ app_init ] --END-- [ RunTime:0.000000s ]
INFO: [ app_begin ] --START--
INFO: Run Behavior\ReadHtmlCacheBehavior [ RunTime:0.001000s ]
INFO: [ app_begin ] --END-- [ RunTime:0.001000s ]
NOTIC: [8] Undefined index: time E:\www\heiid.com\Application\Api\Controller\BaseController.class.php 第 121 行.
NOTIC: [8] Undefined index: test E:\www\heiid.com\Application\Api\Controller\BaseController.class.php 第 24 行.

[ 2016-07-08T11:18:37+08:00 ] 127.0.0.1 /index.php?m=Api&c=Base&a=getServerTime
INFO: [ app_init ] --START--
INFO: Run Behavior\BuildLiteBehavior [ RunTime:0.000000s ]
INFO: [ app_init ] --END-- [ RunTime:0.000000s ]
INFO: [ app_begin ] --START--
INFO: Run Behavior\ReadHtmlCacheBehavior [ RunTime:0.000000s ]
INFO: [ app_begin ] --END-- [ RunTime:0.000000s ]
NOTIC: [8] Undefined index: time E:\www\heiid.com\Application\Api\Controller\BaseController.class.php 第 121 行.
NOTIC: [8] Undefined index: test E:\www\heiid.com\Application\Api\Controller\BaseController.class.php 第 24 行.

[ 2016-07-08T11:20:54+08:00 ] 127.0.0.1 /index.php?m=Api&c=Base&a=getServerTime
INFO: [ app_init ] --START--
INFO: Run Behavior\BuildLiteBehavior [ RunTime:0.000000s ]
INFO: [ app_init ] --END-- [ RunTime:0.000000s ]
INFO: [ app_begin ] --START--
INFO: Run Behavior\ReadHtmlCacheBehavior [ RunTime:0.000000s ]
INFO: [ app_begin ] --END-- [ RunTime:0.000000s ]
NOTIC: [8] Undefined index: time E:\www\heiid.com\Application\Api\Controller\BaseController.class.php 第 121 行.
NOTIC: [8] Undefined index: test E:\www\heiid.com\Application\Api\Controller\BaseController.class.php 第 24 行.

[ 2016-07-08T11:22:36+08:00 ] 127.0.0.1 /index.php?m=Api&c=Base&a=getServerTime
INFO: [ app_init ] --START--
INFO: Run Behavior\BuildLiteBehavior [ RunTime:0.000000s ]
INFO: [ app_init ] --END-- [ RunTime:0.000000s ]
INFO: [ app_begin ] --START--
INFO: Run Behavior\ReadHtmlCacheBehavior [ RunTime:0.000000s ]
INFO: [ app_begin ] --END-- [ RunTime:0.000000s ]
NOTIC: [8] Undefined index: time E:\www\heiid.com\Application\Api\Controller\BaseController.class.php 第 121 行.
NOTIC: [8] Undefined index: test E:\www\heiid.com\Application\Api\Controller\BaseController.class.php 第 24 行.

[ 2016-07-08T11:25:12+08:00 ] 127.0.0.1 /index.php?m=Api&c=Base&a=getServerTime
INFO: [ app_init ] --START--
INFO: Run Behavior\BuildLiteBehavior [ RunTime:0.000000s ]
INFO: [ app_init ] --END-- [ RunTime:0.001000s ]
INFO: [ app_begin ] --START--
INFO: Run Behavior\ReadHtmlCacheBehavior [ RunTime:0.001000s ]
INFO: [ app_begin ] --END-- [ RunTime:0.001000s ]
NOTIC: [8] Undefined index: time E:\www\heiid.com\Application\Api\Controller\BaseController.class.php 第 121 行.
NOTIC: [8] Undefined index: test E:\www\heiid.com\Application\Api\Controller\BaseController.class.php 第 24 行.

[ 2016-07-08T11:33:14+08:00 ] 127.0.0.1 /index.php?m=Api&c=Base&a=getServerTime
INFO: [ app_init ] --START--
INFO: Run Behavior\BuildLiteBehavior [ RunTime:0.000000s ]
INFO: [ app_init ] --END-- [ RunTime:0.000000s ]
INFO: [ app_begin ] --START--
INFO: Run Behavior\ReadHtmlCacheBehavior [ RunTime:0.000000s ]
INFO: [ app_begin ] --END-- [ RunTime:0.000000s ]
NOTIC: [8] Undefined index: time E:\www\heiid.com\Application\Api\Controller\BaseController.class.php 第 121 行.
NOTIC: [8] Undefined index: test E:\www\heiid.com\Application\Api\Controller\BaseController.class.php 第 24 行.

[ 2016-07-08T11:36:59+08:00 ] 127.0.0.1 /index.php?m=Api&c=Base&a=getServerTime
INFO: [ app_init ] --START--
INFO: Run Behavior\BuildLiteBehavior [ RunTime:0.000000s ]
INFO: [ app_init ] --END-- [ RunTime:0.000000s ]
INFO: [ app_begin ] --START--
INFO: Run Behavior\ReadHtmlCacheBehavior [ RunTime:0.000000s ]
INFO: [ app_begin ] --END-- [ RunTime:0.000000s ]
NOTIC: [8] Undefined index: time E:\www\heiid.com\Application\Api\Controller\BaseController.class.php 第 121 行.
NOTIC: [8] Undefined index: test E:\www\heiid.com\Application\Api\Controller\BaseController.class.php 第 24 行.

[ 2016-07-08T11:37:43+08:00 ] 127.0.0.1 /index.php?m=Api&c=Base&a=getServerTime
INFO: [ app_init ] --START--
INFO: Run Behavior\BuildLiteBehavior [ RunTime:0.000000s ]
INFO: [ app_init ] --END-- [ RunTime:0.000000s ]
INFO: [ app_begin ] --START--
INFO: Run Behavior\ReadHtmlCacheBehavior [ RunTime:0.000000s ]
INFO: [ app_begin ] --END-- [ RunTime:0.000000s ]
NOTIC: [8] Undefined index: time E:\www\heiid.com\Application\Api\Controller\BaseController.class.php 第 121 行.
NOTIC: [8] Undefined index: test E:\www\heiid.com\Application\Api\Controller\BaseController.class.php 第 24 行.

[ 2016-07-08T11:39:10+08:00 ] 127.0.0.1 /index.php?m=Api&c=Base&a=getServerTime
INFO: [ app_init ] --START--
INFO: Run Behavior\BuildLiteBehavior [ RunTime:0.000000s ]
INFO: [ app_init ] --END-- [ RunTime:0.000000s ]
INFO: [ app_begin ] --START--
INFO: Run Behavior\ReadHtmlCacheBehavior [ RunTime:0.000000s ]
INFO: [ app_begin ] --END-- [ RunTime:0.000000s ]
NOTIC: [8] Undefined index: time E:\www\heiid.com\Application\Api\Controller\BaseController.class.php 第 121 行.
NOTIC: [8] Undefined index: test E:\www\heiid.com\Application\Api\Controller\BaseController.class.php 第 24 行.

[ 2016-07-08T11:39:29+08:00 ] 127.0.0.1 /index.php?m=Api&c=Base&a=getServerTime
INFO: [ app_init ] --START--
INFO: Run Behavior\BuildLiteBehavior [ RunTime:0.000000s ]
INFO: [ app_init ] --END-- [ RunTime:0.000000s ]
INFO: [ app_begin ] --START--
INFO: Run Behavior\ReadHtmlCacheBehavior [ RunTime:0.000000s ]
INFO: [ app_begin ] --END-- [ RunTime:0.000000s ]
NOTIC: [8] Undefined index: time E:\www\heiid.com\Application\Api\Controller\BaseController.class.php 第 121 行.
NOTIC: [8] Undefined index: test E:\www\heiid.com\Application\Api\Controller\BaseController.class.php 第 24 行.

[ 2016-07-08T11:41:10+08:00 ] 127.0.0.1 /index.php?m=Api&c=Base&a=getServerTime
INFO: [ app_init ] --START--
INFO: Run Behavior\BuildLiteBehavior [ RunTime:0.000000s ]
INFO: [ app_init ] --END-- [ RunTime:0.000000s ]
INFO: [ app_begin ] --START--
INFO: Run Behavior\ReadHtmlCacheBehavior [ RunTime:0.000000s ]
INFO: [ app_begin ] --END-- [ RunTime:0.000000s ]
NOTIC: [8] Undefined index: time E:\www\heiid.com\Application\Api\Controller\BaseController.class.php 第 121 行.
NOTIC: [8] Undefined index: test E:\www\heiid.com\Application\Api\Controller\BaseController.class.php 第 24 行.

[ 2016-07-08T11:42:20+08:00 ] 127.0.0.1 /index.php?m=Api&c=Base&a=getServerTime
INFO: [ app_init ] --START--
INFO: Run Behavior\BuildLiteBehavior [ RunTime:0.000000s ]
INFO: [ app_init ] --END-- [ RunTime:0.000000s ]
INFO: [ app_begin ] --START--
INFO: Run Behavior\ReadHtmlCacheBehavior [ RunTime:0.000000s ]
INFO: [ app_begin ] --END-- [ RunTime:0.000000s ]
NOTIC: [8] Undefined index: time E:\www\heiid.com\Application\Api\Controller\BaseController.class.php 第 121 行.
NOTIC: [8] Undefined index: test E:\www\heiid.com\Application\Api\Controller\BaseController.class.php 第 24 行.

[ 2016-07-08T11:44:51+08:00 ] 127.0.0.1 /index.php?m=Api&c=Base&a=getServerTime
INFO: [ app_init ] --START--
INFO: Run Behavior\BuildLiteBehavior [ RunTime:0.000000s ]
INFO: [ app_init ] --END-- [ RunTime:0.000000s ]
INFO: [ app_begin ] --START--
INFO: Run Behavior\ReadHtmlCacheBehavior [ RunTime:0.015600s ]
INFO: [ app_begin ] --END-- [ RunTime:0.015600s ]
NOTIC: [8] Undefined index: time E:\www\heiid.com\Application\Api\Controller\BaseController.class.php 第 121 行.
NOTIC: [8] Undefined index: test E:\www\heiid.com\Application\Api\Controller\BaseController.class.php 第 24 行.

[ 2016-07-08T11:53:05+08:00 ] 127.0.0.1 /index.php?m=Api&c=Base&a=getServerTime
INFO: [ app_init ] --START--
INFO: Run Behavior\BuildLiteBehavior [ RunTime:0.000000s ]
INFO: [ app_init ] --END-- [ RunTime:0.000000s ]
INFO: [ app_begin ] --START--
INFO: Run Behavior\ReadHtmlCacheBehavior [ RunTime:0.000000s ]
INFO: [ app_begin ] --END-- [ RunTime:0.000000s ]
NOTIC: [8] Undefined index: time E:\www\heiid.com\Application\Api\Controller\BaseController.class.php 第 121 行.
NOTIC: [8] Undefined index: test E:\www\heiid.com\Application\Api\Controller\BaseController.class.php 第 24 行.

[ 2016-07-08T11:54:52+08:00 ] 127.0.0.1 /index.php?m=Api&c=Base&a=getServerTime
INFO: [ app_init ] --START--
INFO: Run Behavior\BuildLiteBehavior [ RunTime:0.000000s ]
INFO: [ app_init ] --END-- [ RunTime:0.000000s ]
INFO: [ app_begin ] --START--
INFO: Run Behavior\ReadHtmlCacheBehavior [ RunTime:0.000000s ]
INFO: [ app_begin ] --END-- [ RunTime:0.000000s ]
NOTIC: [8] Undefined index: time E:\www\heiid.com\Application\Api\Controller\BaseController.class.php 第 121 行.
NOTIC: [8] Undefined index: test E:\www\heiid.com\Application\Api\Controller\BaseController.class.php 第 24 行.

[ 2016-07-08T11:55:37+08:00 ] 127.0.0.1 /index.php?m=Api&c=Base&a=getServerTime
INFO: [ app_init ] --START--
INFO: Run Behavior\BuildLiteBehavior [ RunTime:0.000000s ]
INFO: [ app_init ] --END-- [ RunTime:0.001000s ]
INFO: [ app_begin ] --START--
INFO: Run Behavior\ReadHtmlCacheBehavior [ RunTime:0.001000s ]
INFO: [ app_begin ] --END-- [ RunTime:0.001000s ]
NOTIC: [8] Undefined index: time E:\www\heiid.com\Application\Api\Controller\BaseController.class.php 第 121 行.
NOTIC: [8] Undefined index: test E:\www\heiid.com\Application\Api\Controller\BaseController.class.php 第 24 行.

[ 2016-07-08T12:01:02+08:00 ] 127.0.0.1 /index.php?m=Api&c=Base&a=getServerTime
INFO: [ app_init ] --START--
INFO: Run Behavior\BuildLiteBehavior [ RunTime:0.000000s ]
INFO: [ app_init ] --END-- [ RunTime:0.000000s ]
INFO: [ app_begin ] --START--
INFO: Run Behavior\ReadHtmlCacheBehavior [ RunTime:0.000000s ]
INFO: [ app_begin ] --END-- [ RunTime:0.000000s ]
NOTIC: [8] Undefined index: time E:\www\heiid.com\Application\Api\Controller\BaseController.class.php 第 121 行.
NOTIC: [8] Undefined index: test E:\www\heiid.com\Application\Api\Controller\BaseController.class.php 第 24 行.

[ 2016-07-08T15:04:16+08:00 ] 127.0.0.1 /index.php?m=Api&c=Base&a=getServerTime
INFO: [ app_init ] --START--
INFO: Run Behavior\BuildLiteBehavior [ RunTime:0.000000s ]
INFO: [ app_init ] --END-- [ RunTime:0.015600s ]
INFO: [ app_begin ] --START--
INFO: Run Behavior\ReadHtmlCacheBehavior [ RunTime:0.000000s ]
INFO: [ app_begin ] --END-- [ RunTime:0.000000s ]
NOTIC: [8] Undefined index: time E:\www\heiid.com\Application\Api\Controller\BaseController.class.php 第 121 行.
NOTIC: [8] Undefined index: test E:\www\heiid.com\Application\Api\Controller\BaseController.class.php 第 24 行.

[ 2016-07-08T15:12:23+08:00 ] 127.0.0.1 /index.php?m=Api&c=Base&a=getServerTime
INFO: [ app_init ] --START--
INFO: Run Behavior\BuildLiteBehavior [ RunTime:0.000000s ]
INFO: [ app_init ] --END-- [ RunTime:0.000000s ]
INFO: [ app_begin ] --START--
INFO: Run Behavior\ReadHtmlCacheBehavior [ RunTime:0.000000s ]
INFO: [ app_begin ] --END-- [ RunTime:0.000000s ]
NOTIC: [8] Undefined index: time E:\www\heiid.com\Application\Api\Controller\BaseController.class.php 第 121 行.
NOTIC: [8] Undefined index: test E:\www\heiid.com\Application\Api\Controller\BaseController.class.php 第 24 行.

[ 2016-07-08T15:12:29+08:00 ] 127.0.0.1 /index.php?m=Api&c=User&a=login
INFO: [ app_init ] --START--
INFO: Run Behavior\BuildLiteBehavior [ RunTime:0.000000s ]
INFO: [ app_init ] --END-- [ RunTime:0.000000s ]
INFO: [ app_begin ] --START--
INFO: Run Behavior\ReadHtmlCacheBehavior [ RunTime:0.000000s ]
INFO: [ app_begin ] --END-- [ RunTime:0.000000s ]
NOTIC: [8] Undefined index: time E:\www\heiid.com\Application\Api\Controller\BaseController.class.php 第 121 行.
NOTIC: [8] Undefined index: sign E:\www\heiid.com\Application\Api\Controller\BaseController.class.php 第 53 行.

[ 2016-07-08T15:12:34+08:00 ] 127.0.0.1 /index.php?m=Api&c=User&a=login
INFO: [ app_init ] --START--
INFO: Run Behavior\BuildLiteBehavior [ RunTime:0.000000s ]
INFO: [ app_init ] --END-- [ RunTime:0.000000s ]
INFO: [ app_begin ] --START--
INFO: Run Behavior\ReadHtmlCacheBehavior [ RunTime:0.000000s ]
INFO: [ app_begin ] --END-- [ RunTime:0.000000s ]
NOTIC: [8] Undefined index: time E:\www\heiid.com\Application\Api\Controller\BaseController.class.php 第 121 行.
NOTIC: [8] Undefined index: sign E:\www\heiid.com\Application\Api\Controller\BaseController.class.php 第 53 行.

[ 2016-07-08T15:13:54+08:00 ] 127.0.0.1 /index.php?m=Api&c=User&a=login
INFO: [ app_init ] --START--
INFO: Run Behavior\BuildLiteBehavior [ RunTime:0.000000s ]
INFO: [ app_init ] --END-- [ RunTime:0.000000s ]
INFO: [ app_begin ] --START--
INFO: Run Behavior\ReadHtmlCacheBehavior [ RunTime:0.000000s ]
INFO: [ app_begin ] --END-- [ RunTime:0.000000s ]
NOTIC: [8] Undefined index: time E:\www\heiid.com\Application\Api\Controller\BaseController.class.php 第 121 行.
NOTIC: [8] Undefined index: sign E:\www\heiid.com\Application\Api\Controller\BaseController.class.php 第 53 行.

[ 2016-07-08T15:14:01+08:00 ] 127.0.0.1 /index.php?m=Api&c=User&a=login
INFO: [ app_init ] --START--
INFO: Run Behavior\BuildLiteBehavior [ RunTime:0.000000s ]
INFO: [ app_init ] --END-- [ RunTime:0.000000s ]
INFO: [ app_begin ] --START--
INFO: Run Behavior\ReadHtmlCacheBehavior [ RunTime:0.000000s ]
INFO: [ app_begin ] --END-- [ RunTime:0.000000s ]
NOTIC: [8] Undefined index: time E:\www\heiid.com\Application\Api\Controller\BaseController.class.php 第 121 行.
NOTIC: [8] Undefined index: sign E:\www\heiid.com\Application\Api\Controller\BaseController.class.php 第 53 行.

[ 2016-07-08T15:14:03+08:00 ] 127.0.0.1 /index.php?m=Api&c=User&a=login
INFO: [ app_init ] --START--
INFO: Run Behavior\BuildLiteBehavior [ RunTime:0.000000s ]
INFO: [ app_init ] --END-- [ RunTime:0.000000s ]
INFO: [ app_begin ] --START--
INFO: Run Behavior\ReadHtmlCacheBehavior [ RunTime:0.000000s ]
INFO: [ app_begin ] --END-- [ RunTime:0.000000s ]
NOTIC: [8] Undefined index: time E:\www\heiid.com\Application\Api\Controller\BaseController.class.php 第 121 行.
NOTIC: [8] Undefined index: sign E:\www\heiid.com\Application\Api\Controller\BaseController.class.php 第 53 行.

[ 2016-07-08T15:14:04+08:00 ] 127.0.0.1 /index.php?m=Api&c=User&a=login
INFO: [ app_init ] --START--
INFO: Run Behavior\BuildLiteBehavior [ RunTime:0.000000s ]
INFO: [ app_init ] --END-- [ RunTime:0.000000s ]
INFO: [ app_begin ] --START--
INFO: Run Behavior\ReadHtmlCacheBehavior [ RunTime:0.001000s ]
INFO: [ app_begin ] --END-- [ RunTime:0.001000s ]
NOTIC: [8] Undefined index: time E:\www\heiid.com\Application\Api\Controller\BaseController.class.php 第 121 行.
NOTIC: [8] Undefined index: sign E:\www\heiid.com\Application\Api\Controller\BaseController.class.php 第 53 行.

[ 2016-07-08T15:15:30+08:00 ] 127.0.0.1 /index.php?m=Api&c=Base&a=getServerTime
INFO: [ app_init ] --START--
INFO: Run Behavior\BuildLiteBehavior [ RunTime:0.000000s ]
INFO: [ app_init ] --END-- [ RunTime:0.000000s ]
INFO: [ app_begin ] --START--
INFO: Run Behavior\ReadHtmlCacheBehavior [ RunTime:0.000000s ]
INFO: [ app_begin ] --END-- [ RunTime:0.000000s ]
NOTIC: [8] Undefined index: time E:\www\heiid.com\Application\Api\Controller\BaseController.class.php 第 121 行.
NOTIC: [8] Undefined index: test E:\www\heiid.com\Application\Api\Controller\BaseController.class.php 第 24 行.

[ 2016-07-08T15:23:20+08:00 ] 127.0.0.1 /index.php?m=Api&c=User&a=login
INFO: [ app_init ] --START--
INFO: Run Behavior\BuildLiteBehavior [ RunTime:0.000000s ]
INFO: [ app_init ] --END-- [ RunTime:0.000000s ]
INFO: [ app_begin ] --START--
INFO: Run Behavior\ReadHtmlCacheBehavior [ RunTime:0.000000s ]
INFO: [ app_begin ] --END-- [ RunTime:0.000000s ]
NOTIC: [8] Undefined index: time E:\www\heiid.com\Application\Api\Controller\BaseController.class.php 第 121 行.
NOTIC: [8] Undefined index: sign E:\www\heiid.com\Application\Api\Controller\BaseController.class.php 第 53 行.

[ 2016-07-08T15:23:40+08:00 ] 127.0.0.1 /index.php?m=Api&c=Base&a=getServerTime
INFO: [ app_init ] --START--
INFO: Run Behavior\BuildLiteBehavior [ RunTime:0.000000s ]
INFO: [ app_init ] --END-- [ RunTime:0.000000s ]
INFO: [ app_begin ] --START--
INFO: Run Behavior\ReadHtmlCacheBehavior [ RunTime:0.000000s ]
INFO: [ app_begin ] --END-- [ RunTime:0.000000s ]
NOTIC: [8] Undefined index: time E:\www\heiid.com\Application\Api\Controller\BaseController.class.php 第 121 行.
NOTIC: [8] Undefined index: test E:\www\heiid.com\Application\Api\Controller\BaseController.class.php 第 24 行.

[ 2016-07-08T15:23:49+08:00 ] 127.0.0.1 /index.php?m=Api&c=User&a=login
INFO: [ app_init ] --START--
INFO: Run Behavior\BuildLiteBehavior [ RunTime:0.000000s ]
INFO: [ app_init ] --END-- [ RunTime:0.000000s ]
INFO: [ app_begin ] --START--
INFO: Run Behavior\ReadHtmlCacheBehavior [ RunTime:0.001000s ]
INFO: [ app_begin ] --END-- [ RunTime:0.001000s ]
NOTIC: [8] Undefined index: time E:\www\heiid.com\Application\Api\Controller\BaseController.class.php 第 121 行.
NOTIC: [8] Undefined index: sign E:\www\heiid.com\Application\Api\Controller\BaseController.class.php 第 53 行.

[ 2016-07-08T15:28:34+08:00 ] 127.0.0.1 /index.php?m=Api&c=Base&a=getServerTime
INFO: [ app_init ] --START--
INFO: Run Behavior\BuildLiteBehavior [ RunTime:0.000000s ]
INFO: [ app_init ] --END-- [ RunTime:0.000000s ]
INFO: [ app_begin ] --START--
INFO: Run Behavior\ReadHtmlCacheBehavior [ RunTime:0.000000s ]
INFO: [ app_begin ] --END-- [ RunTime:0.000000s ]
NOTIC: [8] Undefined index: time E:\www\heiid.com\Application\Api\Controller\BaseController.class.php 第 121 行.
NOTIC: [8] Undefined index: test E:\www\heiid.com\Application\Api\Controller\BaseController.class.php 第 24 行.

[ 2016-07-08T15:29:37+08:00 ] 127.0.0.1 /index.php?m=Api&c=Base&a=getServerTime
INFO: [ app_init ] --START--
INFO: Run Behavior\BuildLiteBehavior [ RunTime:0.000000s ]
INFO: [ app_init ] --END-- [ RunTime:0.000000s ]
INFO: [ app_begin ] --START--
INFO: Run Behavior\ReadHtmlCacheBehavior [ RunTime:0.000000s ]
INFO: [ app_begin ] --END-- [ RunTime:0.000000s ]
NOTIC: [8] Undefined index: time E:\www\heiid.com\Application\Api\Controller\BaseController.class.php 第 121 行.
NOTIC: [8] Undefined index: test E:\www\heiid.com\Application\Api\Controller\BaseController.class.php 第 24 行.

[ 2016-07-08T15:35:20+08:00 ] 127.0.0.1 /index.php?m=Api&c=Base&a=getServerTime
INFO: [ app_init ] --START--
INFO: Run Behavior\BuildLiteBehavior [ RunTime:0.000000s ]
INFO: [ app_init ] --END-- [ RunTime:0.000000s ]
INFO: [ app_begin ] --START--
INFO: Run Behavior\ReadHtmlCacheBehavior [ RunTime:0.000000s ]
INFO: [ app_begin ] --END-- [ RunTime:0.000000s ]
NOTIC: [8] Undefined index: time E:\www\heiid.com\Application\Api\Controller\BaseController.class.php 第 121 行.
NOTIC: [8] Undefined index: test E:\www\heiid.com\Application\Api\Controller\BaseController.class.php 第 24 行.

[ 2016-07-08T15:36:08+08:00 ] 127.0.0.1 /index.php?m=Api&c=Base&a=getServerTime
INFO: [ app_init ] --START--
INFO: Run Behavior\BuildLiteBehavior [ RunTime:0.000000s ]
INFO: [ app_init ] --END-- [ RunTime:0.000000s ]
INFO: [ app_begin ] --START--
INFO: Run Behavior\ReadHtmlCacheBehavior [ RunTime:0.000000s ]
INFO: [ app_begin ] --END-- [ RunTime:0.000000s ]
NOTIC: [8] Undefined index: time E:\www\heiid.com\Application\Api\Controller\BaseController.class.php 第 121 行.
NOTIC: [8] Undefined index: test E:\www\heiid.com\Application\Api\Controller\BaseController.class.php 第 24 行.

[ 2016-07-08T15:36:28+08:00 ] 127.0.0.1 /index.php?m=Api&c=Base&a=getServerTime
INFO: [ app_init ] --START--
INFO: Run Behavior\BuildLiteBehavior [ RunTime:0.000000s ]
INFO: [ app_init ] --END-- [ RunTime:0.000000s ]
INFO: [ app_begin ] --START--
INFO: Run Behavior\ReadHtmlCacheBehavior [ RunTime:0.000000s ]
INFO: [ app_begin ] --END-- [ RunTime:0.000000s ]
NOTIC: [8] Undefined index: time E:\www\heiid.com\Application\Api\Controller\BaseController.class.php 第 121 行.
NOTIC: [8] Undefined index: test E:\www\heiid.com\Application\Api\Controller\BaseController.class.php 第 24 行.

[ 2016-07-08T15:36:41+08:00 ] 127.0.0.1 /index.php?m=Api&c=User&a=login
INFO: [ app_init ] --START--
INFO: Run Behavior\BuildLiteBehavior [ RunTime:0.000000s ]
INFO: [ app_init ] --END-- [ RunTime:0.000000s ]
INFO: [ app_begin ] --START--
INFO: Run Behavior\ReadHtmlCacheBehavior [ RunTime:0.000000s ]
INFO: [ app_begin ] --END-- [ RunTime:0.000000s ]
NOTIC: [8] Undefined index: time E:\www\heiid.com\Application\Api\Controller\BaseController.class.php 第 121 行.
NOTIC: [8] Undefined index: sign E:\www\heiid.com\Application\Api\Controller\BaseController.class.php 第 53 行.

[ 2016-07-08T15:37:05+08:00 ] 127.0.0.1 /index.php?m=Api&c=User&a=login
INFO: [ app_init ] --START--
INFO: Run Behavior\BuildLiteBehavior [ RunTime:0.000000s ]
INFO: [ app_init ] --END-- [ RunTime:0.000000s ]
INFO: [ app_begin ] --START--
INFO: Run Behavior\ReadHtmlCacheBehavior [ RunTime:0.000000s ]
INFO: [ app_begin ] --END-- [ RunTime:0.000000s ]
NOTIC: [8] Undefined index: time E:\www\heiid.com\Application\Api\Controller\BaseController.class.php 第 121 行.
NOTIC: [8] Undefined index: sign E:\www\heiid.com\Application\Api\Controller\BaseController.class.php 第 53 行.

[ 2016-07-08T15:37:27+08:00 ] 127.0.0.1 /index.php?m=Api&c=User&a=login
INFO: [ app_init ] --START--
INFO: Run Behavior\BuildLiteBehavior [ RunTime:0.000000s ]
INFO: [ app_init ] --END-- [ RunTime:0.000000s ]
INFO: [ app_begin ] --START--
INFO: Run Behavior\ReadHtmlCacheBehavior [ RunTime:0.000000s ]
INFO: [ app_begin ] --END-- [ RunTime:0.000000s ]
NOTIC: [8] Undefined index: time E:\www\heiid.com\Application\Api\Controller\BaseController.class.php 第 121 行.
NOTIC: [8] Undefined index: sign E:\www\heiid.com\Application\Api\Controller\BaseController.class.php 第 53 行.

[ 2016-07-08T15:37:33+08:00 ] 127.0.0.1 /index.php?m=Api&c=User&a=login
INFO: [ app_init ] --START--
INFO: Run Behavior\BuildLiteBehavior [ RunTime:0.000000s ]
INFO: [ app_init ] --END-- [ RunTime:0.000000s ]
INFO: [ app_begin ] --START--
INFO: Run Behavior\ReadHtmlCacheBehavior [ RunTime:0.000000s ]
INFO: [ app_begin ] --END-- [ RunTime:0.000000s ]
NOTIC: [8] Undefined index: time E:\www\heiid.com\Application\Api\Controller\BaseController.class.php 第 121 行.
NOTIC: [8] Undefined index: sign E:\www\heiid.com\Application\Api\Controller\BaseController.class.php 第 53 行.

[ 2016-07-08T15:37:41+08:00 ] 127.0.0.1 /index.php?m=Api&c=User&a=login
INFO: [ app_init ] --START--
INFO: Run Behavior\BuildLiteBehavior [ RunTime:0.000000s ]
INFO: [ app_init ] --END-- [ RunTime:0.000000s ]
INFO: [ app_begin ] --START--
INFO: Run Behavior\ReadHtmlCacheBehavior [ RunTime:0.000000s ]
INFO: [ app_begin ] --END-- [ RunTime:0.000000s ]
NOTIC: [8] Undefined index: time E:\www\heiid.com\Application\Api\Controller\BaseController.class.php 第 121 行.
NOTIC: [8] Undefined index: sign E:\www\heiid.com\Application\Api\Controller\BaseController.class.php 第 53 行.

[ 2016-07-08T15:44:57+08:00 ] 127.0.0.1 /index.php?m=Api&c=Base&a=getServerTime
INFO: [ app_init ] --START--
INFO: Run Behavior\BuildLiteBehavior [ RunTime:0.000000s ]
INFO: [ app_init ] --END-- [ RunTime:0.000000s ]
INFO: [ app_begin ] --START--
INFO: Run Behavior\ReadHtmlCacheBehavior [ RunTime:0.000000s ]
INFO: [ app_begin ] --END-- [ RunTime:0.000000s ]
NOTIC: [8] Undefined index: time E:\www\heiid.com\Application\Api\Controller\BaseController.class.php 第 121 行.
NOTIC: [8] Undefined index: test E:\www\heiid.com\Application\Api\Controller\BaseController.class.php 第 24 行.

[ 2016-07-08T15:45:03+08:00 ] 127.0.0.1 /index.php?m=Api&c=User&a=login
INFO: [ app_init ] --START--
INFO: Run Behavior\BuildLiteBehavior [ RunTime:0.000000s ]
INFO: [ app_init ] --END-- [ RunTime:0.000000s ]
INFO: [ app_begin ] --START--
INFO: Run Behavior\ReadHtmlCacheBehavior [ RunTime:0.000000s ]
INFO: [ app_begin ] --END-- [ RunTime:0.000000s ]
NOTIC: [8] Undefined index: time E:\www\heiid.com\Application\Api\Controller\BaseController.class.php 第 121 行.
NOTIC: [8] Undefined index: sign E:\www\heiid.com\Application\Api\Controller\BaseController.class.php 第 53 行.

[ 2016-07-08T15:45:09+08:00 ] 127.0.0.1 /index.php?m=Api&c=User&a=login
INFO: [ app_init ] --START--
INFO: Run Behavior\BuildLiteBehavior [ RunTime:0.000000s ]
INFO: [ app_init ] --END-- [ RunTime:0.000000s ]
INFO: [ app_begin ] --START--
INFO: Run Behavior\ReadHtmlCacheBehavior [ RunTime:0.000000s ]
INFO: [ app_begin ] --END-- [ RunTime:0.000000s ]
NOTIC: [8] Undefined index: time E:\www\heiid.com\Application\Api\Controller\BaseController.class.php 第 121 行.
NOTIC: [8] Undefined index: sign E:\www\heiid.com\Application\Api\Controller\BaseController.class.php 第 53 行.

[ 2016-07-08T15:45:19+08:00 ] 127.0.0.1 /index.php?m=Api&c=User&a=login
INFO: [ app_init ] --START--
INFO: Run Behavior\BuildLiteBehavior [ RunTime:0.000000s ]
INFO: [ app_init ] --END-- [ RunTime:0.000000s ]
INFO: [ app_begin ] --START--
INFO: Run Behavior\ReadHtmlCacheBehavior [ RunTime:0.000000s ]
INFO: [ app_begin ] --END-- [ RunTime:0.000000s ]
NOTIC: [8] Undefined index: time E:\www\heiid.com\Application\Api\Controller\BaseController.class.php 第 121 行.
NOTIC: [8] Undefined index: sign E:\www\heiid.com\Application\Api\Controller\BaseController.class.php 第 53 行.

[ 2016-07-08T15:45:33+08:00 ] 127.0.0.1 /index.php?m=Api&c=User&a=login
INFO: [ app_init ] --START--
INFO: Run Behavior\BuildLiteBehavior [ RunTime:0.000000s ]
INFO: [ app_init ] --END-- [ RunTime:0.000000s ]
INFO: [ app_begin ] --START--
INFO: Run Behavior\ReadHtmlCacheBehavior [ RunTime:0.000000s ]
INFO: [ app_begin ] --END-- [ RunTime:0.000000s ]
NOTIC: [8] Undefined index: time E:\www\heiid.com\Application\Api\Controller\BaseController.class.php 第 121 行.
NOTIC: [8] Undefined index: sign E:\www\heiid.com\Application\Api\Controller\BaseController.class.php 第 53 行.

[ 2016-07-08T15:45:48+08:00 ] 127.0.0.1 /index.php?m=Api&c=User&a=login
INFO: [ app_init ] --START--
INFO: Run Behavior\BuildLiteBehavior [ RunTime:0.000000s ]
INFO: [ app_init ] --END-- [ RunTime:0.000000s ]
INFO: [ app_begin ] --START--
INFO: Run Behavior\ReadHtmlCacheBehavior [ RunTime:0.000000s ]
INFO: [ app_begin ] --END-- [ RunTime:0.000000s ]
NOTIC: [8] Undefined index: time E:\www\heiid.com\Application\Api\Controller\BaseController.class.php 第 121 行.
NOTIC: [8] Undefined index: sign E:\www\heiid.com\Application\Api\Controller\BaseController.class.php 第 53 行.

[ 2016-07-08T15:46:24+08:00 ] 127.0.0.1 /index.php?m=Api&c=Base&a=getServerTime
INFO: [ app_init ] --START--
INFO: Run Behavior\BuildLiteBehavior [ RunTime:0.000000s ]
INFO: [ app_init ] --END-- [ RunTime:0.000000s ]
INFO: [ app_begin ] --START--
INFO: Run Behavior\ReadHtmlCacheBehavior [ RunTime:0.000000s ]
INFO: [ app_begin ] --END-- [ RunTime:0.000000s ]
NOTIC: [8] Undefined index: time E:\www\heiid.com\Application\Api\Controller\BaseController.class.php 第 121 行.
NOTIC: [8] Undefined index: test E:\www\heiid.com\Application\Api\Controller\BaseController.class.php 第 24 行.

[ 2016-07-08T15:47:04+08:00 ] 127.0.0.1 /index.php?m=Api&c=Base&a=getServerTime
INFO: [ app_init ] --START--
INFO: Run Behavior\BuildLiteBehavior [ RunTime:0.000000s ]
INFO: [ app_init ] --END-- [ RunTime:0.000000s ]
INFO: [ app_begin ] --START--
INFO: Run Behavior\ReadHtmlCacheBehavior [ RunTime:0.000000s ]
INFO: [ app_begin ] --END-- [ RunTime:0.000000s ]
NOTIC: [8] Undefined index: time E:\www\heiid.com\Application\Api\Controller\BaseController.class.php 第 121 行.
NOTIC: [8] Undefined index: test E:\www\heiid.com\Application\Api\Controller\BaseController.class.php 第 24 行.

[ 2016-07-08T15:47:14+08:00 ] 127.0.0.1 /index.php?m=Api&c=User&a=login
INFO: [ app_init ] --START--
INFO: Run Behavior\BuildLiteBehavior [ RunTime:0.000000s ]
INFO: [ app_init ] --END-- [ RunTime:0.000000s ]
INFO: [ app_begin ] --START--
INFO: Run Behavior\ReadHtmlCacheBehavior [ RunTime:0.000000s ]
INFO: [ app_begin ] --END-- [ RunTime:0.000000s ]
NOTIC: [8] Undefined index: time E:\www\heiid.com\Application\Api\Controller\BaseController.class.php 第 121 行.
NOTIC: [8] Undefined index: sign E:\www\heiid.com\Application\Api\Controller\BaseController.class.php 第 53 行.

[ 2016-07-08T15:47:26+08:00 ] 127.0.0.1 /index.php?m=Api&c=User&a=login
INFO: [ app_init ] --START--
INFO: Run Behavior\BuildLiteBehavior [ RunTime:0.000000s ]
INFO: [ app_init ] --END-- [ RunTime:0.000000s ]
INFO: [ app_begin ] --START--
INFO: Run Behavior\ReadHtmlCacheBehavior [ RunTime:0.000000s ]
INFO: [ app_begin ] --END-- [ RunTime:0.000000s ]
NOTIC: [8] Undefined index: time E:\www\heiid.com\Application\Api\Controller\BaseController.class.php 第 121 行.
NOTIC: [8] Undefined index: sign E:\www\heiid.com\Application\Api\Controller\BaseController.class.php 第 53 行.

[ 2016-07-08T16:14:03+08:00 ] 127.0.0.1 /index.php?m=Api&c=User&a=login
INFO: [ app_init ] --START--
INFO: Run Behavior\BuildLiteBehavior [ RunTime:0.000000s ]
INFO: [ app_init ] --END-- [ RunTime:0.000000s ]
INFO: [ app_begin ] --START--
INFO: Run Behavior\ReadHtmlCacheBehavior [ RunTime:0.000000s ]
INFO: [ app_begin ] --END-- [ RunTime:0.000000s ]
NOTIC: [8] Undefined index: time E:\www\heiid.com\Application\Api\Controller\BaseController.class.php 第 121 行.
NOTIC: [8] Undefined index: sign E:\www\heiid.com\Application\Api\Controller\BaseController.class.php 第 53 行.

[ 2016-07-08T16:14:29+08:00 ] 127.0.0.1 /index.php?m=Api&c=Base&a=getServerTime
INFO: [ app_init ] --START--
INFO: Run Behavior\BuildLiteBehavior [ RunTime:0.000000s ]
INFO: [ app_init ] --END-- [ RunTime:0.000000s ]
INFO: [ app_begin ] --START--
INFO: Run Behavior\ReadHtmlCacheBehavior [ RunTime:0.000000s ]
INFO: [ app_begin ] --END-- [ RunTime:0.000000s ]
NOTIC: [8] Undefined index: time E:\www\heiid.com\Application\Api\Controller\BaseController.class.php 第 121 行.
NOTIC: [8] Undefined index: test E:\www\heiid.com\Application\Api\Controller\BaseController.class.php 第 24 行.

[ 2016-07-08T16:14:40+08:00 ] 127.0.0.1 /index.php?m=Api&c=User&a=login
INFO: [ app_init ] --START--
INFO: Run Behavior\BuildLiteBehavior [ RunTime:0.000000s ]
INFO: [ app_init ] --END-- [ RunTime:0.000000s ]
INFO: [ app_begin ] --START--
INFO: Run Behavior\ReadHtmlCacheBehavior [ RunTime:0.001000s ]
INFO: [ app_begin ] --END-- [ RunTime:0.001000s ]
NOTIC: [8] Undefined index: time E:\www\heiid.com\Application\Api\Controller\BaseController.class.php 第 121 行.
NOTIC: [8] Undefined index: sign E:\www\heiid.com\Application\Api\Controller\BaseController.class.php 第 53 行.

[ 2016-07-08T16:14:51+08:00 ] 127.0.0.1 /index.php?m=Api&c=User&a=login
INFO: [ app_init ] --START--
INFO: Run Behavior\BuildLiteBehavior [ RunTime:0.000000s ]
INFO: [ app_init ] --END-- [ RunTime:0.001000s ]
INFO: [ app_begin ] --START--
INFO: Run Behavior\ReadHtmlCacheBehavior [ RunTime:0.000000s ]
INFO: [ app_begin ] --END-- [ RunTime:0.000000s ]
NOTIC: [8] Undefined index: time E:\www\heiid.com\Application\Api\Controller\BaseController.class.php 第 121 行.
NOTIC: [8] Undefined index: sign E:\www\heiid.com\Application\Api\Controller\BaseController.class.php 第 53 行.

[ 2016-07-08T16:15:31+08:00 ] 127.0.0.1 /index.php?m=Api&c=User&a=login
INFO: [ app_init ] --START--
INFO: Run Behavior\BuildLiteBehavior [ RunTime:0.000000s ]
INFO: [ app_init ] --END-- [ RunTime:0.001000s ]
INFO: [ app_begin ] --START--
INFO: Run Behavior\ReadHtmlCacheBehavior [ RunTime:0.000000s ]
INFO: [ app_begin ] --END-- [ RunTime:0.000000s ]
NOTIC: [8] Undefined index: time E:\www\heiid.com\Application\Api\Controller\BaseController.class.php 第 121 行.
NOTIC: [8] Undefined index: sign E:\www\heiid.com\Application\Api\Controller\BaseController.class.php 第 53 行.

[ 2016-07-08T16:15:35+08:00 ] 127.0.0.1 /index.php?m=Api&c=User&a=login
INFO: [ app_init ] --START--
INFO: Run Behavior\BuildLiteBehavior [ RunTime:0.000000s ]
INFO: [ app_init ] --END-- [ RunTime:0.000000s ]
INFO: [ app_begin ] --START--
INFO: Run Behavior\ReadHtmlCacheBehavior [ RunTime:0.001000s ]
INFO: [ app_begin ] --END-- [ RunTime:0.001000s ]
NOTIC: [8] Undefined index: time E:\www\heiid.com\Application\Api\Controller\BaseController.class.php 第 121 行.
NOTIC: [8] Undefined index: sign E:\www\heiid.com\Application\Api\Controller\BaseController.class.php 第 53 行.

[ 2016-07-08T16:16:37+08:00 ] 127.0.0.1 /index.php?m=Api&c=User&a=login
INFO: [ app_init ] --START--
INFO: Run Behavior\BuildLiteBehavior [ RunTime:0.000000s ]
INFO: [ app_init ] --END-- [ RunTime:0.000000s ]
INFO: [ app_begin ] --START--
INFO: Run Behavior\ReadHtmlCacheBehavior [ RunTime:0.000000s ]
INFO: [ app_begin ] --END-- [ RunTime:0.000000s ]
NOTIC: [8] Undefined index: time E:\www\heiid.com\Application\Api\Controller\BaseController.class.php 第 121 行.
NOTIC: [8] Undefined index: sign E:\www\heiid.com\Application\Api\Controller\BaseController.class.php 第 53 行.

[ 2016-07-08T16:17:15+08:00 ] 127.0.0.1 /index.php?m=Api&c=User&a=login
INFO: [ app_init ] --START--
INFO: Run Behavior\BuildLiteBehavior [ RunTime:0.000000s ]
INFO: [ app_init ] --END-- [ RunTime:0.001000s ]
INFO: [ app_begin ] --START--
INFO: Run Behavior\ReadHtmlCacheBehavior [ RunTime:0.001000s ]
INFO: [ app_begin ] --END-- [ RunTime:0.001000s ]
NOTIC: [8] Undefined index: time E:\www\heiid.com\Application\Api\Controller\BaseController.class.php 第 121 行.
NOTIC: [8] Undefined index: sign E:\www\heiid.com\Application\Api\Controller\BaseController.class.php 第 53 行.

[ 2016-07-08T16:18:24+08:00 ] 127.0.0.1 /index.php?m=Api&c=Base&a=getServerTime
INFO: [ app_init ] --START--
INFO: Run Behavior\BuildLiteBehavior [ RunTime:0.000000s ]
INFO: [ app_init ] --END-- [ RunTime:0.000000s ]
INFO: [ app_begin ] --START--
INFO: Run Behavior\ReadHtmlCacheBehavior [ RunTime:0.000000s ]
INFO: [ app_begin ] --END-- [ RunTime:0.000000s ]
NOTIC: [8] Undefined index: time E:\www\heiid.com\Application\Api\Controller\BaseController.class.php 第 121 行.
NOTIC: [8] Undefined index: test E:\www\heiid.com\Application\Api\Controller\BaseController.class.php 第 24 行.

[ 2016-07-08T16:18:37+08:00 ] 127.0.0.1 /index.php?m=Api&c=User&a=login
INFO: [ app_init ] --START--
INFO: Run Behavior\BuildLiteBehavior [ RunTime:0.000000s ]
INFO: [ app_init ] --END-- [ RunTime:0.001000s ]
INFO: [ app_begin ] --START--
INFO: Run Behavior\ReadHtmlCacheBehavior [ RunTime:0.000000s ]
INFO: [ app_begin ] --END-- [ RunTime:0.001000s ]
NOTIC: [8] Undefined index: time E:\www\heiid.com\Application\Api\Controller\BaseController.class.php 第 121 行.
NOTIC: [8] Undefined index: sign E:\www\heiid.com\Application\Api\Controller\BaseController.class.php 第 53 行.

[ 2016-07-08T16:19:28+08:00 ] 127.0.0.1 /index.php?m=Api&c=User&a=login
INFO: [ app_init ] --START--
INFO: Run Behavior\BuildLiteBehavior [ RunTime:0.000000s ]
INFO: [ app_init ] --END-- [ RunTime:0.000000s ]
INFO: [ app_begin ] --START--
INFO: Run Behavior\ReadHtmlCacheBehavior [ RunTime:0.001000s ]
INFO: [ app_begin ] --END-- [ RunTime:0.001000s ]
NOTIC: [8] Undefined index: time E:\www\heiid.com\Application\Api\Controller\BaseController.class.php 第 121 行.
NOTIC: [8] Undefined index: sign E:\www\heiid.com\Application\Api\Controller\BaseController.class.php 第 53 行.

[ 2016-07-08T16:19:36+08:00 ] 127.0.0.1 /index.php?m=Api&c=User&a=login
INFO: [ app_init ] --START--
INFO: Run Behavior\BuildLiteBehavior [ RunTime:0.000000s ]
INFO: [ app_init ] --END-- [ RunTime:0.000000s ]
INFO: [ app_begin ] --START--
INFO: Run Behavior\ReadHtmlCacheBehavior [ RunTime:0.015600s ]
INFO: [ app_begin ] --END-- [ RunTime:0.015600s ]
NOTIC: [8] Undefined index: time E:\www\heiid.com\Application\Api\Controller\BaseController.class.php 第 121 行.
NOTIC: [8] Undefined index: sign E:\www\heiid.com\Application\Api\Controller\BaseController.class.php 第 53 行.

[ 2016-07-08T16:20:59+08:00 ] 127.0.0.1 /index.php?m=Api&c=Base&a=getServerTime
INFO: [ app_init ] --START--
INFO: Run Behavior\BuildLiteBehavior [ RunTime:0.000000s ]
INFO: [ app_init ] --END-- [ RunTime:0.001000s ]
INFO: [ app_begin ] --START--
INFO: Run Behavior\ReadHtmlCacheBehavior [ RunTime:0.001000s ]
INFO: [ app_begin ] --END-- [ RunTime:0.001000s ]
NOTIC: [8] Undefined index: time E:\www\heiid.com\Application\Api\Controller\BaseController.class.php 第 121 行.
NOTIC: [8] Undefined index: test E:\www\heiid.com\Application\Api\Controller\BaseController.class.php 第 24 行.

[ 2016-07-08T16:21:09+08:00 ] 127.0.0.1 /index.php?m=Api&c=User&a=login
INFO: [ app_init ] --START--
INFO: Run Behavior\BuildLiteBehavior [ RunTime:0.000000s ]
INFO: [ app_init ] --END-- [ RunTime:0.000000s ]
INFO: [ app_begin ] --START--
INFO: Run Behavior\ReadHtmlCacheBehavior [ RunTime:0.000000s ]
INFO: [ app_begin ] --END-- [ RunTime:0.000000s ]
NOTIC: [8] Undefined index: time E:\www\heiid.com\Application\Api\Controller\BaseController.class.php 第 121 行.
NOTIC: [8] Undefined index: sign E:\www\heiid.com\Application\Api\Controller\BaseController.class.php 第 53 行.

[ 2016-07-08T16:21:15+08:00 ] 127.0.0.1 /index.php?m=Api&c=User&a=login
INFO: [ app_init ] --START--
INFO: Run Behavior\BuildLiteBehavior [ RunTime:0.000000s ]
INFO: [ app_init ] --END-- [ RunTime:0.001000s ]
INFO: [ app_begin ] --START--
INFO: Run Behavior\ReadHtmlCacheBehavior [ RunTime:0.000000s ]
INFO: [ app_begin ] --END-- [ RunTime:0.000000s ]
NOTIC: [8] Undefined index: time E:\www\heiid.com\Application\Api\Controller\BaseController.class.php 第 121 行.
NOTIC: [8] Undefined index: sign E:\www\heiid.com\Application\Api\Controller\BaseController.class.php 第 53 行.

[ 2016-07-08T16:21:38+08:00 ] 127.0.0.1 /index.php?m=Api&c=User&a=login
INFO: [ app_init ] --START--
INFO: Run Behavior\BuildLiteBehavior [ RunTime:0.000000s ]
INFO: [ app_init ] --END-- [ RunTime:0.000000s ]
INFO: [ app_begin ] --START--
INFO: Run Behavior\ReadHtmlCacheBehavior [ RunTime:0.000000s ]
INFO: [ app_begin ] --END-- [ RunTime:0.000000s ]
NOTIC: [8] Undefined index: time E:\www\heiid.com\Application\Api\Controller\BaseController.class.php 第 121 行.
NOTIC: [8] Undefined index: sign E:\www\heiid.com\Application\Api\Controller\BaseController.class.php 第 53 行.

[ 2016-07-08T16:24:44+08:00 ] 127.0.0.1 /index.php?m=Api&c=Base&a=getServerTime
INFO: [ app_init ] --START--
INFO: Run Behavior\BuildLiteBehavior [ RunTime:0.000000s ]
INFO: [ app_init ] --END-- [ RunTime:0.001000s ]
INFO: [ app_begin ] --START--
INFO: Run Behavior\ReadHtmlCacheBehavior [ RunTime:0.001000s ]
INFO: [ app_begin ] --END-- [ RunTime:0.001000s ]
NOTIC: [8] Undefined index: time E:\www\heiid.com\Application\Api\Controller\BaseController.class.php 第 121 行.
NOTIC: [8] Undefined index: test E:\www\heiid.com\Application\Api\Controller\BaseController.class.php 第 24 行.

[ 2016-07-08T16:24:55+08:00 ] 127.0.0.1 /index.php?m=Api&c=User&a=login
INFO: [ app_init ] --START--
INFO: Run Behavior\BuildLiteBehavior [ RunTime:0.000000s ]
INFO: [ app_init ] --END-- [ RunTime:0.000000s ]
INFO: [ app_begin ] --START--
INFO: Run Behavior\ReadHtmlCacheBehavior [ RunTime:0.000000s ]
INFO: [ app_begin ] --END-- [ RunTime:0.000000s ]

[ 2016-07-08T16:25:18+08:00 ] 127.0.0.1 /index.php?m=Api&c=User&a=login
INFO: [ app_init ] --START--
INFO: Run Behavior\BuildLiteBehavior [ RunTime:0.000000s ]
INFO: [ app_init ] --END-- [ RunTime:0.000000s ]
INFO: [ app_begin ] --START--
INFO: Run Behavior\ReadHtmlCacheBehavior [ RunTime:0.000000s ]
INFO: [ app_begin ] --END-- [ RunTime:0.000000s ]

[ 2016-07-08T16:25:39+08:00 ] 127.0.0.1 /index.php?m=Api&c=User&a=login
INFO: [ app_init ] --START--
INFO: Run Behavior\BuildLiteBehavior [ RunTime:0.000000s ]
INFO: [ app_init ] --END-- [ RunTime:0.000000s ]
INFO: [ app_begin ] --START--
INFO: Run Behavior\ReadHtmlCacheBehavior [ RunTime:0.000000s ]
INFO: [ app_begin ] --END-- [ RunTime:0.000000s ]

[ 2016-07-08T16:28:18+08:00 ] 127.0.0.1 /index.php?m=Api&c=User&a=login
INFO: [ app_init ] --START--
INFO: Run Behavior\BuildLiteBehavior [ RunTime:0.000000s ]
INFO: [ app_init ] --END-- [ RunTime:0.000000s ]
INFO: [ app_begin ] --START--
INFO: Run Behavior\ReadHtmlCacheBehavior [ RunTime:0.000000s ]
INFO: [ app_begin ] --END-- [ RunTime:0.000000s ]

[ 2016-07-08T16:30:35+08:00 ] 127.0.0.1 /index.php?m=Api&c=Base&a=getServerTime
INFO: [ app_init ] --START--
INFO: Run Behavior\BuildLiteBehavior [ RunTime:0.000000s ]
INFO: [ app_init ] --END-- [ RunTime:0.001000s ]
INFO: [ app_begin ] --START--
INFO: Run Behavior\ReadHtmlCacheBehavior [ RunTime:0.001000s ]
INFO: [ app_begin ] --END-- [ RunTime:0.001000s ]
NOTIC: [8] Undefined index: time E:\www\heiid.com\Application\Api\Controller\BaseController.class.php 第 121 行.
NOTIC: [8] Undefined index: test E:\www\heiid.com\Application\Api\Controller\BaseController.class.php 第 24 行.

[ 2016-07-08T16:30:46+08:00 ] 127.0.0.1 /index.php?m=Api&c=User&a=login
INFO: [ app_init ] --START--
INFO: Run Behavior\BuildLiteBehavior [ RunTime:0.000000s ]
INFO: [ app_init ] --END-- [ RunTime:0.000000s ]
INFO: [ app_begin ] --START--
INFO: Run Behavior\ReadHtmlCacheBehavior [ RunTime:0.000000s ]
INFO: [ app_begin ] --END-- [ RunTime:0.000000s ]

[ 2016-07-08T16:31:23+08:00 ] 127.0.0.1 /index.php?m=Api&c=User&a=login
INFO: [ app_init ] --START--
INFO: Run Behavior\BuildLiteBehavior [ RunTime:0.000000s ]
INFO: [ app_init ] --END-- [ RunTime:0.000000s ]
INFO: [ app_begin ] --START--
INFO: Run Behavior\ReadHtmlCacheBehavior [ RunTime:0.000000s ]
INFO: [ app_begin ] --END-- [ RunTime:0.000000s ]

[ 2016-07-08T16:32:46+08:00 ] 127.0.0.1 /index.php?m=Api&c=User&a=login
INFO: [ app_init ] --START--
INFO: Run Behavior\BuildLiteBehavior [ RunTime:0.000000s ]
INFO: [ app_init ] --END-- [ RunTime:0.000000s ]
INFO: [ app_begin ] --START--
INFO: Run Behavior\ReadHtmlCacheBehavior [ RunTime:0.000000s ]
INFO: [ app_begin ] --END-- [ RunTime:0.000000s ]

[ 2016-07-08T16:33:02+08:00 ] 127.0.0.1 /index.php?m=Api&c=User&a=login
INFO: [ app_init ] --START--
INFO: Run Behavior\BuildLiteBehavior [ RunTime:0.000000s ]
INFO: [ app_init ] --END-- [ RunTime:0.000000s ]
INFO: [ app_begin ] --START--
INFO: Run Behavior\ReadHtmlCacheBehavior [ RunTime:0.000000s ]
INFO: [ app_begin ] --END-- [ RunTime:0.000000s ]

[ 2016-07-08T16:35:20+08:00 ] 127.0.0.1 /index.php?m=Api&c=User&a=login
INFO: [ app_init ] --START--
INFO: Run Behavior\BuildLiteBehavior [ RunTime:0.000000s ]
INFO: [ app_init ] --END-- [ RunTime:0.000000s ]
INFO: [ app_begin ] --START--
INFO: Run Behavior\ReadHtmlCacheBehavior [ RunTime:0.000000s ]
INFO: [ app_begin ] --END-- [ RunTime:0.000000s ]

[ 2016-07-08T16:35:47+08:00 ] 127.0.0.1 /index.php?m=Api&c=User&a=login
INFO: [ app_init ] --START--
INFO: Run Behavior\BuildLiteBehavior [ RunTime:0.000000s ]
INFO: [ app_init ] --END-- [ RunTime:0.000000s ]
INFO: [ app_begin ] --START--
INFO: Run Behavior\ReadHtmlCacheBehavior [ RunTime:0.000000s ]
INFO: [ app_begin ] --END-- [ RunTime:0.015601s ]

[ 2016-07-08T16:36:06+08:00 ] 127.0.0.1 /index.php?m=Api&c=User&a=login
INFO: [ app_init ] --START--
INFO: Run Behavior\BuildLiteBehavior [ RunTime:0.000000s ]
INFO: [ app_init ] --END-- [ RunTime:0.000000s ]
INFO: [ app_begin ] --START--
INFO: Run Behavior\ReadHtmlCacheBehavior [ RunTime:0.000000s ]
INFO: [ app_begin ] --END-- [ RunTime:0.000000s ]

[ 2016-07-08T16:36:26+08:00 ] 127.0.0.1 /index.php?m=Api&c=User&a=login
INFO: [ app_init ] --START--
INFO: Run Behavior\BuildLiteBehavior [ RunTime:0.000000s ]
INFO: [ app_init ] --END-- [ RunTime:0.000000s ]
INFO: [ app_begin ] --START--
INFO: Run Behavior\ReadHtmlCacheBehavior [ RunTime:0.000000s ]
INFO: [ app_begin ] --END-- [ RunTime:0.000000s ]

[ 2016-07-08T16:38:00+08:00 ] 127.0.0.1 /index.php?m=Api&c=Base&a=getServerTime
INFO: [ app_init ] --START--
INFO: Run Behavior\BuildLiteBehavior [ RunTime:0.000000s ]
INFO: [ app_init ] --END-- [ RunTime:0.000000s ]
INFO: [ app_begin ] --START--
INFO: Run Behavior\ReadHtmlCacheBehavior [ RunTime:0.000000s ]
INFO: [ app_begin ] --END-- [ RunTime:0.000000s ]
NOTIC: [8] Undefined index: time E:\www\heiid.com\Application\Api\Controller\BaseController.class.php 第 122 行.
NOTIC: [8] Undefined index: test E:\www\heiid.com\Application\Api\Controller\BaseController.class.php 第 24 行.

[ 2016-07-08T16:39:41+08:00 ] 127.0.0.1 /index.php?m=Api&c=Base&a=getServerTime
INFO: [ app_init ] --START--
INFO: Run Behavior\BuildLiteBehavior [ RunTime:0.000000s ]
INFO: [ app_init ] --END-- [ RunTime:0.000000s ]
INFO: [ app_begin ] --START--
INFO: Run Behavior\ReadHtmlCacheBehavior [ RunTime:0.000000s ]
INFO: [ app_begin ] --END-- [ RunTime:0.000000s ]
NOTIC: [8] Undefined index: time E:\www\heiid.com\Application\Api\Controller\BaseController.class.php 第 122 行.
NOTIC: [8] Undefined index: test E:\www\heiid.com\Application\Api\Controller\BaseController.class.php 第 24 行.

[ 2016-07-08T16:40:45+08:00 ] 127.0.0.1 /index.php?m=Api&c=Base&a=getServerTime
INFO: [ app_init ] --START--
INFO: Run Behavior\BuildLiteBehavior [ RunTime:0.000000s ]
INFO: [ app_init ] --END-- [ RunTime:0.001000s ]
INFO: [ app_begin ] --START--
INFO: Run Behavior\ReadHtmlCacheBehavior [ RunTime:0.001000s ]
INFO: [ app_begin ] --END-- [ RunTime:0.001000s ]
NOTIC: [8] Undefined index: time E:\www\heiid.com\Application\Api\Controller\BaseController.class.php 第 122 行.
NOTIC: [8] Undefined index: test E:\www\heiid.com\Application\Api\Controller\BaseController.class.php 第 24 行.

[ 2016-07-08T16:41:27+08:00 ] 127.0.0.1 /index.php?m=Api&c=Base&a=getServerTime
INFO: [ app_init ] --START--
INFO: Run Behavior\BuildLiteBehavior [ RunTime:0.000000s ]
INFO: [ app_init ] --END-- [ RunTime:0.015600s ]
INFO: [ app_begin ] --START--
INFO: Run Behavior\ReadHtmlCacheBehavior [ RunTime:0.000000s ]
INFO: [ app_begin ] --END-- [ RunTime:0.000000s ]
NOTIC: [8] Undefined index: time E:\www\heiid.com\Application\Api\Controller\BaseController.class.php 第 122 行.
NOTIC: [8] Undefined index: test E:\www\heiid.com\Application\Api\Controller\BaseController.class.php 第 24 行.

[ 2016-07-08T16:42:24+08:00 ] 127.0.0.1 /index.php?m=Api&c=Base&a=getServerTime
INFO: [ app_init ] --START--
INFO: Run Behavior\BuildLiteBehavior [ RunTime:0.000000s ]
INFO: [ app_init ] --END-- [ RunTime:0.000000s ]
INFO: [ app_begin ] --START--
INFO: Run Behavior\ReadHtmlCacheBehavior [ RunTime:0.000000s ]
INFO: [ app_begin ] --END-- [ RunTime:0.000000s ]
NOTIC: [8] Undefined index: time E:\www\heiid.com\Application\Api\Controller\BaseController.class.php 第 122 行.
NOTIC: [8] Undefined index: test E:\www\heiid.com\Application\Api\Controller\BaseController.class.php 第 24 行.

[ 2016-07-08T16:42:30+08:00 ] 127.0.0.1 /index.php?m=Api&c=User&a=login
INFO: [ app_init ] --START--
INFO: Run Behavior\BuildLiteBehavior [ RunTime:0.000000s ]
INFO: [ app_init ] --END-- [ RunTime:0.000000s ]
INFO: [ app_begin ] --START--
INFO: Run Behavior\ReadHtmlCacheBehavior [ RunTime:0.000000s ]
INFO: [ app_begin ] --END-- [ RunTime:0.000000s ]

[ 2016-07-08T16:42:42+08:00 ] 127.0.0.1 /index.php?m=Api&c=User&a=login
INFO: [ app_init ] --START--
INFO: Run Behavior\BuildLiteBehavior [ RunTime:0.000000s ]
INFO: [ app_init ] --END-- [ RunTime:0.000000s ]
INFO: [ app_begin ] --START--
INFO: Run Behavior\ReadHtmlCacheBehavior [ RunTime:0.000000s ]
INFO: [ app_begin ] --END-- [ RunTime:0.000000s ]

[ 2016-07-08T16:43:13+08:00 ] 127.0.0.1 /index.php?m=Api&c=User&a=login
INFO: [ app_init ] --START--
INFO: Run Behavior\BuildLiteBehavior [ RunTime:0.000000s ]
INFO: [ app_init ] --END-- [ RunTime:0.000000s ]
INFO: [ app_begin ] --START--
INFO: Run Behavior\ReadHtmlCacheBehavior [ RunTime:0.000000s ]
INFO: [ app_begin ] --END-- [ RunTime:0.000000s ]

[ 2016-07-08T16:43:49+08:00 ] 127.0.0.1 /index.php?m=Api&c=User&a=login
INFO: [ app_init ] --START--
INFO: Run Behavior\BuildLiteBehavior [ RunTime:0.000000s ]
INFO: [ app_init ] --END-- [ RunTime:0.000000s ]
INFO: [ app_begin ] --START--
INFO: Run Behavior\ReadHtmlCacheBehavior [ RunTime:0.000000s ]
INFO: [ app_begin ] --END-- [ RunTime:0.000000s ]

[ 2016-07-08T16:44:09+08:00 ] 127.0.0.1 /index.php?m=Api&c=User&a=login
INFO: [ app_init ] --START--
INFO: Run Behavior\BuildLiteBehavior [ RunTime:0.000000s ]
INFO: [ app_init ] --END-- [ RunTime:0.000000s ]
INFO: [ app_begin ] --START--
INFO: Run Behavior\ReadHtmlCacheBehavior [ RunTime:0.000000s ]
INFO: [ app_begin ] --END-- [ RunTime:0.000000s ]

[ 2016-07-08T16:47:36+08:00 ] 127.0.0.1 /index.php?m=Api&c=Base&a=getServerTime
INFO: [ app_init ] --START--
INFO: Run Behavior\BuildLiteBehavior [ RunTime:0.000000s ]
INFO: [ app_init ] --END-- [ RunTime:0.000000s ]
INFO: [ app_begin ] --START--
INFO: Run Behavior\ReadHtmlCacheBehavior [ RunTime:0.000000s ]
INFO: [ app_begin ] --END-- [ RunTime:0.000000s ]
NOTIC: [8] Undefined index: time E:\www\heiid.com\Application\Api\Controller\BaseController.class.php 第 122 行.
NOTIC: [8] Undefined index: test E:\www\heiid.com\Application\Api\Controller\BaseController.class.php 第 24 行.

[ 2016-07-08T16:48:05+08:00 ] 127.0.0.1 /index.php?m=Api&c=User&a=login
INFO: [ app_init ] --START--
INFO: Run Behavior\BuildLiteBehavior [ RunTime:0.000000s ]
INFO: [ app_init ] --END-- [ RunTime:0.000000s ]
INFO: [ app_begin ] --START--
INFO: Run Behavior\ReadHtmlCacheBehavior [ RunTime:0.000000s ]
INFO: [ app_begin ] --END-- [ RunTime:0.000000s ]

[ 2016-07-08T16:49:41+08:00 ] 127.0.0.1 /index.php?m=Api&c=User&a=login
INFO: [ app_init ] --START--
INFO: Run Behavior\BuildLiteBehavior [ RunTime:0.000000s ]
INFO: [ app_init ] --END-- [ RunTime:0.000000s ]
INFO: [ app_begin ] --START--
INFO: Run Behavior\ReadHtmlCacheBehavior [ RunTime:0.000000s ]
INFO: [ app_begin ] --END-- [ RunTime:0.000000s ]

[ 2016-07-08T16:54:09+08:00 ] 127.0.0.1 /index.php?m=Api&c=Base&a=getServerTime
INFO: [ app_init ] --START--
INFO: Run Behavior\BuildLiteBehavior [ RunTime:0.000000s ]
INFO: [ app_init ] --END-- [ RunTime:0.000000s ]
INFO: [ app_begin ] --START--
INFO: Run Behavior\ReadHtmlCacheBehavior [ RunTime:0.000000s ]
INFO: [ app_begin ] --END-- [ RunTime:0.000000s ]
NOTIC: [8] Undefined index: time E:\www\heiid.com\Application\Api\Controller\BaseController.class.php 第 122 行.
NOTIC: [8] Undefined index: test E:\www\heiid.com\Application\Api\Controller\BaseController.class.php 第 24 行.

[ 2016-07-08T16:54:33+08:00 ] 127.0.0.1 /index.php?m=Api&c=User&a=login
INFO: [ app_init ] --START--
INFO: Run Behavior\BuildLiteBehavior [ RunTime:0.000000s ]
INFO: [ app_init ] --END-- [ RunTime:0.000000s ]
INFO: [ app_begin ] --START--
INFO: Run Behavior\ReadHtmlCacheBehavior [ RunTime:0.000000s ]
INFO: [ app_begin ] --END-- [ RunTime:0.000000s ]

[ 2016-07-08T16:54:45+08:00 ] 127.0.0.1 /index.php?m=Api&c=User&a=login
INFO: [ app_init ] --START--
INFO: Run Behavior\BuildLiteBehavior [ RunTime:0.000000s ]
INFO: [ app_init ] --END-- [ RunTime:0.000000s ]
INFO: [ app_begin ] --START--
INFO: Run Behavior\ReadHtmlCacheBehavior [ RunTime:0.000000s ]
INFO: [ app_begin ] --END-- [ RunTime:0.000000s ]

[ 2016-07-08T16:55:49+08:00 ] 127.0.0.1 /index.php?m=Api&c=Base&a=getServerTime
INFO: [ app_init ] --START--
INFO: Run Behavior\BuildLiteBehavior [ RunTime:0.000000s ]
INFO: [ app_init ] --END-- [ RunTime:0.001000s ]
INFO: [ app_begin ] --START--
INFO: Run Behavior\ReadHtmlCacheBehavior [ RunTime:0.001001s ]
INFO: [ app_begin ] --END-- [ RunTime:0.001001s ]
NOTIC: [8] Undefined index: time E:\www\heiid.com\Application\Api\Controller\BaseController.class.php 第 122 行.
NOTIC: [8] Undefined index: test E:\www\heiid.com\Application\Api\Controller\BaseController.class.php 第 24 行.

[ 2016-07-08T16:56:18+08:00 ] 127.0.0.1 /index.php?m=Api&c=User&a=login
INFO: [ app_init ] --START--
INFO: Run Behavior\BuildLiteBehavior [ RunTime:0.000000s ]
INFO: [ app_init ] --END-- [ RunTime:0.000000s ]
INFO: [ app_begin ] --START--
INFO: Run Behavior\ReadHtmlCacheBehavior [ RunTime:0.000000s ]
INFO: [ app_begin ] --END-- [ RunTime:0.000000s ]

[ 2016-07-08T16:56:44+08:00 ] 127.0.0.1 /index.php?m=Api&c=User&a=login
INFO: [ app_init ] --START--
INFO: Run Behavior\BuildLiteBehavior [ RunTime:0.000000s ]
INFO: [ app_init ] --END-- [ RunTime:0.001000s ]
INFO: [ app_begin ] --START--
INFO: Run Behavior\ReadHtmlCacheBehavior [ RunTime:0.001000s ]
INFO: [ app_begin ] --END-- [ RunTime:0.001000s ]

[ 2016-07-08T16:58:26+08:00 ] 127.0.0.1 /index.php?m=Api&c=User&a=login
INFO: [ app_init ] --START--
INFO: Run Behavior\BuildLiteBehavior [ RunTime:0.000000s ]
INFO: [ app_init ] --END-- [ RunTime:0.000000s ]
INFO: [ app_begin ] --START--
INFO: Run Behavior\ReadHtmlCacheBehavior [ RunTime:0.000000s ]
INFO: [ app_begin ] --END-- [ RunTime:0.000000s ]

[ 2016-07-08T16:59:01+08:00 ] 127.0.0.1 /index.php?m=Api&c=User&a=login
INFO: [ app_init ] --START--
INFO: Run Behavior\BuildLiteBehavior [ RunTime:0.000000s ]
INFO: [ app_init ] --END-- [ RunTime:0.000000s ]
INFO: [ app_begin ] --START--
INFO: Run Behavior\ReadHtmlCacheBehavior [ RunTime:0.000000s ]
INFO: [ app_begin ] --END-- [ RunTime:0.000000s ]

[ 2016-07-08T16:59:05+08:00 ] 127.0.0.1 /index.php?m=Api&c=User&a=login
INFO: [ app_init ] --START--
INFO: Run Behavior\BuildLiteBehavior [ RunTime:0.000000s ]
INFO: [ app_init ] --END-- [ RunTime:0.000000s ]
INFO: [ app_begin ] --START--
INFO: Run Behavior\ReadHtmlCacheBehavior [ RunTime:0.001000s ]
INFO: [ app_begin ] --END-- [ RunTime:0.001000s ]

[ 2016-07-08T16:59:15+08:00 ] 127.0.0.1 /index.php?m=Api&c=User&a=login
INFO: [ app_init ] --START--
INFO: Run Behavior\BuildLiteBehavior [ RunTime:0.000000s ]
INFO: [ app_init ] --END-- [ RunTime:0.000000s ]
INFO: [ app_begin ] --START--
INFO: Run Behavior\ReadHtmlCacheBehavior [ RunTime:0.001000s ]
INFO: [ app_begin ] --END-- [ RunTime:0.001000s ]

[ 2016-07-08T16:59:31+08:00 ] 127.0.0.1 /index.php?m=Api&c=User&a=login
INFO: [ app_init ] --START--
INFO: Run Behavior\BuildLiteBehavior [ RunTime:0.000000s ]
INFO: [ app_init ] --END-- [ RunTime:0.000000s ]
INFO: [ app_begin ] --START--
INFO: Run Behavior\ReadHtmlCacheBehavior [ RunTime:0.000000s ]
INFO: [ app_begin ] --END-- [ RunTime:0.000000s ]

[ 2016-07-08T17:05:40+08:00 ] 127.0.0.1 /index.php?m=Api&c=Base&a=getServerTime
INFO: [ app_init ] --START--
INFO: Run Behavior\BuildLiteBehavior [ RunTime:0.000000s ]
INFO: [ app_init ] --END-- [ RunTime:0.000000s ]
INFO: [ app_begin ] --START--
INFO: Run Behavior\ReadHtmlCacheBehavior [ RunTime:0.000000s ]
INFO: [ app_begin ] --END-- [ RunTime:0.000000s ]
NOTIC: [8] Undefined index: time E:\www\heiid.com\Application\Api\Controller\BaseController.class.php 第 122 行.
NOTIC: [8] Undefined index: test E:\www\heiid.com\Application\Api\Controller\BaseController.class.php 第 24 行.

[ 2016-07-08T17:05:52+08:00 ] 127.0.0.1 /index.php?m=Api&c=Base&a=getServerTime
INFO: [ app_init ] --START--
INFO: Run Behavior\BuildLiteBehavior [ RunTime:0.000000s ]
INFO: [ app_init ] --END-- [ RunTime:0.015600s ]
INFO: [ app_begin ] --START--
INFO: Run Behavior\ReadHtmlCacheBehavior [ RunTime:0.000000s ]
INFO: [ app_begin ] --END-- [ RunTime:0.000000s ]
NOTIC: [8] Undefined index: time E:\www\heiid.com\Application\Api\Controller\BaseController.class.php 第 122 行.
NOTIC: [8] Undefined index: test E:\www\heiid.com\Application\Api\Controller\BaseController.class.php 第 24 行.

[ 2016-07-08T17:06:01+08:00 ] 127.0.0.1 /index.php?m=Api&c=User&a=login
INFO: [ app_init ] --START--
INFO: Run Behavior\BuildLiteBehavior [ RunTime:0.000000s ]
INFO: [ app_init ] --END-- [ RunTime:0.000000s ]
INFO: [ app_begin ] --START--
INFO: Run Behavior\ReadHtmlCacheBehavior [ RunTime:0.000000s ]
INFO: [ app_begin ] --END-- [ RunTime:0.000000s ]

[ 2016-07-08T17:06:14+08:00 ] 127.0.0.1 /index.php?m=Api&c=User&a=login
INFO: [ app_init ] --START--
INFO: Run Behavior\BuildLiteBehavior [ RunTime:0.000000s ]
INFO: [ app_init ] --END-- [ RunTime:0.000000s ]
INFO: [ app_begin ] --START--
INFO: Run Behavior\ReadHtmlCacheBehavior [ RunTime:0.000000s ]
INFO: [ app_begin ] --END-- [ RunTime:0.000000s ]

[ 2016-07-08T17:08:48+08:00 ] 127.0.0.1 /index.php?m=Api&c=Base&a=getServerTime
INFO: [ app_init ] --START--
INFO: Run Behavior\BuildLiteBehavior [ RunTime:0.000000s ]
INFO: [ app_init ] --END-- [ RunTime:0.000000s ]
INFO: [ app_begin ] --START--
INFO: Run Behavior\ReadHtmlCacheBehavior [ RunTime:0.000000s ]
INFO: [ app_begin ] --END-- [ RunTime:0.000000s ]
NOTIC: [8] Undefined index: time E:\www\heiid.com\Application\Api\Controller\BaseController.class.php 第 122 行.
NOTIC: [8] Undefined index: test E:\www\heiid.com\Application\Api\Controller\BaseController.class.php 第 24 行.

[ 2016-07-08T17:09:00+08:00 ] 127.0.0.1 /index.php?m=Api&c=Base&a=getServerTime
INFO: [ app_init ] --START--
INFO: Run Behavior\BuildLiteBehavior [ RunTime:0.000000s ]
INFO: [ app_init ] --END-- [ RunTime:0.000000s ]
INFO: [ app_begin ] --START--
INFO: Run Behavior\ReadHtmlCacheBehavior [ RunTime:0.000000s ]
INFO: [ app_begin ] --END-- [ RunTime:0.000000s ]
NOTIC: [8] Undefined index: time E:\www\heiid.com\Application\Api\Controller\BaseController.class.php 第 122 行.
NOTIC: [8] Undefined index: test E:\www\heiid.com\Application\Api\Controller\BaseController.class.php 第 24 行.

[ 2016-07-08T17:09:13+08:00 ] 127.0.0.1 /index.php?m=Api&c=Base&a=getServerTime
INFO: [ app_init ] --START--
INFO: Run Behavior\BuildLiteBehavior [ RunTime:0.000000s ]
INFO: [ app_init ] --END-- [ RunTime:0.000000s ]
INFO: [ app_begin ] --START--
INFO: Run Behavior\ReadHtmlCacheBehavior [ RunTime:0.000000s ]
INFO: [ app_begin ] --END-- [ RunTime:0.000000s ]
NOTIC: [8] Undefined index: time E:\www\heiid.com\Application\Api\Controller\BaseController.class.php 第 122 行.
NOTIC: [8] Undefined index: test E:\www\heiid.com\Application\Api\Controller\BaseController.class.php 第 24 行.

[ 2016-07-08T17:09:24+08:00 ] 127.0.0.1 /index.php?m=Api&c=User&a=login
INFO: [ app_init ] --START--
INFO: Run Behavior\BuildLiteBehavior [ RunTime:0.000000s ]
INFO: [ app_init ] --END-- [ RunTime:0.000000s ]
INFO: [ app_begin ] --START--
INFO: Run Behavior\ReadHtmlCacheBehavior [ RunTime:0.015600s ]
INFO: [ app_begin ] --END-- [ RunTime:0.015600s ]

[ 2016-07-08T17:09:47+08:00 ] 127.0.0.1 /index.php?m=Api&c=User&a=login
INFO: [ app_init ] --START--
INFO: Run Behavior\BuildLiteBehavior [ RunTime:0.000000s ]
INFO: [ app_init ] --END-- [ RunTime:0.000000s ]
INFO: [ app_begin ] --START--
INFO: Run Behavior\ReadHtmlCacheBehavior [ RunTime:0.000000s ]
INFO: [ app_begin ] --END-- [ RunTime:0.000000s ]

[ 2016-07-08T17:13:46+08:00 ] 127.0.0.1 /index.php?m=Api&c=Base&a=getServerTime
INFO: [ app_init ] --START--
INFO: Run Behavior\BuildLiteBehavior [ RunTime:0.000000s ]
INFO: [ app_init ] --END-- [ RunTime:0.000000s ]
INFO: [ app_begin ] --START--
INFO: Run Behavior\ReadHtmlCacheBehavior [ RunTime:0.000000s ]
INFO: [ app_begin ] --END-- [ RunTime:0.000000s ]
NOTIC: [8] Undefined index: time E:\www\heiid.com\Application\Api\Controller\BaseController.class.php 第 122 行.
NOTIC: [8] Undefined index: test E:\www\heiid.com\Application\Api\Controller\BaseController.class.php 第 24 行.

[ 2016-07-08T17:14:12+08:00 ] 127.0.0.1 /index.php?m=Api&c=Base&a=getServerTime
INFO: [ app_init ] --START--
INFO: Run Behavior\BuildLiteBehavior [ RunTime:0.000000s ]
INFO: [ app_init ] --END-- [ RunTime:0.000000s ]
INFO: [ app_begin ] --START--
INFO: Run Behavior\ReadHtmlCacheBehavior [ RunTime:0.000000s ]
INFO: [ app_begin ] --END-- [ RunTime:0.000000s ]
NOTIC: [8] Undefined index: time E:\www\heiid.com\Application\Api\Controller\BaseController.class.php 第 122 行.
NOTIC: [8] Undefined index: test E:\www\heiid.com\Application\Api\Controller\BaseController.class.php 第 24 行.

[ 2016-07-08T17:14:22+08:00 ] 127.0.0.1 /index.php?m=Api&c=User&a=login
INFO: [ app_init ] --START--
INFO: Run Behavior\BuildLiteBehavior [ RunTime:0.000000s ]
INFO: [ app_init ] --END-- [ RunTime:0.000000s ]
INFO: [ app_begin ] --START--
INFO: Run Behavior\ReadHtmlCacheBehavior [ RunTime:0.000000s ]
INFO: [ app_begin ] --END-- [ RunTime:0.000000s ]

[ 2016-07-08T17:14:36+08:00 ] 127.0.0.1 /index.php?m=Api&c=User&a=login
INFO: [ app_init ] --START--
INFO: Run Behavior\BuildLiteBehavior [ RunTime:0.000000s ]
INFO: [ app_init ] --END-- [ RunTime:0.000000s ]
INFO: [ app_begin ] --START--
INFO: Run Behavior\ReadHtmlCacheBehavior [ RunTime:0.000000s ]
INFO: [ app_begin ] --END-- [ RunTime:0.000000s ]

[ 2016-07-08T17:32:24+08:00 ] 127.0.0.1 /index.php?m=Api&c=Base&a=getServerTime
INFO: [ app_init ] --START--
INFO: Run Behavior\BuildLiteBehavior [ RunTime:0.000000s ]
INFO: [ app_init ] --END-- [ RunTime:0.000000s ]
INFO: [ app_begin ] --START--
INFO: Run Behavior\ReadHtmlCacheBehavior [ RunTime:0.002000s ]
INFO: [ app_begin ] --END-- [ RunTime:0.002000s ]
NOTIC: [8] Undefined index: time E:\www\heiid.com\Application\Api\Controller\BaseController.class.php 第 122 行.
NOTIC: [8] Undefined index: test E:\www\heiid.com\Application\Api\Controller\BaseController.class.php 第 24 行.

[ 2016-07-08T17:32:33+08:00 ] 127.0.0.1 /index.php?m=Api&c=User&a=login
INFO: [ app_init ] --START--
INFO: Run Behavior\BuildLiteBehavior [ RunTime:0.000000s ]
INFO: [ app_init ] --END-- [ RunTime:0.001000s ]
INFO: [ app_begin ] --START--
INFO: Run Behavior\ReadHtmlCacheBehavior [ RunTime:0.000000s ]
INFO: [ app_begin ] --END-- [ RunTime:0.000000s ]

[ 2016-07-08T17:32:45+08:00 ] 127.0.0.1 /index.php?m=Api&c=User&a=login
INFO: [ app_init ] --START--
INFO: Run Behavior\BuildLiteBehavior [ RunTime:0.000000s ]
INFO: [ app_init ] --END-- [ RunTime:0.000000s ]
INFO: [ app_begin ] --START--
INFO: Run Behavior\ReadHtmlCacheBehavior [ RunTime:0.001000s ]
INFO: [ app_begin ] --END-- [ RunTime:0.001000s ]

[ 2016-07-08T17:33:07+08:00 ] 127.0.0.1 /index.php?m=Api&c=User&a=login
INFO: [ app_init ] --START--
INFO: Run Behavior\BuildLiteBehavior [ RunTime:0.000000s ]
INFO: [ app_init ] --END-- [ RunTime:0.001000s ]
INFO: [ app_begin ] --START--
INFO: Run Behavior\ReadHtmlCacheBehavior [ RunTime:0.000000s ]
INFO: [ app_begin ] --END-- [ RunTime:0.000000s ]

[ 2016-07-08T17:34:02+08:00 ] 127.0.0.1 /index.php?m=Api&c=User&a=login
INFO: [ app_init ] --START--
INFO: Run Behavior\BuildLiteBehavior [ RunTime:0.000000s ]
INFO: [ app_init ] --END-- [ RunTime:0.001000s ]
INFO: [ app_begin ] --START--
INFO: Run Behavior\ReadHtmlCacheBehavior [ RunTime:0.000000s ]
INFO: [ app_begin ] --END-- [ RunTime:0.000000s ]

[ 2016-07-08T17:34:10+08:00 ] 127.0.0.1 /index.php?m=Api&c=User&a=login
INFO: [ app_init ] --START--
INFO: Run Behavior\BuildLiteBehavior [ RunTime:0.001000s ]
INFO: [ app_init ] --END-- [ RunTime:0.001000s ]
INFO: [ app_begin ] --START--
INFO: Run Behavior\ReadHtmlCacheBehavior [ RunTime:0.000000s ]
INFO: [ app_begin ] --END-- [ RunTime:0.000000s ]

[ 2016-07-08T17:35:16+08:00 ] 127.0.0.1 /index.php?m=Api&c=User&a=login
INFO: [ app_init ] --START--
INFO: Run Behavior\BuildLiteBehavior [ RunTime:0.000000s ]
INFO: [ app_init ] --END-- [ RunTime:0.001000s ]
INFO: [ app_begin ] --START--
INFO: Run Behavior\ReadHtmlCacheBehavior [ RunTime:0.000000s ]
INFO: [ app_begin ] --END-- [ RunTime:0.001001s ]

[ 2016-07-08T17:42:50+08:00 ] 127.0.0.1 /index.php?m=Api&c=User&a=login
INFO: [ app_init ] --START--
INFO: Run Behavior\BuildLiteBehavior [ RunTime:0.000000s ]
INFO: [ app_init ] --END-- [ RunTime:0.000000s ]
INFO: [ app_begin ] --START--
INFO: Run Behavior\ReadHtmlCacheBehavior [ RunTime:0.000000s ]
INFO: [ app_begin ] --END-- [ RunTime:0.000000s ]

[ 2016-07-08T17:42:52+08:00 ] 127.0.0.1 /index.php?m=Api&c=User&a=login
INFO: [ app_init ] --START--
INFO: Run Behavior\BuildLiteBehavior [ RunTime:0.000000s ]
INFO: [ app_init ] --END-- [ RunTime:0.000000s ]
INFO: [ app_begin ] --START--
INFO: Run Behavior\ReadHtmlCacheBehavior [ RunTime:0.001000s ]
INFO: [ app_begin ] --END-- [ RunTime:0.001000s ]

[ 2016-07-08T17:43:50+08:00 ] 127.0.0.1 /index.php?m=Api&c=User&a=login
INFO: [ app_init ] --START--
INFO: Run Behavior\BuildLiteBehavior [ RunTime:0.000000s ]
INFO: [ app_init ] --END-- [ RunTime:0.000000s ]
INFO: [ app_begin ] --START--
INFO: Run Behavior\ReadHtmlCacheBehavior [ RunTime:0.001000s ]
INFO: [ app_begin ] --END-- [ RunTime:0.001000s ]

