[ 2016-07-10T09:46:27+08:00 ] 127.0.0.1 /index.php?m=Api&c=Base&a=getServerTime
INFO: [ app_init ] --START--
INFO: Run Behavior\BuildLiteBehavior [ RunTime:0.000000s ]
INFO: [ app_init ] --END-- [ RunTime:0.001000s ]
INFO: [ app_begin ] --START--
INFO: Run Behavior\ReadHtmlCacheBehavior [ RunTime:0.001000s ]
INFO: [ app_begin ] --END-- [ RunTime:0.001000s ]
NOTIC: [8] Undefined index: time E:\www\heiid.com\Application\Api\Controller\BaseController.class.php 第 122 行.
NOTIC: [8] Undefined index: test E:\www\heiid.com\Application\Api\Controller\BaseController.class.php 第 24 行.

[ 2016-07-10T09:47:26+08:00 ] 127.0.0.1 /index.php?m=Api&c=Base&a=getServerTime
INFO: [ app_init ] --START--
INFO: Run Behavior\BuildLiteBehavior [ RunTime:0.000000s ]
INFO: [ app_init ] --END-- [ RunTime:0.001000s ]
INFO: [ app_begin ] --START--
INFO: Run Behavior\ReadHtmlCacheBehavior [ RunTime:0.001000s ]
INFO: [ app_begin ] --END-- [ RunTime:0.001000s ]
NOTIC: [8] Undefined index: time E:\www\heiid.com\Application\Api\Controller\BaseController.class.php 第 122 行.
NOTIC: [8] Undefined index: test E:\www\heiid.com\Application\Api\Controller\BaseController.class.php 第 24 行.

[ 2016-07-10T09:51:59+08:00 ] 127.0.0.1 /index.php?m=Api&c=Base&a=getServerTime
INFO: [ app_init ] --START--
INFO: Run Behavior\BuildLiteBehavior [ RunTime:0.000000s ]
INFO: [ app_init ] --END-- [ RunTime:0.001000s ]
INFO: [ app_begin ] --START--
INFO: Run Behavior\ReadHtmlCacheBehavior [ RunTime:0.001000s ]
INFO: [ app_begin ] --END-- [ RunTime:0.001000s ]
NOTIC: [8] Undefined index: time E:\www\heiid.com\Application\Api\Controller\BaseController.class.php 第 122 行.
NOTIC: [8] Undefined index: test E:\www\heiid.com\Application\Api\Controller\BaseController.class.php 第 24 行.

[ 2016-07-10T10:09:55+08:00 ] 127.0.0.1 /index.php?m=Api&c=Base&a=getServerTime
INFO: [ app_init ] --START--
INFO: Run Behavior\BuildLiteBehavior [ RunTime:0.000000s ]
INFO: [ app_init ] --END-- [ RunTime:0.000000s ]
INFO: [ app_begin ] --START--
INFO: Run Behavior\ReadHtmlCacheBehavior [ RunTime:0.000000s ]
INFO: [ app_begin ] --END-- [ RunTime:0.000000s ]
NOTIC: [8] Undefined index: time E:\www\heiid.com\Application\Api\Controller\BaseController.class.php 第 122 行.
NOTIC: [8] Undefined index: test E:\www\heiid.com\Application\Api\Controller\BaseController.class.php 第 24 行.

[ 2016-07-10T10:10:25+08:00 ] 127.0.0.1 /index.php?m=Api&c=Base&a=getServerTime
INFO: [ app_init ] --START--
INFO: Run Behavior\BuildLiteBehavior [ RunTime:0.000000s ]
INFO: [ app_init ] --END-- [ RunTime:0.000000s ]
INFO: [ app_begin ] --START--
INFO: Run Behavior\ReadHtmlCacheBehavior [ RunTime:0.000000s ]
INFO: [ app_begin ] --END-- [ RunTime:0.000000s ]
NOTIC: [8] Undefined index: time E:\www\heiid.com\Application\Api\Controller\BaseController.class.php 第 122 行.
NOTIC: [8] Undefined index: test E:\www\heiid.com\Application\Api\Controller\BaseController.class.php 第 24 行.

[ 2016-07-10T10:10:43+08:00 ] 127.0.0.1 /index.php?m=Api&c=Base&a=getServerTime
INFO: [ app_init ] --START--
INFO: Run Behavior\BuildLiteBehavior [ RunTime:0.000000s ]
INFO: [ app_init ] --END-- [ RunTime:0.000000s ]
INFO: [ app_begin ] --START--
INFO: Run Behavior\ReadHtmlCacheBehavior [ RunTime:0.000000s ]
INFO: [ app_begin ] --END-- [ RunTime:0.000000s ]
NOTIC: [8] Undefined index: time E:\www\heiid.com\Application\Api\Controller\BaseController.class.php 第 122 行.
NOTIC: [8] Undefined index: test E:\www\heiid.com\Application\Api\Controller\BaseController.class.php 第 24 行.

[ 2016-07-10T10:11:13+08:00 ] 127.0.0.1 /index.php?m=Api&c=Base&a=getServerTime
INFO: [ app_init ] --START--
INFO: Run Behavior\BuildLiteBehavior [ RunTime:0.000000s ]
INFO: [ app_init ] --END-- [ RunTime:0.000000s ]
INFO: [ app_begin ] --START--
INFO: Run Behavior\ReadHtmlCacheBehavior [ RunTime:0.000000s ]
INFO: [ app_begin ] --END-- [ RunTime:0.000000s ]
NOTIC: [8] Undefined index: time E:\www\heiid.com\Application\Api\Controller\BaseController.class.php 第 122 行.
NOTIC: [8] Undefined index: test E:\www\heiid.com\Application\Api\Controller\BaseController.class.php 第 24 行.

[ 2016-07-10T10:13:52+08:00 ] 127.0.0.1 /index.php?m=Api&c=Base&a=getServerTime
INFO: [ app_init ] --START--
INFO: Run Behavior\BuildLiteBehavior [ RunTime:0.000000s ]
INFO: [ app_init ] --END-- [ RunTime:0.000000s ]
INFO: [ app_begin ] --START--
INFO: Run Behavior\ReadHtmlCacheBehavior [ RunTime:0.000000s ]
INFO: [ app_begin ] --END-- [ RunTime:0.000000s ]
NOTIC: [8] Undefined index: time E:\www\heiid.com\Application\Api\Controller\BaseController.class.php 第 122 行.
NOTIC: [8] Undefined index: test E:\www\heiid.com\Application\Api\Controller\BaseController.class.php 第 24 行.

[ 2016-07-10T10:18:24+08:00 ] 127.0.0.1 /index.php?m=Api&c=Base&a=getServerTime
INFO: [ app_init ] --START--
INFO: Run Behavior\BuildLiteBehavior [ RunTime:0.000000s ]
INFO: [ app_init ] --END-- [ RunTime:0.015600s ]
INFO: [ app_begin ] --START--
INFO: Run Behavior\ReadHtmlCacheBehavior [ RunTime:0.000000s ]
INFO: [ app_begin ] --END-- [ RunTime:0.000000s ]
NOTIC: [8] Undefined index: time E:\www\heiid.com\Application\Api\Controller\BaseController.class.php 第 122 行.
NOTIC: [8] Undefined index: test E:\www\heiid.com\Application\Api\Controller\BaseController.class.php 第 24 行.

[ 2016-07-10T10:20:23+08:00 ] 127.0.0.1 /index.php?m=Api&c=Base&a=getServerTime
INFO: [ app_init ] --START--
INFO: Run Behavior\BuildLiteBehavior [ RunTime:0.000000s ]
INFO: [ app_init ] --END-- [ RunTime:0.000000s ]
INFO: [ app_begin ] --START--
INFO: Run Behavior\ReadHtmlCacheBehavior [ RunTime:0.000000s ]
INFO: [ app_begin ] --END-- [ RunTime:0.000000s ]
NOTIC: [8] Undefined index: time E:\www\heiid.com\Application\Api\Controller\BaseController.class.php 第 122 行.
NOTIC: [8] Undefined index: test E:\www\heiid.com\Application\Api\Controller\BaseController.class.php 第 24 行.

[ 2016-07-10T10:40:31+08:00 ] 127.0.0.1 /index.php?m=Api&c=Base&a=getServerTime
INFO: [ app_init ] --START--
INFO: Run Behavior\BuildLiteBehavior [ RunTime:0.000000s ]
INFO: [ app_init ] --END-- [ RunTime:0.000000s ]
INFO: [ app_begin ] --START--
INFO: Run Behavior\ReadHtmlCacheBehavior [ RunTime:0.000000s ]
INFO: [ app_begin ] --END-- [ RunTime:0.000000s ]
NOTIC: [8] Undefined index: time E:\www\heiid.com\Application\Api\Controller\BaseController.class.php 第 122 行.
NOTIC: [8] Undefined index: test E:\www\heiid.com\Application\Api\Controller\BaseController.class.php 第 24 行.

[ 2016-07-10T10:40:59+08:00 ] 127.0.0.1 /index.php?m=Api&c=Base&a=getServerTime
INFO: [ app_init ] --START--
INFO: Run Behavior\BuildLiteBehavior [ RunTime:0.000000s ]
INFO: [ app_init ] --END-- [ RunTime:0.000000s ]
INFO: [ app_begin ] --START--
INFO: Run Behavior\ReadHtmlCacheBehavior [ RunTime:0.000000s ]
INFO: [ app_begin ] --END-- [ RunTime:0.000000s ]
NOTIC: [8] Undefined index: time E:\www\heiid.com\Application\Api\Controller\BaseController.class.php 第 122 行.
NOTIC: [8] Undefined index: test E:\www\heiid.com\Application\Api\Controller\BaseController.class.php 第 24 行.

[ 2016-07-10T10:42:00+08:00 ] 127.0.0.1 /index.php?m=Api&c=Base&a=getServerTime
INFO: [ app_init ] --START--
INFO: Run Behavior\BuildLiteBehavior [ RunTime:0.000000s ]
INFO: [ app_init ] --END-- [ RunTime:0.015600s ]
INFO: [ app_begin ] --START--
INFO: Run Behavior\ReadHtmlCacheBehavior [ RunTime:0.000000s ]
INFO: [ app_begin ] --END-- [ RunTime:0.000000s ]
NOTIC: [8] Undefined index: time E:\www\heiid.com\Application\Api\Controller\BaseController.class.php 第 122 行.
NOTIC: [8] Undefined index: test E:\www\heiid.com\Application\Api\Controller\BaseController.class.php 第 24 行.

[ 2016-07-10T10:42:14+08:00 ] 127.0.0.1 /index.php?m=Api&c=Base&a=getServerTime
INFO: [ app_init ] --START--
INFO: Run Behavior\BuildLiteBehavior [ RunTime:0.000000s ]
INFO: [ app_init ] --END-- [ RunTime:0.000000s ]
INFO: [ app_begin ] --START--
INFO: Run Behavior\ReadHtmlCacheBehavior [ RunTime:0.000000s ]
INFO: [ app_begin ] --END-- [ RunTime:0.000000s ]
NOTIC: [8] Undefined index: time E:\www\heiid.com\Application\Api\Controller\BaseController.class.php 第 122 行.
NOTIC: [8] Undefined index: test E:\www\heiid.com\Application\Api\Controller\BaseController.class.php 第 24 行.

[ 2016-07-10T10:42:51+08:00 ] 127.0.0.1 /index.php?m=Api&c=Base&a=getServerTime
INFO: [ app_init ] --START--
INFO: Run Behavior\BuildLiteBehavior [ RunTime:0.000000s ]
INFO: [ app_init ] --END-- [ RunTime:0.000000s ]
INFO: [ app_begin ] --START--
INFO: Run Behavior\ReadHtmlCacheBehavior [ RunTime:0.000000s ]
INFO: [ app_begin ] --END-- [ RunTime:0.000000s ]
NOTIC: [8] Undefined index: time E:\www\heiid.com\Application\Api\Controller\BaseController.class.php 第 122 行.
NOTIC: [8] Undefined index: test E:\www\heiid.com\Application\Api\Controller\BaseController.class.php 第 24 行.

[ 2016-07-10T10:43:36+08:00 ] 127.0.0.1 /index.php?m=Api&c=Base&a=getServerTime
INFO: [ app_init ] --START--
INFO: Run Behavior\BuildLiteBehavior [ RunTime:0.000000s ]
INFO: [ app_init ] --END-- [ RunTime:0.000000s ]
INFO: [ app_begin ] --START--
INFO: Run Behavior\ReadHtmlCacheBehavior [ RunTime:0.000000s ]
INFO: [ app_begin ] --END-- [ RunTime:0.000000s ]
NOTIC: [8] Undefined index: time E:\www\heiid.com\Application\Api\Controller\BaseController.class.php 第 122 行.
NOTIC: [8] Undefined index: test E:\www\heiid.com\Application\Api\Controller\BaseController.class.php 第 24 行.

[ 2016-07-10T10:46:39+08:00 ] 127.0.0.1 /index.php?m=Api&c=Base&a=getServerTime
INFO: [ app_init ] --START--
INFO: Run Behavior\BuildLiteBehavior [ RunTime:0.000000s ]
INFO: [ app_init ] --END-- [ RunTime:0.000000s ]
INFO: [ app_begin ] --START--
INFO: Run Behavior\ReadHtmlCacheBehavior [ RunTime:0.000000s ]
INFO: [ app_begin ] --END-- [ RunTime:0.000000s ]
NOTIC: [8] Undefined index: time E:\www\heiid.com\Application\Api\Controller\BaseController.class.php 第 122 行.
NOTIC: [8] Undefined index: test E:\www\heiid.com\Application\Api\Controller\BaseController.class.php 第 24 行.

[ 2016-07-10T10:46:52+08:00 ] 127.0.0.1 /index.php?m=Api&c=Base&a=getServerTime
INFO: [ app_init ] --START--
INFO: Run Behavior\BuildLiteBehavior [ RunTime:0.000000s ]
INFO: [ app_init ] --END-- [ RunTime:0.000000s ]
INFO: [ app_begin ] --START--
INFO: Run Behavior\ReadHtmlCacheBehavior [ RunTime:0.000000s ]
INFO: [ app_begin ] --END-- [ RunTime:0.000000s ]
NOTIC: [8] Undefined index: time E:\www\heiid.com\Application\Api\Controller\BaseController.class.php 第 122 行.
NOTIC: [8] Undefined index: test E:\www\heiid.com\Application\Api\Controller\BaseController.class.php 第 24 行.

[ 2016-07-10T10:48:08+08:00 ] 127.0.0.1 /index.php?m=Api&c=Base&a=getServerTime
INFO: [ app_init ] --START--
INFO: Run Behavior\BuildLiteBehavior [ RunTime:0.000000s ]
INFO: [ app_init ] --END-- [ RunTime:0.001000s ]
INFO: [ app_begin ] --START--
INFO: Run Behavior\ReadHtmlCacheBehavior [ RunTime:0.000000s ]
INFO: [ app_begin ] --END-- [ RunTime:0.000000s ]
NOTIC: [8] Undefined index: time E:\www\heiid.com\Application\Api\Controller\BaseController.class.php 第 122 行.
NOTIC: [8] Undefined index: test E:\www\heiid.com\Application\Api\Controller\BaseController.class.php 第 24 行.

[ 2016-07-10T10:49:10+08:00 ] 127.0.0.1 /index.php?m=Api&c=Base&a=getServerTime
INFO: [ app_init ] --START--
INFO: Run Behavior\BuildLiteBehavior [ RunTime:0.000000s ]
INFO: [ app_init ] --END-- [ RunTime:0.000000s ]
INFO: [ app_begin ] --START--
INFO: Run Behavior\ReadHtmlCacheBehavior [ RunTime:0.000000s ]
INFO: [ app_begin ] --END-- [ RunTime:0.000000s ]
NOTIC: [8] Undefined index: time E:\www\heiid.com\Application\Api\Controller\BaseController.class.php 第 122 行.
NOTIC: [8] Undefined index: test E:\www\heiid.com\Application\Api\Controller\BaseController.class.php 第 24 行.

[ 2016-07-10T10:55:55+08:00 ] 127.0.0.1 /index.php?m=Api&c=Base&a=getServerTime
INFO: [ app_init ] --START--
INFO: Run Behavior\BuildLiteBehavior [ RunTime:0.000000s ]
INFO: [ app_init ] --END-- [ RunTime:0.000000s ]
INFO: [ app_begin ] --START--
INFO: Run Behavior\ReadHtmlCacheBehavior [ RunTime:0.000000s ]
INFO: [ app_begin ] --END-- [ RunTime:0.000000s ]
NOTIC: [8] Undefined index: time E:\www\heiid.com\Application\Api\Controller\BaseController.class.php 第 122 行.
NOTIC: [8] Undefined index: test E:\www\heiid.com\Application\Api\Controller\BaseController.class.php 第 24 行.

[ 2016-07-10T11:00:25+08:00 ] 127.0.0.1 /index.php?m=Api&c=Base&a=getServerTime
INFO: [ app_init ] --START--
INFO: Run Behavior\BuildLiteBehavior [ RunTime:0.000000s ]
INFO: [ app_init ] --END-- [ RunTime:0.001000s ]
INFO: [ app_begin ] --START--
INFO: Run Behavior\ReadHtmlCacheBehavior [ RunTime:0.000000s ]
INFO: [ app_begin ] --END-- [ RunTime:0.000000s ]
NOTIC: [8] Undefined index: time E:\www\heiid.com\Application\Api\Controller\BaseController.class.php 第 122 行.
NOTIC: [8] Undefined index: test E:\www\heiid.com\Application\Api\Controller\BaseController.class.php 第 24 行.

[ 2016-07-10T11:04:25+08:00 ] 127.0.0.1 /index.php?m=Api&c=Base&a=getServerTime
INFO: [ app_init ] --START--
INFO: Run Behavior\BuildLiteBehavior [ RunTime:0.000000s ]
INFO: [ app_init ] --END-- [ RunTime:0.000000s ]
INFO: [ app_begin ] --START--
INFO: Run Behavior\ReadHtmlCacheBehavior [ RunTime:0.000000s ]
INFO: [ app_begin ] --END-- [ RunTime:0.000000s ]
NOTIC: [8] Undefined index: time E:\www\heiid.com\Application\Api\Controller\BaseController.class.php 第 122 行.
NOTIC: [8] Undefined index: test E:\www\heiid.com\Application\Api\Controller\BaseController.class.php 第 24 行.

[ 2016-07-10T11:06:12+08:00 ] 127.0.0.1 /index.php?m=Api&c=Base&a=getServerTime
INFO: [ app_init ] --START--
INFO: Run Behavior\BuildLiteBehavior [ RunTime:0.000000s ]
INFO: [ app_init ] --END-- [ RunTime:0.001000s ]
INFO: [ app_begin ] --START--
INFO: Run Behavior\ReadHtmlCacheBehavior [ RunTime:0.000000s ]
INFO: [ app_begin ] --END-- [ RunTime:0.000000s ]
NOTIC: [8] Undefined index: time E:\www\heiid.com\Application\Api\Controller\BaseController.class.php 第 122 行.
NOTIC: [8] Undefined index: test E:\www\heiid.com\Application\Api\Controller\BaseController.class.php 第 24 行.

[ 2016-07-10T11:09:20+08:00 ] 127.0.0.1 /index.php?m=Api&c=Base&a=getServerTime
INFO: [ app_init ] --START--
INFO: Run Behavior\BuildLiteBehavior [ RunTime:0.000000s ]
INFO: [ app_init ] --END-- [ RunTime:0.000000s ]
INFO: [ app_begin ] --START--
INFO: Run Behavior\ReadHtmlCacheBehavior [ RunTime:0.015600s ]
INFO: [ app_begin ] --END-- [ RunTime:0.015600s ]
NOTIC: [8] Undefined index: time E:\www\heiid.com\Application\Api\Controller\BaseController.class.php 第 122 行.
NOTIC: [8] Undefined index: test E:\www\heiid.com\Application\Api\Controller\BaseController.class.php 第 24 行.

[ 2016-07-10T11:15:51+08:00 ] 127.0.0.1 /index.php?m=Api&c=Base&a=getServerTime
INFO: [ app_init ] --START--
INFO: Run Behavior\BuildLiteBehavior [ RunTime:0.000000s ]
INFO: [ app_init ] --END-- [ RunTime:0.000000s ]
INFO: [ app_begin ] --START--
INFO: Run Behavior\ReadHtmlCacheBehavior [ RunTime:0.000000s ]
INFO: [ app_begin ] --END-- [ RunTime:0.000000s ]
NOTIC: [8] Undefined index: time E:\www\heiid.com\Application\Api\Controller\BaseController.class.php 第 122 行.
NOTIC: [8] Undefined index: test E:\www\heiid.com\Application\Api\Controller\BaseController.class.php 第 24 行.

[ 2016-07-10T11:20:05+08:00 ] 127.0.0.1 /index.php?m=Api&c=Base&a=getServerTime
INFO: [ app_init ] --START--
INFO: Run Behavior\BuildLiteBehavior [ RunTime:0.000000s ]
INFO: [ app_init ] --END-- [ RunTime:0.000000s ]
INFO: [ app_begin ] --START--
INFO: Run Behavior\ReadHtmlCacheBehavior [ RunTime:0.000000s ]
INFO: [ app_begin ] --END-- [ RunTime:0.000000s ]
NOTIC: [8] Undefined index: time E:\www\heiid.com\Application\Api\Controller\BaseController.class.php 第 122 行.
NOTIC: [8] Undefined index: test E:\www\heiid.com\Application\Api\Controller\BaseController.class.php 第 24 行.

[ 2016-07-10T11:22:34+08:00 ] 127.0.0.1 /index.php?m=Api&c=Base&a=getServerTime
INFO: [ app_init ] --START--
INFO: Run Behavior\BuildLiteBehavior [ RunTime:0.000000s ]
INFO: [ app_init ] --END-- [ RunTime:0.000000s ]
INFO: [ app_begin ] --START--
INFO: Run Behavior\ReadHtmlCacheBehavior [ RunTime:0.000000s ]
INFO: [ app_begin ] --END-- [ RunTime:0.000000s ]
NOTIC: [8] Undefined index: time E:\www\heiid.com\Application\Api\Controller\BaseController.class.php 第 122 行.
NOTIC: [8] Undefined index: test E:\www\heiid.com\Application\Api\Controller\BaseController.class.php 第 24 行.

[ 2016-07-10T11:24:51+08:00 ] 127.0.0.1 /index.php?m=Api&c=Base&a=getServerTime
INFO: [ app_init ] --START--
INFO: Run Behavior\BuildLiteBehavior [ RunTime:0.000000s ]
INFO: [ app_init ] --END-- [ RunTime:0.000000s ]
INFO: [ app_begin ] --START--
INFO: Run Behavior\ReadHtmlCacheBehavior [ RunTime:0.015600s ]
INFO: [ app_begin ] --END-- [ RunTime:0.015600s ]
NOTIC: [8] Undefined index: time E:\www\heiid.com\Application\Api\Controller\BaseController.class.php 第 122 行.
NOTIC: [8] Undefined index: test E:\www\heiid.com\Application\Api\Controller\BaseController.class.php 第 24 行.

[ 2016-07-10T11:26:39+08:00 ] 127.0.0.1 /index.php?m=Api&c=Base&a=getServerTime
INFO: [ app_init ] --START--
INFO: Run Behavior\BuildLiteBehavior [ RunTime:0.000000s ]
INFO: [ app_init ] --END-- [ RunTime:0.000000s ]
INFO: [ app_begin ] --START--
INFO: Run Behavior\ReadHtmlCacheBehavior [ RunTime:0.000000s ]
INFO: [ app_begin ] --END-- [ RunTime:0.000000s ]
NOTIC: [8] Undefined index: time E:\www\heiid.com\Application\Api\Controller\BaseController.class.php 第 122 行.
NOTIC: [8] Undefined index: test E:\www\heiid.com\Application\Api\Controller\BaseController.class.php 第 24 行.

[ 2016-07-10T11:31:42+08:00 ] 127.0.0.1 /index.php?m=Api&c=Base&a=getServerTime
INFO: [ app_init ] --START--
INFO: Run Behavior\BuildLiteBehavior [ RunTime:0.000000s ]
INFO: [ app_init ] --END-- [ RunTime:0.000000s ]
INFO: [ app_begin ] --START--
INFO: Run Behavior\ReadHtmlCacheBehavior [ RunTime:0.000000s ]
INFO: [ app_begin ] --END-- [ RunTime:0.000000s ]
NOTIC: [8] Undefined index: time E:\www\heiid.com\Application\Api\Controller\BaseController.class.php 第 122 行.
NOTIC: [8] Undefined index: test E:\www\heiid.com\Application\Api\Controller\BaseController.class.php 第 24 行.

[ 2016-07-10T11:32:27+08:00 ] 127.0.0.1 /index.php?m=Api&c=Base&a=getServerTime
INFO: [ app_init ] --START--
INFO: Run Behavior\BuildLiteBehavior [ RunTime:0.000000s ]
INFO: [ app_init ] --END-- [ RunTime:0.000000s ]
INFO: [ app_begin ] --START--
INFO: Run Behavior\ReadHtmlCacheBehavior [ RunTime:0.000000s ]
INFO: [ app_begin ] --END-- [ RunTime:0.000000s ]
NOTIC: [8] Undefined index: time E:\www\heiid.com\Application\Api\Controller\BaseController.class.php 第 122 行.
NOTIC: [8] Undefined index: test E:\www\heiid.com\Application\Api\Controller\BaseController.class.php 第 24 行.

[ 2016-07-10T11:33:11+08:00 ] 127.0.0.1 /index.php?m=Api&c=Base&a=getServerTime
INFO: [ app_init ] --START--
INFO: Run Behavior\BuildLiteBehavior [ RunTime:0.000000s ]
INFO: [ app_init ] --END-- [ RunTime:0.000000s ]
INFO: [ app_begin ] --START--
INFO: Run Behavior\ReadHtmlCacheBehavior [ RunTime:0.000000s ]
INFO: [ app_begin ] --END-- [ RunTime:0.000000s ]
NOTIC: [8] Undefined index: time E:\www\heiid.com\Application\Api\Controller\BaseController.class.php 第 122 行.
NOTIC: [8] Undefined index: test E:\www\heiid.com\Application\Api\Controller\BaseController.class.php 第 24 行.

[ 2016-07-10T11:34:24+08:00 ] 127.0.0.1 /index.php?m=Api&c=Base&a=getServerTime
INFO: [ app_init ] --START--
INFO: Run Behavior\BuildLiteBehavior [ RunTime:0.000000s ]
INFO: [ app_init ] --END-- [ RunTime:0.000000s ]
INFO: [ app_begin ] --START--
INFO: Run Behavior\ReadHtmlCacheBehavior [ RunTime:0.000000s ]
INFO: [ app_begin ] --END-- [ RunTime:0.000000s ]
NOTIC: [8] Undefined index: time E:\www\heiid.com\Application\Api\Controller\BaseController.class.php 第 122 行.
NOTIC: [8] Undefined index: test E:\www\heiid.com\Application\Api\Controller\BaseController.class.php 第 24 行.

[ 2016-07-10T11:35:16+08:00 ] 127.0.0.1 /index.php?m=Api&c=Base&a=getServerTime
INFO: [ app_init ] --START--
INFO: Run Behavior\BuildLiteBehavior [ RunTime:0.000000s ]
INFO: [ app_init ] --END-- [ RunTime:0.000000s ]
INFO: [ app_begin ] --START--
INFO: Run Behavior\ReadHtmlCacheBehavior [ RunTime:0.015600s ]
INFO: [ app_begin ] --END-- [ RunTime:0.015600s ]
NOTIC: [8] Undefined index: time E:\www\heiid.com\Application\Api\Controller\BaseController.class.php 第 122 行.
NOTIC: [8] Undefined index: test E:\www\heiid.com\Application\Api\Controller\BaseController.class.php 第 24 行.

[ 2016-07-10T11:36:55+08:00 ] 127.0.0.1 /index.php?m=Api&c=Base&a=getServerTime
INFO: [ app_init ] --START--
INFO: Run Behavior\BuildLiteBehavior [ RunTime:0.000000s ]
INFO: [ app_init ] --END-- [ RunTime:0.000000s ]
INFO: [ app_begin ] --START--
INFO: Run Behavior\ReadHtmlCacheBehavior [ RunTime:0.000000s ]
INFO: [ app_begin ] --END-- [ RunTime:0.000000s ]
NOTIC: [8] Undefined index: time E:\www\heiid.com\Application\Api\Controller\BaseController.class.php 第 122 行.
NOTIC: [8] Undefined index: test E:\www\heiid.com\Application\Api\Controller\BaseController.class.php 第 24 行.

[ 2016-07-10T11:37:19+08:00 ] 127.0.0.1 /index.php?m=Api&c=Base&a=getServerTime
INFO: [ app_init ] --START--
INFO: Run Behavior\BuildLiteBehavior [ RunTime:0.000000s ]
INFO: [ app_init ] --END-- [ RunTime:0.000000s ]
INFO: [ app_begin ] --START--
INFO: Run Behavior\ReadHtmlCacheBehavior [ RunTime:0.000000s ]
INFO: [ app_begin ] --END-- [ RunTime:0.000000s ]
NOTIC: [8] Undefined index: time E:\www\heiid.com\Application\Api\Controller\BaseController.class.php 第 122 行.
NOTIC: [8] Undefined index: test E:\www\heiid.com\Application\Api\Controller\BaseController.class.php 第 24 行.

[ 2016-07-10T11:37:49+08:00 ] 127.0.0.1 /index.php?m=Api&c=Base&a=getServerTime
INFO: [ app_init ] --START--
INFO: Run Behavior\BuildLiteBehavior [ RunTime:0.000000s ]
INFO: [ app_init ] --END-- [ RunTime:0.000000s ]
INFO: [ app_begin ] --START--
INFO: Run Behavior\ReadHtmlCacheBehavior [ RunTime:0.000000s ]
INFO: [ app_begin ] --END-- [ RunTime:0.000000s ]
NOTIC: [8] Undefined index: time E:\www\heiid.com\Application\Api\Controller\BaseController.class.php 第 122 行.
NOTIC: [8] Undefined index: test E:\www\heiid.com\Application\Api\Controller\BaseController.class.php 第 24 行.

[ 2016-07-10T11:39:38+08:00 ] 127.0.0.1 /index.php?m=Api&c=Base&a=getServerTime
INFO: [ app_init ] --START--
INFO: Run Behavior\BuildLiteBehavior [ RunTime:0.000000s ]
INFO: [ app_init ] --END-- [ RunTime:0.000000s ]
INFO: [ app_begin ] --START--
INFO: Run Behavior\ReadHtmlCacheBehavior [ RunTime:0.015600s ]
INFO: [ app_begin ] --END-- [ RunTime:0.015600s ]
NOTIC: [8] Undefined index: time E:\www\heiid.com\Application\Api\Controller\BaseController.class.php 第 122 行.
NOTIC: [8] Undefined index: test E:\www\heiid.com\Application\Api\Controller\BaseController.class.php 第 24 行.

[ 2016-07-10T11:40:54+08:00 ] 127.0.0.1 /index.php?m=Api&c=Base&a=getServerTime
INFO: [ app_init ] --START--
INFO: Run Behavior\BuildLiteBehavior [ RunTime:0.000000s ]
INFO: [ app_init ] --END-- [ RunTime:0.000000s ]
INFO: [ app_begin ] --START--
INFO: Run Behavior\ReadHtmlCacheBehavior [ RunTime:0.000000s ]
INFO: [ app_begin ] --END-- [ RunTime:0.000000s ]
NOTIC: [8] Undefined index: time E:\www\heiid.com\Application\Api\Controller\BaseController.class.php 第 122 行.
NOTIC: [8] Undefined index: test E:\www\heiid.com\Application\Api\Controller\BaseController.class.php 第 24 行.

[ 2016-07-10T11:43:38+08:00 ] 127.0.0.1 /index.php?m=Api&c=Base&a=getServerTime
INFO: [ app_init ] --START--
INFO: Run Behavior\BuildLiteBehavior [ RunTime:0.000000s ]
INFO: [ app_init ] --END-- [ RunTime:0.000000s ]
INFO: [ app_begin ] --START--
INFO: Run Behavior\ReadHtmlCacheBehavior [ RunTime:0.000000s ]
INFO: [ app_begin ] --END-- [ RunTime:0.000000s ]
NOTIC: [8] Undefined index: time E:\www\heiid.com\Application\Api\Controller\BaseController.class.php 第 122 行.
NOTIC: [8] Undefined index: test E:\www\heiid.com\Application\Api\Controller\BaseController.class.php 第 24 行.

[ 2016-07-10T11:46:52+08:00 ] 127.0.0.1 /index.php?m=Api&c=Base&a=getServerTime
INFO: [ app_init ] --START--
INFO: Run Behavior\BuildLiteBehavior [ RunTime:0.000000s ]
INFO: [ app_init ] --END-- [ RunTime:0.000000s ]
INFO: [ app_begin ] --START--
INFO: Run Behavior\ReadHtmlCacheBehavior [ RunTime:0.000000s ]
INFO: [ app_begin ] --END-- [ RunTime:0.000000s ]
NOTIC: [8] Undefined index: time E:\www\heiid.com\Application\Api\Controller\BaseController.class.php 第 122 行.
NOTIC: [8] Undefined index: test E:\www\heiid.com\Application\Api\Controller\BaseController.class.php 第 24 行.

[ 2016-07-10T11:50:56+08:00 ] 127.0.0.1 /index.php?m=Api&c=Base&a=getServerTime
INFO: [ app_init ] --START--
INFO: Run Behavior\BuildLiteBehavior [ RunTime:0.000000s ]
INFO: [ app_init ] --END-- [ RunTime:0.000000s ]
INFO: [ app_begin ] --START--
INFO: Run Behavior\ReadHtmlCacheBehavior [ RunTime:0.000000s ]
INFO: [ app_begin ] --END-- [ RunTime:0.000000s ]
NOTIC: [8] Undefined index: time E:\www\heiid.com\Application\Api\Controller\BaseController.class.php 第 122 行.
NOTIC: [8] Undefined index: test E:\www\heiid.com\Application\Api\Controller\BaseController.class.php 第 24 行.

[ 2016-07-10T11:53:49+08:00 ] 127.0.0.1 /index.php?m=Api&c=Base&a=getServerTime
INFO: [ app_init ] --START--
INFO: Run Behavior\BuildLiteBehavior [ RunTime:0.000000s ]
INFO: [ app_init ] --END-- [ RunTime:0.000000s ]
INFO: [ app_begin ] --START--
INFO: Run Behavior\ReadHtmlCacheBehavior [ RunTime:0.001000s ]
INFO: [ app_begin ] --END-- [ RunTime:0.001000s ]
NOTIC: [8] Undefined index: time E:\www\heiid.com\Application\Api\Controller\BaseController.class.php 第 122 行.
NOTIC: [8] Undefined index: test E:\www\heiid.com\Application\Api\Controller\BaseController.class.php 第 24 行.

[ 2016-07-10T11:57:08+08:00 ] 127.0.0.1 /index.php?m=Api&c=Base&a=getServerTime
INFO: [ app_init ] --START--
INFO: Run Behavior\BuildLiteBehavior [ RunTime:0.000000s ]
INFO: [ app_init ] --END-- [ RunTime:0.000000s ]
INFO: [ app_begin ] --START--
INFO: Run Behavior\ReadHtmlCacheBehavior [ RunTime:0.000000s ]
INFO: [ app_begin ] --END-- [ RunTime:0.000000s ]
NOTIC: [8] Undefined index: time E:\www\heiid.com\Application\Api\Controller\BaseController.class.php 第 122 行.
NOTIC: [8] Undefined index: test E:\www\heiid.com\Application\Api\Controller\BaseController.class.php 第 24 行.

[ 2016-07-10T11:59:19+08:00 ] 127.0.0.1 /index.php?m=Api&c=Base&a=getServerTime
INFO: [ app_init ] --START--
INFO: Run Behavior\BuildLiteBehavior [ RunTime:0.000000s ]
INFO: [ app_init ] --END-- [ RunTime:0.001000s ]
INFO: [ app_begin ] --START--
INFO: Run Behavior\ReadHtmlCacheBehavior [ RunTime:0.002000s ]
INFO: [ app_begin ] --END-- [ RunTime:0.002000s ]
NOTIC: [8] Undefined index: time E:\www\heiid.com\Application\Api\Controller\BaseController.class.php 第 122 行.
NOTIC: [8] Undefined index: test E:\www\heiid.com\Application\Api\Controller\BaseController.class.php 第 24 行.

[ 2016-07-10T12:02:18+08:00 ] 127.0.0.1 /index.php?m=Api&c=Base&a=getServerTime
INFO: [ app_init ] --START--
INFO: Run Behavior\BuildLiteBehavior [ RunTime:0.000000s ]
INFO: [ app_init ] --END-- [ RunTime:0.000000s ]
INFO: [ app_begin ] --START--
INFO: Run Behavior\ReadHtmlCacheBehavior [ RunTime:0.000000s ]
INFO: [ app_begin ] --END-- [ RunTime:0.000000s ]
NOTIC: [8] Undefined index: time E:\www\heiid.com\Application\Api\Controller\BaseController.class.php 第 122 行.
NOTIC: [8] Undefined index: test E:\www\heiid.com\Application\Api\Controller\BaseController.class.php 第 24 行.

[ 2016-07-10T12:06:41+08:00 ] 127.0.0.1 /index.php?m=Api&c=User&a=login
INFO: [ app_init ] --START--
INFO: Run Behavior\BuildLiteBehavior [ RunTime:0.015600s ]
INFO: [ app_init ] --END-- [ RunTime:0.015600s ]
INFO: [ app_begin ] --START--
INFO: Run Behavior\ReadHtmlCacheBehavior [ RunTime:0.000000s ]
INFO: [ app_begin ] --END-- [ RunTime:0.000000s ]
NOTIC: [8] Undefined index: test E:\www\heiid.com\Application\Api\Controller\BaseController.class.php 第 24 行.

[ 2016-07-10T12:06:53+08:00 ] 127.0.0.1 /index.php?m=Api&c=User&a=login
INFO: [ app_init ] --START--
INFO: Run Behavior\BuildLiteBehavior [ RunTime:0.000000s ]
INFO: [ app_init ] --END-- [ RunTime:0.000000s ]
INFO: [ app_begin ] --START--
INFO: Run Behavior\ReadHtmlCacheBehavior [ RunTime:0.000000s ]
INFO: [ app_begin ] --END-- [ RunTime:0.000000s ]
NOTIC: [8] Undefined index: test E:\www\heiid.com\Application\Api\Controller\BaseController.class.php 第 24 行.
NOTIC: [8] Undefined index: result E:\www\heiid.com\Application\Api\Controller\UserController.class.php 第 34 行.

[ 2016-07-10T12:07:01+08:00 ] 127.0.0.1 /index.php?m=Api&c=User&a=login
INFO: [ app_init ] --START--
INFO: Run Behavior\BuildLiteBehavior [ RunTime:0.000000s ]
INFO: [ app_init ] --END-- [ RunTime:0.000000s ]
INFO: [ app_begin ] --START--
INFO: Run Behavior\ReadHtmlCacheBehavior [ RunTime:0.000000s ]
INFO: [ app_begin ] --END-- [ RunTime:0.000000s ]
NOTIC: [8] Undefined index: test E:\www\heiid.com\Application\Api\Controller\BaseController.class.php 第 24 行.
NOTIC: [8] Undefined index: result E:\www\heiid.com\Application\Api\Controller\UserController.class.php 第 34 行.

[ 2016-07-10T12:07:03+08:00 ] 127.0.0.1 /index.php?m=Api&c=User&a=login
INFO: [ app_init ] --START--
INFO: Run Behavior\BuildLiteBehavior [ RunTime:0.000000s ]
INFO: [ app_init ] --END-- [ RunTime:0.000000s ]
INFO: [ app_begin ] --START--
INFO: Run Behavior\ReadHtmlCacheBehavior [ RunTime:0.000000s ]
INFO: [ app_begin ] --END-- [ RunTime:0.000000s ]
NOTIC: [8] Undefined index: test E:\www\heiid.com\Application\Api\Controller\BaseController.class.php 第 24 行.
NOTIC: [8] Undefined index: result E:\www\heiid.com\Application\Api\Controller\UserController.class.php 第 34 行.

[ 2016-07-10T13:44:31+08:00 ] 127.0.0.1 /index.php?m=Api&c=Base&a=getServerTime
INFO: [ app_init ] --START--
INFO: Run Behavior\BuildLiteBehavior [ RunTime:0.000000s ]
INFO: [ app_init ] --END-- [ RunTime:0.000000s ]
INFO: [ app_begin ] --START--
INFO: Run Behavior\ReadHtmlCacheBehavior [ RunTime:0.000000s ]
INFO: [ app_begin ] --END-- [ RunTime:0.000000s ]
NOTIC: [8] Undefined index: time E:\www\heiid.com\Application\Api\Controller\BaseController.class.php 第 122 行.
NOTIC: [8] Undefined index: test E:\www\heiid.com\Application\Api\Controller\BaseController.class.php 第 24 行.

[ 2016-07-10T15:32:33+08:00 ] 127.0.0.1 /index.php?m=Api&c=Base&a=getServerTime
INFO: [ app_init ] --START--
INFO: Run Behavior\BuildLiteBehavior [ RunTime:0.000000s ]
INFO: [ app_init ] --END-- [ RunTime:0.002000s ]
INFO: [ app_begin ] --START--
INFO: Run Behavior\ReadHtmlCacheBehavior [ RunTime:0.002000s ]
INFO: [ app_begin ] --END-- [ RunTime:0.003000s ]
NOTIC: [8] Undefined index: time E:\www\heiid.com\Application\Api\Controller\BaseController.class.php 第 122 行.
NOTIC: [8] Undefined index: test E:\www\heiid.com\Application\Api\Controller\BaseController.class.php 第 24 行.

[ 2016-07-10T15:32:40+08:00 ] 127.0.0.1 /index.php?m=Api&c=User&a=login
INFO: [ app_init ] --START--
INFO: Run Behavior\BuildLiteBehavior [ RunTime:0.001000s ]
INFO: [ app_init ] --END-- [ RunTime:0.001000s ]
INFO: [ app_begin ] --START--
INFO: Run Behavior\ReadHtmlCacheBehavior [ RunTime:0.000000s ]
INFO: [ app_begin ] --END-- [ RunTime:0.000000s ]
NOTIC: [8] Undefined index: test E:\www\heiid.com\Application\Api\Controller\BaseController.class.php 第 24 行.
NOTIC: [8] Undefined index: result E:\www\heiid.com\Application\Api\Controller\UserController.class.php 第 34 行.

[ 2016-07-10T15:35:24+08:00 ] 127.0.0.1 /index.php?m=Api&c=Base&a=getServerTime
INFO: [ app_init ] --START--
INFO: Run Behavior\BuildLiteBehavior [ RunTime:0.000000s ]
INFO: [ app_init ] --END-- [ RunTime:0.001000s ]
INFO: [ app_begin ] --START--
INFO: Run Behavior\ReadHtmlCacheBehavior [ RunTime:0.000000s ]
INFO: [ app_begin ] --END-- [ RunTime:0.000000s ]
NOTIC: [8] Undefined index: time E:\www\heiid.com\Application\Api\Controller\BaseController.class.php 第 122 行.
NOTIC: [8] Undefined index: test E:\www\heiid.com\Application\Api\Controller\BaseController.class.php 第 24 行.

[ 2016-07-10T15:41:17+08:00 ] 127.0.0.1 /index.php?m=Api&c=Base&a=getServerTime
INFO: [ app_init ] --START--
INFO: Run Behavior\BuildLiteBehavior [ RunTime:0.000000s ]
INFO: [ app_init ] --END-- [ RunTime:0.000000s ]
INFO: [ app_begin ] --START--
INFO: Run Behavior\ReadHtmlCacheBehavior [ RunTime:0.000000s ]
INFO: [ app_begin ] --END-- [ RunTime:0.000000s ]
NOTIC: [8] Undefined index: time E:\www\heiid.com\Application\Api\Controller\BaseController.class.php 第 122 行.
NOTIC: [8] Undefined index: test E:\www\heiid.com\Application\Api\Controller\BaseController.class.php 第 24 行.

[ 2016-07-10T15:41:27+08:00 ] 127.0.0.1 /index.php?m=Api&c=User&a=send_sms_reg_code
INFO: [ app_init ] --START--
INFO: Run Behavior\BuildLiteBehavior [ RunTime:0.000000s ]
INFO: [ app_init ] --END-- [ RunTime:0.000000s ]
INFO: [ app_begin ] --START--
INFO: Run Behavior\ReadHtmlCacheBehavior [ RunTime:0.000000s ]
INFO: [ app_begin ] --END-- [ RunTime:0.000000s ]
NOTIC: [8] Undefined index: time E:\www\heiid.com\Application\Api\Controller\BaseController.class.php 第 122 行.
NOTIC: [8] Undefined index: sign E:\www\heiid.com\Application\Api\Controller\BaseController.class.php 第 53 行.

[ 2016-07-10T15:41:30+08:00 ] 127.0.0.1 /index.php?m=Api&c=User&a=send_sms_reg_code
INFO: [ app_init ] --START--
INFO: Run Behavior\BuildLiteBehavior [ RunTime:0.000000s ]
INFO: [ app_init ] --END-- [ RunTime:0.000000s ]
INFO: [ app_begin ] --START--
INFO: Run Behavior\ReadHtmlCacheBehavior [ RunTime:0.000000s ]
INFO: [ app_begin ] --END-- [ RunTime:0.000000s ]
NOTIC: [8] Undefined index: time E:\www\heiid.com\Application\Api\Controller\BaseController.class.php 第 122 行.
NOTIC: [8] Undefined index: sign E:\www\heiid.com\Application\Api\Controller\BaseController.class.php 第 53 行.

[ 2016-07-10T15:41:38+08:00 ] 127.0.0.1 /index.php?m=Api&c=User&a=send_sms_reg_code
INFO: [ app_init ] --START--
INFO: Run Behavior\BuildLiteBehavior [ RunTime:0.000000s ]
INFO: [ app_init ] --END-- [ RunTime:0.000000s ]
INFO: [ app_begin ] --START--
INFO: Run Behavior\ReadHtmlCacheBehavior [ RunTime:0.000000s ]
INFO: [ app_begin ] --END-- [ RunTime:0.000000s ]
NOTIC: [8] Undefined index: time E:\www\heiid.com\Application\Api\Controller\BaseController.class.php 第 122 行.
NOTIC: [8] Undefined index: sign E:\www\heiid.com\Application\Api\Controller\BaseController.class.php 第 53 行.

[ 2016-07-10T15:42:16+08:00 ] 127.0.0.1 /index.php?m=Api&c=User&a=send_sms_reg_code
INFO: [ app_init ] --START--
INFO: Run Behavior\BuildLiteBehavior [ RunTime:0.000000s ]
INFO: [ app_init ] --END-- [ RunTime:0.000000s ]
INFO: [ app_begin ] --START--
INFO: Run Behavior\ReadHtmlCacheBehavior [ RunTime:0.000000s ]
INFO: [ app_begin ] --END-- [ RunTime:0.000000s ]
NOTIC: [8] Undefined index: time E:\www\heiid.com\Application\Api\Controller\BaseController.class.php 第 122 行.
NOTIC: [8] Undefined index: sign E:\www\heiid.com\Application\Api\Controller\BaseController.class.php 第 53 行.

[ 2016-07-10T15:42:19+08:00 ] 127.0.0.1 /index.php?m=Api&c=User&a=send_sms_reg_code
INFO: [ app_init ] --START--
INFO: Run Behavior\BuildLiteBehavior [ RunTime:0.000000s ]
INFO: [ app_init ] --END-- [ RunTime:0.000000s ]
INFO: [ app_begin ] --START--
INFO: Run Behavior\ReadHtmlCacheBehavior [ RunTime:0.000000s ]
INFO: [ app_begin ] --END-- [ RunTime:0.000000s ]
NOTIC: [8] Undefined index: time E:\www\heiid.com\Application\Api\Controller\BaseController.class.php 第 122 行.
NOTIC: [8] Undefined index: sign E:\www\heiid.com\Application\Api\Controller\BaseController.class.php 第 53 行.

