[ 2016-07-09T11:22:12+08:00 ] 127.0.0.1 /index.php?m=Api&c=Base&a=getServerTime
INFO: [ app_init ] --START--
INFO: Run Behavior\BuildLiteBehavior [ RunTime:0.000000s ]
INFO: [ app_init ] --END-- [ RunTime:0.000000s ]
INFO: [ app_begin ] --START--
INFO: Run Behavior\ReadHtmlCacheBehavior [ RunTime:0.000000s ]
INFO: [ app_begin ] --END-- [ RunTime:0.000000s ]
NOTIC: [8] Undefined index: time E:\www\heiid.com\Application\Api\Controller\BaseController.class.php 第 122 行.
NOTIC: [8] Undefined index: test E:\www\heiid.com\Application\Api\Controller\BaseController.class.php 第 24 行.

[ 2016-07-09T11:22:30+08:00 ] 127.0.0.1 /index.php?m=Api&c=Base&a=getServerTime
INFO: [ app_init ] --START--
INFO: Run Behavior\BuildLiteBehavior [ RunTime:0.000000s ]
INFO: [ app_init ] --END-- [ RunTime:0.000000s ]
INFO: [ app_begin ] --START--
INFO: Run Behavior\ReadHtmlCacheBehavior [ RunTime:0.000000s ]
INFO: [ app_begin ] --END-- [ RunTime:0.000000s ]
NOTIC: [8] Undefined index: time E:\www\heiid.com\Application\Api\Controller\BaseController.class.php 第 122 行.
NOTIC: [8] Undefined index: test E:\www\heiid.com\Application\Api\Controller\BaseController.class.php 第 24 行.

[ 2016-07-09T11:22:42+08:00 ] 127.0.0.1 /index.php?m=Api&c=User&a=login
INFO: [ app_init ] --START--
INFO: Run Behavior\BuildLiteBehavior [ RunTime:0.000000s ]
INFO: [ app_init ] --END-- [ RunTime:0.000000s ]
INFO: [ app_begin ] --START--
INFO: Run Behavior\ReadHtmlCacheBehavior [ RunTime:0.000000s ]
INFO: [ app_begin ] --END-- [ RunTime:0.000000s ]

[ 2016-07-09T11:23:24+08:00 ] 127.0.0.1 /index.php?m=Api&c=User&a=login
INFO: [ app_init ] --START--
INFO: Run Behavior\BuildLiteBehavior [ RunTime:0.000000s ]
INFO: [ app_init ] --END-- [ RunTime:0.000000s ]
INFO: [ app_begin ] --START--
INFO: Run Behavior\ReadHtmlCacheBehavior [ RunTime:0.000000s ]
INFO: [ app_begin ] --END-- [ RunTime:0.000000s ]

[ 2016-07-09T11:24:16+08:00 ] 127.0.0.1 /index.php?m=Api&c=Base&a=getServerTime
INFO: [ app_init ] --START--
INFO: Run Behavior\BuildLiteBehavior [ RunTime:0.000000s ]
INFO: [ app_init ] --END-- [ RunTime:0.000000s ]
INFO: [ app_begin ] --START--
INFO: Run Behavior\ReadHtmlCacheBehavior [ RunTime:0.000000s ]
INFO: [ app_begin ] --END-- [ RunTime:0.000000s ]
NOTIC: [8] Undefined index: time E:\www\heiid.com\Application\Api\Controller\BaseController.class.php 第 122 行.
NOTIC: [8] Undefined index: test E:\www\heiid.com\Application\Api\Controller\BaseController.class.php 第 24 行.

[ 2016-07-09T11:24:28+08:00 ] 127.0.0.1 /index.php?m=Api&c=Base&a=getServerTime
INFO: [ app_init ] --START--
INFO: Run Behavior\BuildLiteBehavior [ RunTime:0.000000s ]
INFO: [ app_init ] --END-- [ RunTime:0.000000s ]
INFO: [ app_begin ] --START--
INFO: Run Behavior\ReadHtmlCacheBehavior [ RunTime:0.000000s ]
INFO: [ app_begin ] --END-- [ RunTime:0.000000s ]
NOTIC: [8] Undefined index: time E:\www\heiid.com\Application\Api\Controller\BaseController.class.php 第 122 行.
NOTIC: [8] Undefined index: test E:\www\heiid.com\Application\Api\Controller\BaseController.class.php 第 24 行.

[ 2016-07-09T11:24:37+08:00 ] 127.0.0.1 /index.php?m=Api&c=User&a=login
INFO: [ app_init ] --START--
INFO: Run Behavior\BuildLiteBehavior [ RunTime:0.000000s ]
INFO: [ app_init ] --END-- [ RunTime:0.000000s ]
INFO: [ app_begin ] --START--
INFO: Run Behavior\ReadHtmlCacheBehavior [ RunTime:0.000000s ]
INFO: [ app_begin ] --END-- [ RunTime:0.000000s ]

[ 2016-07-09T11:24:52+08:00 ] 127.0.0.1 /index.php?m=Api&c=User&a=login
INFO: [ app_init ] --START--
INFO: Run Behavior\BuildLiteBehavior [ RunTime:0.000000s ]
INFO: [ app_init ] --END-- [ RunTime:0.000000s ]
INFO: [ app_begin ] --START--
INFO: Run Behavior\ReadHtmlCacheBehavior [ RunTime:0.001000s ]
INFO: [ app_begin ] --END-- [ RunTime:0.001000s ]

[ 2016-07-09T11:25:12+08:00 ] 127.0.0.1 /index.php?m=Api&c=User&a=login
INFO: [ app_init ] --START--
INFO: Run Behavior\BuildLiteBehavior [ RunTime:0.000000s ]
INFO: [ app_init ] --END-- [ RunTime:0.000000s ]
INFO: [ app_begin ] --START--
INFO: Run Behavior\ReadHtmlCacheBehavior [ RunTime:0.000000s ]
INFO: [ app_begin ] --END-- [ RunTime:0.000000s ]

[ 2016-07-09T11:25:26+08:00 ] 127.0.0.1 /index.php?m=Api&c=User&a=login
INFO: [ app_init ] --START--
INFO: Run Behavior\BuildLiteBehavior [ RunTime:0.000000s ]
INFO: [ app_init ] --END-- [ RunTime:0.000000s ]
INFO: [ app_begin ] --START--
INFO: Run Behavior\ReadHtmlCacheBehavior [ RunTime:0.000000s ]
INFO: [ app_begin ] --END-- [ RunTime:0.000000s ]

[ 2016-07-09T11:27:12+08:00 ] 127.0.0.1 /index.php?m=Api&c=Base&a=getServerTime
INFO: [ app_init ] --START--
INFO: Run Behavior\BuildLiteBehavior [ RunTime:0.000000s ]
INFO: [ app_init ] --END-- [ RunTime:0.001000s ]
INFO: [ app_begin ] --START--
INFO: Run Behavior\ReadHtmlCacheBehavior [ RunTime:0.000000s ]
INFO: [ app_begin ] --END-- [ RunTime:0.000000s ]
NOTIC: [8] Undefined index: time E:\www\heiid.com\Application\Api\Controller\BaseController.class.php 第 122 行.
NOTIC: [8] Undefined index: test E:\www\heiid.com\Application\Api\Controller\BaseController.class.php 第 24 行.

[ 2016-07-09T11:27:21+08:00 ] 127.0.0.1 /index.php?m=Api&c=User&a=login
INFO: [ app_init ] --START--
INFO: Run Behavior\BuildLiteBehavior [ RunTime:0.000000s ]
INFO: [ app_init ] --END-- [ RunTime:0.000000s ]
INFO: [ app_begin ] --START--
INFO: Run Behavior\ReadHtmlCacheBehavior [ RunTime:0.000000s ]
INFO: [ app_begin ] --END-- [ RunTime:0.000000s ]

[ 2016-07-09T11:27:45+08:00 ] 127.0.0.1 /index.php?m=Api&c=User&a=login
INFO: [ app_init ] --START--
INFO: Run Behavior\BuildLiteBehavior [ RunTime:0.000000s ]
INFO: [ app_init ] --END-- [ RunTime:0.000000s ]
INFO: [ app_begin ] --START--
INFO: Run Behavior\ReadHtmlCacheBehavior [ RunTime:0.000000s ]
INFO: [ app_begin ] --END-- [ RunTime:0.000000s ]

[ 2016-07-09T11:29:17+08:00 ] 127.0.0.1 /index.php?m=Api&c=Base&a=getServerTime
INFO: [ app_init ] --START--
INFO: Run Behavior\BuildLiteBehavior [ RunTime:0.000000s ]
INFO: [ app_init ] --END-- [ RunTime:0.000000s ]
INFO: [ app_begin ] --START--
INFO: Run Behavior\ReadHtmlCacheBehavior [ RunTime:0.000000s ]
INFO: [ app_begin ] --END-- [ RunTime:0.000000s ]
NOTIC: [8] Undefined index: time E:\www\heiid.com\Application\Api\Controller\BaseController.class.php 第 122 行.
NOTIC: [8] Undefined index: test E:\www\heiid.com\Application\Api\Controller\BaseController.class.php 第 24 行.

[ 2016-07-09T11:29:26+08:00 ] 127.0.0.1 /index.php?m=Api&c=Base&a=getServerTime
INFO: [ app_init ] --START--
INFO: Run Behavior\BuildLiteBehavior [ RunTime:0.000000s ]
INFO: [ app_init ] --END-- [ RunTime:0.000000s ]
INFO: [ app_begin ] --START--
INFO: Run Behavior\ReadHtmlCacheBehavior [ RunTime:0.000000s ]
INFO: [ app_begin ] --END-- [ RunTime:0.000000s ]
NOTIC: [8] Undefined index: time E:\www\heiid.com\Application\Api\Controller\BaseController.class.php 第 122 行.
NOTIC: [8] Undefined index: test E:\www\heiid.com\Application\Api\Controller\BaseController.class.php 第 24 行.

[ 2016-07-09T11:29:35+08:00 ] 127.0.0.1 /index.php?m=Api&c=User&a=login
INFO: [ app_init ] --START--
INFO: Run Behavior\BuildLiteBehavior [ RunTime:0.000000s ]
INFO: [ app_init ] --END-- [ RunTime:0.000000s ]
INFO: [ app_begin ] --START--
INFO: Run Behavior\ReadHtmlCacheBehavior [ RunTime:0.000000s ]
INFO: [ app_begin ] --END-- [ RunTime:0.000000s ]

[ 2016-07-09T11:29:57+08:00 ] 127.0.0.1 /index.php?m=Api&c=Base&a=getServerTime
INFO: [ app_init ] --START--
INFO: Run Behavior\BuildLiteBehavior [ RunTime:0.000000s ]
INFO: [ app_init ] --END-- [ RunTime:0.000000s ]
INFO: [ app_begin ] --START--
INFO: Run Behavior\ReadHtmlCacheBehavior [ RunTime:0.000000s ]
INFO: [ app_begin ] --END-- [ RunTime:0.000000s ]
NOTIC: [8] Undefined index: time E:\www\heiid.com\Application\Api\Controller\BaseController.class.php 第 122 行.
NOTIC: [8] Undefined index: test E:\www\heiid.com\Application\Api\Controller\BaseController.class.php 第 24 行.

[ 2016-07-09T11:30:09+08:00 ] 127.0.0.1 /index.php?m=Api&c=User&a=login
INFO: [ app_init ] --START--
INFO: Run Behavior\BuildLiteBehavior [ RunTime:0.015600s ]
INFO: [ app_init ] --END-- [ RunTime:0.015600s ]
INFO: [ app_begin ] --START--
INFO: Run Behavior\ReadHtmlCacheBehavior [ RunTime:0.000000s ]
INFO: [ app_begin ] --END-- [ RunTime:0.000000s ]
NOTIC: [8] Undefined index: test E:\www\heiid.com\Application\Api\Controller\BaseController.class.php 第 24 行.
NOTIC: [8] Undefined variable: data E:\www\heiid.com\Application\Api\Controller\UserController.class.php 第 34 行.
NOTIC: [8] Undefined variable: data E:\www\heiid.com\Application\Api\Controller\UserController.class.php 第 35 行.

[ 2016-07-09T11:30:58+08:00 ] 127.0.0.1 /index.php?m=Api&c=User&a=login
INFO: [ app_init ] --START--
INFO: Run Behavior\BuildLiteBehavior [ RunTime:0.000000s ]
INFO: [ app_init ] --END-- [ RunTime:0.000000s ]
INFO: [ app_begin ] --START--
INFO: Run Behavior\ReadHtmlCacheBehavior [ RunTime:0.000000s ]
INFO: [ app_begin ] --END-- [ RunTime:0.000000s ]
NOTIC: [8] Undefined index: test E:\www\heiid.com\Application\Api\Controller\BaseController.class.php 第 24 行.
NOTIC: [8] Undefined index: result E:\www\heiid.com\Application\Api\Controller\UserController.class.php 第 34 行.

[ 2016-07-09T11:32:13+08:00 ] 127.0.0.1 /index.php?m=Api&c=User&a=login
INFO: [ app_init ] --START--
INFO: Run Behavior\BuildLiteBehavior [ RunTime:0.000000s ]
INFO: [ app_init ] --END-- [ RunTime:0.000000s ]
INFO: [ app_begin ] --START--
INFO: Run Behavior\ReadHtmlCacheBehavior [ RunTime:0.000000s ]
INFO: [ app_begin ] --END-- [ RunTime:0.000000s ]

[ 2016-07-09T11:32:16+08:00 ] 127.0.0.1 /index.php?m=Api&c=User&a=login
INFO: [ app_init ] --START--
INFO: Run Behavior\BuildLiteBehavior [ RunTime:0.000000s ]
INFO: [ app_init ] --END-- [ RunTime:0.000000s ]
INFO: [ app_begin ] --START--
INFO: Run Behavior\ReadHtmlCacheBehavior [ RunTime:0.000000s ]
INFO: [ app_begin ] --END-- [ RunTime:0.000000s ]

[ 2016-07-09T11:32:24+08:00 ] 127.0.0.1 /index.php?m=Api&c=User&a=login
INFO: [ app_init ] --START--
INFO: Run Behavior\BuildLiteBehavior [ RunTime:0.000000s ]
INFO: [ app_init ] --END-- [ RunTime:0.000000s ]
INFO: [ app_begin ] --START--
INFO: Run Behavior\ReadHtmlCacheBehavior [ RunTime:0.015600s ]
INFO: [ app_begin ] --END-- [ RunTime:0.015600s ]

[ 2016-07-09T11:32:28+08:00 ] 127.0.0.1 /index.php?m=Api&c=User&a=login
INFO: [ app_init ] --START--
INFO: Run Behavior\BuildLiteBehavior [ RunTime:0.000000s ]
INFO: [ app_init ] --END-- [ RunTime:0.000000s ]
INFO: [ app_begin ] --START--
INFO: Run Behavior\ReadHtmlCacheBehavior [ RunTime:0.000000s ]
INFO: [ app_begin ] --END-- [ RunTime:0.000000s ]

[ 2016-07-09T11:32:35+08:00 ] 127.0.0.1 /index.php?m=Api&c=User&a=login
INFO: [ app_init ] --START--
INFO: Run Behavior\BuildLiteBehavior [ RunTime:0.000000s ]
INFO: [ app_init ] --END-- [ RunTime:0.000000s ]
INFO: [ app_begin ] --START--
INFO: Run Behavior\ReadHtmlCacheBehavior [ RunTime:0.000000s ]
INFO: [ app_begin ] --END-- [ RunTime:0.000000s ]

[ 2016-07-09T11:32:39+08:00 ] 127.0.0.1 /index.php?m=Api&c=User&a=login
INFO: [ app_init ] --START--
INFO: Run Behavior\BuildLiteBehavior [ RunTime:0.000000s ]
INFO: [ app_init ] --END-- [ RunTime:0.000000s ]
INFO: [ app_begin ] --START--
INFO: Run Behavior\ReadHtmlCacheBehavior [ RunTime:0.000000s ]
INFO: [ app_begin ] --END-- [ RunTime:0.000000s ]

[ 2016-07-09T11:52:28+08:00 ] 127.0.0.1 /index.php?m=Api&c=Base&a=getServerTime
INFO: [ app_init ] --START--
INFO: Run Behavior\BuildLiteBehavior [ RunTime:0.000000s ]
INFO: [ app_init ] --END-- [ RunTime:0.000000s ]
INFO: [ app_begin ] --START--
INFO: Run Behavior\ReadHtmlCacheBehavior [ RunTime:0.000000s ]
INFO: [ app_begin ] --END-- [ RunTime:0.000000s ]
NOTIC: [8] Undefined index: time E:\www\heiid.com\Application\Api\Controller\BaseController.class.php 第 122 行.
NOTIC: [8] Undefined index: test E:\www\heiid.com\Application\Api\Controller\BaseController.class.php 第 24 行.

[ 2016-07-09T11:52:36+08:00 ] 127.0.0.1 /index.php?m=Api&c=User&a=login
INFO: [ app_init ] --START--
INFO: Run Behavior\BuildLiteBehavior [ RunTime:0.000000s ]
INFO: [ app_init ] --END-- [ RunTime:0.015600s ]
INFO: [ app_begin ] --START--
INFO: Run Behavior\ReadHtmlCacheBehavior [ RunTime:0.000000s ]
INFO: [ app_begin ] --END-- [ RunTime:0.000000s ]

[ 2016-07-09T11:52:45+08:00 ] 127.0.0.1 /index.php?m=Api&c=User&a=login
INFO: [ app_init ] --START--
INFO: Run Behavior\BuildLiteBehavior [ RunTime:0.000000s ]
INFO: [ app_init ] --END-- [ RunTime:0.000000s ]
INFO: [ app_begin ] --START--
INFO: Run Behavior\ReadHtmlCacheBehavior [ RunTime:0.000000s ]
INFO: [ app_begin ] --END-- [ RunTime:0.000000s ]

[ 2016-07-09T11:53:37+08:00 ] 127.0.0.1 /index.php?m=Api&c=Base&a=getServerTime
INFO: [ app_init ] --START--
INFO: Run Behavior\BuildLiteBehavior [ RunTime:0.000000s ]
INFO: [ app_init ] --END-- [ RunTime:0.000000s ]
INFO: [ app_begin ] --START--
INFO: Run Behavior\ReadHtmlCacheBehavior [ RunTime:0.000000s ]
INFO: [ app_begin ] --END-- [ RunTime:0.000000s ]
NOTIC: [8] Undefined index: time E:\www\heiid.com\Application\Api\Controller\BaseController.class.php 第 122 行.
NOTIC: [8] Undefined index: test E:\www\heiid.com\Application\Api\Controller\BaseController.class.php 第 24 行.

[ 2016-07-09T11:53:55+08:00 ] 127.0.0.1 /index.php?m=Api&c=User&a=login
INFO: [ app_init ] --START--
INFO: Run Behavior\BuildLiteBehavior [ RunTime:0.000000s ]
INFO: [ app_init ] --END-- [ RunTime:0.000000s ]
INFO: [ app_begin ] --START--
INFO: Run Behavior\ReadHtmlCacheBehavior [ RunTime:0.000000s ]
INFO: [ app_begin ] --END-- [ RunTime:0.000000s ]

[ 2016-07-09T12:52:24+08:00 ] 127.0.0.1 /index.php?m=Api&c=Base&a=getServerTime
INFO: [ app_init ] --START--
INFO: Run Behavior\BuildLiteBehavior [ RunTime:0.000000s ]
INFO: [ app_init ] --END-- [ RunTime:0.001001s ]
INFO: [ app_begin ] --START--
INFO: Run Behavior\ReadHtmlCacheBehavior [ RunTime:0.001000s ]
INFO: [ app_begin ] --END-- [ RunTime:0.001000s ]
NOTIC: [8] Undefined index: time E:\www\heiid.com\Application\Api\Controller\BaseController.class.php 第 122 行.
NOTIC: [8] Undefined index: test E:\www\heiid.com\Application\Api\Controller\BaseController.class.php 第 24 行.

[ 2016-07-09T12:52:40+08:00 ] 127.0.0.1 /index.php?m=Api&c=Base&a=getServerTime
INFO: [ app_init ] --START--
INFO: Run Behavior\BuildLiteBehavior [ RunTime:0.000000s ]
INFO: [ app_init ] --END-- [ RunTime:0.000000s ]
INFO: [ app_begin ] --START--
INFO: Run Behavior\ReadHtmlCacheBehavior [ RunTime:0.000000s ]
INFO: [ app_begin ] --END-- [ RunTime:0.001000s ]
NOTIC: [8] Undefined index: time E:\www\heiid.com\Application\Api\Controller\BaseController.class.php 第 122 行.
NOTIC: [8] Undefined index: test E:\www\heiid.com\Application\Api\Controller\BaseController.class.php 第 24 行.

[ 2016-07-09T12:52:52+08:00 ] 127.0.0.1 /index.php?m=Api&c=User&a=login
INFO: [ app_init ] --START--
INFO: Run Behavior\BuildLiteBehavior [ RunTime:0.000000s ]
INFO: [ app_init ] --END-- [ RunTime:0.000000s ]
INFO: [ app_begin ] --START--
INFO: Run Behavior\ReadHtmlCacheBehavior [ RunTime:0.001000s ]
INFO: [ app_begin ] --END-- [ RunTime:0.001000s ]
NOTIC: [8] Undefined index: test E:\www\heiid.com\Application\Api\Controller\BaseController.class.php 第 24 行.
NOTIC: [8] Undefined index: result E:\www\heiid.com\Application\Api\Controller\UserController.class.php 第 34 行.

[ 2016-07-09T12:53:02+08:00 ] 127.0.0.1 /index.php?m=Api&c=User&a=login
INFO: [ app_init ] --START--
INFO: Run Behavior\BuildLiteBehavior [ RunTime:0.000000s ]
INFO: [ app_init ] --END-- [ RunTime:0.001000s ]
INFO: [ app_begin ] --START--
INFO: Run Behavior\ReadHtmlCacheBehavior [ RunTime:0.000000s ]
INFO: [ app_begin ] --END-- [ RunTime:0.000000s ]

[ 2016-07-09T12:53:17+08:00 ] 127.0.0.1 /index.php?m=Api&c=User&a=login
INFO: [ app_init ] --START--
INFO: Run Behavior\BuildLiteBehavior [ RunTime:0.000000s ]
INFO: [ app_init ] --END-- [ RunTime:0.001000s ]
INFO: [ app_begin ] --START--
INFO: Run Behavior\ReadHtmlCacheBehavior [ RunTime:0.000000s ]
INFO: [ app_begin ] --END-- [ RunTime:0.000000s ]

[ 2016-07-09T12:54:04+08:00 ] 127.0.0.1 /index.php?m=Api&c=User&a=login
INFO: [ app_init ] --START--
INFO: Run Behavior\BuildLiteBehavior [ RunTime:0.000000s ]
INFO: [ app_init ] --END-- [ RunTime:0.000000s ]
INFO: [ app_begin ] --START--
INFO: Run Behavior\ReadHtmlCacheBehavior [ RunTime:0.000000s ]
INFO: [ app_begin ] --END-- [ RunTime:0.001000s ]

[ 2016-07-09T13:01:04+08:00 ] 127.0.0.1 /index.php?m=Api&c=User&a=login
INFO: [ app_init ] --START--
INFO: Run Behavior\BuildLiteBehavior [ RunTime:0.000000s ]
INFO: [ app_init ] --END-- [ RunTime:0.000000s ]
INFO: [ app_begin ] --START--
INFO: Run Behavior\ReadHtmlCacheBehavior [ RunTime:0.000000s ]
INFO: [ app_begin ] --END-- [ RunTime:0.000000s ]
NOTIC: [8] Undefined index: test E:\www\heiid.com\Application\Api\Controller\BaseController.class.php 第 24 行.
NOTIC: [8] Undefined index: result E:\www\heiid.com\Application\Api\Controller\UserController.class.php 第 34 行.

[ 2016-07-09T13:05:15+08:00 ] 127.0.0.1 /index.php?m=Api&c=User&a=login
INFO: [ app_init ] --START--
INFO: Run Behavior\BuildLiteBehavior [ RunTime:0.000000s ]
INFO: [ app_init ] --END-- [ RunTime:0.000000s ]
INFO: [ app_begin ] --START--
INFO: Run Behavior\ReadHtmlCacheBehavior [ RunTime:0.000000s ]
INFO: [ app_begin ] --END-- [ RunTime:0.000000s ]

[ 2016-07-09T13:05:28+08:00 ] 127.0.0.1 /index.php?m=Api&c=User&a=login
INFO: [ app_init ] --START--
INFO: Run Behavior\BuildLiteBehavior [ RunTime:0.000000s ]
INFO: [ app_init ] --END-- [ RunTime:0.000000s ]
INFO: [ app_begin ] --START--
INFO: Run Behavior\ReadHtmlCacheBehavior [ RunTime:0.000000s ]
INFO: [ app_begin ] --END-- [ RunTime:0.000000s ]

[ 2016-07-09T13:05:43+08:00 ] 127.0.0.1 /index.php?m=Api&c=User&a=login
INFO: [ app_init ] --START--
INFO: Run Behavior\BuildLiteBehavior [ RunTime:0.000000s ]
INFO: [ app_init ] --END-- [ RunTime:0.015600s ]
INFO: [ app_begin ] --START--
INFO: Run Behavior\ReadHtmlCacheBehavior [ RunTime:0.000000s ]
INFO: [ app_begin ] --END-- [ RunTime:0.000000s ]

[ 2016-07-09T13:06:56+08:00 ] 127.0.0.1 /index.php?m=Api&c=User&a=login
INFO: [ app_init ] --START--
INFO: Run Behavior\BuildLiteBehavior [ RunTime:0.000000s ]
INFO: [ app_init ] --END-- [ RunTime:0.000000s ]
INFO: [ app_begin ] --START--
INFO: Run Behavior\ReadHtmlCacheBehavior [ RunTime:0.000000s ]
INFO: [ app_begin ] --END-- [ RunTime:0.000000s ]

[ 2016-07-09T13:07:33+08:00 ] 127.0.0.1 /index.php?m=Api&c=User&a=login
INFO: [ app_init ] --START--
INFO: Run Behavior\BuildLiteBehavior [ RunTime:0.000000s ]
INFO: [ app_init ] --END-- [ RunTime:0.000000s ]
INFO: [ app_begin ] --START--
INFO: Run Behavior\ReadHtmlCacheBehavior [ RunTime:0.000000s ]
INFO: [ app_begin ] --END-- [ RunTime:0.000000s ]

[ 2016-07-09T13:08:04+08:00 ] 127.0.0.1 /index.php?m=Api&c=User&a=login
INFO: [ app_init ] --START--
INFO: Run Behavior\BuildLiteBehavior [ RunTime:0.000000s ]
INFO: [ app_init ] --END-- [ RunTime:0.000000s ]
INFO: [ app_begin ] --START--
INFO: Run Behavior\ReadHtmlCacheBehavior [ RunTime:0.015600s ]
INFO: [ app_begin ] --END-- [ RunTime:0.015600s ]

[ 2016-07-09T13:08:51+08:00 ] 127.0.0.1 /index.php?m=Api&c=Base&a=getServerTime
INFO: [ app_init ] --START--
INFO: Run Behavior\BuildLiteBehavior [ RunTime:0.000000s ]
INFO: [ app_init ] --END-- [ RunTime:0.000000s ]
INFO: [ app_begin ] --START--
INFO: Run Behavior\ReadHtmlCacheBehavior [ RunTime:0.000000s ]
INFO: [ app_begin ] --END-- [ RunTime:0.000000s ]
NOTIC: [8] Undefined index: time E:\www\heiid.com\Application\Api\Controller\BaseController.class.php 第 122 行.
NOTIC: [8] Undefined index: test E:\www\heiid.com\Application\Api\Controller\BaseController.class.php 第 24 行.

[ 2016-07-09T13:08:57+08:00 ] 127.0.0.1 /index.php?m=Api&c=User&a=login
INFO: [ app_init ] --START--
INFO: Run Behavior\BuildLiteBehavior [ RunTime:0.000000s ]
INFO: [ app_init ] --END-- [ RunTime:0.000000s ]
INFO: [ app_begin ] --START--
INFO: Run Behavior\ReadHtmlCacheBehavior [ RunTime:0.000000s ]
INFO: [ app_begin ] --END-- [ RunTime:0.000000s ]
NOTIC: [8] Undefined index: test E:\www\heiid.com\Application\Api\Controller\BaseController.class.php 第 24 行.
NOTIC: [8] Undefined index: result E:\www\heiid.com\Application\Api\Controller\UserController.class.php 第 34 行.

[ 2016-07-09T13:09:04+08:00 ] 127.0.0.1 /index.php?m=Api&c=User&a=login
INFO: [ app_init ] --START--
INFO: Run Behavior\BuildLiteBehavior [ RunTime:0.000000s ]
INFO: [ app_init ] --END-- [ RunTime:0.000000s ]
INFO: [ app_begin ] --START--
INFO: Run Behavior\ReadHtmlCacheBehavior [ RunTime:0.000000s ]
INFO: [ app_begin ] --END-- [ RunTime:0.000000s ]

[ 2016-07-09T13:09:13+08:00 ] 127.0.0.1 /index.php?m=Api&c=User&a=login
INFO: [ app_init ] --START--
INFO: Run Behavior\BuildLiteBehavior [ RunTime:0.000000s ]
INFO: [ app_init ] --END-- [ RunTime:0.000000s ]
INFO: [ app_begin ] --START--
INFO: Run Behavior\ReadHtmlCacheBehavior [ RunTime:0.000000s ]
INFO: [ app_begin ] --END-- [ RunTime:0.000000s ]

[ 2016-07-09T13:09:24+08:00 ] 127.0.0.1 /index.php?m=Api&c=User&a=login
INFO: [ app_init ] --START--
INFO: Run Behavior\BuildLiteBehavior [ RunTime:0.000000s ]
INFO: [ app_init ] --END-- [ RunTime:0.000000s ]
INFO: [ app_begin ] --START--
INFO: Run Behavior\ReadHtmlCacheBehavior [ RunTime:0.000000s ]
INFO: [ app_begin ] --END-- [ RunTime:0.000000s ]

[ 2016-07-09T13:09:44+08:00 ] 127.0.0.1 /index.php?m=Api&c=User&a=login
INFO: [ app_init ] --START--
INFO: Run Behavior\BuildLiteBehavior [ RunTime:0.000000s ]
INFO: [ app_init ] --END-- [ RunTime:0.000000s ]
INFO: [ app_begin ] --START--
INFO: Run Behavior\ReadHtmlCacheBehavior [ RunTime:0.000000s ]
INFO: [ app_begin ] --END-- [ RunTime:0.000000s ]

[ 2016-07-09T13:10:29+08:00 ] 127.0.0.1 /index.php?m=Api&c=Base&a=getServerTime
INFO: [ app_init ] --START--
INFO: Run Behavior\BuildLiteBehavior [ RunTime:0.000000s ]
INFO: [ app_init ] --END-- [ RunTime:0.000000s ]
INFO: [ app_begin ] --START--
INFO: Run Behavior\ReadHtmlCacheBehavior [ RunTime:0.000000s ]
INFO: [ app_begin ] --END-- [ RunTime:0.000000s ]
NOTIC: [8] Undefined index: time E:\www\heiid.com\Application\Api\Controller\BaseController.class.php 第 122 行.
NOTIC: [8] Undefined index: test E:\www\heiid.com\Application\Api\Controller\BaseController.class.php 第 24 行.

[ 2016-07-09T13:10:54+08:00 ] 127.0.0.1 /index.php?m=Api&c=User&a=login
INFO: [ app_init ] --START--
INFO: Run Behavior\BuildLiteBehavior [ RunTime:0.000000s ]
INFO: [ app_init ] --END-- [ RunTime:0.000000s ]
INFO: [ app_begin ] --START--
INFO: Run Behavior\ReadHtmlCacheBehavior [ RunTime:0.000000s ]
INFO: [ app_begin ] --END-- [ RunTime:0.000000s ]
NOTIC: [8] Undefined index: test E:\www\heiid.com\Application\Api\Controller\BaseController.class.php 第 24 行.
NOTIC: [8] Undefined index: result E:\www\heiid.com\Application\Api\Controller\UserController.class.php 第 34 行.

[ 2016-07-09T13:11:01+08:00 ] 127.0.0.1 /index.php?m=Api&c=User&a=login
INFO: [ app_init ] --START--
INFO: Run Behavior\BuildLiteBehavior [ RunTime:0.000000s ]
INFO: [ app_init ] --END-- [ RunTime:0.000000s ]
INFO: [ app_begin ] --START--
INFO: Run Behavior\ReadHtmlCacheBehavior [ RunTime:0.000000s ]
INFO: [ app_begin ] --END-- [ RunTime:0.000000s ]
NOTIC: [8] Undefined index: test E:\www\heiid.com\Application\Api\Controller\BaseController.class.php 第 24 行.
NOTIC: [8] Undefined index: result E:\www\heiid.com\Application\Api\Controller\UserController.class.php 第 34 行.

[ 2016-07-09T13:11:06+08:00 ] 127.0.0.1 /index.php?m=Api&c=User&a=login
INFO: [ app_init ] --START--
INFO: Run Behavior\BuildLiteBehavior [ RunTime:0.000000s ]
INFO: [ app_init ] --END-- [ RunTime:0.000000s ]
INFO: [ app_begin ] --START--
INFO: Run Behavior\ReadHtmlCacheBehavior [ RunTime:0.000000s ]
INFO: [ app_begin ] --END-- [ RunTime:0.000000s ]
NOTIC: [8] Undefined index: test E:\www\heiid.com\Application\Api\Controller\BaseController.class.php 第 24 行.
NOTIC: [8] Undefined index: result E:\www\heiid.com\Application\Api\Controller\UserController.class.php 第 34 行.

[ 2016-07-09T13:11:19+08:00 ] 127.0.0.1 /index.php?m=Api&c=User&a=login
INFO: [ app_init ] --START--
INFO: Run Behavior\BuildLiteBehavior [ RunTime:0.000000s ]
INFO: [ app_init ] --END-- [ RunTime:0.000000s ]
INFO: [ app_begin ] --START--
INFO: Run Behavior\ReadHtmlCacheBehavior [ RunTime:0.000000s ]
INFO: [ app_begin ] --END-- [ RunTime:0.000000s ]
NOTIC: [8] Undefined index: test E:\www\heiid.com\Application\Api\Controller\BaseController.class.php 第 24 行.
NOTIC: [8] Undefined index: result E:\www\heiid.com\Application\Api\Controller\UserController.class.php 第 34 行.

[ 2016-07-09T13:12:01+08:00 ] 127.0.0.1 /index.php?m=Api&c=User&a=login
INFO: [ app_init ] --START--
INFO: Run Behavior\BuildLiteBehavior [ RunTime:0.000000s ]
INFO: [ app_init ] --END-- [ RunTime:0.000000s ]
INFO: [ app_begin ] --START--
INFO: Run Behavior\ReadHtmlCacheBehavior [ RunTime:0.000000s ]
INFO: [ app_begin ] --END-- [ RunTime:0.000000s ]
NOTIC: [8] Undefined index: test E:\www\heiid.com\Application\Api\Controller\BaseController.class.php 第 24 行.
NOTIC: [8] Undefined index: result E:\www\heiid.com\Application\Api\Controller\UserController.class.php 第 34 行.

[ 2016-07-09T13:12:06+08:00 ] 127.0.0.1 /index.php?m=Api&c=User&a=login
INFO: [ app_init ] --START--
INFO: Run Behavior\BuildLiteBehavior [ RunTime:0.000000s ]
INFO: [ app_init ] --END-- [ RunTime:0.000000s ]
INFO: [ app_begin ] --START--
INFO: Run Behavior\ReadHtmlCacheBehavior [ RunTime:0.000000s ]
INFO: [ app_begin ] --END-- [ RunTime:0.000000s ]
NOTIC: [8] Undefined index: test E:\www\heiid.com\Application\Api\Controller\BaseController.class.php 第 24 行.
NOTIC: [8] Undefined index: result E:\www\heiid.com\Application\Api\Controller\UserController.class.php 第 34 行.

[ 2016-07-09T13:15:13+08:00 ] 127.0.0.1 /index.php?m=Api&c=User&a=login
INFO: [ app_init ] --START--
INFO: Run Behavior\BuildLiteBehavior [ RunTime:0.000000s ]
INFO: [ app_init ] --END-- [ RunTime:0.000000s ]
INFO: [ app_begin ] --START--
INFO: Run Behavior\ReadHtmlCacheBehavior [ RunTime:0.000000s ]
INFO: [ app_begin ] --END-- [ RunTime:0.000000s ]
NOTIC: [8] Undefined index: test E:\www\heiid.com\Application\Api\Controller\BaseController.class.php 第 24 行.
NOTIC: [8] Undefined index: result E:\www\heiid.com\Application\Api\Controller\UserController.class.php 第 34 行.

[ 2016-07-09T13:16:02+08:00 ] 127.0.0.1 /index.php?m=Api&c=User&a=login
INFO: [ app_init ] --START--
INFO: Run Behavior\BuildLiteBehavior [ RunTime:0.000000s ]
INFO: [ app_init ] --END-- [ RunTime:0.000000s ]
INFO: [ app_begin ] --START--
INFO: Run Behavior\ReadHtmlCacheBehavior [ RunTime:0.000000s ]
INFO: [ app_begin ] --END-- [ RunTime:0.000000s ]
NOTIC: [8] Undefined index: test E:\www\heiid.com\Application\Api\Controller\BaseController.class.php 第 24 行.
NOTIC: [8] Undefined index: result E:\www\heiid.com\Application\Api\Controller\UserController.class.php 第 34 行.

[ 2016-07-09T13:17:16+08:00 ] 127.0.0.1 /index.php?m=Api&c=User&a=login
INFO: [ app_init ] --START--
INFO: Run Behavior\BuildLiteBehavior [ RunTime:0.000000s ]
INFO: [ app_init ] --END-- [ RunTime:0.000000s ]
INFO: [ app_begin ] --START--
INFO: Run Behavior\ReadHtmlCacheBehavior [ RunTime:0.001000s ]
INFO: [ app_begin ] --END-- [ RunTime:0.001000s ]

[ 2016-07-09T13:17:26+08:00 ] 127.0.0.1 /index.php?m=Api&c=User&a=login
INFO: [ app_init ] --START--
INFO: Run Behavior\BuildLiteBehavior [ RunTime:0.000000s ]
INFO: [ app_init ] --END-- [ RunTime:0.000000s ]
INFO: [ app_begin ] --START--
INFO: Run Behavior\ReadHtmlCacheBehavior [ RunTime:0.015600s ]
INFO: [ app_begin ] --END-- [ RunTime:0.015600s ]

[ 2016-07-09T13:17:45+08:00 ] 127.0.0.1 /index.php?m=Api&c=User&a=login
INFO: [ app_init ] --START--
INFO: Run Behavior\BuildLiteBehavior [ RunTime:0.000000s ]
INFO: [ app_init ] --END-- [ RunTime:0.000000s ]
INFO: [ app_begin ] --START--
INFO: Run Behavior\ReadHtmlCacheBehavior [ RunTime:0.000000s ]
INFO: [ app_begin ] --END-- [ RunTime:0.000000s ]

[ 2016-07-09T13:19:06+08:00 ] 127.0.0.1 /index.php?m=Api&c=Base&a=getServerTime
INFO: [ app_init ] --START--
INFO: Run Behavior\BuildLiteBehavior [ RunTime:0.000000s ]
INFO: [ app_init ] --END-- [ RunTime:0.000000s ]
INFO: [ app_begin ] --START--
INFO: Run Behavior\ReadHtmlCacheBehavior [ RunTime:0.001000s ]
INFO: [ app_begin ] --END-- [ RunTime:0.001000s ]
NOTIC: [8] Undefined index: time E:\www\heiid.com\Application\Api\Controller\BaseController.class.php 第 122 行.
NOTIC: [8] Undefined index: test E:\www\heiid.com\Application\Api\Controller\BaseController.class.php 第 24 行.

[ 2016-07-09T13:19:15+08:00 ] 127.0.0.1 /index.php?m=Api&c=Base&a=getServerTime
INFO: [ app_init ] --START--
INFO: Run Behavior\BuildLiteBehavior [ RunTime:0.000000s ]
INFO: [ app_init ] --END-- [ RunTime:0.000000s ]
INFO: [ app_begin ] --START--
INFO: Run Behavior\ReadHtmlCacheBehavior [ RunTime:0.000000s ]
INFO: [ app_begin ] --END-- [ RunTime:0.000000s ]
NOTIC: [8] Undefined index: time E:\www\heiid.com\Application\Api\Controller\BaseController.class.php 第 122 行.
NOTIC: [8] Undefined index: test E:\www\heiid.com\Application\Api\Controller\BaseController.class.php 第 24 行.

[ 2016-07-09T13:19:30+08:00 ] 127.0.0.1 /index.php?m=Api&c=User&a=login
INFO: [ app_init ] --START--
INFO: Run Behavior\BuildLiteBehavior [ RunTime:0.000000s ]
INFO: [ app_init ] --END-- [ RunTime:0.000000s ]
INFO: [ app_begin ] --START--
INFO: Run Behavior\ReadHtmlCacheBehavior [ RunTime:0.000000s ]
INFO: [ app_begin ] --END-- [ RunTime:0.000000s ]

[ 2016-07-09T13:19:53+08:00 ] 127.0.0.1 /index.php?m=Api&c=User&a=login
INFO: [ app_init ] --START--
INFO: Run Behavior\BuildLiteBehavior [ RunTime:0.000000s ]
INFO: [ app_init ] --END-- [ RunTime:0.000000s ]
INFO: [ app_begin ] --START--
INFO: Run Behavior\ReadHtmlCacheBehavior [ RunTime:0.000000s ]
INFO: [ app_begin ] --END-- [ RunTime:0.000000s ]

[ 2016-07-09T13:20:45+08:00 ] 127.0.0.1 /index.php?m=Api&c=Base&a=getServerTime
INFO: [ app_init ] --START--
INFO: Run Behavior\BuildLiteBehavior [ RunTime:0.000000s ]
INFO: [ app_init ] --END-- [ RunTime:0.000000s ]
INFO: [ app_begin ] --START--
INFO: Run Behavior\ReadHtmlCacheBehavior [ RunTime:0.000000s ]
INFO: [ app_begin ] --END-- [ RunTime:0.000000s ]
NOTIC: [8] Undefined index: time E:\www\heiid.com\Application\Api\Controller\BaseController.class.php 第 122 行.
NOTIC: [8] Undefined index: test E:\www\heiid.com\Application\Api\Controller\BaseController.class.php 第 24 行.

[ 2016-07-09T13:20:52+08:00 ] 127.0.0.1 /index.php?m=Api&c=Base&a=getServerTime
INFO: [ app_init ] --START--
INFO: Run Behavior\BuildLiteBehavior [ RunTime:0.000000s ]
INFO: [ app_init ] --END-- [ RunTime:0.000000s ]
INFO: [ app_begin ] --START--
INFO: Run Behavior\ReadHtmlCacheBehavior [ RunTime:0.000000s ]
INFO: [ app_begin ] --END-- [ RunTime:0.000000s ]
NOTIC: [8] Undefined index: time E:\www\heiid.com\Application\Api\Controller\BaseController.class.php 第 122 行.
NOTIC: [8] Undefined index: test E:\www\heiid.com\Application\Api\Controller\BaseController.class.php 第 24 行.

[ 2016-07-09T13:21:16+08:00 ] 127.0.0.1 /index.php?m=Api&c=User&a=login
INFO: [ app_init ] --START--
INFO: Run Behavior\BuildLiteBehavior [ RunTime:0.000000s ]
INFO: [ app_init ] --END-- [ RunTime:0.001000s ]
INFO: [ app_begin ] --START--
INFO: Run Behavior\ReadHtmlCacheBehavior [ RunTime:0.001001s ]
INFO: [ app_begin ] --END-- [ RunTime:0.001001s ]
NOTIC: [8] Undefined index: test E:\www\heiid.com\Application\Api\Controller\BaseController.class.php 第 24 行.
NOTIC: [8] Undefined index: result E:\www\heiid.com\Application\Api\Controller\UserController.class.php 第 34 行.

[ 2016-07-09T13:21:36+08:00 ] 127.0.0.1 /index.php?m=Api&c=User&a=login
INFO: [ app_init ] --START--
INFO: Run Behavior\BuildLiteBehavior [ RunTime:0.000000s ]
INFO: [ app_init ] --END-- [ RunTime:0.000000s ]
INFO: [ app_begin ] --START--
INFO: Run Behavior\ReadHtmlCacheBehavior [ RunTime:0.000000s ]
INFO: [ app_begin ] --END-- [ RunTime:0.000000s ]

[ 2016-07-09T13:21:53+08:00 ] 127.0.0.1 /index.php?m=Api&c=User&a=login
INFO: [ app_init ] --START--
INFO: Run Behavior\BuildLiteBehavior [ RunTime:0.000000s ]
INFO: [ app_init ] --END-- [ RunTime:0.000000s ]
INFO: [ app_begin ] --START--
INFO: Run Behavior\ReadHtmlCacheBehavior [ RunTime:0.000000s ]
INFO: [ app_begin ] --END-- [ RunTime:0.000000s ]

[ 2016-07-09T13:28:12+08:00 ] 127.0.0.1 /index.php?m=Api&c=Base&a=getServerTime
INFO: [ app_init ] --START--
INFO: Run Behavior\BuildLiteBehavior [ RunTime:0.000000s ]
INFO: [ app_init ] --END-- [ RunTime:0.000000s ]
INFO: [ app_begin ] --START--
INFO: Run Behavior\ReadHtmlCacheBehavior [ RunTime:0.000000s ]
INFO: [ app_begin ] --END-- [ RunTime:0.000000s ]
NOTIC: [8] Undefined index: time E:\www\heiid.com\Application\Api\Controller\BaseController.class.php 第 122 行.
NOTIC: [8] Undefined index: test E:\www\heiid.com\Application\Api\Controller\BaseController.class.php 第 24 行.

[ 2016-07-09T13:28:24+08:00 ] 127.0.0.1 /index.php?m=Api&c=User&a=login
INFO: [ app_init ] --START--
INFO: Run Behavior\BuildLiteBehavior [ RunTime:0.000000s ]
INFO: [ app_init ] --END-- [ RunTime:0.000000s ]
INFO: [ app_begin ] --START--
INFO: Run Behavior\ReadHtmlCacheBehavior [ RunTime:0.000000s ]
INFO: [ app_begin ] --END-- [ RunTime:0.000000s ]
NOTIC: [8] Undefined index: test E:\www\heiid.com\Application\Api\Controller\BaseController.class.php 第 24 行.
NOTIC: [8] Undefined index: result E:\www\heiid.com\Application\Api\Controller\UserController.class.php 第 34 行.

[ 2016-07-09T13:28:30+08:00 ] 127.0.0.1 /index.php?m=Api&c=User&a=login
INFO: [ app_init ] --START--
INFO: Run Behavior\BuildLiteBehavior [ RunTime:0.000000s ]
INFO: [ app_init ] --END-- [ RunTime:0.001000s ]
INFO: [ app_begin ] --START--
INFO: Run Behavior\ReadHtmlCacheBehavior [ RunTime:0.001000s ]
INFO: [ app_begin ] --END-- [ RunTime:0.001000s ]
NOTIC: [8] Undefined index: test E:\www\heiid.com\Application\Api\Controller\BaseController.class.php 第 24 行.
NOTIC: [8] Undefined index: result E:\www\heiid.com\Application\Api\Controller\UserController.class.php 第 34 行.

[ 2016-07-09T13:28:39+08:00 ] 127.0.0.1 /index.php?m=Api&c=User&a=login
INFO: [ app_init ] --START--
INFO: Run Behavior\BuildLiteBehavior [ RunTime:0.000000s ]
INFO: [ app_init ] --END-- [ RunTime:0.001000s ]
INFO: [ app_begin ] --START--
INFO: Run Behavior\ReadHtmlCacheBehavior [ RunTime:0.001000s ]
INFO: [ app_begin ] --END-- [ RunTime:0.001000s ]
NOTIC: [8] Undefined index: test E:\www\heiid.com\Application\Api\Controller\BaseController.class.php 第 24 行.
NOTIC: [8] Undefined index: result E:\www\heiid.com\Application\Api\Controller\UserController.class.php 第 34 行.

[ 2016-07-09T13:28:57+08:00 ] 127.0.0.1 /index.php?m=Api&c=User&a=login
INFO: [ app_init ] --START--
INFO: Run Behavior\BuildLiteBehavior [ RunTime:0.000000s ]
INFO: [ app_init ] --END-- [ RunTime:0.000000s ]
INFO: [ app_begin ] --START--
INFO: Run Behavior\ReadHtmlCacheBehavior [ RunTime:0.000000s ]
INFO: [ app_begin ] --END-- [ RunTime:0.000000s ]
NOTIC: [8] Undefined index: test E:\www\heiid.com\Application\Api\Controller\BaseController.class.php 第 24 行.
NOTIC: [8] Undefined index: result E:\www\heiid.com\Application\Api\Controller\UserController.class.php 第 34 行.

[ 2016-07-09T13:29:08+08:00 ] 127.0.0.1 /index.php?m=Api&c=User&a=login
INFO: [ app_init ] --START--
INFO: Run Behavior\BuildLiteBehavior [ RunTime:0.000000s ]
INFO: [ app_init ] --END-- [ RunTime:0.000000s ]
INFO: [ app_begin ] --START--
INFO: Run Behavior\ReadHtmlCacheBehavior [ RunTime:0.000000s ]
INFO: [ app_begin ] --END-- [ RunTime:0.000000s ]
NOTIC: [8] Undefined index: test E:\www\heiid.com\Application\Api\Controller\BaseController.class.php 第 24 行.

[ 2016-07-09T13:32:06+08:00 ] 127.0.0.1 /index.php?m=Api&c=User&a=login
INFO: [ app_init ] --START--
INFO: Run Behavior\BuildLiteBehavior [ RunTime:0.000000s ]
INFO: [ app_init ] --END-- [ RunTime:0.000000s ]
INFO: [ app_begin ] --START--
INFO: Run Behavior\ReadHtmlCacheBehavior [ RunTime:0.000000s ]
INFO: [ app_begin ] --END-- [ RunTime:0.000000s ]
NOTIC: [8] Undefined index: test E:\www\heiid.com\Application\Api\Controller\BaseController.class.php 第 24 行.

[ 2016-07-09T15:00:43+08:00 ] 127.0.0.1 /index.php?m=Api&c=Base&a=getServerTime
INFO: [ app_init ] --START--
INFO: Run Behavior\BuildLiteBehavior [ RunTime:0.000000s ]
INFO: [ app_init ] --END-- [ RunTime:0.000000s ]
INFO: [ app_begin ] --START--
INFO: Run Behavior\ReadHtmlCacheBehavior [ RunTime:0.000000s ]
INFO: [ app_begin ] --END-- [ RunTime:0.000000s ]
NOTIC: [8] Undefined index: time E:\www\heiid.com\Application\Api\Controller\BaseController.class.php 第 122 行.
NOTIC: [8] Undefined index: test E:\www\heiid.com\Application\Api\Controller\BaseController.class.php 第 24 行.

[ 2016-07-09T15:00:54+08:00 ] 127.0.0.1 /index.php?m=Api&c=User&a=login
INFO: [ app_init ] --START--
INFO: Run Behavior\BuildLiteBehavior [ RunTime:0.000000s ]
INFO: [ app_init ] --END-- [ RunTime:0.000000s ]
INFO: [ app_begin ] --START--
INFO: Run Behavior\ReadHtmlCacheBehavior [ RunTime:0.000000s ]
INFO: [ app_begin ] --END-- [ RunTime:0.000000s ]
NOTIC: [8] Undefined index: test E:\www\heiid.com\Application\Api\Controller\BaseController.class.php 第 24 行.
NOTIC: [8] Undefined index: result E:\www\heiid.com\Application\Api\Controller\UserController.class.php 第 34 行.

[ 2016-07-09T15:01:19+08:00 ] 127.0.0.1 /index.php?m=Api&c=Base&a=getServerTime
INFO: [ app_init ] --START--
INFO: Run Behavior\BuildLiteBehavior [ RunTime:0.000000s ]
INFO: [ app_init ] --END-- [ RunTime:0.000000s ]
INFO: [ app_begin ] --START--
INFO: Run Behavior\ReadHtmlCacheBehavior [ RunTime:0.000000s ]
INFO: [ app_begin ] --END-- [ RunTime:0.000000s ]
NOTIC: [8] Undefined index: time E:\www\heiid.com\Application\Api\Controller\BaseController.class.php 第 122 行.
NOTIC: [8] Undefined index: test E:\www\heiid.com\Application\Api\Controller\BaseController.class.php 第 24 行.

[ 2016-07-09T15:01:28+08:00 ] 127.0.0.1 /index.php?m=Api&c=User&a=login
INFO: [ app_init ] --START--
INFO: Run Behavior\BuildLiteBehavior [ RunTime:0.000000s ]
INFO: [ app_init ] --END-- [ RunTime:0.000000s ]
INFO: [ app_begin ] --START--
INFO: Run Behavior\ReadHtmlCacheBehavior [ RunTime:0.000000s ]
INFO: [ app_begin ] --END-- [ RunTime:0.000000s ]
NOTIC: [8] Undefined index: test E:\www\heiid.com\Application\Api\Controller\BaseController.class.php 第 24 行.
NOTIC: [8] Undefined index: result E:\www\heiid.com\Application\Api\Controller\UserController.class.php 第 34 行.

[ 2016-07-09T15:01:50+08:00 ] 127.0.0.1 /index.php?m=Api&c=Base&a=getServerTime
INFO: [ app_init ] --START--
INFO: Run Behavior\BuildLiteBehavior [ RunTime:0.000000s ]
INFO: [ app_init ] --END-- [ RunTime:0.000000s ]
INFO: [ app_begin ] --START--
INFO: Run Behavior\ReadHtmlCacheBehavior [ RunTime:0.000000s ]
INFO: [ app_begin ] --END-- [ RunTime:0.000000s ]
NOTIC: [8] Undefined index: time E:\www\heiid.com\Application\Api\Controller\BaseController.class.php 第 122 行.
NOTIC: [8] Undefined index: test E:\www\heiid.com\Application\Api\Controller\BaseController.class.php 第 24 行.

[ 2016-07-09T15:01:54+08:00 ] 127.0.0.1 /index.php?m=Api&c=User&a=login
INFO: [ app_init ] --START--
INFO: Run Behavior\BuildLiteBehavior [ RunTime:0.000000s ]
INFO: [ app_init ] --END-- [ RunTime:0.000000s ]
INFO: [ app_begin ] --START--
INFO: Run Behavior\ReadHtmlCacheBehavior [ RunTime:0.000000s ]
INFO: [ app_begin ] --END-- [ RunTime:0.000000s ]
NOTIC: [8] Undefined index: test E:\www\heiid.com\Application\Api\Controller\BaseController.class.php 第 24 行.
NOTIC: [8] Undefined index: result E:\www\heiid.com\Application\Api\Controller\UserController.class.php 第 34 行.

[ 2016-07-09T15:01:56+08:00 ] 127.0.0.1 /index.php?m=Api&c=User&a=login
INFO: [ app_init ] --START--
INFO: Run Behavior\BuildLiteBehavior [ RunTime:0.000000s ]
INFO: [ app_init ] --END-- [ RunTime:0.000000s ]
INFO: [ app_begin ] --START--
INFO: Run Behavior\ReadHtmlCacheBehavior [ RunTime:0.015601s ]
INFO: [ app_begin ] --END-- [ RunTime:0.015601s ]
NOTIC: [8] Undefined index: test E:\www\heiid.com\Application\Api\Controller\BaseController.class.php 第 24 行.
NOTIC: [8] Undefined index: result E:\www\heiid.com\Application\Api\Controller\UserController.class.php 第 34 行.

[ 2016-07-09T15:02:02+08:00 ] 127.0.0.1 /index.php?m=Api&c=User&a=login
INFO: [ app_init ] --START--
INFO: Run Behavior\BuildLiteBehavior [ RunTime:0.000000s ]
INFO: [ app_init ] --END-- [ RunTime:0.000000s ]
INFO: [ app_begin ] --START--
INFO: Run Behavior\ReadHtmlCacheBehavior [ RunTime:0.000000s ]
INFO: [ app_begin ] --END-- [ RunTime:0.000000s ]
NOTIC: [8] Undefined index: test E:\www\heiid.com\Application\Api\Controller\BaseController.class.php 第 24 行.
NOTIC: [8] Undefined index: result E:\www\heiid.com\Application\Api\Controller\UserController.class.php 第 34 行.

[ 2016-07-09T15:02:04+08:00 ] 127.0.0.1 /index.php?m=Api&c=User&a=login
INFO: [ app_init ] --START--
INFO: Run Behavior\BuildLiteBehavior [ RunTime:0.000000s ]
INFO: [ app_init ] --END-- [ RunTime:0.000000s ]
INFO: [ app_begin ] --START--
INFO: Run Behavior\ReadHtmlCacheBehavior [ RunTime:0.000000s ]
INFO: [ app_begin ] --END-- [ RunTime:0.000000s ]
NOTIC: [8] Undefined index: test E:\www\heiid.com\Application\Api\Controller\BaseController.class.php 第 24 行.
NOTIC: [8] Undefined index: result E:\www\heiid.com\Application\Api\Controller\UserController.class.php 第 34 行.

[ 2016-07-09T15:02:08+08:00 ] 127.0.0.1 /index.php?m=Api&c=User&a=login
INFO: [ app_init ] --START--
INFO: Run Behavior\BuildLiteBehavior [ RunTime:0.000000s ]
INFO: [ app_init ] --END-- [ RunTime:0.000000s ]
INFO: [ app_begin ] --START--
INFO: Run Behavior\ReadHtmlCacheBehavior [ RunTime:0.000000s ]
INFO: [ app_begin ] --END-- [ RunTime:0.000000s ]
NOTIC: [8] Undefined index: test E:\www\heiid.com\Application\Api\Controller\BaseController.class.php 第 24 行.
NOTIC: [8] Undefined index: result E:\www\heiid.com\Application\Api\Controller\UserController.class.php 第 34 行.

[ 2016-07-09T15:09:01+08:00 ] 127.0.0.1 /index.php?m=Api&c=Base&a=getServerTime
INFO: [ app_init ] --START--
INFO: Run Behavior\BuildLiteBehavior [ RunTime:0.000000s ]
INFO: [ app_init ] --END-- [ RunTime:0.000000s ]
INFO: [ app_begin ] --START--
INFO: Run Behavior\ReadHtmlCacheBehavior [ RunTime:0.000000s ]
INFO: [ app_begin ] --END-- [ RunTime:0.000000s ]
NOTIC: [8] Undefined index: time E:\www\heiid.com\Application\Api\Controller\BaseController.class.php 第 122 行.
NOTIC: [8] Undefined index: test E:\www\heiid.com\Application\Api\Controller\BaseController.class.php 第 24 行.

[ 2016-07-09T15:10:13+08:00 ] 127.0.0.1 /index.php?m=Api&c=Base&a=getServerTime
INFO: [ app_init ] --START--
INFO: Run Behavior\BuildLiteBehavior [ RunTime:0.000000s ]
INFO: [ app_init ] --END-- [ RunTime:0.000000s ]
INFO: [ app_begin ] --START--
INFO: Run Behavior\ReadHtmlCacheBehavior [ RunTime:0.000000s ]
INFO: [ app_begin ] --END-- [ RunTime:0.000000s ]
NOTIC: [8] Undefined index: time E:\www\heiid.com\Application\Api\Controller\BaseController.class.php 第 122 行.
NOTIC: [8] Undefined index: test E:\www\heiid.com\Application\Api\Controller\BaseController.class.php 第 24 行.

[ 2016-07-09T15:11:10+08:00 ] 127.0.0.1 /index.php?m=Api&c=Base&a=getServerTime
INFO: [ app_init ] --START--
INFO: Run Behavior\BuildLiteBehavior [ RunTime:0.000000s ]
INFO: [ app_init ] --END-- [ RunTime:0.000000s ]
INFO: [ app_begin ] --START--
INFO: Run Behavior\ReadHtmlCacheBehavior [ RunTime:0.000000s ]
INFO: [ app_begin ] --END-- [ RunTime:0.000000s ]
NOTIC: [8] Undefined index: time E:\www\heiid.com\Application\Api\Controller\BaseController.class.php 第 122 行.
NOTIC: [8] Undefined index: test E:\www\heiid.com\Application\Api\Controller\BaseController.class.php 第 24 行.

[ 2016-07-09T15:11:44+08:00 ] 127.0.0.1 /index.php?m=Api&c=Base&a=getServerTime
INFO: [ app_init ] --START--
INFO: Run Behavior\BuildLiteBehavior [ RunTime:0.000000s ]
INFO: [ app_init ] --END-- [ RunTime:0.000000s ]
INFO: [ app_begin ] --START--
INFO: Run Behavior\ReadHtmlCacheBehavior [ RunTime:0.000000s ]
INFO: [ app_begin ] --END-- [ RunTime:0.000000s ]
NOTIC: [8] Undefined index: time E:\www\heiid.com\Application\Api\Controller\BaseController.class.php 第 122 行.
NOTIC: [8] Undefined index: test E:\www\heiid.com\Application\Api\Controller\BaseController.class.php 第 24 行.

[ 2016-07-09T15:12:14+08:00 ] 127.0.0.1 /index.php?m=Api&c=Base&a=getServerTime
INFO: [ app_init ] --START--
INFO: Run Behavior\BuildLiteBehavior [ RunTime:0.000000s ]
INFO: [ app_init ] --END-- [ RunTime:0.000000s ]
INFO: [ app_begin ] --START--
INFO: Run Behavior\ReadHtmlCacheBehavior [ RunTime:0.000000s ]
INFO: [ app_begin ] --END-- [ RunTime:0.000000s ]
NOTIC: [8] Undefined index: time E:\www\heiid.com\Application\Api\Controller\BaseController.class.php 第 122 行.
NOTIC: [8] Undefined index: test E:\www\heiid.com\Application\Api\Controller\BaseController.class.php 第 24 行.

[ 2016-07-09T15:12:20+08:00 ] 127.0.0.1 /index.php?m=Api&c=User&a=login
INFO: [ app_init ] --START--
INFO: Run Behavior\BuildLiteBehavior [ RunTime:0.000000s ]
INFO: [ app_init ] --END-- [ RunTime:0.000000s ]
INFO: [ app_begin ] --START--
INFO: Run Behavior\ReadHtmlCacheBehavior [ RunTime:0.000000s ]
INFO: [ app_begin ] --END-- [ RunTime:0.000000s ]
NOTIC: [8] Undefined index: test E:\www\heiid.com\Application\Api\Controller\BaseController.class.php 第 24 行.
NOTIC: [8] Undefined index: result E:\www\heiid.com\Application\Api\Controller\UserController.class.php 第 34 行.

[ 2016-07-09T15:12:27+08:00 ] 127.0.0.1 /index.php?m=Api&c=User&a=login
INFO: [ app_init ] --START--
INFO: Run Behavior\BuildLiteBehavior [ RunTime:0.000000s ]
INFO: [ app_init ] --END-- [ RunTime:0.000000s ]
INFO: [ app_begin ] --START--
INFO: Run Behavior\ReadHtmlCacheBehavior [ RunTime:0.000000s ]
INFO: [ app_begin ] --END-- [ RunTime:0.000000s ]
NOTIC: [8] Undefined index: test E:\www\heiid.com\Application\Api\Controller\BaseController.class.php 第 24 行.
NOTIC: [8] Undefined index: result E:\www\heiid.com\Application\Api\Controller\UserController.class.php 第 34 行.

[ 2016-07-09T15:12:28+08:00 ] 127.0.0.1 /index.php?m=Api&c=User&a=login
INFO: [ app_init ] --START--
INFO: Run Behavior\BuildLiteBehavior [ RunTime:0.000000s ]
INFO: [ app_init ] --END-- [ RunTime:0.000000s ]
INFO: [ app_begin ] --START--
INFO: Run Behavior\ReadHtmlCacheBehavior [ RunTime:0.000000s ]
INFO: [ app_begin ] --END-- [ RunTime:0.000000s ]
NOTIC: [8] Undefined index: test E:\www\heiid.com\Application\Api\Controller\BaseController.class.php 第 24 行.
NOTIC: [8] Undefined index: result E:\www\heiid.com\Application\Api\Controller\UserController.class.php 第 34 行.

[ 2016-07-09T15:12:32+08:00 ] 127.0.0.1 /index.php?m=Api&c=User&a=login
INFO: [ app_init ] --START--
INFO: Run Behavior\BuildLiteBehavior [ RunTime:0.000000s ]
INFO: [ app_init ] --END-- [ RunTime:0.000000s ]
INFO: [ app_begin ] --START--
INFO: Run Behavior\ReadHtmlCacheBehavior [ RunTime:0.000000s ]
INFO: [ app_begin ] --END-- [ RunTime:0.000000s ]
NOTIC: [8] Undefined index: test E:\www\heiid.com\Application\Api\Controller\BaseController.class.php 第 24 行.
NOTIC: [8] Undefined index: result E:\www\heiid.com\Application\Api\Controller\UserController.class.php 第 34 行.

[ 2016-07-09T15:12:34+08:00 ] 127.0.0.1 /index.php?m=Api&c=User&a=login
INFO: [ app_init ] --START--
INFO: Run Behavior\BuildLiteBehavior [ RunTime:0.000000s ]
INFO: [ app_init ] --END-- [ RunTime:0.000000s ]
INFO: [ app_begin ] --START--
INFO: Run Behavior\ReadHtmlCacheBehavior [ RunTime:0.000000s ]
INFO: [ app_begin ] --END-- [ RunTime:0.000000s ]
NOTIC: [8] Undefined index: test E:\www\heiid.com\Application\Api\Controller\BaseController.class.php 第 24 行.
NOTIC: [8] Undefined index: result E:\www\heiid.com\Application\Api\Controller\UserController.class.php 第 34 行.

[ 2016-07-09T15:13:08+08:00 ] 127.0.0.1 /index.php?m=Api&c=User&a=login
INFO: [ app_init ] --START--
INFO: Run Behavior\BuildLiteBehavior [ RunTime:0.000000s ]
INFO: [ app_init ] --END-- [ RunTime:0.000000s ]
INFO: [ app_begin ] --START--
INFO: Run Behavior\ReadHtmlCacheBehavior [ RunTime:0.000000s ]
INFO: [ app_begin ] --END-- [ RunTime:0.000000s ]
NOTIC: [8] Undefined index: test E:\www\heiid.com\Application\Api\Controller\BaseController.class.php 第 24 行.

[ 2016-07-09T15:13:21+08:00 ] 127.0.0.1 /index.php?m=Api&c=Base&a=getServerTime
INFO: [ app_init ] --START--
INFO: Run Behavior\BuildLiteBehavior [ RunTime:0.000000s ]
INFO: [ app_init ] --END-- [ RunTime:0.000000s ]
INFO: [ app_begin ] --START--
INFO: Run Behavior\ReadHtmlCacheBehavior [ RunTime:0.000000s ]
INFO: [ app_begin ] --END-- [ RunTime:0.000000s ]
NOTIC: [8] Undefined index: time E:\www\heiid.com\Application\Api\Controller\BaseController.class.php 第 122 行.
NOTIC: [8] Undefined index: test E:\www\heiid.com\Application\Api\Controller\BaseController.class.php 第 24 行.

[ 2016-07-09T15:14:25+08:00 ] 127.0.0.1 /index.php?m=Api&c=Base&a=getServerTime
INFO: [ app_init ] --START--
INFO: Run Behavior\BuildLiteBehavior [ RunTime:0.000000s ]
INFO: [ app_init ] --END-- [ RunTime:0.000000s ]
INFO: [ app_begin ] --START--
INFO: Run Behavior\ReadHtmlCacheBehavior [ RunTime:0.000000s ]
INFO: [ app_begin ] --END-- [ RunTime:0.000000s ]
NOTIC: [8] Undefined index: time E:\www\heiid.com\Application\Api\Controller\BaseController.class.php 第 122 行.
NOTIC: [8] Undefined index: test E:\www\heiid.com\Application\Api\Controller\BaseController.class.php 第 24 行.

[ 2016-07-09T15:16:28+08:00 ] 127.0.0.1 /index.php?m=Api&c=Base&a=getServerTime
INFO: [ app_init ] --START--
INFO: Run Behavior\BuildLiteBehavior [ RunTime:0.000000s ]
INFO: [ app_init ] --END-- [ RunTime:0.000000s ]
INFO: [ app_begin ] --START--
INFO: Run Behavior\ReadHtmlCacheBehavior [ RunTime:0.000000s ]
INFO: [ app_begin ] --END-- [ RunTime:0.000000s ]
NOTIC: [8] Undefined index: time E:\www\heiid.com\Application\Api\Controller\BaseController.class.php 第 122 行.
NOTIC: [8] Undefined index: test E:\www\heiid.com\Application\Api\Controller\BaseController.class.php 第 24 行.

[ 2016-07-09T15:16:32+08:00 ] 127.0.0.1 /index.php?m=Api&c=User&a=login
INFO: [ app_init ] --START--
INFO: Run Behavior\BuildLiteBehavior [ RunTime:0.000000s ]
INFO: [ app_init ] --END-- [ RunTime:0.000000s ]
INFO: [ app_begin ] --START--
INFO: Run Behavior\ReadHtmlCacheBehavior [ RunTime:0.000000s ]
INFO: [ app_begin ] --END-- [ RunTime:0.000000s ]
NOTIC: [8] Undefined index: test E:\www\heiid.com\Application\Api\Controller\BaseController.class.php 第 24 行.
NOTIC: [8] Undefined index: result E:\www\heiid.com\Application\Api\Controller\UserController.class.php 第 34 行.

[ 2016-07-09T15:17:17+08:00 ] 127.0.0.1 /index.php?m=Api&c=Base&a=getServerTime
INFO: [ app_init ] --START--
INFO: Run Behavior\BuildLiteBehavior [ RunTime:0.000000s ]
INFO: [ app_init ] --END-- [ RunTime:0.000000s ]
INFO: [ app_begin ] --START--
INFO: Run Behavior\ReadHtmlCacheBehavior [ RunTime:0.000000s ]
INFO: [ app_begin ] --END-- [ RunTime:0.000000s ]
NOTIC: [8] Undefined index: time E:\www\heiid.com\Application\Api\Controller\BaseController.class.php 第 122 行.
NOTIC: [8] Undefined index: test E:\www\heiid.com\Application\Api\Controller\BaseController.class.php 第 24 行.

[ 2016-07-09T15:17:23+08:00 ] 127.0.0.1 /index.php?m=Api&c=User&a=login
INFO: [ app_init ] --START--
INFO: Run Behavior\BuildLiteBehavior [ RunTime:0.000000s ]
INFO: [ app_init ] --END-- [ RunTime:0.000000s ]
INFO: [ app_begin ] --START--
INFO: Run Behavior\ReadHtmlCacheBehavior [ RunTime:0.000000s ]
INFO: [ app_begin ] --END-- [ RunTime:0.000000s ]
NOTIC: [8] Undefined index: test E:\www\heiid.com\Application\Api\Controller\BaseController.class.php 第 24 行.
NOTIC: [8] Undefined index: result E:\www\heiid.com\Application\Api\Controller\UserController.class.php 第 34 行.

[ 2016-07-09T15:17:33+08:00 ] 127.0.0.1 /index.php?m=Api&c=User&a=login
INFO: [ app_init ] --START--
INFO: Run Behavior\BuildLiteBehavior [ RunTime:0.000000s ]
INFO: [ app_init ] --END-- [ RunTime:0.000000s ]
INFO: [ app_begin ] --START--
INFO: Run Behavior\ReadHtmlCacheBehavior [ RunTime:0.000000s ]
INFO: [ app_begin ] --END-- [ RunTime:0.000000s ]
NOTIC: [8] Undefined index: test E:\www\heiid.com\Application\Api\Controller\BaseController.class.php 第 24 行.
NOTIC: [8] Undefined index: result E:\www\heiid.com\Application\Api\Controller\UserController.class.php 第 34 行.

[ 2016-07-09T15:17:35+08:00 ] 127.0.0.1 /index.php?m=Api&c=User&a=login
INFO: [ app_init ] --START--
INFO: Run Behavior\BuildLiteBehavior [ RunTime:0.000000s ]
INFO: [ app_init ] --END-- [ RunTime:0.000000s ]
INFO: [ app_begin ] --START--
INFO: Run Behavior\ReadHtmlCacheBehavior [ RunTime:0.000000s ]
INFO: [ app_begin ] --END-- [ RunTime:0.000000s ]
NOTIC: [8] Undefined index: test E:\www\heiid.com\Application\Api\Controller\BaseController.class.php 第 24 行.
NOTIC: [8] Undefined index: result E:\www\heiid.com\Application\Api\Controller\UserController.class.php 第 34 行.

[ 2016-07-09T15:17:35+08:00 ] 127.0.0.1 /index.php?m=Api&c=User&a=login
INFO: [ app_init ] --START--
INFO: Run Behavior\BuildLiteBehavior [ RunTime:0.000000s ]
INFO: [ app_init ] --END-- [ RunTime:0.001000s ]
INFO: [ app_begin ] --START--
INFO: Run Behavior\ReadHtmlCacheBehavior [ RunTime:0.001000s ]
INFO: [ app_begin ] --END-- [ RunTime:0.001000s ]
NOTIC: [8] Undefined index: test E:\www\heiid.com\Application\Api\Controller\BaseController.class.php 第 24 行.
NOTIC: [8] Undefined index: result E:\www\heiid.com\Application\Api\Controller\UserController.class.php 第 34 行.

[ 2016-07-09T15:18:00+08:00 ] 127.0.0.1 /index.php?m=Api&c=Base&a=getServerTime
INFO: [ app_init ] --START--
INFO: Run Behavior\BuildLiteBehavior [ RunTime:0.000000s ]
INFO: [ app_init ] --END-- [ RunTime:0.000000s ]
INFO: [ app_begin ] --START--
INFO: Run Behavior\ReadHtmlCacheBehavior [ RunTime:0.000000s ]
INFO: [ app_begin ] --END-- [ RunTime:0.000000s ]
NOTIC: [8] Undefined index: time E:\www\heiid.com\Application\Api\Controller\BaseController.class.php 第 122 行.
NOTIC: [8] Undefined index: test E:\www\heiid.com\Application\Api\Controller\BaseController.class.php 第 24 行.

[ 2016-07-09T15:18:05+08:00 ] 127.0.0.1 /index.php?m=Api&c=User&a=login
INFO: [ app_init ] --START--
INFO: Run Behavior\BuildLiteBehavior [ RunTime:0.000000s ]
INFO: [ app_init ] --END-- [ RunTime:0.001000s ]
INFO: [ app_begin ] --START--
INFO: Run Behavior\ReadHtmlCacheBehavior [ RunTime:0.001000s ]
INFO: [ app_begin ] --END-- [ RunTime:0.001000s ]
NOTIC: [8] Undefined index: test E:\www\heiid.com\Application\Api\Controller\BaseController.class.php 第 24 行.
NOTIC: [8] Undefined index: result E:\www\heiid.com\Application\Api\Controller\UserController.class.php 第 34 行.

[ 2016-07-09T15:18:18+08:00 ] 127.0.0.1 /index.php?m=Api&c=User&a=login
INFO: [ app_init ] --START--
INFO: Run Behavior\BuildLiteBehavior [ RunTime:0.000000s ]
INFO: [ app_init ] --END-- [ RunTime:0.000000s ]
INFO: [ app_begin ] --START--
INFO: Run Behavior\ReadHtmlCacheBehavior [ RunTime:0.000000s ]
INFO: [ app_begin ] --END-- [ RunTime:0.000000s ]
NOTIC: [8] Undefined index: test E:\www\heiid.com\Application\Api\Controller\BaseController.class.php 第 24 行.
NOTIC: [8] Undefined index: result E:\www\heiid.com\Application\Api\Controller\UserController.class.php 第 34 行.

[ 2016-07-09T15:18:21+08:00 ] 127.0.0.1 /index.php?m=Api&c=User&a=login
INFO: [ app_init ] --START--
INFO: Run Behavior\BuildLiteBehavior [ RunTime:0.000000s ]
INFO: [ app_init ] --END-- [ RunTime:0.000000s ]
INFO: [ app_begin ] --START--
INFO: Run Behavior\ReadHtmlCacheBehavior [ RunTime:0.000000s ]
INFO: [ app_begin ] --END-- [ RunTime:0.000000s ]
NOTIC: [8] Undefined index: test E:\www\heiid.com\Application\Api\Controller\BaseController.class.php 第 24 行.
NOTIC: [8] Undefined index: result E:\www\heiid.com\Application\Api\Controller\UserController.class.php 第 34 行.

[ 2016-07-09T15:18:24+08:00 ] 127.0.0.1 /index.php?m=Api&c=User&a=login
INFO: [ app_init ] --START--
INFO: Run Behavior\BuildLiteBehavior [ RunTime:0.000000s ]
INFO: [ app_init ] --END-- [ RunTime:0.000000s ]
INFO: [ app_begin ] --START--
INFO: Run Behavior\ReadHtmlCacheBehavior [ RunTime:0.000000s ]
INFO: [ app_begin ] --END-- [ RunTime:0.000000s ]
NOTIC: [8] Undefined index: test E:\www\heiid.com\Application\Api\Controller\BaseController.class.php 第 24 行.
NOTIC: [8] Undefined index: result E:\www\heiid.com\Application\Api\Controller\UserController.class.php 第 34 行.

[ 2016-07-09T15:18:25+08:00 ] 127.0.0.1 /index.php?m=Api&c=User&a=login
INFO: [ app_init ] --START--
INFO: Run Behavior\BuildLiteBehavior [ RunTime:0.000000s ]
INFO: [ app_init ] --END-- [ RunTime:0.000000s ]
INFO: [ app_begin ] --START--
INFO: Run Behavior\ReadHtmlCacheBehavior [ RunTime:0.000000s ]
INFO: [ app_begin ] --END-- [ RunTime:0.000000s ]
NOTIC: [8] Undefined index: test E:\www\heiid.com\Application\Api\Controller\BaseController.class.php 第 24 行.
NOTIC: [8] Undefined index: result E:\www\heiid.com\Application\Api\Controller\UserController.class.php 第 34 行.

[ 2016-07-09T15:18:26+08:00 ] 127.0.0.1 /index.php?m=Api&c=User&a=login
INFO: [ app_init ] --START--
INFO: Run Behavior\BuildLiteBehavior [ RunTime:0.000000s ]
INFO: [ app_init ] --END-- [ RunTime:0.000000s ]
INFO: [ app_begin ] --START--
INFO: Run Behavior\ReadHtmlCacheBehavior [ RunTime:0.015600s ]
INFO: [ app_begin ] --END-- [ RunTime:0.015600s ]
NOTIC: [8] Undefined index: test E:\www\heiid.com\Application\Api\Controller\BaseController.class.php 第 24 行.
NOTIC: [8] Undefined index: result E:\www\heiid.com\Application\Api\Controller\UserController.class.php 第 34 行.

[ 2016-07-09T15:18:31+08:00 ] 127.0.0.1 /index.php?m=Api&c=User&a=login
INFO: [ app_init ] --START--
INFO: Run Behavior\BuildLiteBehavior [ RunTime:0.000000s ]
INFO: [ app_init ] --END-- [ RunTime:0.000000s ]
INFO: [ app_begin ] --START--
INFO: Run Behavior\ReadHtmlCacheBehavior [ RunTime:0.000000s ]
INFO: [ app_begin ] --END-- [ RunTime:0.000000s ]
NOTIC: [8] Undefined index: test E:\www\heiid.com\Application\Api\Controller\BaseController.class.php 第 24 行.
NOTIC: [8] Undefined index: result E:\www\heiid.com\Application\Api\Controller\UserController.class.php 第 34 行.

[ 2016-07-09T15:18:37+08:00 ] 127.0.0.1 /index.php?m=Api&c=User&a=login
INFO: [ app_init ] --START--
INFO: Run Behavior\BuildLiteBehavior [ RunTime:0.000000s ]
INFO: [ app_init ] --END-- [ RunTime:0.000000s ]
INFO: [ app_begin ] --START--
INFO: Run Behavior\ReadHtmlCacheBehavior [ RunTime:0.000000s ]
INFO: [ app_begin ] --END-- [ RunTime:0.000000s ]
NOTIC: [8] Undefined index: test E:\www\heiid.com\Application\Api\Controller\BaseController.class.php 第 24 行.
NOTIC: [8] Undefined index: result E:\www\heiid.com\Application\Api\Controller\UserController.class.php 第 34 行.

[ 2016-07-09T15:24:30+08:00 ] 127.0.0.1 /index.php?m=Api&c=Base&a=getServerTime
INFO: [ app_init ] --START--
INFO: Run Behavior\BuildLiteBehavior [ RunTime:0.000000s ]
INFO: [ app_init ] --END-- [ RunTime:0.000000s ]
INFO: [ app_begin ] --START--
INFO: Run Behavior\ReadHtmlCacheBehavior [ RunTime:0.000000s ]
INFO: [ app_begin ] --END-- [ RunTime:0.000000s ]
NOTIC: [8] Undefined index: time E:\www\heiid.com\Application\Api\Controller\BaseController.class.php 第 122 行.
NOTIC: [8] Undefined index: test E:\www\heiid.com\Application\Api\Controller\BaseController.class.php 第 24 行.

[ 2016-07-09T15:32:30+08:00 ] 127.0.0.1 /index.php?m=Api&c=User&a=login
INFO: [ app_init ] --START--
INFO: Run Behavior\BuildLiteBehavior [ RunTime:0.000000s ]
INFO: [ app_init ] --END-- [ RunTime:0.000000s ]
INFO: [ app_begin ] --START--
INFO: Run Behavior\ReadHtmlCacheBehavior [ RunTime:0.000000s ]
INFO: [ app_begin ] --END-- [ RunTime:0.000000s ]
NOTIC: [8] Undefined index: test E:\www\heiid.com\Application\Api\Controller\BaseController.class.php 第 24 行.
NOTIC: [8] Undefined index: result E:\www\heiid.com\Application\Api\Controller\UserController.class.php 第 34 行.

[ 2016-07-09T15:38:40+08:00 ] 127.0.0.1 /index.php?m=Api&c=User&a=login
INFO: [ app_init ] --START--
INFO: Run Behavior\BuildLiteBehavior [ RunTime:0.000000s ]
INFO: [ app_init ] --END-- [ RunTime:0.001000s ]
INFO: [ app_begin ] --START--
INFO: Run Behavior\ReadHtmlCacheBehavior [ RunTime:0.000000s ]
INFO: [ app_begin ] --END-- [ RunTime:0.000000s ]
NOTIC: [8] Undefined index: test E:\www\heiid.com\Application\Api\Controller\BaseController.class.php 第 24 行.

