[ 2016-07-13T08:46:45+08:00 ] 127.0.0.1 /index.php?m=Api&c=Base&a=getServerTime
INFO: [ app_init ] --START--
INFO: Run Behavior\BuildLiteBehavior [ RunTime:0.000000s ]
INFO: [ app_init ] --END-- [ RunTime:0.015600s ]
INFO: [ app_begin ] --START--
INFO: Run Behavior\ReadHtmlCacheBehavior [ RunTime:0.000000s ]
INFO: [ app_begin ] --END-- [ RunTime:0.000000s ]
NOTIC: [8] Undefined index: time E:\www\heiid.com\Application\Api\Controller\BaseController.class.php 第 123 行.
NOTIC: [8] Undefined index: test E:\www\heiid.com\Application\Api\Controller\BaseController.class.php 第 24 行.

[ 2016-07-13T08:59:18+08:00 ] 127.0.0.1 /index.php?m=Api&c=Base&a=getServerTime
INFO: [ app_init ] --START--
INFO: Run Behavior\BuildLiteBehavior [ RunTime:0.000000s ]
INFO: [ app_init ] --END-- [ RunTime:0.000000s ]
INFO: [ app_begin ] --START--
INFO: Run Behavior\ReadHtmlCacheBehavior [ RunTime:0.000000s ]
INFO: [ app_begin ] --END-- [ RunTime:0.000000s ]
NOTIC: [8] Undefined index: time E:\www\heiid.com\Application\Api\Controller\BaseController.class.php 第 123 行.
NOTIC: [8] Undefined index: test E:\www\heiid.com\Application\Api\Controller\BaseController.class.php 第 24 行.

[ 2016-07-13T08:59:34+08:00 ] 127.0.0.1 /index.php?m=Api&c=User&a=send_sms_reg_code
INFO: [ app_init ] --START--
INFO: Run Behavior\BuildLiteBehavior [ RunTime:0.000000s ]
INFO: [ app_init ] --END-- [ RunTime:0.001000s ]
INFO: [ app_begin ] --START--
INFO: Run Behavior\ReadHtmlCacheBehavior [ RunTime:0.000000s ]
INFO: [ app_begin ] --END-- [ RunTime:0.000000s ]
NOTIC: [8] Undefined index: test E:\www\heiid.com\Application\Api\Controller\BaseController.class.php 第 24 行.
NOTIC: [8] Undefined index: sms_product E:\www\heiid.com\Application\Common\Common\common.php 第 302 行.
NOTIC: [8] Undefined index: sms_appkey E:\www\heiid.com\Application\Common\Common\common.php 第 304 行.
NOTIC: [8] Undefined index: sms_secretKey E:\www\heiid.com\Application\Common\Common\common.php 第 306 行.
NOTIC: [8] Undefined index: sms_templateCode E:\www\heiid.com\Application\Common\Common\common.php 第 320 行.

[ 2016-07-13T08:59:44+08:00 ] 127.0.0.1 /index.php?m=Api&c=User&a=reg
INFO: [ app_init ] --START--
INFO: Run Behavior\BuildLiteBehavior [ RunTime:0.000000s ]
INFO: [ app_init ] --END-- [ RunTime:0.000000s ]
INFO: [ app_begin ] --START--
INFO: Run Behavior\ReadHtmlCacheBehavior [ RunTime:0.000000s ]
INFO: [ app_begin ] --END-- [ RunTime:0.000000s ]
NOTIC: [8] Undefined index: test E:\www\heiid.com\Application\Api\Controller\BaseController.class.php 第 24 行.

[ 2016-07-13T09:02:29+08:00 ] 127.0.0.1 /index.php?m=Api&c=Base&a=getServerTime
INFO: [ app_init ] --START--
INFO: Run Behavior\BuildLiteBehavior [ RunTime:0.000000s ]
INFO: [ app_init ] --END-- [ RunTime:0.000000s ]
INFO: [ app_begin ] --START--
INFO: Run Behavior\ReadHtmlCacheBehavior [ RunTime:0.000000s ]
INFO: [ app_begin ] --END-- [ RunTime:0.000000s ]
NOTIC: [8] Undefined index: time E:\www\heiid.com\Application\Api\Controller\BaseController.class.php 第 123 行.
NOTIC: [8] Undefined index: test E:\www\heiid.com\Application\Api\Controller\BaseController.class.php 第 24 行.

[ 2016-07-13T09:02:47+08:00 ] 127.0.0.1 /index.php?m=Api&c=User&a=reg
INFO: [ app_init ] --START--
INFO: Run Behavior\BuildLiteBehavior [ RunTime:0.000000s ]
INFO: [ app_init ] --END-- [ RunTime:0.000000s ]
INFO: [ app_begin ] --START--
INFO: Run Behavior\ReadHtmlCacheBehavior [ RunTime:0.000000s ]
INFO: [ app_begin ] --END-- [ RunTime:0.000000s ]
NOTIC: [8] Undefined index: test E:\www\heiid.com\Application\Api\Controller\BaseController.class.php 第 24 行.

[ 2016-07-13T09:03:01+08:00 ] 127.0.0.1 /index.php?m=Api&c=User&a=reg
INFO: [ app_init ] --START--
INFO: Run Behavior\BuildLiteBehavior [ RunTime:0.000000s ]
INFO: [ app_init ] --END-- [ RunTime:0.000000s ]
INFO: [ app_begin ] --START--
INFO: Run Behavior\ReadHtmlCacheBehavior [ RunTime:0.000000s ]
INFO: [ app_begin ] --END-- [ RunTime:0.000000s ]
NOTIC: [8] Undefined index: test E:\www\heiid.com\Application\Api\Controller\BaseController.class.php 第 24 行.

[ 2016-07-13T09:06:44+08:00 ] 127.0.0.1 /index.php?m=Api&c=Base&a=getServerTime
INFO: [ app_init ] --START--
INFO: Run Behavior\BuildLiteBehavior [ RunTime:0.000000s ]
INFO: [ app_init ] --END-- [ RunTime:0.015600s ]
INFO: [ app_begin ] --START--
INFO: Run Behavior\ReadHtmlCacheBehavior [ RunTime:0.000000s ]
INFO: [ app_begin ] --END-- [ RunTime:0.000000s ]
NOTIC: [8] Undefined index: time E:\www\heiid.com\Application\Api\Controller\BaseController.class.php 第 123 行.
NOTIC: [8] Undefined index: test E:\www\heiid.com\Application\Api\Controller\BaseController.class.php 第 24 行.

[ 2016-07-13T09:07:11+08:00 ] 127.0.0.1 /index.php?m=Api&c=User&a=reg
INFO: [ app_init ] --START--
INFO: Run Behavior\BuildLiteBehavior [ RunTime:0.000000s ]
INFO: [ app_init ] --END-- [ RunTime:0.000000s ]
INFO: [ app_begin ] --START--
INFO: Run Behavior\ReadHtmlCacheBehavior [ RunTime:0.000000s ]
INFO: [ app_begin ] --END-- [ RunTime:0.000000s ]
NOTIC: [8] Undefined index: test E:\www\heiid.com\Application\Api\Controller\BaseController.class.php 第 24 行.

[ 2016-07-13T09:07:16+08:00 ] 127.0.0.1 /index.php?m=Api&c=User&a=reg
INFO: [ app_init ] --START--
INFO: Run Behavior\BuildLiteBehavior [ RunTime:0.000000s ]
INFO: [ app_init ] --END-- [ RunTime:0.000000s ]
INFO: [ app_begin ] --START--
INFO: Run Behavior\ReadHtmlCacheBehavior [ RunTime:0.000000s ]
INFO: [ app_begin ] --END-- [ RunTime:0.000000s ]
NOTIC: [8] Undefined index: test E:\www\heiid.com\Application\Api\Controller\BaseController.class.php 第 24 行.

[ 2016-07-13T09:07:24+08:00 ] 127.0.0.1 /index.php?m=Api&c=User&a=updateUserInfo
INFO: [ app_init ] --START--
INFO: Run Behavior\BuildLiteBehavior [ RunTime:0.000000s ]
INFO: [ app_init ] --END-- [ RunTime:0.000000s ]
INFO: [ app_begin ] --START--
INFO: Run Behavior\ReadHtmlCacheBehavior [ RunTime:0.000000s ]
INFO: [ app_begin ] --END-- [ RunTime:0.000000s ]
NOTIC: [8] Undefined index: test E:\www\heiid.com\Application\Api\Controller\BaseController.class.php 第 24 行.

[ 2016-07-13T09:07:31+08:00 ] 127.0.0.1 /index.php?m=Api&c=Base&a=getServerTime
INFO: [ app_init ] --START--
INFO: Run Behavior\BuildLiteBehavior [ RunTime:0.000000s ]
INFO: [ app_init ] --END-- [ RunTime:0.000000s ]
INFO: [ app_begin ] --START--
INFO: Run Behavior\ReadHtmlCacheBehavior [ RunTime:0.000000s ]
INFO: [ app_begin ] --END-- [ RunTime:0.000000s ]
NOTIC: [8] Undefined index: time E:\www\heiid.com\Application\Api\Controller\BaseController.class.php 第 123 行.
NOTIC: [8] Undefined index: test E:\www\heiid.com\Application\Api\Controller\BaseController.class.php 第 24 行.

[ 2016-07-13T09:16:32+08:00 ] 127.0.0.1 /index.php?m=Api&c=Base&a=getServerTime
INFO: [ app_init ] --START--
INFO: Run Behavior\BuildLiteBehavior [ RunTime:0.000000s ]
INFO: [ app_init ] --END-- [ RunTime:0.000000s ]
INFO: [ app_begin ] --START--
INFO: Run Behavior\ReadHtmlCacheBehavior [ RunTime:0.000000s ]
INFO: [ app_begin ] --END-- [ RunTime:0.000000s ]
NOTIC: [8] Undefined index: time E:\www\heiid.com\Application\Api\Controller\BaseController.class.php 第 123 行.
NOTIC: [8] Undefined index: test E:\www\heiid.com\Application\Api\Controller\BaseController.class.php 第 24 行.

[ 2016-07-13T09:16:51+08:00 ] 127.0.0.1 /index.php?m=Api&c=User&a=reg
INFO: [ app_init ] --START--
INFO: Run Behavior\BuildLiteBehavior [ RunTime:0.000000s ]
INFO: [ app_init ] --END-- [ RunTime:0.000000s ]
INFO: [ app_begin ] --START--
INFO: Run Behavior\ReadHtmlCacheBehavior [ RunTime:0.000000s ]
INFO: [ app_begin ] --END-- [ RunTime:0.000000s ]
NOTIC: [8] Undefined index: test E:\www\heiid.com\Application\Api\Controller\BaseController.class.php 第 24 行.

[ 2016-07-13T09:16:55+08:00 ] 127.0.0.1 /index.php?m=Api&c=User&a=reg
INFO: [ app_init ] --START--
INFO: Run Behavior\BuildLiteBehavior [ RunTime:0.000000s ]
INFO: [ app_init ] --END-- [ RunTime:0.000000s ]
INFO: [ app_begin ] --START--
INFO: Run Behavior\ReadHtmlCacheBehavior [ RunTime:0.000000s ]
INFO: [ app_begin ] --END-- [ RunTime:0.000000s ]
NOTIC: [8] Undefined index: test E:\www\heiid.com\Application\Api\Controller\BaseController.class.php 第 24 行.

[ 2016-07-13T09:22:10+08:00 ] 127.0.0.1 /index.php?m=Api&c=Base&a=getServerTime
INFO: [ app_init ] --START--
INFO: Run Behavior\BuildLiteBehavior [ RunTime:0.000000s ]
INFO: [ app_init ] --END-- [ RunTime:0.000000s ]
INFO: [ app_begin ] --START--
INFO: Run Behavior\ReadHtmlCacheBehavior [ RunTime:0.000000s ]
INFO: [ app_begin ] --END-- [ RunTime:0.000000s ]
NOTIC: [8] Undefined index: time E:\www\heiid.com\Application\Api\Controller\BaseController.class.php 第 123 行.
NOTIC: [8] Undefined index: test E:\www\heiid.com\Application\Api\Controller\BaseController.class.php 第 24 行.

[ 2016-07-13T09:22:35+08:00 ] 127.0.0.1 /index.php?m=Api&c=User&a=reg
INFO: [ app_init ] --START--
INFO: Run Behavior\BuildLiteBehavior [ RunTime:0.000000s ]
INFO: [ app_init ] --END-- [ RunTime:0.000000s ]
INFO: [ app_begin ] --START--
INFO: Run Behavior\ReadHtmlCacheBehavior [ RunTime:0.000000s ]
INFO: [ app_begin ] --END-- [ RunTime:0.000000s ]
NOTIC: [8] Undefined index: test E:\www\heiid.com\Application\Api\Controller\BaseController.class.php 第 24 行.

[ 2016-07-13T09:23:53+08:00 ] 127.0.0.1 /index.php?m=Api&c=Base&a=getServerTime
INFO: [ app_init ] --START--
INFO: Run Behavior\BuildLiteBehavior [ RunTime:0.000000s ]
INFO: [ app_init ] --END-- [ RunTime:0.000000s ]
INFO: [ app_begin ] --START--
INFO: Run Behavior\ReadHtmlCacheBehavior [ RunTime:0.000000s ]
INFO: [ app_begin ] --END-- [ RunTime:0.000000s ]
NOTIC: [8] Undefined index: time E:\www\heiid.com\Application\Api\Controller\BaseController.class.php 第 123 行.
NOTIC: [8] Undefined index: test E:\www\heiid.com\Application\Api\Controller\BaseController.class.php 第 24 行.

[ 2016-07-13T09:24:07+08:00 ] 127.0.0.1 /index.php?m=Api&c=Base&a=getServerTime
INFO: [ app_init ] --START--
INFO: Run Behavior\BuildLiteBehavior [ RunTime:0.000000s ]
INFO: [ app_init ] --END-- [ RunTime:0.000000s ]
INFO: [ app_begin ] --START--
INFO: Run Behavior\ReadHtmlCacheBehavior [ RunTime:0.000000s ]
INFO: [ app_begin ] --END-- [ RunTime:0.000000s ]
NOTIC: [8] Undefined index: time E:\www\heiid.com\Application\Api\Controller\BaseController.class.php 第 123 行.
NOTIC: [8] Undefined index: test E:\www\heiid.com\Application\Api\Controller\BaseController.class.php 第 24 行.

[ 2016-07-13T09:24:17+08:00 ] 127.0.0.1 /index.php?m=Api&c=User&a=reg
INFO: [ app_init ] --START--
INFO: Run Behavior\BuildLiteBehavior [ RunTime:0.000000s ]
INFO: [ app_init ] --END-- [ RunTime:0.000000s ]
INFO: [ app_begin ] --START--
INFO: Run Behavior\ReadHtmlCacheBehavior [ RunTime:0.000000s ]
INFO: [ app_begin ] --END-- [ RunTime:0.000000s ]
NOTIC: [8] Undefined index: test E:\www\heiid.com\Application\Api\Controller\BaseController.class.php 第 24 行.

[ 2016-07-13T09:24:24+08:00 ] 127.0.0.1 /index.php?m=Api&c=User&a=reg
INFO: [ app_init ] --START--
INFO: Run Behavior\BuildLiteBehavior [ RunTime:0.000000s ]
INFO: [ app_init ] --END-- [ RunTime:0.000000s ]
INFO: [ app_begin ] --START--
INFO: Run Behavior\ReadHtmlCacheBehavior [ RunTime:0.000000s ]
INFO: [ app_begin ] --END-- [ RunTime:0.000000s ]
NOTIC: [8] Undefined index: test E:\www\heiid.com\Application\Api\Controller\BaseController.class.php 第 24 行.

[ 2016-07-13T09:28:53+08:00 ] 127.0.0.1 /index.php?m=Api&c=Base&a=getServerTime
INFO: [ app_init ] --START--
INFO: Run Behavior\BuildLiteBehavior [ RunTime:0.000000s ]
INFO: [ app_init ] --END-- [ RunTime:0.000000s ]
INFO: [ app_begin ] --START--
INFO: Run Behavior\ReadHtmlCacheBehavior [ RunTime:0.000000s ]
INFO: [ app_begin ] --END-- [ RunTime:0.000000s ]
NOTIC: [8] Undefined index: time E:\www\heiid.com\Application\Api\Controller\BaseController.class.php 第 123 行.
NOTIC: [8] Undefined index: test E:\www\heiid.com\Application\Api\Controller\BaseController.class.php 第 24 行.

[ 2016-07-13T09:29:12+08:00 ] 127.0.0.1 /index.php?m=Api&c=User&a=reg
INFO: [ app_init ] --START--
INFO: Run Behavior\BuildLiteBehavior [ RunTime:0.000000s ]
INFO: [ app_init ] --END-- [ RunTime:0.000000s ]
INFO: [ app_begin ] --START--
INFO: Run Behavior\ReadHtmlCacheBehavior [ RunTime:0.000000s ]
INFO: [ app_begin ] --END-- [ RunTime:0.000000s ]
NOTIC: [8] Undefined index: test E:\www\heiid.com\Application\Api\Controller\BaseController.class.php 第 24 行.

[ 2016-07-13T09:30:15+08:00 ] 127.0.0.1 /index.php?m=Api&c=Base&a=getServerTime
INFO: [ app_init ] --START--
INFO: Run Behavior\BuildLiteBehavior [ RunTime:0.000000s ]
INFO: [ app_init ] --END-- [ RunTime:0.000000s ]
INFO: [ app_begin ] --START--
INFO: Run Behavior\ReadHtmlCacheBehavior [ RunTime:0.000000s ]
INFO: [ app_begin ] --END-- [ RunTime:0.000000s ]
NOTIC: [8] Undefined index: time E:\www\heiid.com\Application\Api\Controller\BaseController.class.php 第 123 行.
NOTIC: [8] Undefined index: test E:\www\heiid.com\Application\Api\Controller\BaseController.class.php 第 24 行.

[ 2016-07-13T09:32:12+08:00 ] 127.0.0.1 /index.php?m=Api&c=User&a=reg
INFO: [ app_init ] --START--
INFO: Run Behavior\BuildLiteBehavior [ RunTime:0.000000s ]
INFO: [ app_init ] --END-- [ RunTime:0.000000s ]
INFO: [ app_begin ] --START--
INFO: Run Behavior\ReadHtmlCacheBehavior [ RunTime:0.000000s ]
INFO: [ app_begin ] --END-- [ RunTime:0.000000s ]
NOTIC: [8] Undefined index: test E:\www\heiid.com\Application\Api\Controller\BaseController.class.php 第 24 行.

[ 2016-07-13T09:32:50+08:00 ] 127.0.0.1 /index.php?m=Api&c=Base&a=getServerTime
INFO: [ app_init ] --START--
INFO: Run Behavior\BuildLiteBehavior [ RunTime:0.000000s ]
INFO: [ app_init ] --END-- [ RunTime:0.000000s ]
INFO: [ app_begin ] --START--
INFO: Run Behavior\ReadHtmlCacheBehavior [ RunTime:0.000000s ]
INFO: [ app_begin ] --END-- [ RunTime:0.000000s ]
NOTIC: [8] Undefined index: time E:\www\heiid.com\Application\Api\Controller\BaseController.class.php 第 123 行.
NOTIC: [8] Undefined index: test E:\www\heiid.com\Application\Api\Controller\BaseController.class.php 第 24 行.

[ 2016-07-13T09:33:04+08:00 ] 127.0.0.1 /index.php?m=Api&c=User&a=reg
INFO: [ app_init ] --START--
INFO: Run Behavior\BuildLiteBehavior [ RunTime:0.000000s ]
INFO: [ app_init ] --END-- [ RunTime:0.000000s ]
INFO: [ app_begin ] --START--
INFO: Run Behavior\ReadHtmlCacheBehavior [ RunTime:0.000000s ]
INFO: [ app_begin ] --END-- [ RunTime:0.000000s ]
NOTIC: [8] Undefined index: test E:\www\heiid.com\Application\Api\Controller\BaseController.class.php 第 24 行.

[ 2016-07-13T09:33:13+08:00 ] 127.0.0.1 /index.php?m=Api&c=User&a=reg
INFO: [ app_init ] --START--
INFO: Run Behavior\BuildLiteBehavior [ RunTime:0.000000s ]
INFO: [ app_init ] --END-- [ RunTime:0.000000s ]
INFO: [ app_begin ] --START--
INFO: Run Behavior\ReadHtmlCacheBehavior [ RunTime:0.000000s ]
INFO: [ app_begin ] --END-- [ RunTime:0.000000s ]
NOTIC: [8] Undefined index: test E:\www\heiid.com\Application\Api\Controller\BaseController.class.php 第 24 行.

[ 2016-07-13T09:35:40+08:00 ] 127.0.0.1 /index.php?m=Api&c=Base&a=getServerTime
INFO: [ app_init ] --START--
INFO: Run Behavior\BuildLiteBehavior [ RunTime:0.000000s ]
INFO: [ app_init ] --END-- [ RunTime:0.000000s ]
INFO: [ app_begin ] --START--
INFO: Run Behavior\ReadHtmlCacheBehavior [ RunTime:0.000000s ]
INFO: [ app_begin ] --END-- [ RunTime:0.000000s ]
NOTIC: [8] Undefined index: time E:\www\heiid.com\Application\Api\Controller\BaseController.class.php 第 123 行.
NOTIC: [8] Undefined index: test E:\www\heiid.com\Application\Api\Controller\BaseController.class.php 第 24 行.

[ 2016-07-13T09:35:49+08:00 ] 127.0.0.1 /index.php?m=Api&c=Base&a=getServerTime
INFO: [ app_init ] --START--
INFO: Run Behavior\BuildLiteBehavior [ RunTime:0.000000s ]
INFO: [ app_init ] --END-- [ RunTime:0.000000s ]
INFO: [ app_begin ] --START--
INFO: Run Behavior\ReadHtmlCacheBehavior [ RunTime:0.000000s ]
INFO: [ app_begin ] --END-- [ RunTime:0.000000s ]
NOTIC: [8] Undefined index: time E:\www\heiid.com\Application\Api\Controller\BaseController.class.php 第 123 行.
NOTIC: [8] Undefined index: test E:\www\heiid.com\Application\Api\Controller\BaseController.class.php 第 24 行.

[ 2016-07-13T09:36:11+08:00 ] 127.0.0.1 /index.php?m=Api&c=User&a=reg
INFO: [ app_init ] --START--
INFO: Run Behavior\BuildLiteBehavior [ RunTime:0.000000s ]
INFO: [ app_init ] --END-- [ RunTime:0.015600s ]
INFO: [ app_begin ] --START--
INFO: Run Behavior\ReadHtmlCacheBehavior [ RunTime:0.000000s ]
INFO: [ app_begin ] --END-- [ RunTime:0.000000s ]
NOTIC: [8] Undefined index: test E:\www\heiid.com\Application\Api\Controller\BaseController.class.php 第 24 行.

[ 2016-07-13T09:38:32+08:00 ] 127.0.0.1 /index.php?m=Api&c=Base&a=getServerTime
INFO: [ app_init ] --START--
INFO: Run Behavior\BuildLiteBehavior [ RunTime:0.000000s ]
INFO: [ app_init ] --END-- [ RunTime:0.000000s ]
INFO: [ app_begin ] --START--
INFO: Run Behavior\ReadHtmlCacheBehavior [ RunTime:0.000000s ]
INFO: [ app_begin ] --END-- [ RunTime:0.000000s ]
NOTIC: [8] Undefined index: time E:\www\heiid.com\Application\Api\Controller\BaseController.class.php 第 123 行.
NOTIC: [8] Undefined index: test E:\www\heiid.com\Application\Api\Controller\BaseController.class.php 第 24 行.

[ 2016-07-13T09:38:57+08:00 ] 127.0.0.1 /index.php?m=Api&c=User&a=reg
INFO: [ app_init ] --START--
INFO: Run Behavior\BuildLiteBehavior [ RunTime:0.000000s ]
INFO: [ app_init ] --END-- [ RunTime:0.000000s ]
INFO: [ app_begin ] --START--
INFO: Run Behavior\ReadHtmlCacheBehavior [ RunTime:0.000000s ]
INFO: [ app_begin ] --END-- [ RunTime:0.000000s ]
NOTIC: [8] Undefined index: test E:\www\heiid.com\Application\Api\Controller\BaseController.class.php 第 24 行.

[ 2016-07-13T09:41:15+08:00 ] 127.0.0.1 /index.php?m=Api&c=User&a=updateUserInfo
INFO: [ app_init ] --START--
INFO: Run Behavior\BuildLiteBehavior [ RunTime:0.000000s ]
INFO: [ app_init ] --END-- [ RunTime:0.000000s ]
INFO: [ app_begin ] --START--
INFO: Run Behavior\ReadHtmlCacheBehavior [ RunTime:0.000000s ]
INFO: [ app_begin ] --END-- [ RunTime:0.000000s ]
NOTIC: [8] Undefined index: test E:\www\heiid.com\Application\Api\Controller\BaseController.class.php 第 24 行.

[ 2016-07-13T09:41:36+08:00 ] 127.0.0.1 /index.php?m=Api&c=Base&a=getServerTime
INFO: [ app_init ] --START--
INFO: Run Behavior\BuildLiteBehavior [ RunTime:0.000000s ]
INFO: [ app_init ] --END-- [ RunTime:0.000000s ]
INFO: [ app_begin ] --START--
INFO: Run Behavior\ReadHtmlCacheBehavior [ RunTime:0.000000s ]
INFO: [ app_begin ] --END-- [ RunTime:0.000000s ]
NOTIC: [8] Undefined index: time E:\www\heiid.com\Application\Api\Controller\BaseController.class.php 第 123 行.
NOTIC: [8] Undefined index: test E:\www\heiid.com\Application\Api\Controller\BaseController.class.php 第 24 行.

[ 2016-07-13T09:41:53+08:00 ] 127.0.0.1 /index.php?m=Api&c=User&a=reg
INFO: [ app_init ] --START--
INFO: Run Behavior\BuildLiteBehavior [ RunTime:0.000000s ]
INFO: [ app_init ] --END-- [ RunTime:0.000000s ]
INFO: [ app_begin ] --START--
INFO: Run Behavior\ReadHtmlCacheBehavior [ RunTime:0.000000s ]
INFO: [ app_begin ] --END-- [ RunTime:0.000000s ]
NOTIC: [8] Undefined index: test E:\www\heiid.com\Application\Api\Controller\BaseController.class.php 第 24 行.

[ 2016-07-13T09:42:02+08:00 ] 127.0.0.1 /index.php?m=Api&c=User&a=updateUserInfo
INFO: [ app_init ] --START--
INFO: Run Behavior\BuildLiteBehavior [ RunTime:0.000000s ]
INFO: [ app_init ] --END-- [ RunTime:0.000000s ]
INFO: [ app_begin ] --START--
INFO: Run Behavior\ReadHtmlCacheBehavior [ RunTime:0.000000s ]
INFO: [ app_begin ] --END-- [ RunTime:0.000000s ]
NOTIC: [8] Undefined index: test E:\www\heiid.com\Application\Api\Controller\BaseController.class.php 第 24 行.
ERR: SQLSTATE[42S22]: Column not found: 1054 Unknown column 'undefined' in 'where clause'

[ 2016-07-13T09:42:05+08:00 ] 127.0.0.1 /index.php?m=Api&c=User&a=updateUserInfo
INFO: [ app_init ] --START--
INFO: Run Behavior\BuildLiteBehavior [ RunTime:0.000000s ]
INFO: [ app_init ] --END-- [ RunTime:0.000000s ]
INFO: [ app_begin ] --START--
INFO: Run Behavior\ReadHtmlCacheBehavior [ RunTime:0.000000s ]
INFO: [ app_begin ] --END-- [ RunTime:0.000000s ]
NOTIC: [8] Undefined index: test E:\www\heiid.com\Application\Api\Controller\BaseController.class.php 第 24 行.
ERR: SQLSTATE[42S22]: Column not found: 1054 Unknown column 'undefined' in 'where clause'

[ 2016-07-13T09:44:32+08:00 ] 127.0.0.1 /index.php?m=Api&c=User&a=updateUserInfo
INFO: [ app_init ] --START--
INFO: Run Behavior\BuildLiteBehavior [ RunTime:0.000000s ]
INFO: [ app_init ] --END-- [ RunTime:0.000000s ]
INFO: [ app_begin ] --START--
INFO: Run Behavior\ReadHtmlCacheBehavior [ RunTime:0.000000s ]
INFO: [ app_begin ] --END-- [ RunTime:0.000000s ]
NOTIC: [8] Undefined index: test E:\www\heiid.com\Application\Api\Controller\BaseController.class.php 第 24 行.
ERR: SQLSTATE[42S22]: Column not found: 1054 Unknown column 'undefined' in 'where clause'

[ 2016-07-13T09:45:35+08:00 ] 127.0.0.1 /index.php?m=Api&c=User&a=updateUserInfo
INFO: [ app_init ] --START--
INFO: Run Behavior\BuildLiteBehavior [ RunTime:0.000000s ]
INFO: [ app_init ] --END-- [ RunTime:0.000000s ]
INFO: [ app_begin ] --START--
INFO: Run Behavior\ReadHtmlCacheBehavior [ RunTime:0.000000s ]
INFO: [ app_begin ] --END-- [ RunTime:0.000000s ]
NOTIC: [8] Undefined index: test E:\www\heiid.com\Application\Api\Controller\BaseController.class.php 第 24 行.
ERR: SQLSTATE[42S22]: Column not found: 1054 Unknown column 'undefined' in 'where clause'

[ 2016-07-13T09:46:05+08:00 ] 127.0.0.1 /index.php?m=Api&c=User&a=updateUserInfo
INFO: [ app_init ] --START--
INFO: Run Behavior\BuildLiteBehavior [ RunTime:0.000000s ]
INFO: [ app_init ] --END-- [ RunTime:0.000000s ]
INFO: [ app_begin ] --START--
INFO: Run Behavior\ReadHtmlCacheBehavior [ RunTime:0.000000s ]
INFO: [ app_begin ] --END-- [ RunTime:0.000000s ]
NOTIC: [8] Undefined index: test E:\www\heiid.com\Application\Api\Controller\BaseController.class.php 第 24 行.
ERR: SQLSTATE[42S22]: Column not found: 1054 Unknown column 'undefined' in 'where clause'

[ 2016-07-13T09:47:03+08:00 ] 127.0.0.1 /index.php?m=Api&c=Base&a=getServerTime
INFO: [ app_init ] --START--
INFO: Run Behavior\BuildLiteBehavior [ RunTime:0.000000s ]
INFO: [ app_init ] --END-- [ RunTime:0.000000s ]
INFO: [ app_begin ] --START--
INFO: Run Behavior\ReadHtmlCacheBehavior [ RunTime:0.000000s ]
INFO: [ app_begin ] --END-- [ RunTime:0.000000s ]
NOTIC: [8] Undefined index: time E:\www\heiid.com\Application\Api\Controller\BaseController.class.php 第 123 行.
NOTIC: [8] Undefined index: test E:\www\heiid.com\Application\Api\Controller\BaseController.class.php 第 24 行.

[ 2016-07-13T09:47:29+08:00 ] 127.0.0.1 /index.php?m=Api&c=User&a=reg
INFO: [ app_init ] --START--
INFO: Run Behavior\BuildLiteBehavior [ RunTime:0.000000s ]
INFO: [ app_init ] --END-- [ RunTime:0.000000s ]
INFO: [ app_begin ] --START--
INFO: Run Behavior\ReadHtmlCacheBehavior [ RunTime:0.000000s ]
INFO: [ app_begin ] --END-- [ RunTime:0.000000s ]
NOTIC: [8] Undefined index: test E:\www\heiid.com\Application\Api\Controller\BaseController.class.php 第 24 行.

[ 2016-07-13T09:47:41+08:00 ] 127.0.0.1 /index.php?m=Api&c=User&a=reg
INFO: [ app_init ] --START--
INFO: Run Behavior\BuildLiteBehavior [ RunTime:0.000000s ]
INFO: [ app_init ] --END-- [ RunTime:0.000000s ]
INFO: [ app_begin ] --START--
INFO: Run Behavior\ReadHtmlCacheBehavior [ RunTime:0.000000s ]
INFO: [ app_begin ] --END-- [ RunTime:0.000000s ]
NOTIC: [8] Undefined index: test E:\www\heiid.com\Application\Api\Controller\BaseController.class.php 第 24 行.

[ 2016-07-13T09:47:46+08:00 ] 127.0.0.1 /index.php?m=Api&c=User&a=updateUserInfo
INFO: [ app_init ] --START--
INFO: Run Behavior\BuildLiteBehavior [ RunTime:0.000000s ]
INFO: [ app_init ] --END-- [ RunTime:0.000000s ]
INFO: [ app_begin ] --START--
INFO: Run Behavior\ReadHtmlCacheBehavior [ RunTime:0.000000s ]
INFO: [ app_begin ] --END-- [ RunTime:0.000000s ]
NOTIC: [8] Undefined index: test E:\www\heiid.com\Application\Api\Controller\BaseController.class.php 第 24 行.
ERR: SQLSTATE[42S22]: Column not found: 1054 Unknown column 'undefined' in 'where clause'

[ 2016-07-13T09:48:25+08:00 ] 127.0.0.1 /index.php?m=Api&c=Base&a=getServerTime
INFO: [ app_init ] --START--
INFO: Run Behavior\BuildLiteBehavior [ RunTime:0.000000s ]
INFO: [ app_init ] --END-- [ RunTime:0.000000s ]
INFO: [ app_begin ] --START--
INFO: Run Behavior\ReadHtmlCacheBehavior [ RunTime:0.000000s ]
INFO: [ app_begin ] --END-- [ RunTime:0.000000s ]
NOTIC: [8] Undefined index: time E:\www\heiid.com\Application\Api\Controller\BaseController.class.php 第 123 行.
NOTIC: [8] Undefined index: test E:\www\heiid.com\Application\Api\Controller\BaseController.class.php 第 24 行.

[ 2016-07-13T09:48:47+08:00 ] 127.0.0.1 /index.php?m=Api&c=User&a=reg
INFO: [ app_init ] --START--
INFO: Run Behavior\BuildLiteBehavior [ RunTime:0.000000s ]
INFO: [ app_init ] --END-- [ RunTime:0.000000s ]
INFO: [ app_begin ] --START--
INFO: Run Behavior\ReadHtmlCacheBehavior [ RunTime:0.000000s ]
INFO: [ app_begin ] --END-- [ RunTime:0.000000s ]
NOTIC: [8] Undefined index: test E:\www\heiid.com\Application\Api\Controller\BaseController.class.php 第 24 行.

[ 2016-07-13T09:51:28+08:00 ] 127.0.0.1 /index.php?m=Api&c=Base&a=getServerTime
INFO: [ app_init ] --START--
INFO: Run Behavior\BuildLiteBehavior [ RunTime:0.000000s ]
INFO: [ app_init ] --END-- [ RunTime:0.000000s ]
INFO: [ app_begin ] --START--
INFO: Run Behavior\ReadHtmlCacheBehavior [ RunTime:0.000000s ]
INFO: [ app_begin ] --END-- [ RunTime:0.000000s ]
NOTIC: [8] Undefined index: time E:\www\heiid.com\Application\Api\Controller\BaseController.class.php 第 123 行.
NOTIC: [8] Undefined index: test E:\www\heiid.com\Application\Api\Controller\BaseController.class.php 第 24 行.

[ 2016-07-13T09:51:36+08:00 ] 127.0.0.1 /index.php?m=Api&c=Base&a=getServerTime
INFO: [ app_init ] --START--
INFO: Run Behavior\BuildLiteBehavior [ RunTime:0.000000s ]
INFO: [ app_init ] --END-- [ RunTime:0.000000s ]
INFO: [ app_begin ] --START--
INFO: Run Behavior\ReadHtmlCacheBehavior [ RunTime:0.000000s ]
INFO: [ app_begin ] --END-- [ RunTime:0.000000s ]
NOTIC: [8] Undefined index: time E:\www\heiid.com\Application\Api\Controller\BaseController.class.php 第 123 行.
NOTIC: [8] Undefined index: test E:\www\heiid.com\Application\Api\Controller\BaseController.class.php 第 24 行.

[ 2016-07-13T09:51:54+08:00 ] 127.0.0.1 /index.php?m=Api&c=User&a=reg
INFO: [ app_init ] --START--
INFO: Run Behavior\BuildLiteBehavior [ RunTime:0.000000s ]
INFO: [ app_init ] --END-- [ RunTime:0.000000s ]
INFO: [ app_begin ] --START--
INFO: Run Behavior\ReadHtmlCacheBehavior [ RunTime:0.000000s ]
INFO: [ app_begin ] --END-- [ RunTime:0.000000s ]
NOTIC: [8] Undefined index: test E:\www\heiid.com\Application\Api\Controller\BaseController.class.php 第 24 行.

[ 2016-07-13T09:51:58+08:00 ] 127.0.0.1 /index.php?m=Api&c=User&a=updateUserInfo
INFO: [ app_init ] --START--
INFO: Run Behavior\BuildLiteBehavior [ RunTime:0.000000s ]
INFO: [ app_init ] --END-- [ RunTime:0.000000s ]
INFO: [ app_begin ] --START--
INFO: Run Behavior\ReadHtmlCacheBehavior [ RunTime:0.000000s ]
INFO: [ app_begin ] --END-- [ RunTime:0.000000s ]
NOTIC: [8] Undefined index: test E:\www\heiid.com\Application\Api\Controller\BaseController.class.php 第 24 行.

[ 2016-07-13T09:52:08+08:00 ] 127.0.0.1 /index.php?m=Api&c=User&a=updateUserInfo
INFO: [ app_init ] --START--
INFO: Run Behavior\BuildLiteBehavior [ RunTime:0.000000s ]
INFO: [ app_init ] --END-- [ RunTime:0.000000s ]
INFO: [ app_begin ] --START--
INFO: Run Behavior\ReadHtmlCacheBehavior [ RunTime:0.000000s ]
INFO: [ app_begin ] --END-- [ RunTime:0.000000s ]
NOTIC: [8] Undefined index: test E:\www\heiid.com\Application\Api\Controller\BaseController.class.php 第 24 行.

[ 2016-07-13T09:52:58+08:00 ] 127.0.0.1 /index.php?m=Api&c=User&a=updateUserInfo
INFO: [ app_init ] --START--
INFO: Run Behavior\BuildLiteBehavior [ RunTime:0.000000s ]
INFO: [ app_init ] --END-- [ RunTime:0.000000s ]
INFO: [ app_begin ] --START--
INFO: Run Behavior\ReadHtmlCacheBehavior [ RunTime:0.000000s ]
INFO: [ app_begin ] --END-- [ RunTime:0.000000s ]
NOTIC: [8] Undefined index: test E:\www\heiid.com\Application\Api\Controller\BaseController.class.php 第 24 行.

[ 2016-07-13T09:56:19+08:00 ] 127.0.0.1 /index.php?m=Api&c=User&a=updateUserInfo
INFO: [ app_init ] --START--
INFO: Run Behavior\BuildLiteBehavior [ RunTime:0.000000s ]
INFO: [ app_init ] --END-- [ RunTime:0.000000s ]
INFO: [ app_begin ] --START--
INFO: Run Behavior\ReadHtmlCacheBehavior [ RunTime:0.000000s ]
INFO: [ app_begin ] --END-- [ RunTime:0.000000s ]
NOTIC: [8] Undefined index: test E:\www\heiid.com\Application\Api\Controller\BaseController.class.php 第 24 行.

[ 2016-07-13T10:00:16+08:00 ] 127.0.0.1 /index.php?m=Api&c=Base&a=getServerTime
INFO: [ app_init ] --START--
INFO: Run Behavior\BuildLiteBehavior [ RunTime:0.000000s ]
INFO: [ app_init ] --END-- [ RunTime:0.000000s ]
INFO: [ app_begin ] --START--
INFO: Run Behavior\ReadHtmlCacheBehavior [ RunTime:0.000000s ]
INFO: [ app_begin ] --END-- [ RunTime:0.001000s ]
NOTIC: [8] Undefined index: time E:\www\heiid.com\Application\Api\Controller\BaseController.class.php 第 123 行.
NOTIC: [8] Undefined index: test E:\www\heiid.com\Application\Api\Controller\BaseController.class.php 第 24 行.

[ 2016-07-13T10:01:33+08:00 ] 127.0.0.1 /index.php?m=Api&c=User&a=reg
INFO: [ app_init ] --START--
INFO: Run Behavior\BuildLiteBehavior [ RunTime:0.000000s ]
INFO: [ app_init ] --END-- [ RunTime:0.000000s ]
INFO: [ app_begin ] --START--
INFO: Run Behavior\ReadHtmlCacheBehavior [ RunTime:0.001000s ]
INFO: [ app_begin ] --END-- [ RunTime:0.001000s ]
NOTIC: [8] Undefined index: test E:\www\heiid.com\Application\Api\Controller\BaseController.class.php 第 24 行.

[ 2016-07-13T10:01:40+08:00 ] 127.0.0.1 /index.php?m=Api&c=User&a=reg
INFO: [ app_init ] --START--
INFO: Run Behavior\BuildLiteBehavior [ RunTime:0.000000s ]
INFO: [ app_init ] --END-- [ RunTime:0.000000s ]
INFO: [ app_begin ] --START--
INFO: Run Behavior\ReadHtmlCacheBehavior [ RunTime:0.000000s ]
INFO: [ app_begin ] --END-- [ RunTime:0.001000s ]
NOTIC: [8] Undefined index: test E:\www\heiid.com\Application\Api\Controller\BaseController.class.php 第 24 行.

[ 2016-07-13T10:01:44+08:00 ] 127.0.0.1 /index.php?m=Api&c=User&a=updateUserInfo
INFO: [ app_init ] --START--
INFO: Run Behavior\BuildLiteBehavior [ RunTime:0.000000s ]
INFO: [ app_init ] --END-- [ RunTime:0.001001s ]
INFO: [ app_begin ] --START--
INFO: Run Behavior\ReadHtmlCacheBehavior [ RunTime:0.001000s ]
INFO: [ app_begin ] --END-- [ RunTime:0.001000s ]
NOTIC: [8] Undefined index: test E:\www\heiid.com\Application\Api\Controller\BaseController.class.php 第 24 行.

[ 2016-07-13T10:01:51+08:00 ] 127.0.0.1 /index.php?m=Api&c=User&a=updateUserInfo
INFO: [ app_init ] --START--
INFO: Run Behavior\BuildLiteBehavior [ RunTime:0.000000s ]
INFO: [ app_init ] --END-- [ RunTime:0.001000s ]
INFO: [ app_begin ] --START--
INFO: Run Behavior\ReadHtmlCacheBehavior [ RunTime:0.000000s ]
INFO: [ app_begin ] --END-- [ RunTime:0.001000s ]
NOTIC: [8] Undefined index: test E:\www\heiid.com\Application\Api\Controller\BaseController.class.php 第 24 行.

[ 2016-07-13T10:04:49+08:00 ] 127.0.0.1 /index.php?m=Api&c=Base&a=getServerTime
INFO: [ app_init ] --START--
INFO: Run Behavior\BuildLiteBehavior [ RunTime:0.000000s ]
INFO: [ app_init ] --END-- [ RunTime:0.000000s ]
INFO: [ app_begin ] --START--
INFO: Run Behavior\ReadHtmlCacheBehavior [ RunTime:0.000000s ]
INFO: [ app_begin ] --END-- [ RunTime:0.000000s ]
NOTIC: [8] Undefined index: time E:\www\heiid.com\Application\Api\Controller\BaseController.class.php 第 123 行.
NOTIC: [8] Undefined index: test E:\www\heiid.com\Application\Api\Controller\BaseController.class.php 第 24 行.

[ 2016-07-13T10:05:06+08:00 ] 127.0.0.1 /index.php?m=Api&c=User&a=login
INFO: [ app_init ] --START--
INFO: Run Behavior\BuildLiteBehavior [ RunTime:0.000000s ]
INFO: [ app_init ] --END-- [ RunTime:0.001000s ]
INFO: [ app_begin ] --START--
INFO: Run Behavior\ReadHtmlCacheBehavior [ RunTime:0.000000s ]
INFO: [ app_begin ] --END-- [ RunTime:0.000000s ]
NOTIC: [8] Undefined index: test E:\www\heiid.com\Application\Api\Controller\BaseController.class.php 第 24 行.
NOTIC: [8] Undefined index: result E:\www\heiid.com\Application\Api\Controller\UserController.class.php 第 31 行.

[ 2016-07-13T10:05:18+08:00 ] 127.0.0.1 /index.php?m=Api&c=User&a=reg
INFO: [ app_init ] --START--
INFO: Run Behavior\BuildLiteBehavior [ RunTime:0.000000s ]
INFO: [ app_init ] --END-- [ RunTime:0.001000s ]
INFO: [ app_begin ] --START--
INFO: Run Behavior\ReadHtmlCacheBehavior [ RunTime:0.002000s ]
INFO: [ app_begin ] --END-- [ RunTime:0.002000s ]
NOTIC: [8] Undefined index: test E:\www\heiid.com\Application\Api\Controller\BaseController.class.php 第 24 行.

[ 2016-07-13T10:06:05+08:00 ] 127.0.0.1 /index.php?m=Api&c=Base&a=getServerTime
INFO: [ app_init ] --START--
INFO: Run Behavior\BuildLiteBehavior [ RunTime:0.000000s ]
INFO: [ app_init ] --END-- [ RunTime:0.000000s ]
INFO: [ app_begin ] --START--
INFO: Run Behavior\ReadHtmlCacheBehavior [ RunTime:0.001000s ]
INFO: [ app_begin ] --END-- [ RunTime:0.001000s ]
NOTIC: [8] Undefined index: time E:\www\heiid.com\Application\Api\Controller\BaseController.class.php 第 123 行.
NOTIC: [8] Undefined index: test E:\www\heiid.com\Application\Api\Controller\BaseController.class.php 第 24 行.

[ 2016-07-13T10:06:31+08:00 ] 127.0.0.1 /index.php?m=Api&c=User&a=reg
INFO: [ app_init ] --START--
INFO: Run Behavior\BuildLiteBehavior [ RunTime:0.000000s ]
INFO: [ app_init ] --END-- [ RunTime:0.001000s ]
INFO: [ app_begin ] --START--
INFO: Run Behavior\ReadHtmlCacheBehavior [ RunTime:0.001001s ]
INFO: [ app_begin ] --END-- [ RunTime:0.001001s ]
NOTIC: [8] Undefined index: test E:\www\heiid.com\Application\Api\Controller\BaseController.class.php 第 24 行.

[ 2016-07-13T10:06:42+08:00 ] 127.0.0.1 /index.php?m=Api&c=User&a=updateUserInfo
INFO: [ app_init ] --START--
INFO: Run Behavior\BuildLiteBehavior [ RunTime:0.000000s ]
INFO: [ app_init ] --END-- [ RunTime:0.000000s ]
INFO: [ app_begin ] --START--
INFO: Run Behavior\ReadHtmlCacheBehavior [ RunTime:0.000000s ]
INFO: [ app_begin ] --END-- [ RunTime:0.000000s ]
NOTIC: [8] Undefined index: test E:\www\heiid.com\Application\Api\Controller\BaseController.class.php 第 24 行.

[ 2016-07-13T10:08:05+08:00 ] 127.0.0.1 /index.php?m=Api&c=Base&a=getServerTime
INFO: [ app_init ] --START--
INFO: Run Behavior\BuildLiteBehavior [ RunTime:0.000000s ]
INFO: [ app_init ] --END-- [ RunTime:0.001000s ]
INFO: [ app_begin ] --START--
INFO: Run Behavior\ReadHtmlCacheBehavior [ RunTime:0.001000s ]
INFO: [ app_begin ] --END-- [ RunTime:0.001000s ]
NOTIC: [8] Undefined index: time E:\www\heiid.com\Application\Api\Controller\BaseController.class.php 第 123 行.
NOTIC: [8] Undefined index: test E:\www\heiid.com\Application\Api\Controller\BaseController.class.php 第 24 行.

[ 2016-07-13T10:08:22+08:00 ] 127.0.0.1 /index.php?m=Api&c=User&a=reg
INFO: [ app_init ] --START--
INFO: Run Behavior\BuildLiteBehavior [ RunTime:0.000000s ]
INFO: [ app_init ] --END-- [ RunTime:0.000000s ]
INFO: [ app_begin ] --START--
INFO: Run Behavior\ReadHtmlCacheBehavior [ RunTime:0.000000s ]
INFO: [ app_begin ] --END-- [ RunTime:0.001000s ]
NOTIC: [8] Undefined index: test E:\www\heiid.com\Application\Api\Controller\BaseController.class.php 第 24 行.

[ 2016-07-13T10:08:30+08:00 ] 127.0.0.1 /index.php?m=Api&c=User&a=updateUserInfo
INFO: [ app_init ] --START--
INFO: Run Behavior\BuildLiteBehavior [ RunTime:0.000000s ]
INFO: [ app_init ] --END-- [ RunTime:0.000000s ]
INFO: [ app_begin ] --START--
INFO: Run Behavior\ReadHtmlCacheBehavior [ RunTime:0.001000s ]
INFO: [ app_begin ] --END-- [ RunTime:0.001000s ]
NOTIC: [8] Undefined index: test E:\www\heiid.com\Application\Api\Controller\BaseController.class.php 第 24 行.

[ 2016-07-13T10:10:07+08:00 ] 127.0.0.1 /index.php?m=Api&c=Base&a=getServerTime
INFO: [ app_init ] --START--
INFO: Run Behavior\BuildLiteBehavior [ RunTime:0.000000s ]
INFO: [ app_init ] --END-- [ RunTime:0.000000s ]
INFO: [ app_begin ] --START--
INFO: Run Behavior\ReadHtmlCacheBehavior [ RunTime:0.000000s ]
INFO: [ app_begin ] --END-- [ RunTime:0.000000s ]
NOTIC: [8] Undefined index: time E:\www\heiid.com\Application\Api\Controller\BaseController.class.php 第 123 行.
NOTIC: [8] Undefined index: test E:\www\heiid.com\Application\Api\Controller\BaseController.class.php 第 24 行.

[ 2016-07-13T10:10:38+08:00 ] 127.0.0.1 /index.php?m=Api&c=User&a=reg
INFO: [ app_init ] --START--
INFO: Run Behavior\BuildLiteBehavior [ RunTime:0.000000s ]
INFO: [ app_init ] --END-- [ RunTime:0.001000s ]
INFO: [ app_begin ] --START--
INFO: Run Behavior\ReadHtmlCacheBehavior [ RunTime:0.001000s ]
INFO: [ app_begin ] --END-- [ RunTime:0.001000s ]
NOTIC: [8] Undefined index: test E:\www\heiid.com\Application\Api\Controller\BaseController.class.php 第 24 行.

[ 2016-07-13T10:10:41+08:00 ] 127.0.0.1 /index.php?m=Api&c=User&a=reg
INFO: [ app_init ] --START--
INFO: Run Behavior\BuildLiteBehavior [ RunTime:0.000000s ]
INFO: [ app_init ] --END-- [ RunTime:0.000000s ]
INFO: [ app_begin ] --START--
INFO: Run Behavior\ReadHtmlCacheBehavior [ RunTime:0.001000s ]
INFO: [ app_begin ] --END-- [ RunTime:0.001000s ]
NOTIC: [8] Undefined index: test E:\www\heiid.com\Application\Api\Controller\BaseController.class.php 第 24 行.

[ 2016-07-13T10:10:49+08:00 ] 127.0.0.1 /index.php?m=Api&c=User&a=updateUserInfo
INFO: [ app_init ] --START--
INFO: Run Behavior\BuildLiteBehavior [ RunTime:0.001000s ]
INFO: [ app_init ] --END-- [ RunTime:0.001000s ]
INFO: [ app_begin ] --START--
INFO: Run Behavior\ReadHtmlCacheBehavior [ RunTime:0.000000s ]
INFO: [ app_begin ] --END-- [ RunTime:0.000000s ]
NOTIC: [8] Undefined index: test E:\www\heiid.com\Application\Api\Controller\BaseController.class.php 第 24 行.

[ 2016-07-13T11:13:28+08:00 ] 127.0.0.1 /index.php?m=Api&c=Base&a=getServerTime
INFO: [ app_init ] --START--
INFO: Run Behavior\BuildLiteBehavior [ RunTime:0.000000s ]
INFO: [ app_init ] --END-- [ RunTime:0.001000s ]
INFO: [ app_begin ] --START--
INFO: Run Behavior\ReadHtmlCacheBehavior [ RunTime:0.001000s ]
INFO: [ app_begin ] --END-- [ RunTime:0.001000s ]
NOTIC: [8] Undefined index: time E:\www\heiid.com\Application\Api\Controller\BaseController.class.php 第 123 行.
NOTIC: [8] Undefined index: test E:\www\heiid.com\Application\Api\Controller\BaseController.class.php 第 24 行.

[ 2016-07-13T11:13:58+08:00 ] 127.0.0.1 /index.php?m=Api&c=User&a=forget_pwd
INFO: [ app_init ] --START--
INFO: Run Behavior\BuildLiteBehavior [ RunTime:0.001000s ]
INFO: [ app_init ] --END-- [ RunTime:0.001000s ]
INFO: [ app_begin ] --START--
INFO: Run Behavior\ReadHtmlCacheBehavior [ RunTime:0.000000s ]
INFO: [ app_begin ] --END-- [ RunTime:0.000000s ]
NOTIC: [8] Undefined index: test E:\www\heiid.com\Application\Api\Controller\BaseController.class.php 第 24 行.
NOTIC: [8] Undefined variable: user E:\www\heiid.com\Application\Api\Controller\UserController.class.php 第 124 行.
NOTIC: [8] Undefined variable: data E:\www\heiid.com\Application\Api\Controller\UserController.class.php 第 126 行.
NOTIC: [8] Undefined variable: data E:\www\heiid.com\Application\Api\Controller\UserController.class.php 第 127 行.

[ 2016-07-13T11:14:29+08:00 ] 127.0.0.1 /index.php?m=Api&c=User&a=forget_pwd
INFO: [ app_init ] --START--
INFO: Run Behavior\BuildLiteBehavior [ RunTime:0.000000s ]
INFO: [ app_init ] --END-- [ RunTime:0.001000s ]
INFO: [ app_begin ] --START--
INFO: Run Behavior\ReadHtmlCacheBehavior [ RunTime:0.000000s ]
INFO: [ app_begin ] --END-- [ RunTime:0.000000s ]
NOTIC: [8] Undefined index: test E:\www\heiid.com\Application\Api\Controller\BaseController.class.php 第 24 行.
NOTIC: [8] Undefined variable: user E:\www\heiid.com\Application\Api\Controller\UserController.class.php 第 124 行.
NOTIC: [8] Undefined variable: data E:\www\heiid.com\Application\Api\Controller\UserController.class.php 第 126 行.
NOTIC: [8] Undefined variable: data E:\www\heiid.com\Application\Api\Controller\UserController.class.php 第 127 行.

[ 2016-07-13T11:15:46+08:00 ] 127.0.0.1 /index.php?m=Api&c=User&a=forget_pwd
INFO: [ app_init ] --START--
INFO: Run Behavior\BuildLiteBehavior [ RunTime:0.000000s ]
INFO: [ app_init ] --END-- [ RunTime:0.001000s ]
INFO: [ app_begin ] --START--
INFO: Run Behavior\ReadHtmlCacheBehavior [ RunTime:0.001000s ]
INFO: [ app_begin ] --END-- [ RunTime:0.001000s ]
NOTIC: [8] Undefined index: test E:\www\heiid.com\Application\Api\Controller\BaseController.class.php 第 24 行.
NOTIC: [8] Undefined variable: user E:\www\heiid.com\Application\Api\Controller\UserController.class.php 第 124 行.
NOTIC: [8] Undefined variable: data E:\www\heiid.com\Application\Api\Controller\UserController.class.php 第 126 行.
NOTIC: [8] Undefined variable: data E:\www\heiid.com\Application\Api\Controller\UserController.class.php 第 127 行.

[ 2016-07-13T11:15:58+08:00 ] 127.0.0.1 /index.php?m=Api&c=User&a=forget_pwd
INFO: [ app_init ] --START--
INFO: Run Behavior\BuildLiteBehavior [ RunTime:0.000000s ]
INFO: [ app_init ] --END-- [ RunTime:0.000000s ]
INFO: [ app_begin ] --START--
INFO: Run Behavior\ReadHtmlCacheBehavior [ RunTime:0.001000s ]
INFO: [ app_begin ] --END-- [ RunTime:0.001000s ]
NOTIC: [8] Undefined index: test E:\www\heiid.com\Application\Api\Controller\BaseController.class.php 第 24 行.

[ 2016-07-13T11:22:13+08:00 ] 127.0.0.1 /index.php?m=Api&c=Base&a=getServerTime
INFO: [ app_init ] --START--
INFO: Run Behavior\BuildLiteBehavior [ RunTime:0.000000s ]
INFO: [ app_init ] --END-- [ RunTime:0.001000s ]
INFO: [ app_begin ] --START--
INFO: Run Behavior\ReadHtmlCacheBehavior [ RunTime:0.001000s ]
INFO: [ app_begin ] --END-- [ RunTime:0.001000s ]
NOTIC: [8] Undefined index: time E:\www\heiid.com\Application\Api\Controller\BaseController.class.php 第 123 行.
NOTIC: [8] Undefined index: test E:\www\heiid.com\Application\Api\Controller\BaseController.class.php 第 24 行.

[ 2016-07-13T11:22:20+08:00 ] 127.0.0.1 /index.php?m=Api&c=User&a=send_sms_reg_code
INFO: [ app_init ] --START--
INFO: Run Behavior\BuildLiteBehavior [ RunTime:0.000000s ]
INFO: [ app_init ] --END-- [ RunTime:0.001000s ]
INFO: [ app_begin ] --START--
INFO: Run Behavior\ReadHtmlCacheBehavior [ RunTime:0.001000s ]
INFO: [ app_begin ] --END-- [ RunTime:0.001000s ]
NOTIC: [8] Undefined index: test E:\www\heiid.com\Application\Api\Controller\BaseController.class.php 第 24 行.

[ 2016-07-13T11:22:25+08:00 ] 127.0.0.1 /index.php?m=Api&c=User&a=send_sms_reg_code
INFO: [ app_init ] --START--
INFO: Run Behavior\BuildLiteBehavior [ RunTime:0.000000s ]
INFO: [ app_init ] --END-- [ RunTime:0.000000s ]
INFO: [ app_begin ] --START--
INFO: Run Behavior\ReadHtmlCacheBehavior [ RunTime:0.001001s ]
INFO: [ app_begin ] --END-- [ RunTime:0.001001s ]
NOTIC: [8] Undefined index: test E:\www\heiid.com\Application\Api\Controller\BaseController.class.php 第 24 行.

[ 2016-07-13T11:22:30+08:00 ] 127.0.0.1 /index.php?m=Api&c=User&a=send_sms_reg_code
INFO: [ app_init ] --START--
INFO: Run Behavior\BuildLiteBehavior [ RunTime:0.000000s ]
INFO: [ app_init ] --END-- [ RunTime:0.000000s ]
INFO: [ app_begin ] --START--
INFO: Run Behavior\ReadHtmlCacheBehavior [ RunTime:0.000000s ]
INFO: [ app_begin ] --END-- [ RunTime:0.001000s ]
NOTIC: [8] Undefined index: test E:\www\heiid.com\Application\Api\Controller\BaseController.class.php 第 24 行.
NOTIC: [8] Undefined index: sms_product E:\www\heiid.com\Application\Common\Common\common.php 第 302 行.
NOTIC: [8] Undefined index: sms_appkey E:\www\heiid.com\Application\Common\Common\common.php 第 304 行.
NOTIC: [8] Undefined index: sms_secretKey E:\www\heiid.com\Application\Common\Common\common.php 第 306 行.
NOTIC: [8] Undefined index: sms_templateCode E:\www\heiid.com\Application\Common\Common\common.php 第 320 行.

[ 2016-07-13T11:23:32+08:00 ] 127.0.0.1 /index.php?m=Api&c=Base&a=getServerTime
INFO: [ app_init ] --START--
INFO: Run Behavior\BuildLiteBehavior [ RunTime:0.000000s ]
INFO: [ app_init ] --END-- [ RunTime:0.000000s ]
INFO: [ app_begin ] --START--
INFO: Run Behavior\ReadHtmlCacheBehavior [ RunTime:0.000000s ]
INFO: [ app_begin ] --END-- [ RunTime:0.000000s ]
NOTIC: [8] Undefined index: time E:\www\heiid.com\Application\Api\Controller\BaseController.class.php 第 123 行.
NOTIC: [8] Undefined index: test E:\www\heiid.com\Application\Api\Controller\BaseController.class.php 第 24 行.

[ 2016-07-13T11:23:43+08:00 ] 127.0.0.1 /index.php?m=Api&c=User&a=send_sms_reg_code
INFO: [ app_init ] --START--
INFO: Run Behavior\BuildLiteBehavior [ RunTime:0.000000s ]
INFO: [ app_init ] --END-- [ RunTime:0.000000s ]
INFO: [ app_begin ] --START--
INFO: Run Behavior\ReadHtmlCacheBehavior [ RunTime:0.001001s ]
INFO: [ app_begin ] --END-- [ RunTime:0.001001s ]
NOTIC: [8] Undefined index: test E:\www\heiid.com\Application\Api\Controller\BaseController.class.php 第 24 行.

[ 2016-07-13T11:23:48+08:00 ] 127.0.0.1 /index.php?m=Api&c=User&a=send_sms_reg_code
INFO: [ app_init ] --START--
INFO: Run Behavior\BuildLiteBehavior [ RunTime:0.000000s ]
INFO: [ app_init ] --END-- [ RunTime:0.001000s ]
INFO: [ app_begin ] --START--
INFO: Run Behavior\ReadHtmlCacheBehavior [ RunTime:0.001000s ]
INFO: [ app_begin ] --END-- [ RunTime:0.001000s ]
NOTIC: [8] Undefined index: test E:\www\heiid.com\Application\Api\Controller\BaseController.class.php 第 24 行.
NOTIC: [8] Undefined index: sms_product E:\www\heiid.com\Application\Common\Common\common.php 第 302 行.
NOTIC: [8] Undefined index: sms_appkey E:\www\heiid.com\Application\Common\Common\common.php 第 304 行.
NOTIC: [8] Undefined index: sms_secretKey E:\www\heiid.com\Application\Common\Common\common.php 第 306 行.
NOTIC: [8] Undefined index: sms_templateCode E:\www\heiid.com\Application\Common\Common\common.php 第 320 行.

[ 2016-07-13T11:24:46+08:00 ] 127.0.0.1 /index.php?m=Api&c=User&a=login
INFO: [ app_init ] --START--
INFO: Run Behavior\BuildLiteBehavior [ RunTime:0.000000s ]
INFO: [ app_init ] --END-- [ RunTime:0.000000s ]
INFO: [ app_begin ] --START--
INFO: Run Behavior\ReadHtmlCacheBehavior [ RunTime:0.000000s ]
INFO: [ app_begin ] --END-- [ RunTime:0.000000s ]
NOTIC: [8] Undefined index: test E:\www\heiid.com\Application\Api\Controller\BaseController.class.php 第 24 行.
NOTIC: [8] Undefined index: result E:\www\heiid.com\Application\Api\Controller\UserController.class.php 第 31 行.

[ 2016-07-13T11:27:06+08:00 ] 127.0.0.1 /index.php?m=Api&c=Base&a=getServerTime
INFO: [ app_init ] --START--
INFO: Run Behavior\BuildLiteBehavior [ RunTime:0.000000s ]
INFO: [ app_init ] --END-- [ RunTime:0.000000s ]
INFO: [ app_begin ] --START--
INFO: Run Behavior\ReadHtmlCacheBehavior [ RunTime:0.001000s ]
INFO: [ app_begin ] --END-- [ RunTime:0.001000s ]
NOTIC: [8] Undefined index: time E:\www\heiid.com\Application\Api\Controller\BaseController.class.php 第 123 行.
NOTIC: [8] Undefined index: test E:\www\heiid.com\Application\Api\Controller\BaseController.class.php 第 24 行.

[ 2016-07-13T11:33:26+08:00 ] 127.0.0.1 /index.php?m=Api&c=Base&a=getServerTime
INFO: [ app_init ] --START--
INFO: Run Behavior\BuildLiteBehavior [ RunTime:0.000000s ]
INFO: [ app_init ] --END-- [ RunTime:0.001000s ]
INFO: [ app_begin ] --START--
INFO: Run Behavior\ReadHtmlCacheBehavior [ RunTime:0.000000s ]
INFO: [ app_begin ] --END-- [ RunTime:0.001000s ]
NOTIC: [8] Undefined index: time E:\www\heiid.com\Application\Api\Controller\BaseController.class.php 第 123 行.
NOTIC: [8] Undefined index: test E:\www\heiid.com\Application\Api\Controller\BaseController.class.php 第 24 行.

[ 2016-07-13T11:33:31+08:00 ] 127.0.0.1 /index.php?m=Api&c=User&a=login
INFO: [ app_init ] --START--
INFO: Run Behavior\BuildLiteBehavior [ RunTime:0.000000s ]
INFO: [ app_init ] --END-- [ RunTime:0.000000s ]
INFO: [ app_begin ] --START--
INFO: Run Behavior\ReadHtmlCacheBehavior [ RunTime:0.000000s ]
INFO: [ app_begin ] --END-- [ RunTime:0.000000s ]
NOTIC: [8] Undefined index: test E:\www\heiid.com\Application\Api\Controller\BaseController.class.php 第 24 行.
NOTIC: [8] Undefined index: result E:\www\heiid.com\Application\Api\Controller\UserController.class.php 第 31 行.

[ 2016-07-13T11:33:41+08:00 ] 127.0.0.1 /index.php?m=Api&c=User&a=send_sms_reg_code
INFO: [ app_init ] --START--
INFO: Run Behavior\BuildLiteBehavior [ RunTime:0.000000s ]
INFO: [ app_init ] --END-- [ RunTime:0.000000s ]
INFO: [ app_begin ] --START--
INFO: Run Behavior\ReadHtmlCacheBehavior [ RunTime:0.000000s ]
INFO: [ app_begin ] --END-- [ RunTime:0.000000s ]
NOTIC: [8] Undefined index: test E:\www\heiid.com\Application\Api\Controller\BaseController.class.php 第 24 行.
NOTIC: [8] Undefined index: sms_product E:\www\heiid.com\Application\Common\Common\common.php 第 302 行.
NOTIC: [8] Undefined index: sms_appkey E:\www\heiid.com\Application\Common\Common\common.php 第 304 行.
NOTIC: [8] Undefined index: sms_secretKey E:\www\heiid.com\Application\Common\Common\common.php 第 306 行.
NOTIC: [8] Undefined index: sms_templateCode E:\www\heiid.com\Application\Common\Common\common.php 第 320 行.

[ 2016-07-13T11:35:07+08:00 ] 127.0.0.1 /index.php?m=Api&c=User&a=send_sms_reg_code
INFO: [ app_init ] --START--
INFO: Run Behavior\BuildLiteBehavior [ RunTime:0.000000s ]
INFO: [ app_init ] --END-- [ RunTime:0.000000s ]
INFO: [ app_begin ] --START--
INFO: Run Behavior\ReadHtmlCacheBehavior [ RunTime:0.001000s ]
INFO: [ app_begin ] --END-- [ RunTime:0.001000s ]
NOTIC: [8] Undefined index: test E:\www\heiid.com\Application\Api\Controller\BaseController.class.php 第 24 行.
NOTIC: [8] Undefined index: sms_product E:\www\heiid.com\Application\Common\Common\common.php 第 302 行.
NOTIC: [8] Undefined index: sms_appkey E:\www\heiid.com\Application\Common\Common\common.php 第 304 行.
NOTIC: [8] Undefined index: sms_secretKey E:\www\heiid.com\Application\Common\Common\common.php 第 306 行.
NOTIC: [8] Undefined index: sms_templateCode E:\www\heiid.com\Application\Common\Common\common.php 第 320 行.

[ 2016-07-13T11:35:34+08:00 ] 127.0.0.1 /index.php?m=Api&c=User&a=send_sms_reg_code
INFO: [ app_init ] --START--
INFO: Run Behavior\BuildLiteBehavior [ RunTime:0.000000s ]
INFO: [ app_init ] --END-- [ RunTime:0.001000s ]
INFO: [ app_begin ] --START--
INFO: Run Behavior\ReadHtmlCacheBehavior [ RunTime:0.001000s ]
INFO: [ app_begin ] --END-- [ RunTime:0.001000s ]
NOTIC: [8] Undefined index: test E:\www\heiid.com\Application\Api\Controller\BaseController.class.php 第 24 行.

[ 2016-07-13T11:37:07+08:00 ] 127.0.0.1 /index.php?m=Api&c=User&a=send_sms_reg_code
INFO: [ app_init ] --START--
INFO: Run Behavior\BuildLiteBehavior [ RunTime:0.000000s ]
INFO: [ app_init ] --END-- [ RunTime:0.001001s ]
INFO: [ app_begin ] --START--
INFO: Run Behavior\ReadHtmlCacheBehavior [ RunTime:0.000000s ]
INFO: [ app_begin ] --END-- [ RunTime:0.001000s ]
NOTIC: [8] Undefined index: test E:\www\heiid.com\Application\Api\Controller\BaseController.class.php 第 24 行.
NOTIC: [8] Undefined index: sms_product E:\www\heiid.com\Application\Common\Common\common.php 第 302 行.
NOTIC: [8] Undefined index: sms_appkey E:\www\heiid.com\Application\Common\Common\common.php 第 304 行.
NOTIC: [8] Undefined index: sms_secretKey E:\www\heiid.com\Application\Common\Common\common.php 第 306 行.
NOTIC: [8] Undefined index: sms_templateCode E:\www\heiid.com\Application\Common\Common\common.php 第 320 行.

[ 2016-07-13T11:37:42+08:00 ] 127.0.0.1 /index.php?m=Api&c=User&a=forget_pwd
INFO: [ app_init ] --START--
INFO: Run Behavior\BuildLiteBehavior [ RunTime:0.000000s ]
INFO: [ app_init ] --END-- [ RunTime:0.000000s ]
INFO: [ app_begin ] --START--
INFO: Run Behavior\ReadHtmlCacheBehavior [ RunTime:0.001000s ]
INFO: [ app_begin ] --END-- [ RunTime:0.001000s ]
NOTIC: [8] Undefined index: test E:\www\heiid.com\Application\Api\Controller\BaseController.class.php 第 24 行.

[ 2016-07-13T11:38:02+08:00 ] 127.0.0.1 /index.php?m=Api&c=User&a=forget_pwd
INFO: [ app_init ] --START--
INFO: Run Behavior\BuildLiteBehavior [ RunTime:0.001000s ]
INFO: [ app_init ] --END-- [ RunTime:0.001000s ]
INFO: [ app_begin ] --START--
INFO: Run Behavior\ReadHtmlCacheBehavior [ RunTime:0.001000s ]
INFO: [ app_begin ] --END-- [ RunTime:0.001000s ]
NOTIC: [8] Undefined index: test E:\www\heiid.com\Application\Api\Controller\BaseController.class.php 第 24 行.

[ 2016-07-13T11:38:12+08:00 ] 127.0.0.1 /index.php?m=Api&c=User&a=forget_pwd
INFO: [ app_init ] --START--
INFO: Run Behavior\BuildLiteBehavior [ RunTime:0.000000s ]
INFO: [ app_init ] --END-- [ RunTime:0.000000s ]
INFO: [ app_begin ] --START--
INFO: Run Behavior\ReadHtmlCacheBehavior [ RunTime:0.000000s ]
INFO: [ app_begin ] --END-- [ RunTime:0.001000s ]
NOTIC: [8] Undefined index: test E:\www\heiid.com\Application\Api\Controller\BaseController.class.php 第 24 行.

[ 2016-07-13T14:32:32+08:00 ] 127.0.0.1 /index.php?m=Api&c=Base&a=getServerTime
INFO: [ app_init ] --START--
INFO: Run Behavior\BuildLiteBehavior [ RunTime:0.000000s ]
INFO: [ app_init ] --END-- [ RunTime:0.000000s ]
INFO: [ app_begin ] --START--
INFO: Run Behavior\ReadHtmlCacheBehavior [ RunTime:0.015600s ]
INFO: [ app_begin ] --END-- [ RunTime:0.015600s ]
NOTIC: [8] Undefined index: time E:\www\heiid.com\Application\Api\Controller\BaseController.class.php 第 123 行.
NOTIC: [8] Undefined index: test E:\www\heiid.com\Application\Api\Controller\BaseController.class.php 第 24 行.

[ 2016-07-13T14:32:55+08:00 ] 127.0.0.1 /index.php?m=Api&c=Base&a=getServerTime
INFO: [ app_init ] --START--
INFO: Run Behavior\BuildLiteBehavior [ RunTime:0.000000s ]
INFO: [ app_init ] --END-- [ RunTime:0.000000s ]
INFO: [ app_begin ] --START--
INFO: Run Behavior\ReadHtmlCacheBehavior [ RunTime:0.000000s ]
INFO: [ app_begin ] --END-- [ RunTime:0.000000s ]
NOTIC: [8] Undefined index: time E:\www\heiid.com\Application\Api\Controller\BaseController.class.php 第 123 行.
NOTIC: [8] Undefined index: test E:\www\heiid.com\Application\Api\Controller\BaseController.class.php 第 24 行.

[ 2016-07-13T14:33:44+08:00 ] 127.0.0.1 /index.php?m=Api&c=Base&a=getServerTime
INFO: [ app_init ] --START--
INFO: Run Behavior\BuildLiteBehavior [ RunTime:0.000000s ]
INFO: [ app_init ] --END-- [ RunTime:0.000000s ]
INFO: [ app_begin ] --START--
INFO: Run Behavior\ReadHtmlCacheBehavior [ RunTime:0.000000s ]
INFO: [ app_begin ] --END-- [ RunTime:0.000000s ]
NOTIC: [8] Undefined index: time E:\www\heiid.com\Application\Api\Controller\BaseController.class.php 第 123 行.
NOTIC: [8] Undefined index: test E:\www\heiid.com\Application\Api\Controller\BaseController.class.php 第 24 行.

[ 2016-07-13T14:33:54+08:00 ] 127.0.0.1 /index.php?m=Api&c=User&a=send_sms_reg_code
INFO: [ app_init ] --START--
INFO: Run Behavior\BuildLiteBehavior [ RunTime:0.000000s ]
INFO: [ app_init ] --END-- [ RunTime:0.000000s ]
INFO: [ app_begin ] --START--
INFO: Run Behavior\ReadHtmlCacheBehavior [ RunTime:0.000000s ]
INFO: [ app_begin ] --END-- [ RunTime:0.000000s ]
NOTIC: [8] Undefined index: test E:\www\heiid.com\Application\Api\Controller\BaseController.class.php 第 24 行.
NOTIC: [8] Undefined index: sms_product E:\www\heiid.com\Application\Common\Common\common.php 第 302 行.
NOTIC: [8] Undefined index: sms_appkey E:\www\heiid.com\Application\Common\Common\common.php 第 304 行.
NOTIC: [8] Undefined index: sms_secretKey E:\www\heiid.com\Application\Common\Common\common.php 第 306 行.
NOTIC: [8] Undefined index: sms_templateCode E:\www\heiid.com\Application\Common\Common\common.php 第 320 行.

[ 2016-07-13T14:34:20+08:00 ] 127.0.0.1 /index.php?m=Api&c=User&a=forget_pwd
INFO: [ app_init ] --START--
INFO: Run Behavior\BuildLiteBehavior [ RunTime:0.000000s ]
INFO: [ app_init ] --END-- [ RunTime:0.000000s ]
INFO: [ app_begin ] --START--
INFO: Run Behavior\ReadHtmlCacheBehavior [ RunTime:0.000000s ]
INFO: [ app_begin ] --END-- [ RunTime:0.000000s ]
NOTIC: [8] Undefined index: test E:\www\heiid.com\Application\Api\Controller\BaseController.class.php 第 24 行.

[ 2016-07-13T14:34:33+08:00 ] 127.0.0.1 /index.php?m=Api&c=User&a=forget_pwd
INFO: [ app_init ] --START--
INFO: Run Behavior\BuildLiteBehavior [ RunTime:0.000000s ]
INFO: [ app_init ] --END-- [ RunTime:0.000000s ]
INFO: [ app_begin ] --START--
INFO: Run Behavior\ReadHtmlCacheBehavior [ RunTime:0.000000s ]
INFO: [ app_begin ] --END-- [ RunTime:0.000000s ]
NOTIC: [8] Undefined index: test E:\www\heiid.com\Application\Api\Controller\BaseController.class.php 第 24 行.

[ 2016-07-13T14:35:04+08:00 ] 127.0.0.1 /index.php?m=Api&c=User&a=forget_pwd
INFO: [ app_init ] --START--
INFO: Run Behavior\BuildLiteBehavior [ RunTime:0.000000s ]
INFO: [ app_init ] --END-- [ RunTime:0.000000s ]
INFO: [ app_begin ] --START--
INFO: Run Behavior\ReadHtmlCacheBehavior [ RunTime:0.000000s ]
INFO: [ app_begin ] --END-- [ RunTime:0.000000s ]
NOTIC: [8] Undefined index: test E:\www\heiid.com\Application\Api\Controller\BaseController.class.php 第 24 行.

[ 2016-07-13T14:35:12+08:00 ] 127.0.0.1 /index.php?m=Api&c=User&a=forget_pwd
INFO: [ app_init ] --START--
INFO: Run Behavior\BuildLiteBehavior [ RunTime:0.000000s ]
INFO: [ app_init ] --END-- [ RunTime:0.000000s ]
INFO: [ app_begin ] --START--
INFO: Run Behavior\ReadHtmlCacheBehavior [ RunTime:0.000000s ]
INFO: [ app_begin ] --END-- [ RunTime:0.000000s ]
NOTIC: [8] Undefined index: test E:\www\heiid.com\Application\Api\Controller\BaseController.class.php 第 24 行.

[ 2016-07-13T14:35:23+08:00 ] 127.0.0.1 /index.php?m=Api&c=User&a=forget_pwd
INFO: [ app_init ] --START--
INFO: Run Behavior\BuildLiteBehavior [ RunTime:0.000000s ]
INFO: [ app_init ] --END-- [ RunTime:0.000000s ]
INFO: [ app_begin ] --START--
INFO: Run Behavior\ReadHtmlCacheBehavior [ RunTime:0.000000s ]
INFO: [ app_begin ] --END-- [ RunTime:0.000000s ]
NOTIC: [8] Undefined index: test E:\www\heiid.com\Application\Api\Controller\BaseController.class.php 第 24 行.

[ 2016-07-13T14:35:58+08:00 ] 127.0.0.1 /index.php?m=Api&c=User&a=forget_pwd
INFO: [ app_init ] --START--
INFO: Run Behavior\BuildLiteBehavior [ RunTime:0.000000s ]
INFO: [ app_init ] --END-- [ RunTime:0.000000s ]
INFO: [ app_begin ] --START--
INFO: Run Behavior\ReadHtmlCacheBehavior [ RunTime:0.000000s ]
INFO: [ app_begin ] --END-- [ RunTime:0.000000s ]
NOTIC: [8] Undefined index: test E:\www\heiid.com\Application\Api\Controller\BaseController.class.php 第 24 行.

[ 2016-07-13T14:36:09+08:00 ] 127.0.0.1 /index.php?m=Api&c=User&a=forget_pwd
INFO: [ app_init ] --START--
INFO: Run Behavior\BuildLiteBehavior [ RunTime:0.000000s ]
INFO: [ app_init ] --END-- [ RunTime:0.000000s ]
INFO: [ app_begin ] --START--
INFO: Run Behavior\ReadHtmlCacheBehavior [ RunTime:0.000000s ]
INFO: [ app_begin ] --END-- [ RunTime:0.000000s ]
NOTIC: [8] Undefined index: test E:\www\heiid.com\Application\Api\Controller\BaseController.class.php 第 24 行.

[ 2016-07-13T14:36:44+08:00 ] 127.0.0.1 /index.php?m=Api&c=User&a=send_sms_reg_code
INFO: [ app_init ] --START--
INFO: Run Behavior\BuildLiteBehavior [ RunTime:0.000000s ]
INFO: [ app_init ] --END-- [ RunTime:0.000000s ]
INFO: [ app_begin ] --START--
INFO: Run Behavior\ReadHtmlCacheBehavior [ RunTime:0.000000s ]
INFO: [ app_begin ] --END-- [ RunTime:0.000000s ]
NOTIC: [8] Undefined index: test E:\www\heiid.com\Application\Api\Controller\BaseController.class.php 第 24 行.
NOTIC: [8] Undefined index: sms_product E:\www\heiid.com\Application\Common\Common\common.php 第 302 行.
NOTIC: [8] Undefined index: sms_appkey E:\www\heiid.com\Application\Common\Common\common.php 第 304 行.
NOTIC: [8] Undefined index: sms_secretKey E:\www\heiid.com\Application\Common\Common\common.php 第 306 行.
NOTIC: [8] Undefined index: sms_templateCode E:\www\heiid.com\Application\Common\Common\common.php 第 320 行.

[ 2016-07-13T14:36:59+08:00 ] 127.0.0.1 /index.php?m=Api&c=User&a=forget_pwd
INFO: [ app_init ] --START--
INFO: Run Behavior\BuildLiteBehavior [ RunTime:0.000000s ]
INFO: [ app_init ] --END-- [ RunTime:0.000000s ]
INFO: [ app_begin ] --START--
INFO: Run Behavior\ReadHtmlCacheBehavior [ RunTime:0.000000s ]
INFO: [ app_begin ] --END-- [ RunTime:0.000000s ]
NOTIC: [8] Undefined index: test E:\www\heiid.com\Application\Api\Controller\BaseController.class.php 第 24 行.

[ 2016-07-13T14:37:06+08:00 ] 127.0.0.1 /index.php?m=Api&c=User&a=forget_pwd
INFO: [ app_init ] --START--
INFO: Run Behavior\BuildLiteBehavior [ RunTime:0.000000s ]
INFO: [ app_init ] --END-- [ RunTime:0.000000s ]
INFO: [ app_begin ] --START--
INFO: Run Behavior\ReadHtmlCacheBehavior [ RunTime:0.000000s ]
INFO: [ app_begin ] --END-- [ RunTime:0.000000s ]
NOTIC: [8] Undefined index: test E:\www\heiid.com\Application\Api\Controller\BaseController.class.php 第 24 行.

[ 2016-07-13T14:39:14+08:00 ] 127.0.0.1 /index.php?m=Api&c=Base&a=getServerTime
INFO: [ app_init ] --START--
INFO: Run Behavior\BuildLiteBehavior [ RunTime:0.000000s ]
INFO: [ app_init ] --END-- [ RunTime:0.000000s ]
INFO: [ app_begin ] --START--
INFO: Run Behavior\ReadHtmlCacheBehavior [ RunTime:0.000000s ]
INFO: [ app_begin ] --END-- [ RunTime:0.000000s ]
NOTIC: [8] Undefined index: time E:\www\heiid.com\Application\Api\Controller\BaseController.class.php 第 123 行.
NOTIC: [8] Undefined index: test E:\www\heiid.com\Application\Api\Controller\BaseController.class.php 第 24 行.

[ 2016-07-13T14:39:29+08:00 ] 127.0.0.1 /index.php?m=Api&c=User&a=send_sms_reg_code
INFO: [ app_init ] --START--
INFO: Run Behavior\BuildLiteBehavior [ RunTime:0.000000s ]
INFO: [ app_init ] --END-- [ RunTime:0.000000s ]
INFO: [ app_begin ] --START--
INFO: Run Behavior\ReadHtmlCacheBehavior [ RunTime:0.015600s ]
INFO: [ app_begin ] --END-- [ RunTime:0.015600s ]
NOTIC: [8] Undefined index: test E:\www\heiid.com\Application\Api\Controller\BaseController.class.php 第 24 行.
NOTIC: [8] Undefined index: sms_product E:\www\heiid.com\Application\Common\Common\common.php 第 302 行.
NOTIC: [8] Undefined index: sms_appkey E:\www\heiid.com\Application\Common\Common\common.php 第 304 行.
NOTIC: [8] Undefined index: sms_secretKey E:\www\heiid.com\Application\Common\Common\common.php 第 306 行.
NOTIC: [8] Undefined index: sms_templateCode E:\www\heiid.com\Application\Common\Common\common.php 第 320 行.

[ 2016-07-13T14:39:54+08:00 ] 127.0.0.1 /index.php?m=Api&c=User&a=forget_pwd
INFO: [ app_init ] --START--
INFO: Run Behavior\BuildLiteBehavior [ RunTime:0.000000s ]
INFO: [ app_init ] --END-- [ RunTime:0.000000s ]
INFO: [ app_begin ] --START--
INFO: Run Behavior\ReadHtmlCacheBehavior [ RunTime:0.000000s ]
INFO: [ app_begin ] --END-- [ RunTime:0.000000s ]
NOTIC: [8] Undefined index: test E:\www\heiid.com\Application\Api\Controller\BaseController.class.php 第 24 行.

[ 2016-07-13T14:41:25+08:00 ] 127.0.0.1 /index.php?m=Api&c=User&a=send_sms_reg_code
INFO: [ app_init ] --START--
INFO: Run Behavior\BuildLiteBehavior [ RunTime:0.000000s ]
INFO: [ app_init ] --END-- [ RunTime:0.000000s ]
INFO: [ app_begin ] --START--
INFO: Run Behavior\ReadHtmlCacheBehavior [ RunTime:0.000000s ]
INFO: [ app_begin ] --END-- [ RunTime:0.015600s ]
NOTIC: [8] Undefined index: test E:\www\heiid.com\Application\Api\Controller\BaseController.class.php 第 24 行.

[ 2016-07-13T14:41:31+08:00 ] 127.0.0.1 /index.php?m=Api&c=User&a=send_sms_reg_code
INFO: [ app_init ] --START--
INFO: Run Behavior\BuildLiteBehavior [ RunTime:0.000000s ]
INFO: [ app_init ] --END-- [ RunTime:0.000000s ]
INFO: [ app_begin ] --START--
INFO: Run Behavior\ReadHtmlCacheBehavior [ RunTime:0.000000s ]
INFO: [ app_begin ] --END-- [ RunTime:0.000000s ]
NOTIC: [8] Undefined index: test E:\www\heiid.com\Application\Api\Controller\BaseController.class.php 第 24 行.
NOTIC: [8] Undefined index: sms_product E:\www\heiid.com\Application\Common\Common\common.php 第 302 行.
NOTIC: [8] Undefined index: sms_appkey E:\www\heiid.com\Application\Common\Common\common.php 第 304 行.
NOTIC: [8] Undefined index: sms_secretKey E:\www\heiid.com\Application\Common\Common\common.php 第 306 行.
NOTIC: [8] Undefined index: sms_templateCode E:\www\heiid.com\Application\Common\Common\common.php 第 320 行.

[ 2016-07-13T14:45:22+08:00 ] 127.0.0.1 /index.php?m=Api&c=User&a=forget_pwd
INFO: [ app_init ] --START--
INFO: Run Behavior\BuildLiteBehavior [ RunTime:0.000000s ]
INFO: [ app_init ] --END-- [ RunTime:0.000000s ]
INFO: [ app_begin ] --START--
INFO: Run Behavior\ReadHtmlCacheBehavior [ RunTime:0.000000s ]
INFO: [ app_begin ] --END-- [ RunTime:0.000000s ]
NOTIC: [8] Undefined index: test E:\www\heiid.com\Application\Api\Controller\BaseController.class.php 第 24 行.

[ 2016-07-13T14:47:54+08:00 ] 127.0.0.1 /index.php?m=Api&c=User&a=forget_pwd
INFO: [ app_init ] --START--
INFO: Run Behavior\BuildLiteBehavior [ RunTime:0.000000s ]
INFO: [ app_init ] --END-- [ RunTime:0.001000s ]
INFO: [ app_begin ] --START--
INFO: Run Behavior\ReadHtmlCacheBehavior [ RunTime:0.002000s ]
INFO: [ app_begin ] --END-- [ RunTime:0.002000s ]
NOTIC: [8] Undefined index: test E:\www\heiid.com\Application\Api\Controller\BaseController.class.php 第 24 行.

[ 2016-07-13T14:48:53+08:00 ] 127.0.0.1 /index.php?m=Api&c=Base&a=getServerTime
INFO: [ app_init ] --START--
INFO: Run Behavior\BuildLiteBehavior [ RunTime:0.000000s ]
INFO: [ app_init ] --END-- [ RunTime:0.015600s ]
INFO: [ app_begin ] --START--
INFO: Run Behavior\ReadHtmlCacheBehavior [ RunTime:0.000000s ]
INFO: [ app_begin ] --END-- [ RunTime:0.000000s ]
NOTIC: [8] Undefined index: time E:\www\heiid.com\Application\Api\Controller\BaseController.class.php 第 123 行.
NOTIC: [8] Undefined index: test E:\www\heiid.com\Application\Api\Controller\BaseController.class.php 第 24 行.

[ 2016-07-13T14:49:09+08:00 ] 127.0.0.1 /index.php?m=Api&c=Base&a=getServerTime
INFO: [ app_init ] --START--
INFO: Run Behavior\BuildLiteBehavior [ RunTime:0.000000s ]
INFO: [ app_init ] --END-- [ RunTime:0.000000s ]
INFO: [ app_begin ] --START--
INFO: Run Behavior\ReadHtmlCacheBehavior [ RunTime:0.000000s ]
INFO: [ app_begin ] --END-- [ RunTime:0.000000s ]
NOTIC: [8] Undefined index: time E:\www\heiid.com\Application\Api\Controller\BaseController.class.php 第 123 行.
NOTIC: [8] Undefined index: test E:\www\heiid.com\Application\Api\Controller\BaseController.class.php 第 24 行.

[ 2016-07-13T14:49:19+08:00 ] 127.0.0.1 /index.php?m=Api&c=User&a=send_sms_reg_code
INFO: [ app_init ] --START--
INFO: Run Behavior\BuildLiteBehavior [ RunTime:0.000000s ]
INFO: [ app_init ] --END-- [ RunTime:0.000000s ]
INFO: [ app_begin ] --START--
INFO: Run Behavior\ReadHtmlCacheBehavior [ RunTime:0.000000s ]
INFO: [ app_begin ] --END-- [ RunTime:0.000000s ]
NOTIC: [8] Undefined index: test E:\www\heiid.com\Application\Api\Controller\BaseController.class.php 第 24 行.
NOTIC: [8] Undefined index: sms_product E:\www\heiid.com\Application\Common\Common\common.php 第 302 行.
NOTIC: [8] Undefined index: sms_appkey E:\www\heiid.com\Application\Common\Common\common.php 第 304 行.
NOTIC: [8] Undefined index: sms_secretKey E:\www\heiid.com\Application\Common\Common\common.php 第 306 行.
NOTIC: [8] Undefined index: sms_templateCode E:\www\heiid.com\Application\Common\Common\common.php 第 320 行.

[ 2016-07-13T14:49:39+08:00 ] 127.0.0.1 /index.php?m=Api&c=User&a=forget_pwd
INFO: [ app_init ] --START--
INFO: Run Behavior\BuildLiteBehavior [ RunTime:0.000000s ]
INFO: [ app_init ] --END-- [ RunTime:0.000000s ]
INFO: [ app_begin ] --START--
INFO: Run Behavior\ReadHtmlCacheBehavior [ RunTime:0.000000s ]
INFO: [ app_begin ] --END-- [ RunTime:0.000000s ]
NOTIC: [8] Undefined index: test E:\www\heiid.com\Application\Api\Controller\BaseController.class.php 第 24 行.
INFO: [ app_end ] --START--
INFO: Run Behavior\ShowPageTraceBehavior [ RunTime:0.000000s ]
INFO: [ app_end ] --END-- [ RunTime:0.000000s ]

[ 2016-07-13T14:50:11+08:00 ] 127.0.0.1 /index.php?m=Api&c=User&a=forget_pwd
INFO: [ app_init ] --START--
INFO: Run Behavior\BuildLiteBehavior [ RunTime:0.000000s ]
INFO: [ app_init ] --END-- [ RunTime:0.000000s ]
INFO: [ app_begin ] --START--
INFO: Run Behavior\ReadHtmlCacheBehavior [ RunTime:0.000000s ]
INFO: [ app_begin ] --END-- [ RunTime:0.000000s ]
NOTIC: [8] Undefined index: test E:\www\heiid.com\Application\Api\Controller\BaseController.class.php 第 24 行.

[ 2016-07-13T14:52:37+08:00 ] 127.0.0.1 /index.php?m=Api&c=Base&a=getServerTime
INFO: [ app_init ] --START--
INFO: Run Behavior\BuildLiteBehavior [ RunTime:0.000000s ]
INFO: [ app_init ] --END-- [ RunTime:0.000000s ]
INFO: [ app_begin ] --START--
INFO: Run Behavior\ReadHtmlCacheBehavior [ RunTime:0.000000s ]
INFO: [ app_begin ] --END-- [ RunTime:0.000000s ]
NOTIC: [8] Undefined index: time E:\www\heiid.com\Application\Api\Controller\BaseController.class.php 第 123 行.
NOTIC: [8] Undefined index: test E:\www\heiid.com\Application\Api\Controller\BaseController.class.php 第 24 行.

[ 2016-07-13T14:52:47+08:00 ] 127.0.0.1 /index.php?m=Api&c=User&a=send_sms_reg_code
INFO: [ app_init ] --START--
INFO: Run Behavior\BuildLiteBehavior [ RunTime:0.000000s ]
INFO: [ app_init ] --END-- [ RunTime:0.015600s ]
INFO: [ app_begin ] --START--
INFO: Run Behavior\ReadHtmlCacheBehavior [ RunTime:0.000000s ]
INFO: [ app_begin ] --END-- [ RunTime:0.000000s ]
NOTIC: [8] Undefined index: test E:\www\heiid.com\Application\Api\Controller\BaseController.class.php 第 24 行.
NOTIC: [8] Undefined index: sms_product E:\www\heiid.com\Application\Common\Common\common.php 第 302 行.
NOTIC: [8] Undefined index: sms_appkey E:\www\heiid.com\Application\Common\Common\common.php 第 304 行.
NOTIC: [8] Undefined index: sms_secretKey E:\www\heiid.com\Application\Common\Common\common.php 第 306 行.
NOTIC: [8] Undefined index: sms_templateCode E:\www\heiid.com\Application\Common\Common\common.php 第 320 行.

[ 2016-07-13T14:53:24+08:00 ] 127.0.0.1 /index.php?m=Api&c=User&a=forget_pwd
INFO: [ app_init ] --START--
INFO: Run Behavior\BuildLiteBehavior [ RunTime:0.000000s ]
INFO: [ app_init ] --END-- [ RunTime:0.000000s ]
INFO: [ app_begin ] --START--
INFO: Run Behavior\ReadHtmlCacheBehavior [ RunTime:0.000000s ]
INFO: [ app_begin ] --END-- [ RunTime:0.000000s ]
NOTIC: [8] Undefined index: test E:\www\heiid.com\Application\Api\Controller\BaseController.class.php 第 24 行.

[ 2016-07-13T14:59:06+08:00 ] 127.0.0.1 /index.php?m=Api&c=Base&a=getServerTime
INFO: [ app_init ] --START--
INFO: Run Behavior\BuildLiteBehavior [ RunTime:0.000000s ]
INFO: [ app_init ] --END-- [ RunTime:0.000000s ]
INFO: [ app_begin ] --START--
INFO: Run Behavior\ReadHtmlCacheBehavior [ RunTime:0.000000s ]
INFO: [ app_begin ] --END-- [ RunTime:0.000000s ]
NOTIC: [8] Undefined index: time E:\www\heiid.com\Application\Api\Controller\BaseController.class.php 第 123 行.
NOTIC: [8] Undefined index: test E:\www\heiid.com\Application\Api\Controller\BaseController.class.php 第 24 行.

[ 2016-07-13T14:59:17+08:00 ] 127.0.0.1 /index.php?m=Api&c=User&a=send_sms_reg_code
INFO: [ app_init ] --START--
INFO: Run Behavior\BuildLiteBehavior [ RunTime:0.000000s ]
INFO: [ app_init ] --END-- [ RunTime:0.000000s ]
INFO: [ app_begin ] --START--
INFO: Run Behavior\ReadHtmlCacheBehavior [ RunTime:0.000000s ]
INFO: [ app_begin ] --END-- [ RunTime:0.000000s ]
NOTIC: [8] Undefined index: test E:\www\heiid.com\Application\Api\Controller\BaseController.class.php 第 24 行.
NOTIC: [8] Undefined index: sms_product E:\www\heiid.com\Application\Common\Common\common.php 第 302 行.
NOTIC: [8] Undefined index: sms_appkey E:\www\heiid.com\Application\Common\Common\common.php 第 304 行.
NOTIC: [8] Undefined index: sms_secretKey E:\www\heiid.com\Application\Common\Common\common.php 第 306 行.
NOTIC: [8] Undefined index: sms_templateCode E:\www\heiid.com\Application\Common\Common\common.php 第 320 行.

[ 2016-07-13T14:59:37+08:00 ] 127.0.0.1 /index.php?m=Api&c=User&a=forget_pwd
INFO: [ app_init ] --START--
INFO: Run Behavior\BuildLiteBehavior [ RunTime:0.000000s ]
INFO: [ app_init ] --END-- [ RunTime:0.000000s ]
INFO: [ app_begin ] --START--
INFO: Run Behavior\ReadHtmlCacheBehavior [ RunTime:0.000000s ]
INFO: [ app_begin ] --END-- [ RunTime:0.000000s ]
NOTIC: [8] Undefined index: test E:\www\heiid.com\Application\Api\Controller\BaseController.class.php 第 24 行.

[ 2016-07-13T15:01:47+08:00 ] 127.0.0.1 /index.php?m=Api&c=User&a=forget_pwd
INFO: [ app_init ] --START--
INFO: Run Behavior\BuildLiteBehavior [ RunTime:0.000000s ]
INFO: [ app_init ] --END-- [ RunTime:0.001000s ]
INFO: [ app_begin ] --START--
INFO: Run Behavior\ReadHtmlCacheBehavior [ RunTime:0.000000s ]
INFO: [ app_begin ] --END-- [ RunTime:0.000000s ]
NOTIC: [8] Undefined index: test E:\www\heiid.com\Application\Api\Controller\BaseController.class.php 第 24 行.

[ 2016-07-13T15:04:44+08:00 ] 127.0.0.1 /index.php?m=Api&c=Base&a=getServerTime
INFO: [ app_init ] --START--
INFO: Run Behavior\BuildLiteBehavior [ RunTime:0.000000s ]
INFO: [ app_init ] --END-- [ RunTime:0.000000s ]
INFO: [ app_begin ] --START--
INFO: Run Behavior\ReadHtmlCacheBehavior [ RunTime:0.015600s ]
INFO: [ app_begin ] --END-- [ RunTime:0.015600s ]
NOTIC: [8] Undefined index: time E:\www\heiid.com\Application\Api\Controller\BaseController.class.php 第 123 行.
NOTIC: [8] Undefined index: test E:\www\heiid.com\Application\Api\Controller\BaseController.class.php 第 24 行.

[ 2016-07-13T15:04:54+08:00 ] 127.0.0.1 /index.php?m=Api&c=User&a=send_sms_reg_code
INFO: [ app_init ] --START--
INFO: Run Behavior\BuildLiteBehavior [ RunTime:0.000000s ]
INFO: [ app_init ] --END-- [ RunTime:0.000000s ]
INFO: [ app_begin ] --START--
INFO: Run Behavior\ReadHtmlCacheBehavior [ RunTime:0.000000s ]
INFO: [ app_begin ] --END-- [ RunTime:0.000000s ]
NOTIC: [8] Undefined index: test E:\www\heiid.com\Application\Api\Controller\BaseController.class.php 第 24 行.
NOTIC: [8] Undefined index: sms_product E:\www\heiid.com\Application\Common\Common\common.php 第 302 行.
NOTIC: [8] Undefined index: sms_appkey E:\www\heiid.com\Application\Common\Common\common.php 第 304 行.
NOTIC: [8] Undefined index: sms_secretKey E:\www\heiid.com\Application\Common\Common\common.php 第 306 行.
NOTIC: [8] Undefined index: sms_templateCode E:\www\heiid.com\Application\Common\Common\common.php 第 320 行.

[ 2016-07-13T15:05:13+08:00 ] 127.0.0.1 /index.php?m=Api&c=User&a=forget_pwd
INFO: [ app_init ] --START--
INFO: Run Behavior\BuildLiteBehavior [ RunTime:0.000000s ]
INFO: [ app_init ] --END-- [ RunTime:0.000000s ]
INFO: [ app_begin ] --START--
INFO: Run Behavior\ReadHtmlCacheBehavior [ RunTime:0.000000s ]
INFO: [ app_begin ] --END-- [ RunTime:0.000000s ]
NOTIC: [8] Undefined index: test E:\www\heiid.com\Application\Api\Controller\BaseController.class.php 第 24 行.
INFO: [ app_end ] --START--
INFO: Run Behavior\ShowPageTraceBehavior [ RunTime:0.000000s ]
INFO: [ app_end ] --END-- [ RunTime:0.000000s ]

[ 2016-07-13T15:10:36+08:00 ] 127.0.0.1 /index.php?m=Api&c=Base&a=getServerTime
INFO: [ app_init ] --START--
INFO: Run Behavior\BuildLiteBehavior [ RunTime:0.000000s ]
INFO: [ app_init ] --END-- [ RunTime:0.001000s ]
INFO: [ app_begin ] --START--
INFO: Run Behavior\ReadHtmlCacheBehavior [ RunTime:0.000000s ]
INFO: [ app_begin ] --END-- [ RunTime:0.000000s ]
NOTIC: [8] Undefined index: time E:\www\heiid.com\Application\Api\Controller\BaseController.class.php 第 123 行.
NOTIC: [8] Undefined index: test E:\www\heiid.com\Application\Api\Controller\BaseController.class.php 第 24 行.

[ 2016-07-13T15:10:47+08:00 ] 127.0.0.1 /index.php?m=Api&c=User&a=send_sms_reg_code
INFO: [ app_init ] --START--
INFO: Run Behavior\BuildLiteBehavior [ RunTime:0.000000s ]
INFO: [ app_init ] --END-- [ RunTime:0.001000s ]
INFO: [ app_begin ] --START--
INFO: Run Behavior\ReadHtmlCacheBehavior [ RunTime:0.001000s ]
INFO: [ app_begin ] --END-- [ RunTime:0.001000s ]
NOTIC: [8] Undefined index: test E:\www\heiid.com\Application\Api\Controller\BaseController.class.php 第 24 行.
NOTIC: [8] Undefined index: sms_product E:\www\heiid.com\Application\Common\Common\common.php 第 302 行.
NOTIC: [8] Undefined index: sms_appkey E:\www\heiid.com\Application\Common\Common\common.php 第 304 行.
NOTIC: [8] Undefined index: sms_secretKey E:\www\heiid.com\Application\Common\Common\common.php 第 306 行.
NOTIC: [8] Undefined index: sms_templateCode E:\www\heiid.com\Application\Common\Common\common.php 第 320 行.

[ 2016-07-13T15:11:07+08:00 ] 127.0.0.1 /index.php?m=Api&c=User&a=forget_pwd
INFO: [ app_init ] --START--
INFO: Run Behavior\BuildLiteBehavior [ RunTime:0.000000s ]
INFO: [ app_init ] --END-- [ RunTime:0.000000s ]
INFO: [ app_begin ] --START--
INFO: Run Behavior\ReadHtmlCacheBehavior [ RunTime:0.000000s ]
INFO: [ app_begin ] --END-- [ RunTime:0.000000s ]
NOTIC: [8] Undefined index: test E:\www\heiid.com\Application\Api\Controller\BaseController.class.php 第 24 行.

[ 2016-07-13T15:11:24+08:00 ] 127.0.0.1 /index.php?m=Api&c=User&a=login
INFO: [ app_init ] --START--
INFO: Run Behavior\BuildLiteBehavior [ RunTime:0.000000s ]
INFO: [ app_init ] --END-- [ RunTime:0.000000s ]
INFO: [ app_begin ] --START--
INFO: Run Behavior\ReadHtmlCacheBehavior [ RunTime:0.000000s ]
INFO: [ app_begin ] --END-- [ RunTime:0.000000s ]
NOTIC: [8] Undefined index: test E:\www\heiid.com\Application\Api\Controller\BaseController.class.php 第 24 行.
NOTIC: [8] Undefined index: result E:\www\heiid.com\Application\Api\Controller\UserController.class.php 第 31 行.

[ 2016-07-13T15:11:34+08:00 ] 127.0.0.1 /index.php?m=Api&c=User&a=login
INFO: [ app_init ] --START--
INFO: Run Behavior\BuildLiteBehavior [ RunTime:0.000000s ]
INFO: [ app_init ] --END-- [ RunTime:0.015600s ]
INFO: [ app_begin ] --START--
INFO: Run Behavior\ReadHtmlCacheBehavior [ RunTime:0.000000s ]
INFO: [ app_begin ] --END-- [ RunTime:0.000000s ]
NOTIC: [8] Undefined index: test E:\www\heiid.com\Application\Api\Controller\BaseController.class.php 第 24 行.

[ 2016-07-13T15:11:47+08:00 ] 127.0.0.1 /index.php?m=Api&c=User&a=send_sms_reg_code
INFO: [ app_init ] --START--
INFO: Run Behavior\BuildLiteBehavior [ RunTime:0.000000s ]
INFO: [ app_init ] --END-- [ RunTime:0.000000s ]
INFO: [ app_begin ] --START--
INFO: Run Behavior\ReadHtmlCacheBehavior [ RunTime:0.000000s ]
INFO: [ app_begin ] --END-- [ RunTime:0.000000s ]
NOTIC: [8] Undefined index: test E:\www\heiid.com\Application\Api\Controller\BaseController.class.php 第 24 行.
NOTIC: [8] Undefined index: sms_product E:\www\heiid.com\Application\Common\Common\common.php 第 302 行.
NOTIC: [8] Undefined index: sms_appkey E:\www\heiid.com\Application\Common\Common\common.php 第 304 行.
NOTIC: [8] Undefined index: sms_secretKey E:\www\heiid.com\Application\Common\Common\common.php 第 306 行.
NOTIC: [8] Undefined index: sms_templateCode E:\www\heiid.com\Application\Common\Common\common.php 第 320 行.

[ 2016-07-13T15:11:57+08:00 ] 127.0.0.1 /index.php?m=Api&c=User&a=reg
INFO: [ app_init ] --START--
INFO: Run Behavior\BuildLiteBehavior [ RunTime:0.000000s ]
INFO: [ app_init ] --END-- [ RunTime:0.000000s ]
INFO: [ app_begin ] --START--
INFO: Run Behavior\ReadHtmlCacheBehavior [ RunTime:0.001000s ]
INFO: [ app_begin ] --END-- [ RunTime:0.001000s ]
NOTIC: [8] Undefined index: test E:\www\heiid.com\Application\Api\Controller\BaseController.class.php 第 24 行.

[ 2016-07-13T15:12:02+08:00 ] 127.0.0.1 /index.php?m=Api&c=User&a=reg
INFO: [ app_init ] --START--
INFO: Run Behavior\BuildLiteBehavior [ RunTime:0.000000s ]
INFO: [ app_init ] --END-- [ RunTime:0.000000s ]
INFO: [ app_begin ] --START--
INFO: Run Behavior\ReadHtmlCacheBehavior [ RunTime:0.000000s ]
INFO: [ app_begin ] --END-- [ RunTime:0.000000s ]
NOTIC: [8] Undefined index: test E:\www\heiid.com\Application\Api\Controller\BaseController.class.php 第 24 行.

[ 2016-07-13T16:13:58+08:00 ] 127.0.0.1 /index.php?m=Api&c=Base&a=getServerTime
INFO: [ app_init ] --START--
INFO: Run Behavior\BuildLiteBehavior [ RunTime:0.000000s ]
INFO: [ app_init ] --END-- [ RunTime:0.000000s ]
INFO: [ app_begin ] --START--
INFO: Run Behavior\ReadHtmlCacheBehavior [ RunTime:0.000000s ]
INFO: [ app_begin ] --END-- [ RunTime:0.000000s ]
NOTIC: [8] Undefined index: time E:\www\heiid.com\Application\Api\Controller\BaseController.class.php 第 123 行.
NOTIC: [8] Undefined index: test E:\www\heiid.com\Application\Api\Controller\BaseController.class.php 第 24 行.

[ 2016-07-13T16:14:11+08:00 ] 127.0.0.1 /index.php?m=Api&c=User&a=login
INFO: [ app_init ] --START--
INFO: Run Behavior\BuildLiteBehavior [ RunTime:0.000000s ]
INFO: [ app_init ] --END-- [ RunTime:0.000000s ]
INFO: [ app_begin ] --START--
INFO: Run Behavior\ReadHtmlCacheBehavior [ RunTime:0.000000s ]
INFO: [ app_begin ] --END-- [ RunTime:0.000000s ]
NOTIC: [8] Undefined index: test E:\www\heiid.com\Application\Api\Controller\BaseController.class.php 第 24 行.

[ 2016-07-13T16:39:09+08:00 ] 127.0.0.1 /index.php?m=Api&c=Base&a=getServerTime
INFO: [ app_init ] --START--
INFO: Run Behavior\BuildLiteBehavior [ RunTime:0.000000s ]
INFO: [ app_init ] --END-- [ RunTime:0.000000s ]
INFO: [ app_begin ] --START--
INFO: Run Behavior\ReadHtmlCacheBehavior [ RunTime:0.000000s ]
INFO: [ app_begin ] --END-- [ RunTime:0.000000s ]
NOTIC: [8] Undefined index: time E:\www\heiid.com\Application\Api\Controller\BaseController.class.php 第 123 行.
NOTIC: [8] Undefined index: test E:\www\heiid.com\Application\Api\Controller\BaseController.class.php 第 24 行.

[ 2016-07-13T16:40:15+08:00 ] 127.0.0.1 /index.php?m=Api&c=Base&a=getServerTime
INFO: [ app_init ] --START--
INFO: Run Behavior\BuildLiteBehavior [ RunTime:0.000000s ]
INFO: [ app_init ] --END-- [ RunTime:0.000000s ]
INFO: [ app_begin ] --START--
INFO: Run Behavior\ReadHtmlCacheBehavior [ RunTime:0.000000s ]
INFO: [ app_begin ] --END-- [ RunTime:0.000000s ]
NOTIC: [8] Undefined index: time E:\www\heiid.com\Application\Api\Controller\BaseController.class.php 第 123 行.
NOTIC: [8] Undefined index: test E:\www\heiid.com\Application\Api\Controller\BaseController.class.php 第 24 行.

[ 2016-07-13T16:43:34+08:00 ] 127.0.0.1 /index.php?m=Api&c=Base&a=getServerTime
INFO: [ app_init ] --START--
INFO: Run Behavior\BuildLiteBehavior [ RunTime:0.000000s ]
INFO: [ app_init ] --END-- [ RunTime:0.000000s ]
INFO: [ app_begin ] --START--
INFO: Run Behavior\ReadHtmlCacheBehavior [ RunTime:0.000000s ]
INFO: [ app_begin ] --END-- [ RunTime:0.000000s ]
NOTIC: [8] Undefined index: time E:\www\heiid.com\Application\Api\Controller\BaseController.class.php 第 123 行.
NOTIC: [8] Undefined index: test E:\www\heiid.com\Application\Api\Controller\BaseController.class.php 第 24 行.

[ 2016-07-13T16:44:13+08:00 ] 127.0.0.1 /index.php?m=Api&c=Base&a=getServerTime
INFO: [ app_init ] --START--
INFO: Run Behavior\BuildLiteBehavior [ RunTime:0.000000s ]
INFO: [ app_init ] --END-- [ RunTime:0.000000s ]
INFO: [ app_begin ] --START--
INFO: Run Behavior\ReadHtmlCacheBehavior [ RunTime:0.000000s ]
INFO: [ app_begin ] --END-- [ RunTime:0.000000s ]
NOTIC: [8] Undefined index: time E:\www\heiid.com\Application\Api\Controller\BaseController.class.php 第 123 行.
NOTIC: [8] Undefined index: test E:\www\heiid.com\Application\Api\Controller\BaseController.class.php 第 24 行.

[ 2016-07-13T16:52:51+08:00 ] 127.0.0.1 /index.php?m=Api&c=Base&a=getServerTime
INFO: [ app_init ] --START--
INFO: Run Behavior\BuildLiteBehavior [ RunTime:0.000000s ]
INFO: [ app_init ] --END-- [ RunTime:0.000000s ]
INFO: [ app_begin ] --START--
INFO: Run Behavior\ReadHtmlCacheBehavior [ RunTime:0.000000s ]
INFO: [ app_begin ] --END-- [ RunTime:0.000000s ]
NOTIC: [8] Undefined index: time E:\www\heiid.com\Application\Api\Controller\BaseController.class.php 第 123 行.
NOTIC: [8] Undefined index: test E:\www\heiid.com\Application\Api\Controller\BaseController.class.php 第 24 行.

[ 2016-07-13T16:53:33+08:00 ] 127.0.0.1 /index.php?m=Api&c=Base&a=getServerTime
INFO: [ app_init ] --START--
INFO: Run Behavior\BuildLiteBehavior [ RunTime:0.000000s ]
INFO: [ app_init ] --END-- [ RunTime:0.000000s ]
INFO: [ app_begin ] --START--
INFO: Run Behavior\ReadHtmlCacheBehavior [ RunTime:0.000000s ]
INFO: [ app_begin ] --END-- [ RunTime:0.000000s ]
NOTIC: [8] Undefined index: time E:\www\heiid.com\Application\Api\Controller\BaseController.class.php 第 123 行.
NOTIC: [8] Undefined index: test E:\www\heiid.com\Application\Api\Controller\BaseController.class.php 第 24 行.

[ 2016-07-13T16:53:39+08:00 ] 127.0.0.1 /index.php?m=Api&c=Base&a=getServerTime
INFO: [ app_init ] --START--
INFO: Run Behavior\BuildLiteBehavior [ RunTime:0.000000s ]
INFO: [ app_init ] --END-- [ RunTime:0.015600s ]
INFO: [ app_begin ] --START--
INFO: Run Behavior\ReadHtmlCacheBehavior [ RunTime:0.000000s ]
INFO: [ app_begin ] --END-- [ RunTime:0.000000s ]
NOTIC: [8] Undefined index: time E:\www\heiid.com\Application\Api\Controller\BaseController.class.php 第 123 行.
NOTIC: [8] Undefined index: test E:\www\heiid.com\Application\Api\Controller\BaseController.class.php 第 24 行.

[ 2016-07-13T16:53:55+08:00 ] 127.0.0.1 /index.php?m=Api&c=User&a=login
INFO: [ app_init ] --START--
INFO: Run Behavior\BuildLiteBehavior [ RunTime:0.000000s ]
INFO: [ app_init ] --END-- [ RunTime:0.000000s ]
INFO: [ app_begin ] --START--
INFO: Run Behavior\ReadHtmlCacheBehavior [ RunTime:0.000000s ]
INFO: [ app_begin ] --END-- [ RunTime:0.000000s ]
NOTIC: [8] Undefined index: test E:\www\heiid.com\Application\Api\Controller\BaseController.class.php 第 24 行.

[ 2016-07-13T16:54:16+08:00 ] 127.0.0.1 /index.php?m=Api&c=Base&a=getServerTime
INFO: [ app_init ] --START--
INFO: Run Behavior\BuildLiteBehavior [ RunTime:0.000000s ]
INFO: [ app_init ] --END-- [ RunTime:0.000000s ]
INFO: [ app_begin ] --START--
INFO: Run Behavior\ReadHtmlCacheBehavior [ RunTime:0.000000s ]
INFO: [ app_begin ] --END-- [ RunTime:0.000000s ]
NOTIC: [8] Undefined index: time E:\www\heiid.com\Application\Api\Controller\BaseController.class.php 第 123 行.
NOTIC: [8] Undefined index: test E:\www\heiid.com\Application\Api\Controller\BaseController.class.php 第 24 行.

[ 2016-07-13T16:56:28+08:00 ] 127.0.0.1 /index.php?m=Api&c=Base&a=getServerTime
INFO: [ app_init ] --START--
INFO: Run Behavior\BuildLiteBehavior [ RunTime:0.000000s ]
INFO: [ app_init ] --END-- [ RunTime:0.000000s ]
INFO: [ app_begin ] --START--
INFO: Run Behavior\ReadHtmlCacheBehavior [ RunTime:0.000000s ]
INFO: [ app_begin ] --END-- [ RunTime:0.000000s ]
NOTIC: [8] Undefined index: time E:\www\heiid.com\Application\Api\Controller\BaseController.class.php 第 123 行.
NOTIC: [8] Undefined index: test E:\www\heiid.com\Application\Api\Controller\BaseController.class.php 第 24 行.

[ 2016-07-13T16:56:51+08:00 ] 127.0.0.1 /index.php?m=Api&c=User&a=login
INFO: [ app_init ] --START--
INFO: Run Behavior\BuildLiteBehavior [ RunTime:0.000000s ]
INFO: [ app_init ] --END-- [ RunTime:0.000000s ]
INFO: [ app_begin ] --START--
INFO: Run Behavior\ReadHtmlCacheBehavior [ RunTime:0.000000s ]
INFO: [ app_begin ] --END-- [ RunTime:0.000000s ]
NOTIC: [8] Undefined index: test E:\www\heiid.com\Application\Api\Controller\BaseController.class.php 第 24 行.

[ 2016-07-13T16:58:26+08:00 ] 127.0.0.1 /index.php?m=Api&c=Base&a=getServerTime
INFO: [ app_init ] --START--
INFO: Run Behavior\BuildLiteBehavior [ RunTime:0.000000s ]
INFO: [ app_init ] --END-- [ RunTime:0.000000s ]
INFO: [ app_begin ] --START--
INFO: Run Behavior\ReadHtmlCacheBehavior [ RunTime:0.000000s ]
INFO: [ app_begin ] --END-- [ RunTime:0.000000s ]
NOTIC: [8] Undefined index: time E:\www\heiid.com\Application\Api\Controller\BaseController.class.php 第 123 行.
NOTIC: [8] Undefined index: test E:\www\heiid.com\Application\Api\Controller\BaseController.class.php 第 24 行.

[ 2016-07-13T16:58:38+08:00 ] 127.0.0.1 /index.php?m=Api&c=User&a=login
INFO: [ app_init ] --START--
INFO: Run Behavior\BuildLiteBehavior [ RunTime:0.000000s ]
INFO: [ app_init ] --END-- [ RunTime:0.000000s ]
INFO: [ app_begin ] --START--
INFO: Run Behavior\ReadHtmlCacheBehavior [ RunTime:0.000000s ]
INFO: [ app_begin ] --END-- [ RunTime:0.000000s ]
NOTIC: [8] Undefined index: test E:\www\heiid.com\Application\Api\Controller\BaseController.class.php 第 24 行.

[ 2016-07-13T16:58:48+08:00 ] 127.0.0.1 /index.php?m=Api&c=Base&a=getServerTime
INFO: [ app_init ] --START--
INFO: Run Behavior\BuildLiteBehavior [ RunTime:0.000000s ]
INFO: [ app_init ] --END-- [ RunTime:0.001000s ]
INFO: [ app_begin ] --START--
INFO: Run Behavior\ReadHtmlCacheBehavior [ RunTime:0.001000s ]
INFO: [ app_begin ] --END-- [ RunTime:0.001000s ]
NOTIC: [8] Undefined index: time E:\www\heiid.com\Application\Api\Controller\BaseController.class.php 第 123 行.
NOTIC: [8] Undefined index: test E:\www\heiid.com\Application\Api\Controller\BaseController.class.php 第 24 行.

[ 2016-07-13T16:59:09+08:00 ] 127.0.0.1 /index.php?m=Api&c=Base&a=getServerTime
INFO: [ app_init ] --START--
INFO: Run Behavior\BuildLiteBehavior [ RunTime:0.000000s ]
INFO: [ app_init ] --END-- [ RunTime:0.000000s ]
INFO: [ app_begin ] --START--
INFO: Run Behavior\ReadHtmlCacheBehavior [ RunTime:0.000000s ]
INFO: [ app_begin ] --END-- [ RunTime:0.000000s ]
NOTIC: [8] Undefined index: time E:\www\heiid.com\Application\Api\Controller\BaseController.class.php 第 123 行.
NOTIC: [8] Undefined index: test E:\www\heiid.com\Application\Api\Controller\BaseController.class.php 第 24 行.

