[ 2016-07-07T11:58:00+08:00 ] 127.0.0.1 /index.php/admin
INFO: [ app_init ] --START--
INFO: Run Behavior\BuildLiteBehavior [ RunTime:0.000000s ]
INFO: [ app_init ] --END-- [ RunTime:0.014001s ]
INFO: [ app_begin ] --START--
INFO: Run Behavior\ReadHtmlCacheBehavior [ RunTime:0.001000s ]
INFO: [ app_begin ] --END-- [ RunTime:0.001000s ]
INFO: [ view_begin ] --START--
INFO: Run Home\Behaviors\testBehavior [ RunTime:0.002000s ]
INFO: [ view_begin ] --END-- [ RunTime:0.002000s ]
INFO: [ view_parse ] --START--
INFO: [ template_filter ] --START--
INFO: Run Behavior\ContentReplaceBehavior [ RunTime:0.000000s ]
INFO: [ template_filter ] --END-- [ RunTime:0.000000s ]
INFO: Run Behavior\ParseTemplateBehavior [ RunTime:0.051003s ]
INFO: [ view_parse ] --END-- [ RunTime:0.051003s ]
INFO: [ view_filter ] --START--
INFO: Run Behavior\WriteHtmlCacheBehavior [ RunTime:0.001000s ]
INFO: Run Behavior\TokenBuildBehavior [ RunTime:0.001000s ]
INFO: [ view_filter ] --END-- [ RunTime:0.002000s ]

[ 2016-07-07T11:58:02+08:00 ] 127.0.0.1 /index.php/Admin/Admin/login
INFO: [ app_init ] --START--
INFO: Run Behavior\BuildLiteBehavior [ RunTime:0.000000s ]
INFO: [ app_init ] --END-- [ RunTime:0.001000s ]
INFO: [ app_begin ] --START--
INFO: Run Behavior\ReadHtmlCacheBehavior [ RunTime:0.001000s ]
INFO: [ app_begin ] --END-- [ RunTime:0.001000s ]
NOTIC: [8] Undefined index: login E:\www\heiid.com\Application\Admin\Common\function.php 第 71 行.
INFO: [ view_begin ] --START--
INFO: Run Home\Behaviors\testBehavior [ RunTime:0.001001s ]
INFO: [ view_begin ] --END-- [ RunTime:0.001001s ]
INFO: [ view_parse ] --START--
INFO: [ template_filter ] --START--
INFO: Run Behavior\ContentReplaceBehavior [ RunTime:0.000000s ]
INFO: [ template_filter ] --END-- [ RunTime:0.001001s ]
INFO: Run Behavior\ParseTemplateBehavior [ RunTime:0.028001s ]
INFO: [ view_parse ] --END-- [ RunTime:0.028001s ]
INFO: [ view_filter ] --START--
INFO: Run Behavior\WriteHtmlCacheBehavior [ RunTime:0.001000s ]
INFO: Run Behavior\TokenBuildBehavior [ RunTime:0.001000s ]
INFO: [ view_filter ] --END-- [ RunTime:0.002000s ]
INFO: [ app_end ] --START--
INFO: Run Behavior\ShowPageTraceBehavior [ RunTime:0.007001s ]
INFO: [ app_end ] --END-- [ RunTime:0.007001s ]

[ 2016-07-07T11:58:02+08:00 ] 127.0.0.1 /index.php/Admin/Admin/vertify
INFO: [ app_init ] --START--
INFO: Run Behavior\BuildLiteBehavior [ RunTime:0.000000s ]
INFO: [ app_init ] --END-- [ RunTime:0.000000s ]
INFO: [ app_begin ] --START--
INFO: Run Behavior\ReadHtmlCacheBehavior [ RunTime:0.000000s ]
INFO: [ app_begin ] --END-- [ RunTime:0.000000s ]
NOTIC: [8] Undefined index: vertify E:\www\heiid.com\Application\Admin\Common\function.php 第 71 行.
INFO: [ app_end ] --START--
INFO: Run Behavior\ShowPageTraceBehavior [ RunTime:0.001000s ]
INFO: [ app_end ] --END-- [ RunTime:0.001000s ]

[ 2016-07-07T11:58:10+08:00 ] 127.0.0.1 /index.php?m=Admin&c=Admin&a=login&t=0.4601725960986205
INFO: [ app_init ] --START--
INFO: Run Behavior\BuildLiteBehavior [ RunTime:0.000000s ]
INFO: [ app_init ] --END-- [ RunTime:0.001000s ]
INFO: [ app_begin ] --START--
INFO: Run Behavior\ReadHtmlCacheBehavior [ RunTime:0.001000s ]
INFO: [ app_begin ] --END-- [ RunTime:0.001000s ]
NOTIC: [8] Undefined index: login E:\www\heiid.com\Application\Admin\Common\function.php 第 71 行.

[ 2016-07-07T11:58:11+08:00 ] 127.0.0.1 /index.php/Admin/Index/index
INFO: [ app_init ] --START--
INFO: Run Behavior\BuildLiteBehavior [ RunTime:0.000000s ]
INFO: [ app_init ] --END-- [ RunTime:0.001000s ]
INFO: [ app_begin ] --START--
INFO: Run Behavior\ReadHtmlCacheBehavior [ RunTime:0.000000s ]
INFO: [ app_begin ] --END-- [ RunTime:0.000000s ]
INFO: [ view_begin ] --START--
INFO: Run Home\Behaviors\testBehavior [ RunTime:0.001000s ]
INFO: [ view_begin ] --END-- [ RunTime:0.001000s ]
INFO: [ view_parse ] --START--
INFO: [ template_filter ] --START--
INFO: Run Behavior\ContentReplaceBehavior [ RunTime:0.000000s ]
INFO: [ template_filter ] --END-- [ RunTime:0.000000s ]
INFO: Run Behavior\ParseTemplateBehavior [ RunTime:0.074004s ]
INFO: [ view_parse ] --END-- [ RunTime:0.074004s ]
INFO: [ view_filter ] --START--
INFO: Run Behavior\WriteHtmlCacheBehavior [ RunTime:0.001000s ]
INFO: Run Behavior\TokenBuildBehavior [ RunTime:0.004000s ]
INFO: [ view_filter ] --END-- [ RunTime:0.005000s ]
INFO: [ app_end ] --START--
INFO: Run Behavior\ShowPageTraceBehavior [ RunTime:0.002000s ]
INFO: [ app_end ] --END-- [ RunTime:0.002000s ]

[ 2016-07-07T11:58:11+08:00 ] 127.0.0.1 /index.php/Admin/System/login_task
INFO: [ app_init ] --START--
INFO: Run Behavior\BuildLiteBehavior [ RunTime:0.000000s ]
INFO: [ app_init ] --END-- [ RunTime:0.000000s ]
INFO: [ app_begin ] --START--
INFO: Run Behavior\ReadHtmlCacheBehavior [ RunTime:0.001000s ]
INFO: [ app_begin ] --END-- [ RunTime:0.001000s ]
NOTIC: [8] Undefined index: login_task E:\www\heiid.com\Application\Admin\Common\function.php 第 71 行.
NOTIC: [8] Undefined index: auto_confirm_date E:\www\heiid.com\Application\Common\Common\common.php 第 467 行.
NOTIC: [2] Invalid argument supplied for foreach() E:\www\heiid.com\Application\Admin\Controller\SystemController.class.php 第 300 行.
INFO: [ app_end ] --START--
INFO: Run Behavior\ShowPageTraceBehavior [ RunTime:0.001000s ]
INFO: [ app_end ] --END-- [ RunTime:0.001000s ]

[ 2016-07-07T11:58:11+08:00 ] 127.0.0.1 /index.php/Admin/Index/welcome
INFO: [ app_init ] --START--
INFO: Run Behavior\BuildLiteBehavior [ RunTime:0.000000s ]
INFO: [ app_init ] --END-- [ RunTime:0.001000s ]
INFO: [ app_begin ] --START--
INFO: Run Behavior\ReadHtmlCacheBehavior [ RunTime:0.000000s ]
INFO: [ app_begin ] --END-- [ RunTime:0.000000s ]
NOTIC: [8] Undefined index: welcome E:\www\heiid.com\Application\Admin\Common\function.php 第 71 行.
NOTIC: [8] Undefined index: version E:\www\heiid.com\Application\Admin\Controller\IndexController.class.php 第 68 行.
INFO: [ view_begin ] --START--
INFO: Run Home\Behaviors\testBehavior [ RunTime:0.001000s ]
INFO: [ view_begin ] --END-- [ RunTime:0.001000s ]
INFO: [ view_parse ] --START--
INFO: [ template_filter ] --START--
INFO: Run Behavior\ContentReplaceBehavior [ RunTime:0.000000s ]
INFO: [ template_filter ] --END-- [ RunTime:0.000000s ]
INFO: Run Behavior\ParseTemplateBehavior [ RunTime:0.026001s ]
INFO: [ view_parse ] --END-- [ RunTime:0.026001s ]
INFO: [ view_filter ] --START--
INFO: Run Behavior\WriteHtmlCacheBehavior [ RunTime:0.000000s ]
INFO: Run Behavior\TokenBuildBehavior [ RunTime:0.000000s ]
INFO: [ view_filter ] --END-- [ RunTime:0.000000s ]
INFO: [ app_end ] --START--
INFO: Run Behavior\ShowPageTraceBehavior [ RunTime:0.001000s ]
INFO: [ app_end ] --END-- [ RunTime:0.001000s ]

[ 2016-07-07T11:58:13+08:00 ] 127.0.0.1 /index.php/Admin/Chengxin/daikuan
INFO: [ app_init ] --START--
INFO: Run Behavior\BuildLiteBehavior [ RunTime:0.000000s ]
INFO: [ app_init ] --END-- [ RunTime:0.000000s ]
INFO: [ app_begin ] --START--
INFO: Run Behavior\ReadHtmlCacheBehavior [ RunTime:0.000000s ]
INFO: [ app_begin ] --END-- [ RunTime:0.000000s ]
NOTIC: [8] Undefined index: admin/chengxin E:\www\heiid.com\Application\Admin\Common\function.php 第 70 行.
NOTIC: [8] Undefined index: admin/chengxin E:\www\heiid.com\Application\Admin\Common\function.php 第 71 行.
INFO: [ view_begin ] --START--
INFO: Run Home\Behaviors\testBehavior [ RunTime:0.001000s ]
INFO: [ view_begin ] --END-- [ RunTime:0.001000s ]
ERR: 模板不存在:./Application/Admin/View/Chengxin/index.html

[ 2016-07-07T11:58:14+08:00 ] 127.0.0.1 /index.php/Admin/Chengxin/zuche
INFO: [ app_init ] --START--
INFO: Run Behavior\BuildLiteBehavior [ RunTime:0.000000s ]
INFO: [ app_init ] --END-- [ RunTime:0.000000s ]
INFO: [ app_begin ] --START--
INFO: Run Behavior\ReadHtmlCacheBehavior [ RunTime:0.000000s ]
INFO: [ app_begin ] --END-- [ RunTime:0.000000s ]
NOTIC: [8] Undefined index: admin/chengxin E:\www\heiid.com\Application\Admin\Common\function.php 第 70 行.
NOTIC: [8] Undefined index: admin/chengxin E:\www\heiid.com\Application\Admin\Common\function.php 第 71 行.
ERR: 非法操作:zuche

[ 2016-07-07T11:58:14+08:00 ] 127.0.0.1 /index.php/Admin/Chengxin/daikuan
INFO: [ app_init ] --START--
INFO: Run Behavior\BuildLiteBehavior [ RunTime:0.001000s ]
INFO: [ app_init ] --END-- [ RunTime:0.001000s ]
INFO: [ app_begin ] --START--
INFO: Run Behavior\ReadHtmlCacheBehavior [ RunTime:0.001000s ]
INFO: [ app_begin ] --END-- [ RunTime:0.001000s ]
NOTIC: [8] Undefined index: admin/chengxin E:\www\heiid.com\Application\Admin\Common\function.php 第 70 行.
NOTIC: [8] Undefined index: admin/chengxin E:\www\heiid.com\Application\Admin\Common\function.php 第 71 行.
INFO: [ view_begin ] --START--
INFO: Run Home\Behaviors\testBehavior [ RunTime:0.000000s ]
INFO: [ view_begin ] --END-- [ RunTime:0.000000s ]
ERR: 模板不存在:./Application/Admin/View/Chengxin/index.html

[ 2016-07-07T11:58:15+08:00 ] 127.0.0.1 /index.php/Admin/Chengxin/zhusu
INFO: [ app_init ] --START--
INFO: Run Behavior\BuildLiteBehavior [ RunTime:0.000000s ]
INFO: [ app_init ] --END-- [ RunTime:0.000000s ]
INFO: [ app_begin ] --START--
INFO: Run Behavior\ReadHtmlCacheBehavior [ RunTime:0.001000s ]
INFO: [ app_begin ] --END-- [ RunTime:0.001000s ]
NOTIC: [8] Undefined index: admin/chengxin E:\www\heiid.com\Application\Admin\Common\function.php 第 70 行.
NOTIC: [8] Undefined index: admin/chengxin E:\www\heiid.com\Application\Admin\Common\function.php 第 71 行.
ERR: 非法操作:zhusu

[ 2016-07-07T11:58:15+08:00 ] 127.0.0.1 /index.php/Admin/Chengxin/jiaoyou
INFO: [ app_init ] --START--
INFO: Run Behavior\BuildLiteBehavior [ RunTime:0.000000s ]
INFO: [ app_init ] --END-- [ RunTime:0.001000s ]
INFO: [ app_begin ] --START--
INFO: Run Behavior\ReadHtmlCacheBehavior [ RunTime:0.000000s ]
INFO: [ app_begin ] --END-- [ RunTime:0.001000s ]
NOTIC: [8] Undefined index: admin/chengxin E:\www\heiid.com\Application\Admin\Common\function.php 第 70 行.
NOTIC: [8] Undefined index: admin/chengxin E:\www\heiid.com\Application\Admin\Common\function.php 第 71 行.
ERR: 非法操作:jiaoyou

[ 2016-07-07T11:58:15+08:00 ] 127.0.0.1 /index.php/Admin/Chengxin/zuche
INFO: [ app_init ] --START--
INFO: Run Behavior\BuildLiteBehavior [ RunTime:0.000000s ]
INFO: [ app_init ] --END-- [ RunTime:0.000000s ]
INFO: [ app_begin ] --START--
INFO: Run Behavior\ReadHtmlCacheBehavior [ RunTime:0.000000s ]
INFO: [ app_begin ] --END-- [ RunTime:0.000000s ]
NOTIC: [8] Undefined index: admin/chengxin E:\www\heiid.com\Application\Admin\Common\function.php 第 70 行.
NOTIC: [8] Undefined index: admin/chengxin E:\www\heiid.com\Application\Admin\Common\function.php 第 71 行.
ERR: 非法操作:zuche

[ 2016-07-07T11:58:15+08:00 ] 127.0.0.1 /index.php/Admin/Chengxin/daikuan
INFO: [ app_init ] --START--
INFO: Run Behavior\BuildLiteBehavior [ RunTime:0.000000s ]
INFO: [ app_init ] --END-- [ RunTime:0.000000s ]
INFO: [ app_begin ] --START--
INFO: Run Behavior\ReadHtmlCacheBehavior [ RunTime:0.001000s ]
INFO: [ app_begin ] --END-- [ RunTime:0.001000s ]
NOTIC: [8] Undefined index: admin/chengxin E:\www\heiid.com\Application\Admin\Common\function.php 第 70 行.
NOTIC: [8] Undefined index: admin/chengxin E:\www\heiid.com\Application\Admin\Common\function.php 第 71 行.
INFO: [ view_begin ] --START--
INFO: Run Home\Behaviors\testBehavior [ RunTime:0.001000s ]
INFO: [ view_begin ] --END-- [ RunTime:0.001000s ]
ERR: 模板不存在:./Application/Admin/View/Chengxin/index.html

[ 2016-07-07T11:58:16+08:00 ] 127.0.0.1 /index.php/Admin/Chengxin/zuche
INFO: [ app_init ] --START--
INFO: Run Behavior\BuildLiteBehavior [ RunTime:0.000000s ]
INFO: [ app_init ] --END-- [ RunTime:0.001000s ]
INFO: [ app_begin ] --START--
INFO: Run Behavior\ReadHtmlCacheBehavior [ RunTime:0.000000s ]
INFO: [ app_begin ] --END-- [ RunTime:0.000000s ]
NOTIC: [8] Undefined index: admin/chengxin E:\www\heiid.com\Application\Admin\Common\function.php 第 70 行.
NOTIC: [8] Undefined index: admin/chengxin E:\www\heiid.com\Application\Admin\Common\function.php 第 71 行.
ERR: 非法操作:zuche

[ 2016-07-07T11:58:16+08:00 ] 127.0.0.1 /index.php/Admin/Chengxin/jiaoyou
INFO: [ app_init ] --START--
INFO: Run Behavior\BuildLiteBehavior [ RunTime:0.000000s ]
INFO: [ app_init ] --END-- [ RunTime:0.000000s ]
INFO: [ app_begin ] --START--
INFO: Run Behavior\ReadHtmlCacheBehavior [ RunTime:0.001000s ]
INFO: [ app_begin ] --END-- [ RunTime:0.001000s ]
NOTIC: [8] Undefined index: admin/chengxin E:\www\heiid.com\Application\Admin\Common\function.php 第 70 行.
NOTIC: [8] Undefined index: admin/chengxin E:\www\heiid.com\Application\Admin\Common\function.php 第 71 行.
ERR: 非法操作:jiaoyou

[ 2016-07-07T11:58:16+08:00 ] 127.0.0.1 /index.php/Admin/Chengxin/zhaopin
INFO: [ app_init ] --START--
INFO: Run Behavior\BuildLiteBehavior [ RunTime:0.000000s ]
INFO: [ app_init ] --END-- [ RunTime:0.001000s ]
INFO: [ app_begin ] --START--
INFO: Run Behavior\ReadHtmlCacheBehavior [ RunTime:0.000000s ]
INFO: [ app_begin ] --END-- [ RunTime:0.000000s ]
NOTIC: [8] Undefined index: admin/chengxin E:\www\heiid.com\Application\Admin\Common\function.php 第 70 行.
NOTIC: [8] Undefined index: admin/chengxin E:\www\heiid.com\Application\Admin\Common\function.php 第 71 行.
ERR: 非法操作:zhaopin

[ 2016-07-07T11:58:17+08:00 ] 127.0.0.1 /index.php/Admin/Chengxin/jiaoyou
INFO: [ app_init ] --START--
INFO: Run Behavior\BuildLiteBehavior [ RunTime:0.000000s ]
INFO: [ app_init ] --END-- [ RunTime:0.000000s ]
INFO: [ app_begin ] --START--
INFO: Run Behavior\ReadHtmlCacheBehavior [ RunTime:0.000000s ]
INFO: [ app_begin ] --END-- [ RunTime:0.000000s ]
NOTIC: [8] Undefined index: admin/chengxin E:\www\heiid.com\Application\Admin\Common\function.php 第 70 行.
NOTIC: [8] Undefined index: admin/chengxin E:\www\heiid.com\Application\Admin\Common\function.php 第 71 行.
ERR: 非法操作:jiaoyou

[ 2016-07-07T11:58:17+08:00 ] 127.0.0.1 /index.php/Admin/Chengxin/zuche
INFO: [ app_init ] --START--
INFO: Run Behavior\BuildLiteBehavior [ RunTime:0.000000s ]
INFO: [ app_init ] --END-- [ RunTime:0.001000s ]
INFO: [ app_begin ] --START--
INFO: Run Behavior\ReadHtmlCacheBehavior [ RunTime:0.001001s ]
INFO: [ app_begin ] --END-- [ RunTime:0.001001s ]
NOTIC: [8] Undefined index: admin/chengxin E:\www\heiid.com\Application\Admin\Common\function.php 第 70 行.
NOTIC: [8] Undefined index: admin/chengxin E:\www\heiid.com\Application\Admin\Common\function.php 第 71 行.
ERR: 非法操作:zuche

[ 2016-07-07T11:58:17+08:00 ] 127.0.0.1 /index.php/Admin/Chengxin/daikuan
INFO: [ app_init ] --START--
INFO: Run Behavior\BuildLiteBehavior [ RunTime:0.000000s ]
INFO: [ app_init ] --END-- [ RunTime:0.000000s ]
INFO: [ app_begin ] --START--
INFO: Run Behavior\ReadHtmlCacheBehavior [ RunTime:0.001000s ]
INFO: [ app_begin ] --END-- [ RunTime:0.001000s ]
NOTIC: [8] Undefined index: admin/chengxin E:\www\heiid.com\Application\Admin\Common\function.php 第 70 行.
NOTIC: [8] Undefined index: admin/chengxin E:\www\heiid.com\Application\Admin\Common\function.php 第 71 行.
INFO: [ view_begin ] --START--
INFO: Run Home\Behaviors\testBehavior [ RunTime:0.000000s ]
INFO: [ view_begin ] --END-- [ RunTime:0.001000s ]
ERR: 模板不存在:./Application/Admin/View/Chengxin/index.html

[ 2016-07-07T11:58:18+08:00 ] 127.0.0.1 /index.php/Admin/Chengxin/zuche
INFO: [ app_init ] --START--
INFO: Run Behavior\BuildLiteBehavior [ RunTime:0.000000s ]
INFO: [ app_init ] --END-- [ RunTime:0.001000s ]
INFO: [ app_begin ] --START--
INFO: Run Behavior\ReadHtmlCacheBehavior [ RunTime:0.000000s ]
INFO: [ app_begin ] --END-- [ RunTime:0.000000s ]
NOTIC: [8] Undefined index: admin/chengxin E:\www\heiid.com\Application\Admin\Common\function.php 第 70 行.
NOTIC: [8] Undefined index: admin/chengxin E:\www\heiid.com\Application\Admin\Common\function.php 第 71 行.
ERR: 非法操作:zuche

[ 2016-07-07T11:58:18+08:00 ] 127.0.0.1 /index.php/Admin/Chengxin/zhusu
INFO: [ app_init ] --START--
INFO: Run Behavior\BuildLiteBehavior [ RunTime:0.001000s ]
INFO: [ app_init ] --END-- [ RunTime:0.001000s ]
INFO: [ app_begin ] --START--
INFO: Run Behavior\ReadHtmlCacheBehavior [ RunTime:0.001000s ]
INFO: [ app_begin ] --END-- [ RunTime:0.001000s ]
NOTIC: [8] Undefined index: admin/chengxin E:\www\heiid.com\Application\Admin\Common\function.php 第 70 行.
NOTIC: [8] Undefined index: admin/chengxin E:\www\heiid.com\Application\Admin\Common\function.php 第 71 行.
ERR: 非法操作:zhusu

[ 2016-07-07T11:58:18+08:00 ] 127.0.0.1 /index.php/Admin/Chengxin/jiaoyou
INFO: [ app_init ] --START--
INFO: Run Behavior\BuildLiteBehavior [ RunTime:0.000000s ]
INFO: [ app_init ] --END-- [ RunTime:0.001000s ]
INFO: [ app_begin ] --START--
INFO: Run Behavior\ReadHtmlCacheBehavior [ RunTime:0.000000s ]
INFO: [ app_begin ] --END-- [ RunTime:0.000000s ]
NOTIC: [8] Undefined index: admin/chengxin E:\www\heiid.com\Application\Admin\Common\function.php 第 70 行.
NOTIC: [8] Undefined index: admin/chengxin E:\www\heiid.com\Application\Admin\Common\function.php 第 71 行.
ERR: 非法操作:jiaoyou

[ 2016-07-07T11:58:18+08:00 ] 127.0.0.1 /index.php/Admin/Chengxin/zhaopin
INFO: [ app_init ] --START--
INFO: Run Behavior\BuildLiteBehavior [ RunTime:0.000000s ]
INFO: [ app_init ] --END-- [ RunTime:0.001000s ]
INFO: [ app_begin ] --START--
INFO: Run Behavior\ReadHtmlCacheBehavior [ RunTime:0.001000s ]
INFO: [ app_begin ] --END-- [ RunTime:0.001000s ]
NOTIC: [8] Undefined index: admin/chengxin E:\www\heiid.com\Application\Admin\Common\function.php 第 70 行.
NOTIC: [8] Undefined index: admin/chengxin E:\www\heiid.com\Application\Admin\Common\function.php 第 71 行.
ERR: 非法操作:zhaopin

[ 2016-07-07T11:58:19+08:00 ] 127.0.0.1 /index.php/Admin/Chengxin/jiaoyou
INFO: [ app_init ] --START--
INFO: Run Behavior\BuildLiteBehavior [ RunTime:0.000000s ]
INFO: [ app_init ] --END-- [ RunTime:0.000000s ]
INFO: [ app_begin ] --START--
INFO: Run Behavior\ReadHtmlCacheBehavior [ RunTime:0.001000s ]
INFO: [ app_begin ] --END-- [ RunTime:0.001000s ]
NOTIC: [8] Undefined index: admin/chengxin E:\www\heiid.com\Application\Admin\Common\function.php 第 70 行.
NOTIC: [8] Undefined index: admin/chengxin E:\www\heiid.com\Application\Admin\Common\function.php 第 71 行.
ERR: 非法操作:jiaoyou

[ 2016-07-07T11:58:19+08:00 ] 127.0.0.1 /index.php/Admin/Chengxin/zhusu
INFO: [ app_init ] --START--
INFO: Run Behavior\BuildLiteBehavior [ RunTime:0.000000s ]
INFO: [ app_init ] --END-- [ RunTime:0.000000s ]
INFO: [ app_begin ] --START--
INFO: Run Behavior\ReadHtmlCacheBehavior [ RunTime:0.001000s ]
INFO: [ app_begin ] --END-- [ RunTime:0.001000s ]
NOTIC: [8] Undefined index: admin/chengxin E:\www\heiid.com\Application\Admin\Common\function.php 第 70 行.
NOTIC: [8] Undefined index: admin/chengxin E:\www\heiid.com\Application\Admin\Common\function.php 第 71 行.
ERR: 非法操作:zhusu

[ 2016-07-07T11:58:19+08:00 ] 127.0.0.1 /index.php/Admin/Chengxin/daikuan
INFO: [ app_init ] --START--
INFO: Run Behavior\BuildLiteBehavior [ RunTime:0.000000s ]
INFO: [ app_init ] --END-- [ RunTime:0.001000s ]
INFO: [ app_begin ] --START--
INFO: Run Behavior\ReadHtmlCacheBehavior [ RunTime:0.001001s ]
INFO: [ app_begin ] --END-- [ RunTime:0.001001s ]
NOTIC: [8] Undefined index: admin/chengxin E:\www\heiid.com\Application\Admin\Common\function.php 第 70 行.
NOTIC: [8] Undefined index: admin/chengxin E:\www\heiid.com\Application\Admin\Common\function.php 第 71 行.
INFO: [ view_begin ] --START--
INFO: Run Home\Behaviors\testBehavior [ RunTime:0.000000s ]
INFO: [ view_begin ] --END-- [ RunTime:0.000000s ]
ERR: 模板不存在:./Application/Admin/View/Chengxin/index.html

[ 2016-07-07T11:58:20+08:00 ] 127.0.0.1 /index.php/Admin/Chengxin/zuche
INFO: [ app_init ] --START--
INFO: Run Behavior\BuildLiteBehavior [ RunTime:0.000000s ]
INFO: [ app_init ] --END-- [ RunTime:0.001000s ]
INFO: [ app_begin ] --START--
INFO: Run Behavior\ReadHtmlCacheBehavior [ RunTime:0.000000s ]
INFO: [ app_begin ] --END-- [ RunTime:0.000000s ]
NOTIC: [8] Undefined index: admin/chengxin E:\www\heiid.com\Application\Admin\Common\function.php 第 70 行.
NOTIC: [8] Undefined index: admin/chengxin E:\www\heiid.com\Application\Admin\Common\function.php 第 71 行.
ERR: 非法操作:zuche

[ 2016-07-07T11:58:20+08:00 ] 127.0.0.1 /index.php/Admin/Chengxin/zhusu
INFO: [ app_init ] --START--
INFO: Run Behavior\BuildLiteBehavior [ RunTime:0.000000s ]
INFO: [ app_init ] --END-- [ RunTime:0.000000s ]
INFO: [ app_begin ] --START--
INFO: Run Behavior\ReadHtmlCacheBehavior [ RunTime:0.001000s ]
INFO: [ app_begin ] --END-- [ RunTime:0.001000s ]
NOTIC: [8] Undefined index: admin/chengxin E:\www\heiid.com\Application\Admin\Common\function.php 第 70 行.
NOTIC: [8] Undefined index: admin/chengxin E:\www\heiid.com\Application\Admin\Common\function.php 第 71 行.
ERR: 非法操作:zhusu

[ 2016-07-07T11:58:20+08:00 ] 127.0.0.1 /index.php/Admin/Chengxin/jiaoyou
INFO: [ app_init ] --START--
INFO: Run Behavior\BuildLiteBehavior [ RunTime:0.000000s ]
INFO: [ app_init ] --END-- [ RunTime:0.000000s ]
INFO: [ app_begin ] --START--
INFO: Run Behavior\ReadHtmlCacheBehavior [ RunTime:0.000000s ]
INFO: [ app_begin ] --END-- [ RunTime:0.000000s ]
NOTIC: [8] Undefined index: admin/chengxin E:\www\heiid.com\Application\Admin\Common\function.php 第 70 行.
NOTIC: [8] Undefined index: admin/chengxin E:\www\heiid.com\Application\Admin\Common\function.php 第 71 行.
ERR: 非法操作:jiaoyou

[ 2016-07-07T11:58:20+08:00 ] 127.0.0.1 /index.php/Admin/Chengxin/zhaopin
INFO: [ app_init ] --START--
INFO: Run Behavior\BuildLiteBehavior [ RunTime:0.000000s ]
INFO: [ app_init ] --END-- [ RunTime:0.001000s ]
INFO: [ app_begin ] --START--
INFO: Run Behavior\ReadHtmlCacheBehavior [ RunTime:0.001001s ]
INFO: [ app_begin ] --END-- [ RunTime:0.001001s ]
NOTIC: [8] Undefined index: admin/chengxin E:\www\heiid.com\Application\Admin\Common\function.php 第 70 行.
NOTIC: [8] Undefined index: admin/chengxin E:\www\heiid.com\Application\Admin\Common\function.php 第 71 行.
ERR: 非法操作:zhaopin

[ 2016-07-07T11:58:21+08:00 ] 127.0.0.1 /index.php/Admin/Chengxin/jiaoyou
INFO: [ app_init ] --START--
INFO: Run Behavior\BuildLiteBehavior [ RunTime:0.000000s ]
INFO: [ app_init ] --END-- [ RunTime:0.001000s ]
INFO: [ app_begin ] --START--
INFO: Run Behavior\ReadHtmlCacheBehavior [ RunTime:0.000000s ]
INFO: [ app_begin ] --END-- [ RunTime:0.001000s ]
NOTIC: [8] Undefined index: admin/chengxin E:\www\heiid.com\Application\Admin\Common\function.php 第 70 行.
NOTIC: [8] Undefined index: admin/chengxin E:\www\heiid.com\Application\Admin\Common\function.php 第 71 行.
ERR: 非法操作:jiaoyou

[ 2016-07-07T11:58:21+08:00 ] 127.0.0.1 /index.php/Admin/Chengxin/zhusu
INFO: [ app_init ] --START--
INFO: Run Behavior\BuildLiteBehavior [ RunTime:0.000000s ]
INFO: [ app_init ] --END-- [ RunTime:0.001000s ]
INFO: [ app_begin ] --START--
INFO: Run Behavior\ReadHtmlCacheBehavior [ RunTime:0.001000s ]
INFO: [ app_begin ] --END-- [ RunTime:0.001000s ]
NOTIC: [8] Undefined index: admin/chengxin E:\www\heiid.com\Application\Admin\Common\function.php 第 70 行.
NOTIC: [8] Undefined index: admin/chengxin E:\www\heiid.com\Application\Admin\Common\function.php 第 71 行.
ERR: 非法操作:zhusu

[ 2016-07-07T11:58:21+08:00 ] 127.0.0.1 /index.php/Admin/Chengxin/zuche
INFO: [ app_init ] --START--
INFO: Run Behavior\BuildLiteBehavior [ RunTime:0.000000s ]
INFO: [ app_init ] --END-- [ RunTime:0.001000s ]
INFO: [ app_begin ] --START--
INFO: Run Behavior\ReadHtmlCacheBehavior [ RunTime:0.001000s ]
INFO: [ app_begin ] --END-- [ RunTime:0.001000s ]
NOTIC: [8] Undefined index: admin/chengxin E:\www\heiid.com\Application\Admin\Common\function.php 第 70 行.
NOTIC: [8] Undefined index: admin/chengxin E:\www\heiid.com\Application\Admin\Common\function.php 第 71 行.
ERR: 非法操作:zuche

[ 2016-07-07T11:58:21+08:00 ] 127.0.0.1 /index.php/Admin/Chengxin/daikuan
INFO: [ app_init ] --START--
INFO: Run Behavior\BuildLiteBehavior [ RunTime:0.000000s ]
INFO: [ app_init ] --END-- [ RunTime:0.001000s ]
INFO: [ app_begin ] --START--
INFO: Run Behavior\ReadHtmlCacheBehavior [ RunTime:0.001000s ]
INFO: [ app_begin ] --END-- [ RunTime:0.001000s ]
NOTIC: [8] Undefined index: admin/chengxin E:\www\heiid.com\Application\Admin\Common\function.php 第 70 行.
NOTIC: [8] Undefined index: admin/chengxin E:\www\heiid.com\Application\Admin\Common\function.php 第 71 行.
INFO: [ view_begin ] --START--
INFO: Run Home\Behaviors\testBehavior [ RunTime:0.001000s ]
INFO: [ view_begin ] --END-- [ RunTime:0.001000s ]
ERR: 模板不存在:./Application/Admin/View/Chengxin/index.html

[ 2016-07-07T11:58:22+08:00 ] 127.0.0.1 /index.php/Admin/Chengxin/zuche
INFO: [ app_init ] --START--
INFO: Run Behavior\BuildLiteBehavior [ RunTime:0.000000s ]
INFO: [ app_init ] --END-- [ RunTime:0.001001s ]
INFO: [ app_begin ] --START--
INFO: Run Behavior\ReadHtmlCacheBehavior [ RunTime:0.000000s ]
INFO: [ app_begin ] --END-- [ RunTime:0.001000s ]
NOTIC: [8] Undefined index: admin/chengxin E:\www\heiid.com\Application\Admin\Common\function.php 第 70 行.
NOTIC: [8] Undefined index: admin/chengxin E:\www\heiid.com\Application\Admin\Common\function.php 第 71 行.
ERR: 非法操作:zuche

[ 2016-07-07T11:58:22+08:00 ] 127.0.0.1 /index.php/Admin/Chengxin/zhusu
INFO: [ app_init ] --START--
INFO: Run Behavior\BuildLiteBehavior [ RunTime:0.000000s ]
INFO: [ app_init ] --END-- [ RunTime:0.000000s ]
INFO: [ app_begin ] --START--
INFO: Run Behavior\ReadHtmlCacheBehavior [ RunTime:0.001000s ]
INFO: [ app_begin ] --END-- [ RunTime:0.001000s ]
NOTIC: [8] Undefined index: admin/chengxin E:\www\heiid.com\Application\Admin\Common\function.php 第 70 行.
NOTIC: [8] Undefined index: admin/chengxin E:\www\heiid.com\Application\Admin\Common\function.php 第 71 行.
ERR: 非法操作:zhusu

[ 2016-07-07T11:58:22+08:00 ] 127.0.0.1 /index.php/Admin/Chengxin/jiaoyou
INFO: [ app_init ] --START--
INFO: Run Behavior\BuildLiteBehavior [ RunTime:0.000000s ]
INFO: [ app_init ] --END-- [ RunTime:0.001000s ]
INFO: [ app_begin ] --START--
INFO: Run Behavior\ReadHtmlCacheBehavior [ RunTime:0.001000s ]
INFO: [ app_begin ] --END-- [ RunTime:0.001000s ]
NOTIC: [8] Undefined index: admin/chengxin E:\www\heiid.com\Application\Admin\Common\function.php 第 70 行.
NOTIC: [8] Undefined index: admin/chengxin E:\www\heiid.com\Application\Admin\Common\function.php 第 71 行.
ERR: 非法操作:jiaoyou

[ 2016-07-07T11:58:22+08:00 ] 127.0.0.1 /index.php/Admin/Chengxin/zhaopin
INFO: [ app_init ] --START--
INFO: Run Behavior\BuildLiteBehavior [ RunTime:0.000000s ]
INFO: [ app_init ] --END-- [ RunTime:0.000000s ]
INFO: [ app_begin ] --START--
INFO: Run Behavior\ReadHtmlCacheBehavior [ RunTime:0.001000s ]
INFO: [ app_begin ] --END-- [ RunTime:0.001000s ]
NOTIC: [8] Undefined index: admin/chengxin E:\www\heiid.com\Application\Admin\Common\function.php 第 70 行.
NOTIC: [8] Undefined index: admin/chengxin E:\www\heiid.com\Application\Admin\Common\function.php 第 71 行.
ERR: 非法操作:zhaopin

[ 2016-07-07T11:58:23+08:00 ] 127.0.0.1 /index.php/Admin/Chengxin/zuche
INFO: [ app_init ] --START--
INFO: Run Behavior\BuildLiteBehavior [ RunTime:0.000000s ]
INFO: [ app_init ] --END-- [ RunTime:0.000000s ]
INFO: [ app_begin ] --START--
INFO: Run Behavior\ReadHtmlCacheBehavior [ RunTime:0.001000s ]
INFO: [ app_begin ] --END-- [ RunTime:0.001000s ]
NOTIC: [8] Undefined index: admin/chengxin E:\www\heiid.com\Application\Admin\Common\function.php 第 70 行.
NOTIC: [8] Undefined index: admin/chengxin E:\www\heiid.com\Application\Admin\Common\function.php 第 71 行.
ERR: 非法操作:zuche

[ 2016-07-07T11:58:23+08:00 ] 127.0.0.1 /index.php/Admin/Chengxin/daikuan
INFO: [ app_init ] --START--
INFO: Run Behavior\BuildLiteBehavior [ RunTime:0.000000s ]
INFO: [ app_init ] --END-- [ RunTime:0.001000s ]
INFO: [ app_begin ] --START--
INFO: Run Behavior\ReadHtmlCacheBehavior [ RunTime:0.001000s ]
INFO: [ app_begin ] --END-- [ RunTime:0.001000s ]
NOTIC: [8] Undefined index: admin/chengxin E:\www\heiid.com\Application\Admin\Common\function.php 第 70 行.
NOTIC: [8] Undefined index: admin/chengxin E:\www\heiid.com\Application\Admin\Common\function.php 第 71 行.
INFO: [ view_begin ] --START--
INFO: Run Home\Behaviors\testBehavior [ RunTime:0.000000s ]
INFO: [ view_begin ] --END-- [ RunTime:0.000000s ]
ERR: 模板不存在:./Application/Admin/View/Chengxin/index.html

[ 2016-07-07T19:29:56+08:00 ] 127.0.0.1 /index.php/Admin/Piyao/index
INFO: [ app_init ] --START--
INFO: Run Behavior\BuildLiteBehavior [ RunTime:0.000000s ]
INFO: [ app_init ] --END-- [ RunTime:0.001000s ]
INFO: [ app_begin ] --START--
INFO: Run Behavior\ReadHtmlCacheBehavior [ RunTime:0.002001s ]
INFO: [ app_begin ] --END-- [ RunTime:0.002001s ]
NOTIC: [8] Undefined index: admin/piyao E:\www\heiid.com\Application\Admin\Common\function.php 第 70 行.
NOTIC: [8] Undefined index: admin/piyao E:\www\heiid.com\Application\Admin\Common\function.php 第 71 行.
INFO: [ view_begin ] --START--
INFO: Run Home\Behaviors\testBehavior [ RunTime:0.004001s ]
INFO: [ view_begin ] --END-- [ RunTime:0.005001s ]
INFO: [ view_parse ] --START--
INFO: [ template_filter ] --START--
INFO: Run Behavior\ContentReplaceBehavior [ RunTime:0.000000s ]
INFO: [ template_filter ] --END-- [ RunTime:0.000000s ]
INFO: Run Behavior\ParseTemplateBehavior [ RunTime:0.027001s ]
INFO: [ view_parse ] --END-- [ RunTime:0.027001s ]
INFO: [ view_filter ] --START--
INFO: Run Behavior\WriteHtmlCacheBehavior [ RunTime:0.001000s ]
INFO: Run Behavior\TokenBuildBehavior [ RunTime:0.001000s ]
INFO: [ view_filter ] --END-- [ RunTime:0.002000s ]
INFO: [ app_end ] --START--
INFO: Run Behavior\ShowPageTraceBehavior [ RunTime:0.002000s ]
INFO: [ app_end ] --END-- [ RunTime:0.002000s ]

[ 2016-07-07T19:29:57+08:00 ] 127.0.0.1 /index.php/Admin/Piyao/coment
INFO: [ app_init ] --START--
INFO: Run Behavior\BuildLiteBehavior [ RunTime:0.000000s ]
INFO: [ app_init ] --END-- [ RunTime:0.001000s ]
INFO: [ app_begin ] --START--
INFO: Run Behavior\ReadHtmlCacheBehavior [ RunTime:0.001000s ]
INFO: [ app_begin ] --END-- [ RunTime:0.001000s ]
NOTIC: [8] Undefined index: admin/piyao E:\www\heiid.com\Application\Admin\Common\function.php 第 70 行.
NOTIC: [8] Undefined index: admin/piyao E:\www\heiid.com\Application\Admin\Common\function.php 第 71 行.
NOTIC: [8] Undefined variable: goods_list E:\www\heiid.com\Application\Admin\Controller\PiyaoController.class.php 第 76 行.
INFO: [ view_begin ] --START--
INFO: Run Home\Behaviors\testBehavior [ RunTime:0.000000s ]
INFO: [ view_begin ] --END-- [ RunTime:0.001000s ]
INFO: [ view_parse ] --START--
INFO: [ template_filter ] --START--
INFO: Run Behavior\ContentReplaceBehavior [ RunTime:0.000000s ]
INFO: [ template_filter ] --END-- [ RunTime:0.000000s ]
INFO: Run Behavior\ParseTemplateBehavior [ RunTime:0.012001s ]
INFO: [ view_parse ] --END-- [ RunTime:0.012001s ]
INFO: [ view_filter ] --START--
INFO: Run Behavior\WriteHtmlCacheBehavior [ RunTime:0.000000s ]
INFO: Run Behavior\TokenBuildBehavior [ RunTime:0.001000s ]
INFO: [ view_filter ] --END-- [ RunTime:0.001000s ]
INFO: [ app_end ] --START--
INFO: Run Behavior\ShowPageTraceBehavior [ RunTime:0.000000s ]
INFO: [ app_end ] --END-- [ RunTime:0.001000s ]

[ 2016-07-07T19:29:57+08:00 ] 127.0.0.1 /index.php/Admin/Pinglun/ajaxindex/p/1
INFO: [ app_init ] --START--
INFO: Run Behavior\BuildLiteBehavior [ RunTime:0.000000s ]
INFO: [ app_init ] --END-- [ RunTime:0.000000s ]
INFO: [ app_begin ] --START--
INFO: Run Behavior\ReadHtmlCacheBehavior [ RunTime:0.000000s ]
INFO: [ app_begin ] --END-- [ RunTime:0.001000s ]
NOTIC: [8] Undefined index: admin/pinglun E:\www\heiid.com\Application\Admin\Common\function.php 第 70 行.
NOTIC: [8] Undefined index: admin/pinglun E:\www\heiid.com\Application\Admin\Common\function.php 第 71 行.
NOTIC: [8] Undefined variable: goods_list E:\www\heiid.com\Application\Admin\Controller\PinglunController.class.php 第 142 行.
INFO: [ view_begin ] --START--
INFO: Run Home\Behaviors\testBehavior [ RunTime:0.000000s ]
INFO: [ view_begin ] --END-- [ RunTime:0.000000s ]
INFO: [ view_parse ] --START--
INFO: [ template_filter ] --START--
INFO: Run Behavior\ContentReplaceBehavior [ RunTime:0.000000s ]
INFO: [ template_filter ] --END-- [ RunTime:0.000000s ]
INFO: Run Behavior\ParseTemplateBehavior [ RunTime:0.018001s ]
INFO: [ view_parse ] --END-- [ RunTime:0.018001s ]
INFO: [ view_filter ] --START--
INFO: Run Behavior\WriteHtmlCacheBehavior [ RunTime:0.000000s ]
INFO: Run Behavior\TokenBuildBehavior [ RunTime:0.001001s ]
INFO: [ view_filter ] --END-- [ RunTime:0.001001s ]
INFO: [ app_end ] --START--
INFO: Run Behavior\ShowPageTraceBehavior [ RunTime:0.000000s ]
INFO: [ app_end ] --END-- [ RunTime:0.001000s ]

